2025-01-06 16:52:58,861 Adding job tentatively -- it will be properly scheduled when the scheduler starts
2025-01-06 16:52:58,863 Added job "checker" to job store "default"
2025-01-06 16:52:58,864 Scheduler started
2025-01-06 16:52:58,881 Looking for jobs to run
2025-01-06 16:52:58,881 Next wakeup is due at 2025-01-06 16:53:03.861067+05:00 (in 4.979232 seconds)
2025-01-06 16:53:00,992 executing <function connect.<locals>.connector at 0x7f925face020>
2025-01-06 16:53:00,996 operation <function connect.<locals>.connector at 0x7f925face020> completed
2025-01-06 16:53:00,996 executing functools.partial(<built-in method execute of sqlite3.Connection object at 0x7f925fcdde40>, 'SELECT topic_id FROM users WHERE chat_id = ?', (5434361630,))
2025-01-06 16:53:00,999 operation functools.partial(<built-in method execute of sqlite3.Connection object at 0x7f925fcdde40>, 'SELECT topic_id FROM users WHERE chat_id = ?', (5434361630,)) completed
2025-01-06 16:53:00,999 executing functools.partial(<built-in method fetchone of sqlite3.Cursor object at 0x7f925fa93f40>)
2025-01-06 16:53:00,999 operation functools.partial(<built-in method fetchone of sqlite3.Cursor object at 0x7f925fa93f40>) completed
2025-01-06 16:53:01,001 executing functools.partial(<built-in method close of sqlite3.Cursor object at 0x7f925fa93f40>)
2025-01-06 16:53:01,001 operation functools.partial(<built-in method close of sqlite3.Cursor object at 0x7f925fa93f40>) completed
2025-01-06 16:53:01,012 executing <function connect.<locals>.connector at 0x7f925facf4c0>
2025-01-06 16:53:01,012 operation <function connect.<locals>.connector at 0x7f925facf4c0> completed
2025-01-06 16:53:01,013 executing functools.partial(<built-in method execute of sqlite3.Connection object at 0x7f925fcde200>, 'PRAGMA foreign_keys = ON', [])
2025-01-06 16:53:01,013 operation functools.partial(<built-in method execute of sqlite3.Connection object at 0x7f925fcde200>, 'PRAGMA foreign_keys = ON', []) completed
2025-01-06 16:53:01,013 executing functools.partial(<built-in method execute of sqlite3.Connection object at 0x7f925fcde200>, '\n            CREATE TABLE IF NOT EXISTS users (\n                chat_id INTEGER,\n                topic_id INTEGER,\n                user_name TEXT,\n                PRIMARY KEY (chat_id, topic_id)\n            )\n        ', [])
2025-01-06 16:53:01,013 operation functools.partial(<built-in method execute of sqlite3.Connection object at 0x7f925fcde200>, '\n            CREATE TABLE IF NOT EXISTS users (\n                chat_id INTEGER,\n                topic_id INTEGER,\n                user_name TEXT,\n                PRIMARY KEY (chat_id, topic_id)\n            )\n        ', []) completed
2025-01-06 16:53:01,013 executing functools.partial(<built-in method execute of sqlite3.Connection object at 0x7f925fcde200>, '\n            CREATE TABLE IF NOT EXISTS group_messages (\n                topic_id INTEGER,\n                message_id INTEGER,\n                local_id INTEGER,\n                PRIMARY KEY (topic_id, local_id)\n            )\n        ', [])
2025-01-06 16:53:01,013 operation functools.partial(<built-in method execute of sqlite3.Connection object at 0x7f925fcde200>, '\n            CREATE TABLE IF NOT EXISTS group_messages (\n                topic_id INTEGER,\n                message_id INTEGER,\n                local_id INTEGER,\n                PRIMARY KEY (topic_id, local_id)\n            )\n        ', []) completed
2025-01-06 16:53:01,013 executing functools.partial(<built-in method execute of sqlite3.Connection object at 0x7f925fcde200>, '\n            CREATE TABLE IF NOT EXISTS private_messages (\n                chat_id INTEGER,\n                message_id INTEGER,\n                local_id INTEGER,\n                PRIMARY KEY (chat_id, local_id)\n            )\n        ', [])
2025-01-06 16:53:01,014 operation functools.partial(<built-in method execute of sqlite3.Connection object at 0x7f925fcde200>, '\n            CREATE TABLE IF NOT EXISTS private_messages (\n                chat_id INTEGER,\n                message_id INTEGER,\n                local_id INTEGER,\n                PRIMARY KEY (chat_id, local_id)\n            )\n        ', []) completed
2025-01-06 16:53:01,014 executing functools.partial(<built-in method commit of sqlite3.Connection object at 0x7f925fcde200>)
2025-01-06 16:53:01,014 operation functools.partial(<built-in method commit of sqlite3.Connection object at 0x7f925fcde200>) completed
2025-01-06 16:53:01,014 executing functools.partial(<built-in method execute of sqlite3.Connection object at 0x7f925fcde200>, 'SELECT topic_id FROM users WHERE chat_id = ? AND user_name = ?', (5434361630, 'yadgenn'))
2025-01-06 16:53:01,014 operation functools.partial(<built-in method execute of sqlite3.Connection object at 0x7f925fcde200>, 'SELECT topic_id FROM users WHERE chat_id = ? AND user_name = ?', (5434361630, 'yadgenn')) completed
2025-01-06 16:53:01,014 executing functools.partial(<built-in method fetchone of sqlite3.Cursor object at 0x7f925fae07c0>)
2025-01-06 16:53:01,015 operation functools.partial(<built-in method fetchone of sqlite3.Cursor object at 0x7f925fae07c0>) completed
2025-01-06 16:53:01,015 executing functools.partial(<built-in method close of sqlite3.Cursor object at 0x7f925fae07c0>)
2025-01-06 16:53:01,015 operation functools.partial(<built-in method close of sqlite3.Cursor object at 0x7f925fae07c0>) completed
2025-01-06 16:53:02,814 executing functools.partial(<built-in method execute of sqlite3.Connection object at 0x7f925fcde200>, 'SELECT topic_id FROM users WHERE chat_id = ?', (5434361630,))
2025-01-06 16:53:02,814 operation functools.partial(<built-in method execute of sqlite3.Connection object at 0x7f925fcde200>, 'SELECT topic_id FROM users WHERE chat_id = ?', (5434361630,)) completed
2025-01-06 16:53:02,814 executing functools.partial(<built-in method fetchone of sqlite3.Cursor object at 0x7f925fae07c0>)
2025-01-06 16:53:02,815 operation functools.partial(<built-in method fetchone of sqlite3.Cursor object at 0x7f925fae07c0>) completed
2025-01-06 16:53:02,815 executing functools.partial(<built-in method close of sqlite3.Cursor object at 0x7f925fae07c0>)
2025-01-06 16:53:02,815 operation functools.partial(<built-in method close of sqlite3.Cursor object at 0x7f925fae07c0>) completed
2025-01-06 16:53:02,815 executing functools.partial(<built-in method execute of sqlite3.Connection object at 0x7f925fcde200>, 'SELECT MAX(local_id) FROM group_messages WHERE topic_id = ?', (186,))
2025-01-06 16:53:02,816 operation functools.partial(<built-in method execute of sqlite3.Connection object at 0x7f925fcde200>, 'SELECT MAX(local_id) FROM group_messages WHERE topic_id = ?', (186,)) completed
2025-01-06 16:53:02,816 executing functools.partial(<built-in method fetchone of sqlite3.Cursor object at 0x7f925fae07c0>)
2025-01-06 16:53:02,816 operation functools.partial(<built-in method fetchone of sqlite3.Cursor object at 0x7f925fae07c0>) completed
2025-01-06 16:53:02,816 executing functools.partial(<built-in method close of sqlite3.Cursor object at 0x7f925fae07c0>)
2025-01-06 16:53:02,816 operation functools.partial(<built-in method close of sqlite3.Cursor object at 0x7f925fae07c0>) completed
2025-01-06 16:53:02,817 executing functools.partial(<built-in method execute of sqlite3.Connection object at 0x7f925fcde200>, '\n                    INSERT INTO group_messages (topic_id, message_id, local_id)\n                    VALUES (?, ?, ?)\n                ', (186, 1380, 383))
2025-01-06 16:53:02,817 operation functools.partial(<built-in method execute of sqlite3.Connection object at 0x7f925fcde200>, '\n                    INSERT INTO group_messages (topic_id, message_id, local_id)\n                    VALUES (?, ?, ?)\n                ', (186, 1380, 383)) completed
2025-01-06 16:53:02,817 executing functools.partial(<built-in method execute of sqlite3.Connection object at 0x7f925fcde200>, 'SELECT MAX(local_id) FROM private_messages WHERE chat_id = ?', (5434361630,))
2025-01-06 16:53:02,818 operation functools.partial(<built-in method execute of sqlite3.Connection object at 0x7f925fcde200>, 'SELECT MAX(local_id) FROM private_messages WHERE chat_id = ?', (5434361630,)) completed
2025-01-06 16:53:02,818 executing functools.partial(<built-in method fetchone of sqlite3.Cursor object at 0x7f925fae17c0>)
2025-01-06 16:53:02,818 operation functools.partial(<built-in method fetchone of sqlite3.Cursor object at 0x7f925fae17c0>) completed
2025-01-06 16:53:02,818 executing functools.partial(<built-in method close of sqlite3.Cursor object at 0x7f925fae17c0>)
2025-01-06 16:53:02,818 operation functools.partial(<built-in method close of sqlite3.Cursor object at 0x7f925fae17c0>) completed
2025-01-06 16:53:02,818 executing functools.partial(<built-in method execute of sqlite3.Connection object at 0x7f925fcde200>, '\n                    INSERT INTO private_messages (chat_id, message_id, local_id)\n                    VALUES (?, ?, ?)\n                ', (5434361630, 23231, 383))
2025-01-06 16:53:02,819 operation functools.partial(<built-in method execute of sqlite3.Connection object at 0x7f925fcde200>, '\n                    INSERT INTO private_messages (chat_id, message_id, local_id)\n                    VALUES (?, ?, ?)\n                ', (5434361630, 23231, 383)) completed
2025-01-06 16:53:02,819 executing functools.partial(<built-in method commit of sqlite3.Connection object at 0x7f925fcde200>)
2025-01-06 16:53:02,824 operation functools.partial(<built-in method commit of sqlite3.Connection object at 0x7f925fcde200>) completed
2025-01-06 16:53:03,863 Looking for jobs to run
2025-01-06 16:53:03,863 Next wakeup is due at 2025-01-06 16:53:08.861067+05:00 (in 4.997263 seconds)
2025-01-06 16:53:03,864 Running job "checker (trigger: interval[0:00:05], next run at: 2025-01-06 16:53:08 +05)" (scheduled at 2025-01-06 16:53:03.861067+05:00)
2025-01-06 16:53:03,864 Job "checker (trigger: interval[0:00:05], next run at: 2025-01-06 16:53:08 +05)" executed successfully
2025-01-06 16:53:08,865 Looking for jobs to run
2025-01-06 16:53:08,867 Next wakeup is due at 2025-01-06 16:53:13.861067+05:00 (in 4.993587 seconds)
2025-01-06 16:53:08,867 Running job "checker (trigger: interval[0:00:05], next run at: 2025-01-06 16:53:13 +05)" (scheduled at 2025-01-06 16:53:08.861067+05:00)
2025-01-06 16:53:08,867 Job "checker (trigger: interval[0:00:05], next run at: 2025-01-06 16:53:13 +05)" executed successfully
2025-01-06 16:53:09,042 executing functools.partial(<built-in method execute of sqlite3.Connection object at 0x7f925fcde200>, 'SELECT topic_id FROM users WHERE chat_id = ?', (5434361630,))
2025-01-06 16:53:09,044 operation functools.partial(<built-in method execute of sqlite3.Connection object at 0x7f925fcde200>, 'SELECT topic_id FROM users WHERE chat_id = ?', (5434361630,)) completed
2025-01-06 16:53:09,044 executing functools.partial(<built-in method fetchone of sqlite3.Cursor object at 0x7f925fae0b40>)
2025-01-06 16:53:09,044 operation functools.partial(<built-in method fetchone of sqlite3.Cursor object at 0x7f925fae0b40>) completed
2025-01-06 16:53:09,044 executing functools.partial(<built-in method close of sqlite3.Cursor object at 0x7f925fae0b40>)
2025-01-06 16:53:09,044 operation functools.partial(<built-in method close of sqlite3.Cursor object at 0x7f925fae0b40>) completed
2025-01-06 16:53:09,044 executing functools.partial(<built-in method execute of sqlite3.Connection object at 0x7f925fcde200>, 'SELECT local_id FROM private_messages WHERE chat_id = ? AND message_id = ?', (5434361630, 23231))
2025-01-06 16:53:09,046 operation functools.partial(<built-in method execute of sqlite3.Connection object at 0x7f925fcde200>, 'SELECT local_id FROM private_messages WHERE chat_id = ? AND message_id = ?', (5434361630, 23231)) completed
2025-01-06 16:53:09,047 executing functools.partial(<built-in method fetchone of sqlite3.Cursor object at 0x7f925fae0b40>)
2025-01-06 16:53:09,047 operation functools.partial(<built-in method fetchone of sqlite3.Cursor object at 0x7f925fae0b40>) completed
2025-01-06 16:53:09,047 executing functools.partial(<built-in method execute of sqlite3.Connection object at 0x7f925fcde200>, 'SELECT message_id FROM group_messages WHERE topic_id = ? AND local_id = ?', (186, 383))
2025-01-06 16:53:09,047 operation functools.partial(<built-in method execute of sqlite3.Connection object at 0x7f925fcde200>, 'SELECT message_id FROM group_messages WHERE topic_id = ? AND local_id = ?', (186, 383)) completed
2025-01-06 16:53:09,047 executing functools.partial(<built-in method fetchone of sqlite3.Cursor object at 0x7f925fae1cc0>)
2025-01-06 16:53:09,047 operation functools.partial(<built-in method fetchone of sqlite3.Cursor object at 0x7f925fae1cc0>) completed
2025-01-06 16:53:09,047 executing functools.partial(<built-in method close of sqlite3.Cursor object at 0x7f925fae1cc0>)
2025-01-06 16:53:09,047 operation functools.partial(<built-in method close of sqlite3.Cursor object at 0x7f925fae1cc0>) completed
2025-01-06 16:53:09,048 executing functools.partial(<built-in method close of sqlite3.Cursor object at 0x7f925fae0b40>)
2025-01-06 16:53:09,048 operation functools.partial(<built-in method close of sqlite3.Cursor object at 0x7f925fae0b40>) completed
2025-01-06 16:53:13,866 Looking for jobs to run
2025-01-06 16:53:13,869 Next wakeup is due at 2025-01-06 16:53:18.861067+05:00 (in 4.991230 seconds)
2025-01-06 16:53:13,870 Running job "checker (trigger: interval[0:00:05], next run at: 2025-01-06 16:53:18 +05)" (scheduled at 2025-01-06 16:53:13.861067+05:00)
2025-01-06 16:53:13,870 Job "checker (trigger: interval[0:00:05], next run at: 2025-01-06 16:53:18 +05)" executed successfully
2025-01-06 16:53:18,865 Looking for jobs to run
2025-01-06 16:53:18,867 Next wakeup is due at 2025-01-06 16:53:23.861067+05:00 (in 4.993405 seconds)
2025-01-06 16:53:18,868 Running job "checker (trigger: interval[0:00:05], next run at: 2025-01-06 16:53:23 +05)" (scheduled at 2025-01-06 16:53:18.861067+05:00)
2025-01-06 16:53:18,868 Job "checker (trigger: interval[0:00:05], next run at: 2025-01-06 16:53:23 +05)" executed successfully
2025-01-06 16:53:23,865 Looking for jobs to run
2025-01-06 16:53:23,866 Next wakeup is due at 2025-01-06 16:53:28.861067+05:00 (in 4.995081 seconds)
2025-01-06 16:53:23,867 Running job "checker (trigger: interval[0:00:05], next run at: 2025-01-06 16:53:28 +05)" (scheduled at 2025-01-06 16:53:23.861067+05:00)
2025-01-06 16:53:23,867 Job "checker (trigger: interval[0:00:05], next run at: 2025-01-06 16:53:28 +05)" executed successfully
2025-01-06 16:53:28,865 Looking for jobs to run
2025-01-06 16:53:28,867 Next wakeup is due at 2025-01-06 16:53:33.861067+05:00 (in 4.993912 seconds)
2025-01-06 16:53:28,867 Running job "checker (trigger: interval[0:00:05], next run at: 2025-01-06 16:53:33 +05)" (scheduled at 2025-01-06 16:53:28.861067+05:00)
2025-01-06 16:53:28,867 Job "checker (trigger: interval[0:00:05], next run at: 2025-01-06 16:53:33 +05)" executed successfully
2025-01-06 16:53:33,863 Looking for jobs to run
2025-01-06 16:53:33,864 Next wakeup is due at 2025-01-06 16:53:38.861067+05:00 (in 4.996873 seconds)
2025-01-06 16:53:33,864 Running job "checker (trigger: interval[0:00:05], next run at: 2025-01-06 16:53:38 +05)" (scheduled at 2025-01-06 16:53:33.861067+05:00)
2025-01-06 16:53:33,864 Job "checker (trigger: interval[0:00:05], next run at: 2025-01-06 16:53:38 +05)" executed successfully
2025-01-06 16:53:38,866 Looking for jobs to run
2025-01-06 16:53:38,867 Next wakeup is due at 2025-01-06 16:53:43.861067+05:00 (in 4.993804 seconds)
2025-01-06 16:53:38,867 Running job "checker (trigger: interval[0:00:05], next run at: 2025-01-06 16:53:43 +05)" (scheduled at 2025-01-06 16:53:38.861067+05:00)
2025-01-06 16:53:38,868 Job "checker (trigger: interval[0:00:05], next run at: 2025-01-06 16:53:43 +05)" executed successfully
2025-01-06 16:53:43,864 Looking for jobs to run
2025-01-06 16:53:43,865 Next wakeup is due at 2025-01-06 16:53:48.861067+05:00 (in 4.995382 seconds)
2025-01-06 16:53:43,866 Running job "checker (trigger: interval[0:00:05], next run at: 2025-01-06 16:53:48 +05)" (scheduled at 2025-01-06 16:53:43.861067+05:00)
2025-01-06 16:53:43,866 Job "checker (trigger: interval[0:00:05], next run at: 2025-01-06 16:53:48 +05)" executed successfully
2025-01-06 16:53:48,864 Looking for jobs to run
2025-01-06 16:53:48,865 Next wakeup is due at 2025-01-06 16:53:53.861067+05:00 (in 4.996098 seconds)
2025-01-06 16:53:48,865 Running job "checker (trigger: interval[0:00:05], next run at: 2025-01-06 16:53:53 +05)" (scheduled at 2025-01-06 16:53:48.861067+05:00)
2025-01-06 16:53:48,865 Job "checker (trigger: interval[0:00:05], next run at: 2025-01-06 16:53:53 +05)" executed successfully
2025-01-06 16:53:53,865 Looking for jobs to run
2025-01-06 16:53:53,866 Next wakeup is due at 2025-01-06 16:53:58.861067+05:00 (in 4.994698 seconds)
2025-01-06 16:53:53,866 Running job "checker (trigger: interval[0:00:05], next run at: 2025-01-06 16:53:58 +05)" (scheduled at 2025-01-06 16:53:53.861067+05:00)
2025-01-06 16:53:53,866 Job "checker (trigger: interval[0:00:05], next run at: 2025-01-06 16:53:58 +05)" executed successfully
2025-01-06 16:53:58,865 Looking for jobs to run
2025-01-06 16:53:58,865 Next wakeup is due at 2025-01-06 16:54:03.861067+05:00 (in 4.995647 seconds)
2025-01-06 16:53:58,865 Running job "checker (trigger: interval[0:00:05], next run at: 2025-01-06 16:54:03 +05)" (scheduled at 2025-01-06 16:53:58.861067+05:00)
2025-01-06 16:53:58,865 Job "checker (trigger: interval[0:00:05], next run at: 2025-01-06 16:54:03 +05)" executed successfully
2025-01-06 16:54:03,864 Looking for jobs to run
2025-01-06 16:54:03,865 Next wakeup is due at 2025-01-06 16:54:08.861067+05:00 (in 4.996026 seconds)
2025-01-06 16:54:03,865 Running job "checker (trigger: interval[0:00:05], next run at: 2025-01-06 16:54:08 +05)" (scheduled at 2025-01-06 16:54:03.861067+05:00)
2025-01-06 16:54:03,865 Job "checker (trigger: interval[0:00:05], next run at: 2025-01-06 16:54:08 +05)" executed successfully
2025-01-06 16:54:08,864 Looking for jobs to run
2025-01-06 16:54:08,865 Next wakeup is due at 2025-01-06 16:54:13.861067+05:00 (in 4.995733 seconds)
2025-01-06 16:54:08,865 Running job "checker (trigger: interval[0:00:05], next run at: 2025-01-06 16:54:13 +05)" (scheduled at 2025-01-06 16:54:08.861067+05:00)
2025-01-06 16:54:08,866 Job "checker (trigger: interval[0:00:05], next run at: 2025-01-06 16:54:13 +05)" executed successfully
2025-01-06 16:54:13,864 Looking for jobs to run
2025-01-06 16:54:13,864 Next wakeup is due at 2025-01-06 16:54:18.861067+05:00 (in 4.996156 seconds)
2025-01-06 16:54:13,865 Running job "checker (trigger: interval[0:00:05], next run at: 2025-01-06 16:54:18 +05)" (scheduled at 2025-01-06 16:54:13.861067+05:00)
2025-01-06 16:54:13,865 Job "checker (trigger: interval[0:00:05], next run at: 2025-01-06 16:54:18 +05)" executed successfully
2025-01-06 16:54:18,865 Looking for jobs to run
2025-01-06 16:54:18,866 Next wakeup is due at 2025-01-06 16:54:23.861067+05:00 (in 4.994926 seconds)
2025-01-06 16:54:18,866 Running job "checker (trigger: interval[0:00:05], next run at: 2025-01-06 16:54:23 +05)" (scheduled at 2025-01-06 16:54:18.861067+05:00)
2025-01-06 16:54:18,866 Job "checker (trigger: interval[0:00:05], next run at: 2025-01-06 16:54:23 +05)" executed successfully
2025-01-06 16:54:23,864 Looking for jobs to run
2025-01-06 16:54:23,865 Next wakeup is due at 2025-01-06 16:54:28.861067+05:00 (in 4.996003 seconds)
2025-01-06 16:54:23,865 Running job "checker (trigger: interval[0:00:05], next run at: 2025-01-06 16:54:28 +05)" (scheduled at 2025-01-06 16:54:23.861067+05:00)
2025-01-06 16:54:23,865 Job "checker (trigger: interval[0:00:05], next run at: 2025-01-06 16:54:28 +05)" executed successfully
2025-01-06 16:54:28,865 Looking for jobs to run
2025-01-06 16:54:28,865 Next wakeup is due at 2025-01-06 16:54:33.861067+05:00 (in 4.995591 seconds)
2025-01-06 16:54:28,866 Running job "checker (trigger: interval[0:00:05], next run at: 2025-01-06 16:54:33 +05)" (scheduled at 2025-01-06 16:54:28.861067+05:00)
2025-01-06 16:54:28,866 Job "checker (trigger: interval[0:00:05], next run at: 2025-01-06 16:54:33 +05)" executed successfully
2025-01-06 16:54:33,864 Looking for jobs to run
2025-01-06 16:54:33,865 Next wakeup is due at 2025-01-06 16:54:38.861067+05:00 (in 4.995622 seconds)
2025-01-06 16:54:33,865 Running job "checker (trigger: interval[0:00:05], next run at: 2025-01-06 16:54:38 +05)" (scheduled at 2025-01-06 16:54:33.861067+05:00)
2025-01-06 16:54:33,865 Job "checker (trigger: interval[0:00:05], next run at: 2025-01-06 16:54:38 +05)" executed successfully
2025-01-06 16:54:38,864 Looking for jobs to run
2025-01-06 16:54:38,864 Next wakeup is due at 2025-01-06 16:54:43.861067+05:00 (in 4.996230 seconds)
2025-01-06 16:54:38,865 Running job "checker (trigger: interval[0:00:05], next run at: 2025-01-06 16:54:43 +05)" (scheduled at 2025-01-06 16:54:38.861067+05:00)
2025-01-06 16:54:38,865 Job "checker (trigger: interval[0:00:05], next run at: 2025-01-06 16:54:43 +05)" executed successfully
2025-01-06 16:54:43,864 Looking for jobs to run
2025-01-06 16:54:43,864 Next wakeup is due at 2025-01-06 16:54:48.861067+05:00 (in 4.996210 seconds)
2025-01-06 16:54:43,865 Running job "checker (trigger: interval[0:00:05], next run at: 2025-01-06 16:54:48 +05)" (scheduled at 2025-01-06 16:54:43.861067+05:00)
2025-01-06 16:54:43,865 Job "checker (trigger: interval[0:00:05], next run at: 2025-01-06 16:54:48 +05)" executed successfully
2025-01-06 16:54:48,864 Looking for jobs to run
2025-01-06 16:54:48,865 Next wakeup is due at 2025-01-06 16:54:53.861067+05:00 (in 4.996089 seconds)
2025-01-06 16:54:48,865 Running job "checker (trigger: interval[0:00:05], next run at: 2025-01-06 16:54:53 +05)" (scheduled at 2025-01-06 16:54:48.861067+05:00)
2025-01-06 16:54:48,865 Job "checker (trigger: interval[0:00:05], next run at: 2025-01-06 16:54:53 +05)" executed successfully
2025-01-06 16:54:53,864 Looking for jobs to run
2025-01-06 16:54:53,865 Next wakeup is due at 2025-01-06 16:54:58.861067+05:00 (in 4.995893 seconds)
2025-01-06 16:54:53,865 Running job "checker (trigger: interval[0:00:05], next run at: 2025-01-06 16:54:58 +05)" (scheduled at 2025-01-06 16:54:53.861067+05:00)
2025-01-06 16:54:53,865 Job "checker (trigger: interval[0:00:05], next run at: 2025-01-06 16:54:58 +05)" executed successfully
2025-01-06 16:54:58,865 Looking for jobs to run
2025-01-06 16:54:58,866 Next wakeup is due at 2025-01-06 16:55:03.861067+05:00 (in 4.994946 seconds)
2025-01-06 16:54:58,866 Running job "checker (trigger: interval[0:00:05], next run at: 2025-01-06 16:55:03 +05)" (scheduled at 2025-01-06 16:54:58.861067+05:00)
2025-01-06 16:54:58,866 Job "checker (trigger: interval[0:00:05], next run at: 2025-01-06 16:55:03 +05)" executed successfully
2025-01-06 16:55:03,864 Looking for jobs to run
2025-01-06 16:55:03,865 Next wakeup is due at 2025-01-06 16:55:08.861067+05:00 (in 4.995210 seconds)
2025-01-06 16:55:03,866 Running job "checker (trigger: interval[0:00:05], next run at: 2025-01-06 16:55:08 +05)" (scheduled at 2025-01-06 16:55:03.861067+05:00)
2025-01-06 16:55:03,866 Job "checker (trigger: interval[0:00:05], next run at: 2025-01-06 16:55:08 +05)" executed successfully
2025-01-06 16:55:08,865 Looking for jobs to run
2025-01-06 16:55:08,865 Next wakeup is due at 2025-01-06 16:55:13.861067+05:00 (in 4.995604 seconds)
2025-01-06 16:55:08,865 Running job "checker (trigger: interval[0:00:05], next run at: 2025-01-06 16:55:13 +05)" (scheduled at 2025-01-06 16:55:08.861067+05:00)
2025-01-06 16:55:08,866 Job "checker (trigger: interval[0:00:05], next run at: 2025-01-06 16:55:13 +05)" executed successfully
2025-01-06 16:55:13,864 Looking for jobs to run
2025-01-06 16:55:13,865 Next wakeup is due at 2025-01-06 16:55:18.861067+05:00 (in 4.995461 seconds)
2025-01-06 16:55:13,865 Running job "checker (trigger: interval[0:00:05], next run at: 2025-01-06 16:55:18 +05)" (scheduled at 2025-01-06 16:55:13.861067+05:00)
2025-01-06 16:55:13,866 Job "checker (trigger: interval[0:00:05], next run at: 2025-01-06 16:55:18 +05)" executed successfully
2025-01-06 16:55:18,864 Looking for jobs to run
2025-01-06 16:55:18,865 Next wakeup is due at 2025-01-06 16:55:23.861067+05:00 (in 4.996028 seconds)
2025-01-06 16:55:18,865 Running job "checker (trigger: interval[0:00:05], next run at: 2025-01-06 16:55:23 +05)" (scheduled at 2025-01-06 16:55:18.861067+05:00)
2025-01-06 16:55:18,865 Job "checker (trigger: interval[0:00:05], next run at: 2025-01-06 16:55:23 +05)" executed successfully
2025-01-06 16:55:23,865 Looking for jobs to run
2025-01-06 16:55:23,866 Next wakeup is due at 2025-01-06 16:55:28.861067+05:00 (in 4.994372 seconds)
2025-01-06 16:55:23,866 Running job "checker (trigger: interval[0:00:05], next run at: 2025-01-06 16:55:28 +05)" (scheduled at 2025-01-06 16:55:23.861067+05:00)
2025-01-06 16:55:23,867 Job "checker (trigger: interval[0:00:05], next run at: 2025-01-06 16:55:28 +05)" executed successfully
2025-01-06 16:55:28,863 Looking for jobs to run
2025-01-06 16:55:28,863 Next wakeup is due at 2025-01-06 16:55:33.861067+05:00 (in 4.997429 seconds)
2025-01-06 16:55:28,863 Running job "checker (trigger: interval[0:00:05], next run at: 2025-01-06 16:55:33 +05)" (scheduled at 2025-01-06 16:55:28.861067+05:00)
2025-01-06 16:55:28,863 Job "checker (trigger: interval[0:00:05], next run at: 2025-01-06 16:55:33 +05)" executed successfully
2025-01-06 16:55:33,863 Looking for jobs to run
2025-01-06 16:55:33,864 Next wakeup is due at 2025-01-06 16:55:38.861067+05:00 (in 4.996833 seconds)
2025-01-06 16:55:33,864 Running job "checker (trigger: interval[0:00:05], next run at: 2025-01-06 16:55:38 +05)" (scheduled at 2025-01-06 16:55:33.861067+05:00)
2025-01-06 16:55:33,865 Job "checker (trigger: interval[0:00:05], next run at: 2025-01-06 16:55:38 +05)" executed successfully
2025-01-06 16:55:38,864 Looking for jobs to run
2025-01-06 16:55:38,864 Next wakeup is due at 2025-01-06 16:55:43.861067+05:00 (in 4.996266 seconds)
2025-01-06 16:55:38,864 Running job "checker (trigger: interval[0:00:05], next run at: 2025-01-06 16:55:43 +05)" (scheduled at 2025-01-06 16:55:38.861067+05:00)
2025-01-06 16:55:38,865 Job "checker (trigger: interval[0:00:05], next run at: 2025-01-06 16:55:43 +05)" executed successfully
2025-01-06 16:55:43,864 Looking for jobs to run
2025-01-06 16:55:43,865 Next wakeup is due at 2025-01-06 16:55:48.861067+05:00 (in 4.995719 seconds)
2025-01-06 16:55:43,865 Running job "checker (trigger: interval[0:00:05], next run at: 2025-01-06 16:55:48 +05)" (scheduled at 2025-01-06 16:55:43.861067+05:00)
2025-01-06 16:55:43,865 Job "checker (trigger: interval[0:00:05], next run at: 2025-01-06 16:55:48 +05)" executed successfully
2025-01-06 16:55:48,862 Looking for jobs to run
2025-01-06 16:55:48,863 Next wakeup is due at 2025-01-06 16:55:53.861067+05:00 (in 4.997317 seconds)
2025-01-06 16:55:48,863 Running job "checker (trigger: interval[0:00:05], next run at: 2025-01-06 16:55:53 +05)" (scheduled at 2025-01-06 16:55:48.861067+05:00)
2025-01-06 16:55:48,864 Job "checker (trigger: interval[0:00:05], next run at: 2025-01-06 16:55:53 +05)" executed successfully
2025-01-06 16:55:53,864 Looking for jobs to run
2025-01-06 16:55:53,866 Next wakeup is due at 2025-01-06 16:55:58.861067+05:00 (in 4.994555 seconds)
2025-01-06 16:55:53,866 Running job "checker (trigger: interval[0:00:05], next run at: 2025-01-06 16:55:58 +05)" (scheduled at 2025-01-06 16:55:53.861067+05:00)
2025-01-06 16:55:53,866 Job "checker (trigger: interval[0:00:05], next run at: 2025-01-06 16:55:58 +05)" executed successfully
2025-01-06 16:55:58,864 Looking for jobs to run
2025-01-06 16:55:58,865 Next wakeup is due at 2025-01-06 16:56:03.861067+05:00 (in 4.996077 seconds)
2025-01-06 16:55:58,865 Running job "checker (trigger: interval[0:00:05], next run at: 2025-01-06 16:56:03 +05)" (scheduled at 2025-01-06 16:55:58.861067+05:00)
2025-01-06 16:55:58,865 Job "checker (trigger: interval[0:00:05], next run at: 2025-01-06 16:56:03 +05)" executed successfully
2025-01-06 16:56:03,865 Looking for jobs to run
2025-01-06 16:56:03,866 Next wakeup is due at 2025-01-06 16:56:08.861067+05:00 (in 4.995079 seconds)
2025-01-06 16:56:03,866 Running job "checker (trigger: interval[0:00:05], next run at: 2025-01-06 16:56:08 +05)" (scheduled at 2025-01-06 16:56:03.861067+05:00)
2025-01-06 16:56:03,866 Job "checker (trigger: interval[0:00:05], next run at: 2025-01-06 16:56:08 +05)" executed successfully
2025-01-06 16:56:08,863 Looking for jobs to run
2025-01-06 16:56:08,864 Next wakeup is due at 2025-01-06 16:56:13.861067+05:00 (in 4.996447 seconds)
2025-01-06 16:56:08,864 Running job "checker (trigger: interval[0:00:05], next run at: 2025-01-06 16:56:13 +05)" (scheduled at 2025-01-06 16:56:08.861067+05:00)
2025-01-06 16:56:08,865 Job "checker (trigger: interval[0:00:05], next run at: 2025-01-06 16:56:13 +05)" executed successfully
2025-01-06 16:56:13,863 Looking for jobs to run
2025-01-06 16:56:13,864 Next wakeup is due at 2025-01-06 16:56:18.861067+05:00 (in 4.996852 seconds)
2025-01-06 16:56:13,864 Running job "checker (trigger: interval[0:00:05], next run at: 2025-01-06 16:56:18 +05)" (scheduled at 2025-01-06 16:56:13.861067+05:00)
2025-01-06 16:56:13,865 Job "checker (trigger: interval[0:00:05], next run at: 2025-01-06 16:56:18 +05)" executed successfully
2025-01-06 16:56:18,864 Looking for jobs to run
2025-01-06 16:56:18,864 Next wakeup is due at 2025-01-06 16:56:23.861067+05:00 (in 4.996290 seconds)
2025-01-06 16:56:18,865 Running job "checker (trigger: interval[0:00:05], next run at: 2025-01-06 16:56:23 +05)" (scheduled at 2025-01-06 16:56:18.861067+05:00)
2025-01-06 16:56:18,865 Job "checker (trigger: interval[0:00:05], next run at: 2025-01-06 16:56:23 +05)" executed successfully
2025-01-06 16:56:23,864 Looking for jobs to run
2025-01-06 16:56:23,865 Next wakeup is due at 2025-01-06 16:56:28.861067+05:00 (in 4.996086 seconds)
2025-01-06 16:56:23,865 Running job "checker (trigger: interval[0:00:05], next run at: 2025-01-06 16:56:28 +05)" (scheduled at 2025-01-06 16:56:23.861067+05:00)
2025-01-06 16:56:23,865 Job "checker (trigger: interval[0:00:05], next run at: 2025-01-06 16:56:28 +05)" executed successfully
2025-01-06 16:56:28,864 Looking for jobs to run
2025-01-06 16:56:28,864 Next wakeup is due at 2025-01-06 16:56:33.861067+05:00 (in 4.996248 seconds)
2025-01-06 16:56:28,865 Running job "checker (trigger: interval[0:00:05], next run at: 2025-01-06 16:56:33 +05)" (scheduled at 2025-01-06 16:56:28.861067+05:00)
2025-01-06 16:56:28,865 Job "checker (trigger: interval[0:00:05], next run at: 2025-01-06 16:56:33 +05)" executed successfully
2025-01-06 16:56:33,862 Looking for jobs to run
2025-01-06 16:56:33,863 Next wakeup is due at 2025-01-06 16:56:38.861067+05:00 (in 4.998057 seconds)
2025-01-06 16:56:33,863 Running job "checker (trigger: interval[0:00:05], next run at: 2025-01-06 16:56:38 +05)" (scheduled at 2025-01-06 16:56:33.861067+05:00)
2025-01-06 16:56:33,863 Job "checker (trigger: interval[0:00:05], next run at: 2025-01-06 16:56:38 +05)" executed successfully
2025-01-06 16:56:38,867 Looking for jobs to run
2025-01-06 16:56:38,867 Next wakeup is due at 2025-01-06 16:56:43.861067+05:00 (in 4.993577 seconds)
2025-01-06 16:56:38,867 Running job "checker (trigger: interval[0:00:05], next run at: 2025-01-06 16:56:43 +05)" (scheduled at 2025-01-06 16:56:38.861067+05:00)
2025-01-06 16:56:38,868 Job "checker (trigger: interval[0:00:05], next run at: 2025-01-06 16:56:43 +05)" executed successfully
2025-01-06 16:56:43,865 Looking for jobs to run
2025-01-06 16:56:43,865 Next wakeup is due at 2025-01-06 16:56:48.861067+05:00 (in 4.995202 seconds)
2025-01-06 16:56:43,866 Running job "checker (trigger: interval[0:00:05], next run at: 2025-01-06 16:56:48 +05)" (scheduled at 2025-01-06 16:56:43.861067+05:00)
2025-01-06 16:56:43,866 Job "checker (trigger: interval[0:00:05], next run at: 2025-01-06 16:56:48 +05)" executed successfully
2025-01-06 16:56:48,864 Looking for jobs to run
2025-01-06 16:56:48,864 Next wakeup is due at 2025-01-06 16:56:53.861067+05:00 (in 4.996239 seconds)
2025-01-06 16:56:48,865 Running job "checker (trigger: interval[0:00:05], next run at: 2025-01-06 16:56:53 +05)" (scheduled at 2025-01-06 16:56:48.861067+05:00)
2025-01-06 16:56:48,865 Job "checker (trigger: interval[0:00:05], next run at: 2025-01-06 16:56:53 +05)" executed successfully
2025-01-06 16:56:53,862 Looking for jobs to run
2025-01-06 16:56:53,863 Next wakeup is due at 2025-01-06 16:56:58.861067+05:00 (in 4.997441 seconds)
2025-01-06 16:56:53,863 Running job "checker (trigger: interval[0:00:05], next run at: 2025-01-06 16:56:58 +05)" (scheduled at 2025-01-06 16:56:53.861067+05:00)
2025-01-06 16:56:53,864 Job "checker (trigger: interval[0:00:05], next run at: 2025-01-06 16:56:58 +05)" executed successfully
2025-01-06 16:56:58,864 Looking for jobs to run
2025-01-06 16:56:58,864 Next wakeup is due at 2025-01-06 16:57:03.861067+05:00 (in 4.996252 seconds)
2025-01-06 16:56:58,864 Running job "checker (trigger: interval[0:00:05], next run at: 2025-01-06 16:57:03 +05)" (scheduled at 2025-01-06 16:56:58.861067+05:00)
2025-01-06 16:56:58,865 Job "checker (trigger: interval[0:00:05], next run at: 2025-01-06 16:57:03 +05)" executed successfully
2025-01-06 16:57:03,865 Looking for jobs to run
2025-01-06 16:57:03,865 Next wakeup is due at 2025-01-06 16:57:08.861067+05:00 (in 4.995237 seconds)
2025-01-06 16:57:03,866 Running job "checker (trigger: interval[0:00:05], next run at: 2025-01-06 16:57:08 +05)" (scheduled at 2025-01-06 16:57:03.861067+05:00)
2025-01-06 16:57:03,866 Job "checker (trigger: interval[0:00:05], next run at: 2025-01-06 16:57:08 +05)" executed successfully
2025-01-06 16:57:08,862 Looking for jobs to run
2025-01-06 16:57:08,862 Next wakeup is due at 2025-01-06 16:57:13.861067+05:00 (in 4.998261 seconds)
2025-01-06 16:57:08,862 Running job "checker (trigger: interval[0:00:05], next run at: 2025-01-06 16:57:13 +05)" (scheduled at 2025-01-06 16:57:08.861067+05:00)
2025-01-06 16:57:08,863 Job "checker (trigger: interval[0:00:05], next run at: 2025-01-06 16:57:13 +05)" executed successfully
2025-01-06 16:57:13,862 Looking for jobs to run
2025-01-06 16:57:13,862 Next wakeup is due at 2025-01-06 16:57:18.861067+05:00 (in 4.998291 seconds)
2025-01-06 16:57:13,865 Running job "checker (trigger: interval[0:00:05], next run at: 2025-01-06 16:57:18 +05)" (scheduled at 2025-01-06 16:57:13.861067+05:00)
2025-01-06 16:57:13,866 Job "checker (trigger: interval[0:00:05], next run at: 2025-01-06 16:57:18 +05)" executed successfully
2025-01-06 16:57:18,868 Looking for jobs to run
2025-01-06 16:57:18,869 Next wakeup is due at 2025-01-06 16:57:23.861067+05:00 (in 4.991967 seconds)
2025-01-06 16:57:18,869 Running job "checker (trigger: interval[0:00:05], next run at: 2025-01-06 16:57:23 +05)" (scheduled at 2025-01-06 16:57:18.861067+05:00)
2025-01-06 16:57:18,869 Job "checker (trigger: interval[0:00:05], next run at: 2025-01-06 16:57:23 +05)" executed successfully
2025-01-06 16:57:23,866 Looking for jobs to run
2025-01-06 16:57:23,867 Next wakeup is due at 2025-01-06 16:57:28.861067+05:00 (in 4.994080 seconds)
2025-01-06 16:57:23,867 Running job "checker (trigger: interval[0:00:05], next run at: 2025-01-06 16:57:28 +05)" (scheduled at 2025-01-06 16:57:23.861067+05:00)
2025-01-06 16:57:23,867 Job "checker (trigger: interval[0:00:05], next run at: 2025-01-06 16:57:28 +05)" executed successfully
2025-01-06 16:57:28,862 Looking for jobs to run
2025-01-06 16:57:28,862 Next wakeup is due at 2025-01-06 16:57:33.861067+05:00 (in 4.998525 seconds)
2025-01-06 16:57:28,862 Running job "checker (trigger: interval[0:00:05], next run at: 2025-01-06 16:57:33 +05)" (scheduled at 2025-01-06 16:57:28.861067+05:00)
2025-01-06 16:57:28,862 Job "checker (trigger: interval[0:00:05], next run at: 2025-01-06 16:57:33 +05)" executed successfully
2025-01-06 16:57:33,862 Looking for jobs to run
2025-01-06 16:57:33,863 Next wakeup is due at 2025-01-06 16:57:38.861067+05:00 (in 4.997661 seconds)
2025-01-06 16:57:33,863 Running job "checker (trigger: interval[0:00:05], next run at: 2025-01-06 16:57:38 +05)" (scheduled at 2025-01-06 16:57:33.861067+05:00)
2025-01-06 16:57:33,863 Job "checker (trigger: interval[0:00:05], next run at: 2025-01-06 16:57:38 +05)" executed successfully
2025-01-06 16:57:38,864 Looking for jobs to run
2025-01-06 16:57:38,865 Next wakeup is due at 2025-01-06 16:57:43.861067+05:00 (in 4.995724 seconds)
2025-01-06 16:57:38,865 Running job "checker (trigger: interval[0:00:05], next run at: 2025-01-06 16:57:43 +05)" (scheduled at 2025-01-06 16:57:38.861067+05:00)
2025-01-06 16:57:38,865 Job "checker (trigger: interval[0:00:05], next run at: 2025-01-06 16:57:43 +05)" executed successfully
2025-01-06 16:57:43,866 Looking for jobs to run
2025-01-06 16:57:43,866 Next wakeup is due at 2025-01-06 16:57:48.861067+05:00 (in 4.994721 seconds)
2025-01-06 16:57:43,866 Running job "checker (trigger: interval[0:00:05], next run at: 2025-01-06 16:57:48 +05)" (scheduled at 2025-01-06 16:57:43.861067+05:00)
2025-01-06 16:57:43,866 Job "checker (trigger: interval[0:00:05], next run at: 2025-01-06 16:57:48 +05)" executed successfully
2025-01-06 16:57:46,413 Infinity polling: polling exited
2025-01-06 16:57:46,417 Break infinity polling
