2025-01-11 18:25:59,884 Adding job tentatively -- it will be properly scheduled when the scheduler starts
2025-01-11 18:25:59,885 Added job "checker" to job store "default"
2025-01-11 18:25:59,885 Scheduler started
2025-01-11 18:25:59,899 Looking for jobs to run
2025-01-11 18:25:59,899 Next wakeup is due at 2025-01-11 18:26:04.884346+05:00 (in 4.985086 seconds)
2025-01-11 18:26:02,850 executing <function connect.<locals>.connector at 0x7f5b2665dda0>
2025-01-11 18:26:02,854 operation <function connect.<locals>.connector at 0x7f5b2665dda0> completed
2025-01-11 18:26:02,855 executing functools.partial(<built-in method execute of sqlite3.Connection object at 0x7f5b26841f30>, 'PRAGMA foreign_keys = ON', [])
2025-01-11 18:26:02,858 operation functools.partial(<built-in method execute of sqlite3.Connection object at 0x7f5b26841f30>, 'PRAGMA foreign_keys = ON', []) completed
2025-01-11 18:26:02,858 executing functools.partial(<built-in method execute of sqlite3.Connection object at 0x7f5b26841f30>, '\n            CREATE TABLE IF NOT EXISTS users (\n                chat_id INTEGER,\n                topic_id INTEGER,\n                user_name TEXT,\n                PRIMARY KEY (chat_id, topic_id)\n            )\n        ', [])
2025-01-11 18:26:02,859 operation functools.partial(<built-in method execute of sqlite3.Connection object at 0x7f5b26841f30>, '\n            CREATE TABLE IF NOT EXISTS users (\n                chat_id INTEGER,\n                topic_id INTEGER,\n                user_name TEXT,\n                PRIMARY KEY (chat_id, topic_id)\n            )\n        ', []) completed
2025-01-11 18:26:02,860 executing functools.partial(<built-in method execute of sqlite3.Connection object at 0x7f5b26841f30>, '\n            CREATE TABLE IF NOT EXISTS group_messages (\n                topic_id INTEGER,\n                message_id INTEGER,\n                local_id INTEGER,\n                PRIMARY KEY (topic_id, local_id)\n            )\n        ', [])
2025-01-11 18:26:02,860 operation functools.partial(<built-in method execute of sqlite3.Connection object at 0x7f5b26841f30>, '\n            CREATE TABLE IF NOT EXISTS group_messages (\n                topic_id INTEGER,\n                message_id INTEGER,\n                local_id INTEGER,\n                PRIMARY KEY (topic_id, local_id)\n            )\n        ', []) completed
2025-01-11 18:26:02,864 executing functools.partial(<built-in method execute of sqlite3.Connection object at 0x7f5b26841f30>, '\n            CREATE TABLE IF NOT EXISTS private_messages (\n                chat_id INTEGER,\n                message_id INTEGER,\n                local_id INTEGER,\n                PRIMARY KEY (chat_id, local_id)\n            )\n        ', [])
2025-01-11 18:26:02,864 operation functools.partial(<built-in method execute of sqlite3.Connection object at 0x7f5b26841f30>, '\n            CREATE TABLE IF NOT EXISTS private_messages (\n                chat_id INTEGER,\n                message_id INTEGER,\n                local_id INTEGER,\n                PRIMARY KEY (chat_id, local_id)\n            )\n        ', []) completed
2025-01-11 18:26:02,865 executing functools.partial(<built-in method execute of sqlite3.Connection object at 0x7f5b26841f30>, '\n            CREATE TABLE IF NOT EXISTS message_reactions (\n                chat_id INTEGER,\n                message_id INTEGER,\n                user_id INTEGER,\n                reaction TEXT,\n                PRIMARY KEY (chat_id, message_id, user_id)\n            )\n        ', [])
2025-01-11 18:26:02,865 operation functools.partial(<built-in method execute of sqlite3.Connection object at 0x7f5b26841f30>, '\n            CREATE TABLE IF NOT EXISTS message_reactions (\n                chat_id INTEGER,\n                message_id INTEGER,\n                user_id INTEGER,\n                reaction TEXT,\n                PRIMARY KEY (chat_id, message_id, user_id)\n            )\n        ', []) completed
2025-01-11 18:26:02,865 executing functools.partial(<built-in method commit of sqlite3.Connection object at 0x7f5b26841f30>)
2025-01-11 18:26:02,865 operation functools.partial(<built-in method commit of sqlite3.Connection object at 0x7f5b26841f30>) completed
2025-01-11 18:26:02,866 executing functools.partial(<built-in method execute of sqlite3.Connection object at 0x7f5b26841f30>, 'SELECT topic_id FROM users WHERE chat_id = ?', (5434361630,))
2025-01-11 18:26:02,866 operation functools.partial(<built-in method execute of sqlite3.Connection object at 0x7f5b26841f30>, 'SELECT topic_id FROM users WHERE chat_id = ?', (5434361630,)) completed
2025-01-11 18:26:02,866 executing functools.partial(<built-in method fetchone of sqlite3.Cursor object at 0x7f5b265fd340>)
2025-01-11 18:26:02,866 operation functools.partial(<built-in method fetchone of sqlite3.Cursor object at 0x7f5b265fd340>) completed
2025-01-11 18:26:02,866 executing functools.partial(<built-in method close of sqlite3.Cursor object at 0x7f5b265fd340>)
2025-01-11 18:26:02,867 operation functools.partial(<built-in method close of sqlite3.Cursor object at 0x7f5b265fd340>) completed
2025-01-11 18:26:02,868 executing <function connect.<locals>.connector at 0x7f5b2665ca40>
2025-01-11 18:26:02,869 operation <function connect.<locals>.connector at 0x7f5b2665ca40> completed
2025-01-11 18:26:02,869 executing functools.partial(<built-in method execute of sqlite3.Connection object at 0x7f5b26842200>, 'PRAGMA foreign_keys = ON', [])
2025-01-11 18:26:02,869 operation functools.partial(<built-in method execute of sqlite3.Connection object at 0x7f5b26842200>, 'PRAGMA foreign_keys = ON', []) completed
2025-01-11 18:26:02,870 executing functools.partial(<built-in method execute of sqlite3.Connection object at 0x7f5b26842200>, '\n            CREATE TABLE IF NOT EXISTS users (\n                chat_id INTEGER,\n                topic_id INTEGER,\n                user_name TEXT,\n                PRIMARY KEY (chat_id, topic_id)\n            )\n        ', [])
2025-01-11 18:26:02,870 operation functools.partial(<built-in method execute of sqlite3.Connection object at 0x7f5b26842200>, '\n            CREATE TABLE IF NOT EXISTS users (\n                chat_id INTEGER,\n                topic_id INTEGER,\n                user_name TEXT,\n                PRIMARY KEY (chat_id, topic_id)\n            )\n        ', []) completed
2025-01-11 18:26:02,870 executing functools.partial(<built-in method execute of sqlite3.Connection object at 0x7f5b26842200>, '\n            CREATE TABLE IF NOT EXISTS group_messages (\n                topic_id INTEGER,\n                message_id INTEGER,\n                local_id INTEGER,\n                PRIMARY KEY (topic_id, local_id)\n            )\n        ', [])
2025-01-11 18:26:02,870 operation functools.partial(<built-in method execute of sqlite3.Connection object at 0x7f5b26842200>, '\n            CREATE TABLE IF NOT EXISTS group_messages (\n                topic_id INTEGER,\n                message_id INTEGER,\n                local_id INTEGER,\n                PRIMARY KEY (topic_id, local_id)\n            )\n        ', []) completed
2025-01-11 18:26:02,871 executing functools.partial(<built-in method execute of sqlite3.Connection object at 0x7f5b26842200>, '\n            CREATE TABLE IF NOT EXISTS private_messages (\n                chat_id INTEGER,\n                message_id INTEGER,\n                local_id INTEGER,\n                PRIMARY KEY (chat_id, local_id)\n            )\n        ', [])
2025-01-11 18:26:02,871 operation functools.partial(<built-in method execute of sqlite3.Connection object at 0x7f5b26842200>, '\n            CREATE TABLE IF NOT EXISTS private_messages (\n                chat_id INTEGER,\n                message_id INTEGER,\n                local_id INTEGER,\n                PRIMARY KEY (chat_id, local_id)\n            )\n        ', []) completed
2025-01-11 18:26:02,871 executing functools.partial(<built-in method commit of sqlite3.Connection object at 0x7f5b26842200>)
2025-01-11 18:26:02,871 operation functools.partial(<built-in method commit of sqlite3.Connection object at 0x7f5b26842200>) completed
2025-01-11 18:26:02,871 executing functools.partial(<built-in method execute of sqlite3.Connection object at 0x7f5b26842200>, 'SELECT topic_id FROM users WHERE chat_id = ?', (5434361630,))
2025-01-11 18:26:02,872 operation functools.partial(<built-in method execute of sqlite3.Connection object at 0x7f5b26842200>, 'SELECT topic_id FROM users WHERE chat_id = ?', (5434361630,)) completed
2025-01-11 18:26:02,872 executing functools.partial(<built-in method fetchone of sqlite3.Cursor object at 0x7f5b265fd3c0>)
2025-01-11 18:26:02,872 operation functools.partial(<built-in method fetchone of sqlite3.Cursor object at 0x7f5b265fd3c0>) completed
2025-01-11 18:26:02,872 executing functools.partial(<built-in method close of sqlite3.Cursor object at 0x7f5b265fd3c0>)
2025-01-11 18:26:02,872 operation functools.partial(<built-in method close of sqlite3.Cursor object at 0x7f5b265fd3c0>) completed
2025-01-11 18:26:03,359 executing functools.partial(<built-in method execute of sqlite3.Connection object at 0x7f5b26842200>, 'SELECT topic_id FROM users WHERE chat_id = ?', (5434361630,))
2025-01-11 18:26:03,359 operation functools.partial(<built-in method execute of sqlite3.Connection object at 0x7f5b26842200>, 'SELECT topic_id FROM users WHERE chat_id = ?', (5434361630,)) completed
2025-01-11 18:26:03,360 executing functools.partial(<built-in method fetchone of sqlite3.Cursor object at 0x7f5b265fd3c0>)
2025-01-11 18:26:03,360 operation functools.partial(<built-in method fetchone of sqlite3.Cursor object at 0x7f5b265fd3c0>) completed
2025-01-11 18:26:03,360 executing functools.partial(<built-in method close of sqlite3.Cursor object at 0x7f5b265fd3c0>)
2025-01-11 18:26:03,360 operation functools.partial(<built-in method close of sqlite3.Cursor object at 0x7f5b265fd3c0>) completed
2025-01-11 18:26:03,360 executing functools.partial(<built-in method execute of sqlite3.Connection object at 0x7f5b26842200>, 'SELECT MAX(local_id) FROM group_messages WHERE topic_id = ?', (186,))
2025-01-11 18:26:03,361 operation functools.partial(<built-in method execute of sqlite3.Connection object at 0x7f5b26842200>, 'SELECT MAX(local_id) FROM group_messages WHERE topic_id = ?', (186,)) completed
2025-01-11 18:26:03,361 executing functools.partial(<built-in method fetchone of sqlite3.Cursor object at 0x7f5b265fd3c0>)
2025-01-11 18:26:03,361 operation functools.partial(<built-in method fetchone of sqlite3.Cursor object at 0x7f5b265fd3c0>) completed
2025-01-11 18:26:03,361 executing functools.partial(<built-in method close of sqlite3.Cursor object at 0x7f5b265fd3c0>)
2025-01-11 18:26:03,361 operation functools.partial(<built-in method close of sqlite3.Cursor object at 0x7f5b265fd3c0>) completed
2025-01-11 18:26:03,361 executing functools.partial(<built-in method execute of sqlite3.Connection object at 0x7f5b26842200>, '\n                    INSERT INTO group_messages (topic_id, message_id, local_id)\n                    VALUES (?, ?, ?)\n                ', (186, 1547, 4))
2025-01-11 18:26:03,362 operation functools.partial(<built-in method execute of sqlite3.Connection object at 0x7f5b26842200>, '\n                    INSERT INTO group_messages (topic_id, message_id, local_id)\n                    VALUES (?, ?, ?)\n                ', (186, 1547, 4)) completed
2025-01-11 18:26:03,362 executing functools.partial(<built-in method execute of sqlite3.Connection object at 0x7f5b26842200>, 'SELECT MAX(local_id) FROM private_messages WHERE chat_id = ?', (5434361630,))
2025-01-11 18:26:03,362 operation functools.partial(<built-in method execute of sqlite3.Connection object at 0x7f5b26842200>, 'SELECT MAX(local_id) FROM private_messages WHERE chat_id = ?', (5434361630,)) completed
2025-01-11 18:26:03,363 executing functools.partial(<built-in method fetchone of sqlite3.Cursor object at 0x7f5b265f3640>)
2025-01-11 18:26:03,363 operation functools.partial(<built-in method fetchone of sqlite3.Cursor object at 0x7f5b265f3640>) completed
2025-01-11 18:26:03,363 executing functools.partial(<built-in method close of sqlite3.Cursor object at 0x7f5b265f3640>)
2025-01-11 18:26:03,363 operation functools.partial(<built-in method close of sqlite3.Cursor object at 0x7f5b265f3640>) completed
2025-01-11 18:26:03,363 executing functools.partial(<built-in method execute of sqlite3.Connection object at 0x7f5b26842200>, '\n                    INSERT INTO private_messages (chat_id, message_id, local_id)\n                    VALUES (?, ?, ?)\n                ', (5434361630, 23457, 37))
2025-01-11 18:26:03,363 operation functools.partial(<built-in method execute of sqlite3.Connection object at 0x7f5b26842200>, '\n                    INSERT INTO private_messages (chat_id, message_id, local_id)\n                    VALUES (?, ?, ?)\n                ', (5434361630, 23457, 37)) completed
2025-01-11 18:26:03,363 executing functools.partial(<built-in method commit of sqlite3.Connection object at 0x7f5b26842200>)
2025-01-11 18:26:03,370 operation functools.partial(<built-in method commit of sqlite3.Connection object at 0x7f5b26842200>) completed
2025-01-11 18:26:04,886 Looking for jobs to run
2025-01-11 18:26:04,887 Next wakeup is due at 2025-01-11 18:26:09.884346+05:00 (in 4.996791 seconds)
2025-01-11 18:26:04,887 Running job "checker (trigger: interval[0:00:05], next run at: 2025-01-11 18:26:09 +05)" (scheduled at 2025-01-11 18:26:04.884346+05:00)
2025-01-11 18:26:04,888 Job "checker (trigger: interval[0:00:05], next run at: 2025-01-11 18:26:09 +05)" executed successfully
2025-01-11 18:26:09,889 Looking for jobs to run
2025-01-11 18:26:09,889 Next wakeup is due at 2025-01-11 18:26:14.884346+05:00 (in 4.994816 seconds)
2025-01-11 18:26:09,889 Running job "checker (trigger: interval[0:00:05], next run at: 2025-01-11 18:26:14 +05)" (scheduled at 2025-01-11 18:26:09.884346+05:00)
2025-01-11 18:26:09,890 Job "checker (trigger: interval[0:00:05], next run at: 2025-01-11 18:26:14 +05)" executed successfully
2025-01-11 18:26:11,461 executing functools.partial(<built-in method execute of sqlite3.Connection object at 0x7f5b26842200>, 'SELECT chat_id FROM users WHERE topic_id = ?', (186,))
2025-01-11 18:26:11,472 operation functools.partial(<built-in method execute of sqlite3.Connection object at 0x7f5b26842200>, 'SELECT chat_id FROM users WHERE topic_id = ?', (186,)) completed
2025-01-11 18:26:11,473 executing functools.partial(<built-in method fetchone of sqlite3.Cursor object at 0x7f5b265f1840>)
2025-01-11 18:26:11,473 operation functools.partial(<built-in method fetchone of sqlite3.Cursor object at 0x7f5b265f1840>) completed
2025-01-11 18:26:11,475 executing functools.partial(<built-in method close of sqlite3.Cursor object at 0x7f5b265f1840>)
2025-01-11 18:26:11,475 operation functools.partial(<built-in method close of sqlite3.Cursor object at 0x7f5b265f1840>) completed
2025-01-11 18:26:11,857 executing functools.partial(<built-in method execute of sqlite3.Connection object at 0x7f5b26842200>, 'SELECT chat_id FROM users WHERE topic_id = ?', (186,))
2025-01-11 18:26:11,862 operation functools.partial(<built-in method execute of sqlite3.Connection object at 0x7f5b26842200>, 'SELECT chat_id FROM users WHERE topic_id = ?', (186,)) completed
2025-01-11 18:26:11,863 executing functools.partial(<built-in method fetchone of sqlite3.Cursor object at 0x7f5b265f1840>)
2025-01-11 18:26:11,863 operation functools.partial(<built-in method fetchone of sqlite3.Cursor object at 0x7f5b265f1840>) completed
2025-01-11 18:26:11,865 executing functools.partial(<built-in method close of sqlite3.Cursor object at 0x7f5b265f1840>)
2025-01-11 18:26:11,865 operation functools.partial(<built-in method close of sqlite3.Cursor object at 0x7f5b265f1840>) completed
2025-01-11 18:26:11,866 executing functools.partial(<built-in method execute of sqlite3.Connection object at 0x7f5b26842200>, 'SELECT MAX(local_id) FROM private_messages WHERE chat_id = ?', (5434361630,))
2025-01-11 18:26:11,867 operation functools.partial(<built-in method execute of sqlite3.Connection object at 0x7f5b26842200>, 'SELECT MAX(local_id) FROM private_messages WHERE chat_id = ?', (5434361630,)) completed
2025-01-11 18:26:11,870 executing functools.partial(<built-in method fetchone of sqlite3.Cursor object at 0x7f5b265f1840>)
2025-01-11 18:26:11,870 operation functools.partial(<built-in method fetchone of sqlite3.Cursor object at 0x7f5b265f1840>) completed
2025-01-11 18:26:11,871 executing functools.partial(<built-in method close of sqlite3.Cursor object at 0x7f5b265f1840>)
2025-01-11 18:26:11,871 operation functools.partial(<built-in method close of sqlite3.Cursor object at 0x7f5b265f1840>) completed
2025-01-11 18:26:11,872 executing functools.partial(<built-in method execute of sqlite3.Connection object at 0x7f5b26842200>, '\n                    INSERT INTO private_messages (chat_id, message_id, local_id)\n                    VALUES (?, ?, ?)\n                ', (5434361630, 23458, 38))
2025-01-11 18:26:11,873 operation functools.partial(<built-in method execute of sqlite3.Connection object at 0x7f5b26842200>, '\n                    INSERT INTO private_messages (chat_id, message_id, local_id)\n                    VALUES (?, ?, ?)\n                ', (5434361630, 23458, 38)) completed
2025-01-11 18:26:11,873 executing functools.partial(<built-in method execute of sqlite3.Connection object at 0x7f5b26842200>, 'SELECT MAX(local_id) FROM group_messages WHERE topic_id = ?', (186,))
2025-01-11 18:26:11,874 operation functools.partial(<built-in method execute of sqlite3.Connection object at 0x7f5b26842200>, 'SELECT MAX(local_id) FROM group_messages WHERE topic_id = ?', (186,)) completed
2025-01-11 18:26:11,874 executing functools.partial(<built-in method fetchone of sqlite3.Cursor object at 0x7f5b265f1040>)
2025-01-11 18:26:11,874 operation functools.partial(<built-in method fetchone of sqlite3.Cursor object at 0x7f5b265f1040>) completed
2025-01-11 18:26:11,874 executing functools.partial(<built-in method close of sqlite3.Cursor object at 0x7f5b265f1040>)
2025-01-11 18:26:11,874 operation functools.partial(<built-in method close of sqlite3.Cursor object at 0x7f5b265f1040>) completed
2025-01-11 18:26:11,874 executing functools.partial(<built-in method execute of sqlite3.Connection object at 0x7f5b26842200>, '\n                    INSERT INTO group_messages (topic_id, message_id, local_id)\n                    VALUES (?, ?, ?)\n                ', (186, 1548, 5))
2025-01-11 18:26:11,875 operation functools.partial(<built-in method execute of sqlite3.Connection object at 0x7f5b26842200>, '\n                    INSERT INTO group_messages (topic_id, message_id, local_id)\n                    VALUES (?, ?, ?)\n                ', (186, 1548, 5)) completed
2025-01-11 18:26:11,875 executing functools.partial(<built-in method commit of sqlite3.Connection object at 0x7f5b26842200>)
2025-01-11 18:26:11,883 operation functools.partial(<built-in method commit of sqlite3.Connection object at 0x7f5b26842200>) completed
2025-01-11 18:26:14,894 Looking for jobs to run
2025-01-11 18:26:14,895 Next wakeup is due at 2025-01-11 18:26:19.884346+05:00 (in 4.989351 seconds)
2025-01-11 18:26:14,895 Running job "checker (trigger: interval[0:00:05], next run at: 2025-01-11 18:26:19 +05)" (scheduled at 2025-01-11 18:26:14.884346+05:00)
2025-01-11 18:26:14,895 Job "checker (trigger: interval[0:00:05], next run at: 2025-01-11 18:26:19 +05)" executed successfully
2025-01-11 18:26:19,886 Looking for jobs to run
2025-01-11 18:26:19,887 Next wakeup is due at 2025-01-11 18:26:24.884346+05:00 (in 4.996821 seconds)
2025-01-11 18:26:19,887 Running job "checker (trigger: interval[0:00:05], next run at: 2025-01-11 18:26:24 +05)" (scheduled at 2025-01-11 18:26:19.884346+05:00)
2025-01-11 18:26:19,887 Job "checker (trigger: interval[0:00:05], next run at: 2025-01-11 18:26:24 +05)" executed successfully
2025-01-11 18:26:24,887 Looking for jobs to run
2025-01-11 18:26:24,887 Next wakeup is due at 2025-01-11 18:26:29.884346+05:00 (in 4.996526 seconds)
2025-01-11 18:26:24,889 Running job "checker (trigger: interval[0:00:05], next run at: 2025-01-11 18:26:29 +05)" (scheduled at 2025-01-11 18:26:24.884346+05:00)
2025-01-11 18:26:24,889 Job "checker (trigger: interval[0:00:05], next run at: 2025-01-11 18:26:29 +05)" executed successfully
2025-01-11 18:26:29,892 Looking for jobs to run
2025-01-11 18:26:29,894 Next wakeup is due at 2025-01-11 18:26:34.884346+05:00 (in 4.990145 seconds)
2025-01-11 18:26:29,895 Running job "checker (trigger: interval[0:00:05], next run at: 2025-01-11 18:26:34 +05)" (scheduled at 2025-01-11 18:26:29.884346+05:00)
2025-01-11 18:26:29,895 Job "checker (trigger: interval[0:00:05], next run at: 2025-01-11 18:26:34 +05)" executed successfully
2025-01-11 18:26:34,886 Looking for jobs to run
2025-01-11 18:26:34,889 Next wakeup is due at 2025-01-11 18:26:39.884346+05:00 (in 4.994427 seconds)
2025-01-11 18:26:34,890 Running job "checker (trigger: interval[0:00:05], next run at: 2025-01-11 18:26:39 +05)" (scheduled at 2025-01-11 18:26:34.884346+05:00)
2025-01-11 18:26:34,890 Job "checker (trigger: interval[0:00:05], next run at: 2025-01-11 18:26:39 +05)" executed successfully
2025-01-11 18:26:39,888 Looking for jobs to run
2025-01-11 18:26:39,890 Next wakeup is due at 2025-01-11 18:26:44.884346+05:00 (in 4.994185 seconds)
2025-01-11 18:26:39,890 Running job "checker (trigger: interval[0:00:05], next run at: 2025-01-11 18:26:44 +05)" (scheduled at 2025-01-11 18:26:39.884346+05:00)
2025-01-11 18:26:39,890 Job "checker (trigger: interval[0:00:05], next run at: 2025-01-11 18:26:44 +05)" executed successfully
2025-01-11 18:26:44,889 Looking for jobs to run
2025-01-11 18:26:44,889 Next wakeup is due at 2025-01-11 18:26:49.884346+05:00 (in 4.994449 seconds)
2025-01-11 18:26:44,890 Running job "checker (trigger: interval[0:00:05], next run at: 2025-01-11 18:26:49 +05)" (scheduled at 2025-01-11 18:26:44.884346+05:00)
2025-01-11 18:26:44,890 Job "checker (trigger: interval[0:00:05], next run at: 2025-01-11 18:26:49 +05)" executed successfully
2025-01-11 18:26:49,889 Looking for jobs to run
2025-01-11 18:26:49,890 Next wakeup is due at 2025-01-11 18:26:54.884346+05:00 (in 4.994038 seconds)
2025-01-11 18:26:49,890 Running job "checker (trigger: interval[0:00:05], next run at: 2025-01-11 18:26:54 +05)" (scheduled at 2025-01-11 18:26:49.884346+05:00)
2025-01-11 18:26:49,891 Job "checker (trigger: interval[0:00:05], next run at: 2025-01-11 18:26:54 +05)" executed successfully
2025-01-11 18:26:54,887 Looking for jobs to run
2025-01-11 18:26:54,887 Next wakeup is due at 2025-01-11 18:26:59.884346+05:00 (in 4.996665 seconds)
2025-01-11 18:26:54,887 Running job "checker (trigger: interval[0:00:05], next run at: 2025-01-11 18:26:59 +05)" (scheduled at 2025-01-11 18:26:54.884346+05:00)
2025-01-11 18:26:54,888 Job "checker (trigger: interval[0:00:05], next run at: 2025-01-11 18:26:59 +05)" executed successfully
2025-01-11 18:26:59,890 Looking for jobs to run
2025-01-11 18:26:59,897 Next wakeup is due at 2025-01-11 18:27:04.884346+05:00 (in 4.987225 seconds)
2025-01-11 18:26:59,897 Running job "checker (trigger: interval[0:00:05], next run at: 2025-01-11 18:27:04 +05)" (scheduled at 2025-01-11 18:26:59.884346+05:00)
2025-01-11 18:26:59,897 Job "checker (trigger: interval[0:00:05], next run at: 2025-01-11 18:27:04 +05)" executed successfully
2025-01-11 18:27:04,887 Looking for jobs to run
2025-01-11 18:27:04,888 Next wakeup is due at 2025-01-11 18:27:09.884346+05:00 (in 4.995979 seconds)
2025-01-11 18:27:04,888 Running job "checker (trigger: interval[0:00:05], next run at: 2025-01-11 18:27:09 +05)" (scheduled at 2025-01-11 18:27:04.884346+05:00)
2025-01-11 18:27:04,888 Job "checker (trigger: interval[0:00:05], next run at: 2025-01-11 18:27:09 +05)" executed successfully
2025-01-11 18:27:09,886 Looking for jobs to run
2025-01-11 18:27:09,887 Next wakeup is due at 2025-01-11 18:27:14.884346+05:00 (in 4.996419 seconds)
2025-01-11 18:27:09,888 Running job "checker (trigger: interval[0:00:05], next run at: 2025-01-11 18:27:14 +05)" (scheduled at 2025-01-11 18:27:09.884346+05:00)
2025-01-11 18:27:09,888 Job "checker (trigger: interval[0:00:05], next run at: 2025-01-11 18:27:14 +05)" executed successfully
2025-01-11 18:27:14,888 Looking for jobs to run
2025-01-11 18:27:14,888 Next wakeup is due at 2025-01-11 18:27:19.884346+05:00 (in 4.995498 seconds)
2025-01-11 18:27:14,889 Running job "checker (trigger: interval[0:00:05], next run at: 2025-01-11 18:27:19 +05)" (scheduled at 2025-01-11 18:27:14.884346+05:00)
2025-01-11 18:27:14,889 Job "checker (trigger: interval[0:00:05], next run at: 2025-01-11 18:27:19 +05)" executed successfully
2025-01-11 18:27:19,886 Looking for jobs to run
2025-01-11 18:27:19,888 Next wakeup is due at 2025-01-11 18:27:24.884346+05:00 (in 4.996202 seconds)
2025-01-11 18:27:19,890 Running job "checker (trigger: interval[0:00:05], next run at: 2025-01-11 18:27:24 +05)" (scheduled at 2025-01-11 18:27:19.884346+05:00)
2025-01-11 18:27:19,890 Job "checker (trigger: interval[0:00:05], next run at: 2025-01-11 18:27:24 +05)" executed successfully
2025-01-11 18:27:24,891 Looking for jobs to run
2025-01-11 18:27:24,894 Next wakeup is due at 2025-01-11 18:27:29.884346+05:00 (in 4.989830 seconds)
2025-01-11 18:27:24,895 Running job "checker (trigger: interval[0:00:05], next run at: 2025-01-11 18:27:29 +05)" (scheduled at 2025-01-11 18:27:24.884346+05:00)
2025-01-11 18:27:24,895 Job "checker (trigger: interval[0:00:05], next run at: 2025-01-11 18:27:29 +05)" executed successfully
2025-01-11 18:27:29,886 Looking for jobs to run
2025-01-11 18:27:29,887 Next wakeup is due at 2025-01-11 18:27:34.884346+05:00 (in 4.996984 seconds)
2025-01-11 18:27:29,888 Running job "checker (trigger: interval[0:00:05], next run at: 2025-01-11 18:27:34 +05)" (scheduled at 2025-01-11 18:27:29.884346+05:00)
2025-01-11 18:27:29,888 Job "checker (trigger: interval[0:00:05], next run at: 2025-01-11 18:27:34 +05)" executed successfully
2025-01-11 18:27:34,886 Looking for jobs to run
2025-01-11 18:27:34,887 Next wakeup is due at 2025-01-11 18:27:39.884346+05:00 (in 4.997055 seconds)
2025-01-11 18:27:34,887 Running job "checker (trigger: interval[0:00:05], next run at: 2025-01-11 18:27:39 +05)" (scheduled at 2025-01-11 18:27:34.884346+05:00)
2025-01-11 18:27:34,888 Job "checker (trigger: interval[0:00:05], next run at: 2025-01-11 18:27:39 +05)" executed successfully
2025-01-11 18:27:39,890 Looking for jobs to run
2025-01-11 18:27:39,891 Next wakeup is due at 2025-01-11 18:27:44.884346+05:00 (in 4.993298 seconds)
2025-01-11 18:27:39,891 Running job "checker (trigger: interval[0:00:05], next run at: 2025-01-11 18:27:44 +05)" (scheduled at 2025-01-11 18:27:39.884346+05:00)
2025-01-11 18:27:39,891 Job "checker (trigger: interval[0:00:05], next run at: 2025-01-11 18:27:44 +05)" executed successfully
2025-01-11 18:27:44,887 Looking for jobs to run
2025-01-11 18:27:44,887 Next wakeup is due at 2025-01-11 18:27:49.884346+05:00 (in 4.996765 seconds)
2025-01-11 18:27:44,887 Running job "checker (trigger: interval[0:00:05], next run at: 2025-01-11 18:27:49 +05)" (scheduled at 2025-01-11 18:27:44.884346+05:00)
2025-01-11 18:27:44,887 Job "checker (trigger: interval[0:00:05], next run at: 2025-01-11 18:27:49 +05)" executed successfully
2025-01-11 18:27:49,887 Looking for jobs to run
2025-01-11 18:27:49,887 Next wakeup is due at 2025-01-11 18:27:54.884346+05:00 (in 4.996723 seconds)
2025-01-11 18:27:49,887 Running job "checker (trigger: interval[0:00:05], next run at: 2025-01-11 18:27:54 +05)" (scheduled at 2025-01-11 18:27:49.884346+05:00)
2025-01-11 18:27:49,889 Job "checker (trigger: interval[0:00:05], next run at: 2025-01-11 18:27:54 +05)" executed successfully
2025-01-11 18:27:54,887 Looking for jobs to run
2025-01-11 18:27:54,888 Next wakeup is due at 2025-01-11 18:27:59.884346+05:00 (in 4.996285 seconds)
2025-01-11 18:27:54,888 Running job "checker (trigger: interval[0:00:05], next run at: 2025-01-11 18:27:59 +05)" (scheduled at 2025-01-11 18:27:54.884346+05:00)
2025-01-11 18:27:54,888 Job "checker (trigger: interval[0:00:05], next run at: 2025-01-11 18:27:59 +05)" executed successfully
2025-01-11 18:27:59,889 Looking for jobs to run
2025-01-11 18:27:59,893 Next wakeup is due at 2025-01-11 18:28:04.884346+05:00 (in 4.991336 seconds)
2025-01-11 18:27:59,893 Running job "checker (trigger: interval[0:00:05], next run at: 2025-01-11 18:28:04 +05)" (scheduled at 2025-01-11 18:27:59.884346+05:00)
2025-01-11 18:27:59,894 Job "checker (trigger: interval[0:00:05], next run at: 2025-01-11 18:28:04 +05)" executed successfully
2025-01-11 18:28:04,891 Looking for jobs to run
2025-01-11 18:28:04,892 Next wakeup is due at 2025-01-11 18:28:09.884346+05:00 (in 4.992206 seconds)
2025-01-11 18:28:04,893 Running job "checker (trigger: interval[0:00:05], next run at: 2025-01-11 18:28:09 +05)" (scheduled at 2025-01-11 18:28:04.884346+05:00)
2025-01-11 18:28:04,893 Job "checker (trigger: interval[0:00:05], next run at: 2025-01-11 18:28:09 +05)" executed successfully
2025-01-11 18:28:09,886 Looking for jobs to run
2025-01-11 18:28:09,887 Next wakeup is due at 2025-01-11 18:28:14.884346+05:00 (in 4.996894 seconds)
2025-01-11 18:28:09,887 Running job "checker (trigger: interval[0:00:05], next run at: 2025-01-11 18:28:14 +05)" (scheduled at 2025-01-11 18:28:09.884346+05:00)
2025-01-11 18:28:09,887 Job "checker (trigger: interval[0:00:05], next run at: 2025-01-11 18:28:14 +05)" executed successfully
2025-01-11 18:28:14,886 Looking for jobs to run
2025-01-11 18:28:14,887 Next wakeup is due at 2025-01-11 18:28:19.884346+05:00 (in 4.997026 seconds)
2025-01-11 18:28:14,887 Running job "checker (trigger: interval[0:00:05], next run at: 2025-01-11 18:28:19 +05)" (scheduled at 2025-01-11 18:28:14.884346+05:00)
2025-01-11 18:28:14,889 Job "checker (trigger: interval[0:00:05], next run at: 2025-01-11 18:28:19 +05)" executed successfully
2025-01-11 18:28:19,886 Looking for jobs to run
2025-01-11 18:28:19,887 Next wakeup is due at 2025-01-11 18:28:24.884346+05:00 (in 4.997072 seconds)
2025-01-11 18:28:19,887 Running job "checker (trigger: interval[0:00:05], next run at: 2025-01-11 18:28:24 +05)" (scheduled at 2025-01-11 18:28:19.884346+05:00)
2025-01-11 18:28:19,887 Job "checker (trigger: interval[0:00:05], next run at: 2025-01-11 18:28:24 +05)" executed successfully
2025-01-11 18:28:24,887 Looking for jobs to run
2025-01-11 18:28:24,888 Next wakeup is due at 2025-01-11 18:28:29.884346+05:00 (in 4.996203 seconds)
2025-01-11 18:28:24,888 Running job "checker (trigger: interval[0:00:05], next run at: 2025-01-11 18:28:29 +05)" (scheduled at 2025-01-11 18:28:24.884346+05:00)
2025-01-11 18:28:24,888 Job "checker (trigger: interval[0:00:05], next run at: 2025-01-11 18:28:29 +05)" executed successfully
2025-01-11 18:28:29,886 Looking for jobs to run
2025-01-11 18:28:29,887 Next wakeup is due at 2025-01-11 18:28:34.884346+05:00 (in 4.997070 seconds)
2025-01-11 18:28:29,887 Running job "checker (trigger: interval[0:00:05], next run at: 2025-01-11 18:28:34 +05)" (scheduled at 2025-01-11 18:28:29.884346+05:00)
2025-01-11 18:28:29,887 Job "checker (trigger: interval[0:00:05], next run at: 2025-01-11 18:28:34 +05)" executed successfully
2025-01-11 18:28:34,887 Looking for jobs to run
2025-01-11 18:28:34,890 Next wakeup is due at 2025-01-11 18:28:39.884346+05:00 (in 4.993651 seconds)
2025-01-11 18:28:34,891 Running job "checker (trigger: interval[0:00:05], next run at: 2025-01-11 18:28:39 +05)" (scheduled at 2025-01-11 18:28:34.884346+05:00)
2025-01-11 18:28:34,891 Job "checker (trigger: interval[0:00:05], next run at: 2025-01-11 18:28:39 +05)" executed successfully
2025-01-11 18:28:39,887 Looking for jobs to run
2025-01-11 18:28:39,889 Next wakeup is due at 2025-01-11 18:28:44.884346+05:00 (in 4.994673 seconds)
2025-01-11 18:28:39,890 Running job "checker (trigger: interval[0:00:05], next run at: 2025-01-11 18:28:44 +05)" (scheduled at 2025-01-11 18:28:39.884346+05:00)
2025-01-11 18:28:39,890 Job "checker (trigger: interval[0:00:05], next run at: 2025-01-11 18:28:44 +05)" executed successfully
2025-01-11 18:28:44,890 Looking for jobs to run
2025-01-11 18:28:44,891 Next wakeup is due at 2025-01-11 18:28:49.884346+05:00 (in 4.992944 seconds)
2025-01-11 18:28:44,891 Running job "checker (trigger: interval[0:00:05], next run at: 2025-01-11 18:28:49 +05)" (scheduled at 2025-01-11 18:28:44.884346+05:00)
2025-01-11 18:28:44,891 Job "checker (trigger: interval[0:00:05], next run at: 2025-01-11 18:28:49 +05)" executed successfully
2025-01-11 18:28:49,888 Looking for jobs to run
2025-01-11 18:28:49,889 Next wakeup is due at 2025-01-11 18:28:54.884346+05:00 (in 4.994823 seconds)
2025-01-11 18:28:49,889 Running job "checker (trigger: interval[0:00:05], next run at: 2025-01-11 18:28:54 +05)" (scheduled at 2025-01-11 18:28:49.884346+05:00)
2025-01-11 18:28:49,890 Job "checker (trigger: interval[0:00:05], next run at: 2025-01-11 18:28:54 +05)" executed successfully
2025-01-11 18:28:54,887 Looking for jobs to run
2025-01-11 18:28:54,887 Next wakeup is due at 2025-01-11 18:28:59.884346+05:00 (in 4.996631 seconds)
2025-01-11 18:28:54,887 Running job "checker (trigger: interval[0:00:05], next run at: 2025-01-11 18:28:59 +05)" (scheduled at 2025-01-11 18:28:54.884346+05:00)
2025-01-11 18:28:54,888 Job "checker (trigger: interval[0:00:05], next run at: 2025-01-11 18:28:59 +05)" executed successfully
2025-01-11 18:28:59,888 Looking for jobs to run
2025-01-11 18:28:59,889 Next wakeup is due at 2025-01-11 18:29:04.884346+05:00 (in 4.994938 seconds)
2025-01-11 18:28:59,891 Running job "checker (trigger: interval[0:00:05], next run at: 2025-01-11 18:29:04 +05)" (scheduled at 2025-01-11 18:28:59.884346+05:00)
2025-01-11 18:28:59,892 Job "checker (trigger: interval[0:00:05], next run at: 2025-01-11 18:29:04 +05)" executed successfully
2025-01-11 18:29:04,889 Looking for jobs to run
2025-01-11 18:29:04,890 Next wakeup is due at 2025-01-11 18:29:09.884346+05:00 (in 4.993796 seconds)
2025-01-11 18:29:04,891 Running job "checker (trigger: interval[0:00:05], next run at: 2025-01-11 18:29:09 +05)" (scheduled at 2025-01-11 18:29:04.884346+05:00)
2025-01-11 18:29:04,891 Job "checker (trigger: interval[0:00:05], next run at: 2025-01-11 18:29:09 +05)" executed successfully
2025-01-11 18:29:09,886 Looking for jobs to run
2025-01-11 18:29:09,887 Next wakeup is due at 2025-01-11 18:29:14.884346+05:00 (in 4.996694 seconds)
2025-01-11 18:29:09,888 Running job "checker (trigger: interval[0:00:05], next run at: 2025-01-11 18:29:14 +05)" (scheduled at 2025-01-11 18:29:09.884346+05:00)
2025-01-11 18:29:09,888 Job "checker (trigger: interval[0:00:05], next run at: 2025-01-11 18:29:14 +05)" executed successfully
2025-01-11 18:29:14,887 Looking for jobs to run
2025-01-11 18:29:14,888 Next wakeup is due at 2025-01-11 18:29:19.884346+05:00 (in 4.995917 seconds)
2025-01-11 18:29:14,888 Running job "checker (trigger: interval[0:00:05], next run at: 2025-01-11 18:29:19 +05)" (scheduled at 2025-01-11 18:29:14.884346+05:00)
2025-01-11 18:29:14,888 Job "checker (trigger: interval[0:00:05], next run at: 2025-01-11 18:29:19 +05)" executed successfully
2025-01-11 18:29:19,893 Looking for jobs to run
2025-01-11 18:29:19,894 Next wakeup is due at 2025-01-11 18:29:24.884346+05:00 (in 4.990215 seconds)
2025-01-11 18:29:19,894 Running job "checker (trigger: interval[0:00:05], next run at: 2025-01-11 18:29:24 +05)" (scheduled at 2025-01-11 18:29:19.884346+05:00)
2025-01-11 18:29:19,894 Job "checker (trigger: interval[0:00:05], next run at: 2025-01-11 18:29:24 +05)" executed successfully
2025-01-11 18:29:24,888 Looking for jobs to run
2025-01-11 18:29:24,890 Next wakeup is due at 2025-01-11 18:29:29.884346+05:00 (in 4.993825 seconds)
2025-01-11 18:29:24,890 Running job "checker (trigger: interval[0:00:05], next run at: 2025-01-11 18:29:29 +05)" (scheduled at 2025-01-11 18:29:24.884346+05:00)
2025-01-11 18:29:24,891 Job "checker (trigger: interval[0:00:05], next run at: 2025-01-11 18:29:29 +05)" executed successfully
2025-01-11 18:29:29,896 Looking for jobs to run
2025-01-11 18:29:29,897 Next wakeup is due at 2025-01-11 18:29:34.884346+05:00 (in 4.986942 seconds)
2025-01-11 18:29:29,897 Running job "checker (trigger: interval[0:00:05], next run at: 2025-01-11 18:29:34 +05)" (scheduled at 2025-01-11 18:29:29.884346+05:00)
2025-01-11 18:29:29,898 Job "checker (trigger: interval[0:00:05], next run at: 2025-01-11 18:29:34 +05)" executed successfully
2025-01-11 18:29:34,886 Looking for jobs to run
2025-01-11 18:29:34,888 Next wakeup is due at 2025-01-11 18:29:39.884346+05:00 (in 4.995459 seconds)
2025-01-11 18:29:34,889 Running job "checker (trigger: interval[0:00:05], next run at: 2025-01-11 18:29:39 +05)" (scheduled at 2025-01-11 18:29:34.884346+05:00)
2025-01-11 18:29:34,889 Job "checker (trigger: interval[0:00:05], next run at: 2025-01-11 18:29:39 +05)" executed successfully
2025-01-11 18:29:39,890 Looking for jobs to run
2025-01-11 18:29:39,890 Next wakeup is due at 2025-01-11 18:29:44.884346+05:00 (in 4.993754 seconds)
2025-01-11 18:29:39,890 Running job "checker (trigger: interval[0:00:05], next run at: 2025-01-11 18:29:44 +05)" (scheduled at 2025-01-11 18:29:39.884346+05:00)
2025-01-11 18:29:39,890 Job "checker (trigger: interval[0:00:05], next run at: 2025-01-11 18:29:44 +05)" executed successfully
2025-01-11 18:29:44,886 Looking for jobs to run
2025-01-11 18:29:44,887 Next wakeup is due at 2025-01-11 18:29:49.884346+05:00 (in 4.996592 seconds)
2025-01-11 18:29:44,888 Running job "checker (trigger: interval[0:00:05], next run at: 2025-01-11 18:29:49 +05)" (scheduled at 2025-01-11 18:29:44.884346+05:00)
2025-01-11 18:29:44,888 Job "checker (trigger: interval[0:00:05], next run at: 2025-01-11 18:29:49 +05)" executed successfully
2025-01-11 18:29:49,886 Looking for jobs to run
2025-01-11 18:29:49,887 Next wakeup is due at 2025-01-11 18:29:54.884346+05:00 (in 4.997187 seconds)
2025-01-11 18:29:49,887 Running job "checker (trigger: interval[0:00:05], next run at: 2025-01-11 18:29:54 +05)" (scheduled at 2025-01-11 18:29:49.884346+05:00)
2025-01-11 18:29:49,887 Job "checker (trigger: interval[0:00:05], next run at: 2025-01-11 18:29:54 +05)" executed successfully
2025-01-11 18:29:54,886 Looking for jobs to run
2025-01-11 18:29:54,887 Next wakeup is due at 2025-01-11 18:29:59.884346+05:00 (in 4.996977 seconds)
2025-01-11 18:29:54,888 Running job "checker (trigger: interval[0:00:05], next run at: 2025-01-11 18:29:59 +05)" (scheduled at 2025-01-11 18:29:54.884346+05:00)
2025-01-11 18:29:54,888 Job "checker (trigger: interval[0:00:05], next run at: 2025-01-11 18:29:59 +05)" executed successfully
2025-01-11 18:29:59,887 Looking for jobs to run
2025-01-11 18:29:59,887 Next wakeup is due at 2025-01-11 18:30:04.884346+05:00 (in 4.996625 seconds)
2025-01-11 18:29:59,887 Running job "checker (trigger: interval[0:00:05], next run at: 2025-01-11 18:30:04 +05)" (scheduled at 2025-01-11 18:29:59.884346+05:00)
2025-01-11 18:29:59,888 Job "checker (trigger: interval[0:00:05], next run at: 2025-01-11 18:30:04 +05)" executed successfully
2025-01-11 18:30:04,888 Looking for jobs to run
2025-01-11 18:30:04,888 Next wakeup is due at 2025-01-11 18:30:09.884346+05:00 (in 4.995763 seconds)
2025-01-11 18:30:04,888 Running job "checker (trigger: interval[0:00:05], next run at: 2025-01-11 18:30:09 +05)" (scheduled at 2025-01-11 18:30:04.884346+05:00)
2025-01-11 18:30:04,888 Job "checker (trigger: interval[0:00:05], next run at: 2025-01-11 18:30:09 +05)" executed successfully
2025-01-11 18:30:09,885 Looking for jobs to run
2025-01-11 18:30:09,886 Next wakeup is due at 2025-01-11 18:30:14.884346+05:00 (in 4.998045 seconds)
2025-01-11 18:30:09,886 Running job "checker (trigger: interval[0:00:05], next run at: 2025-01-11 18:30:14 +05)" (scheduled at 2025-01-11 18:30:09.884346+05:00)
2025-01-11 18:30:09,886 Job "checker (trigger: interval[0:00:05], next run at: 2025-01-11 18:30:14 +05)" executed successfully
2025-01-11 18:30:14,886 Looking for jobs to run
2025-01-11 18:30:14,887 Next wakeup is due at 2025-01-11 18:30:19.884346+05:00 (in 4.997337 seconds)
2025-01-11 18:30:14,887 Running job "checker (trigger: interval[0:00:05], next run at: 2025-01-11 18:30:19 +05)" (scheduled at 2025-01-11 18:30:14.884346+05:00)
2025-01-11 18:30:14,887 Job "checker (trigger: interval[0:00:05], next run at: 2025-01-11 18:30:19 +05)" executed successfully
2025-01-11 18:30:19,888 Looking for jobs to run
2025-01-11 18:30:19,889 Next wakeup is due at 2025-01-11 18:30:24.884346+05:00 (in 4.995273 seconds)
2025-01-11 18:30:19,889 Running job "checker (trigger: interval[0:00:05], next run at: 2025-01-11 18:30:24 +05)" (scheduled at 2025-01-11 18:30:19.884346+05:00)
2025-01-11 18:30:19,889 Job "checker (trigger: interval[0:00:05], next run at: 2025-01-11 18:30:24 +05)" executed successfully
2025-01-11 18:30:24,889 Looking for jobs to run
2025-01-11 18:30:24,889 Next wakeup is due at 2025-01-11 18:30:29.884346+05:00 (in 4.994839 seconds)
2025-01-11 18:30:24,889 Running job "checker (trigger: interval[0:00:05], next run at: 2025-01-11 18:30:29 +05)" (scheduled at 2025-01-11 18:30:24.884346+05:00)
2025-01-11 18:30:24,889 Job "checker (trigger: interval[0:00:05], next run at: 2025-01-11 18:30:29 +05)" executed successfully
2025-01-11 18:30:29,886 Looking for jobs to run
2025-01-11 18:30:29,886 Next wakeup is due at 2025-01-11 18:30:34.884346+05:00 (in 4.997822 seconds)
2025-01-11 18:30:29,886 Running job "checker (trigger: interval[0:00:05], next run at: 2025-01-11 18:30:34 +05)" (scheduled at 2025-01-11 18:30:29.884346+05:00)
2025-01-11 18:30:29,886 Job "checker (trigger: interval[0:00:05], next run at: 2025-01-11 18:30:34 +05)" executed successfully
2025-01-11 18:30:34,886 Looking for jobs to run
2025-01-11 18:30:34,888 Next wakeup is due at 2025-01-11 18:30:39.884346+05:00 (in 4.996298 seconds)
2025-01-11 18:30:34,888 Running job "checker (trigger: interval[0:00:05], next run at: 2025-01-11 18:30:39 +05)" (scheduled at 2025-01-11 18:30:34.884346+05:00)
2025-01-11 18:30:34,888 Job "checker (trigger: interval[0:00:05], next run at: 2025-01-11 18:30:39 +05)" executed successfully
2025-01-11 18:30:39,888 Looking for jobs to run
2025-01-11 18:30:39,888 Next wakeup is due at 2025-01-11 18:30:44.884346+05:00 (in 4.995375 seconds)
2025-01-11 18:30:39,889 Running job "checker (trigger: interval[0:00:05], next run at: 2025-01-11 18:30:44 +05)" (scheduled at 2025-01-11 18:30:39.884346+05:00)
2025-01-11 18:30:39,889 Job "checker (trigger: interval[0:00:05], next run at: 2025-01-11 18:30:44 +05)" executed successfully
2025-01-11 18:30:44,886 Looking for jobs to run
2025-01-11 18:30:44,887 Next wakeup is due at 2025-01-11 18:30:49.884346+05:00 (in 4.997074 seconds)
2025-01-11 18:30:44,887 Running job "checker (trigger: interval[0:00:05], next run at: 2025-01-11 18:30:49 +05)" (scheduled at 2025-01-11 18:30:44.884346+05:00)
2025-01-11 18:30:44,887 Job "checker (trigger: interval[0:00:05], next run at: 2025-01-11 18:30:49 +05)" executed successfully
2025-01-11 18:30:49,885 Looking for jobs to run
2025-01-11 18:30:49,886 Next wakeup is due at 2025-01-11 18:30:54.884346+05:00 (in 4.998072 seconds)
2025-01-11 18:30:49,887 Running job "checker (trigger: interval[0:00:05], next run at: 2025-01-11 18:30:54 +05)" (scheduled at 2025-01-11 18:30:49.884346+05:00)
2025-01-11 18:30:49,887 Job "checker (trigger: interval[0:00:05], next run at: 2025-01-11 18:30:54 +05)" executed successfully
2025-01-11 18:30:54,885 Looking for jobs to run
2025-01-11 18:30:54,886 Next wakeup is due at 2025-01-11 18:30:59.884346+05:00 (in 4.997567 seconds)
2025-01-11 18:30:54,887 Running job "checker (trigger: interval[0:00:05], next run at: 2025-01-11 18:30:59 +05)" (scheduled at 2025-01-11 18:30:54.884346+05:00)
2025-01-11 18:30:54,887 Job "checker (trigger: interval[0:00:05], next run at: 2025-01-11 18:30:59 +05)" executed successfully
2025-01-11 18:30:59,889 Looking for jobs to run
2025-01-11 18:30:59,889 Next wakeup is due at 2025-01-11 18:31:04.884346+05:00 (in 4.994523 seconds)
2025-01-11 18:30:59,890 Running job "checker (trigger: interval[0:00:05], next run at: 2025-01-11 18:31:04 +05)" (scheduled at 2025-01-11 18:30:59.884346+05:00)
2025-01-11 18:30:59,890 Job "checker (trigger: interval[0:00:05], next run at: 2025-01-11 18:31:04 +05)" executed successfully
2025-01-11 18:31:04,887 Looking for jobs to run
2025-01-11 18:31:04,888 Next wakeup is due at 2025-01-11 18:31:09.884346+05:00 (in 4.996362 seconds)
2025-01-11 18:31:04,888 Running job "checker (trigger: interval[0:00:05], next run at: 2025-01-11 18:31:09 +05)" (scheduled at 2025-01-11 18:31:04.884346+05:00)
2025-01-11 18:31:04,888 Job "checker (trigger: interval[0:00:05], next run at: 2025-01-11 18:31:09 +05)" executed successfully
2025-01-11 18:31:09,885 Looking for jobs to run
2025-01-11 18:31:09,886 Next wakeup is due at 2025-01-11 18:31:14.884346+05:00 (in 4.998279 seconds)
2025-01-11 18:31:09,886 Running job "checker (trigger: interval[0:00:05], next run at: 2025-01-11 18:31:14 +05)" (scheduled at 2025-01-11 18:31:09.884346+05:00)
2025-01-11 18:31:09,886 Job "checker (trigger: interval[0:00:05], next run at: 2025-01-11 18:31:14 +05)" executed successfully
2025-01-11 18:31:14,886 Looking for jobs to run
2025-01-11 18:31:14,887 Next wakeup is due at 2025-01-11 18:31:19.884346+05:00 (in 4.997229 seconds)
2025-01-11 18:31:14,887 Running job "checker (trigger: interval[0:00:05], next run at: 2025-01-11 18:31:19 +05)" (scheduled at 2025-01-11 18:31:14.884346+05:00)
2025-01-11 18:31:14,887 Job "checker (trigger: interval[0:00:05], next run at: 2025-01-11 18:31:19 +05)" executed successfully
2025-01-11 18:31:19,887 Looking for jobs to run
2025-01-11 18:31:19,888 Next wakeup is due at 2025-01-11 18:31:24.884346+05:00 (in 4.996330 seconds)
2025-01-11 18:31:19,888 Running job "checker (trigger: interval[0:00:05], next run at: 2025-01-11 18:31:24 +05)" (scheduled at 2025-01-11 18:31:19.884346+05:00)
2025-01-11 18:31:19,888 Job "checker (trigger: interval[0:00:05], next run at: 2025-01-11 18:31:24 +05)" executed successfully
2025-01-11 18:31:24,888 Looking for jobs to run
2025-01-11 18:31:24,889 Next wakeup is due at 2025-01-11 18:31:29.884346+05:00 (in 4.994520 seconds)
2025-01-11 18:31:24,890 Running job "checker (trigger: interval[0:00:05], next run at: 2025-01-11 18:31:29 +05)" (scheduled at 2025-01-11 18:31:24.884346+05:00)
2025-01-11 18:31:24,890 Job "checker (trigger: interval[0:00:05], next run at: 2025-01-11 18:31:29 +05)" executed successfully
2025-01-11 18:31:29,885 Looking for jobs to run
2025-01-11 18:31:29,886 Next wakeup is due at 2025-01-11 18:31:34.884346+05:00 (in 4.997582 seconds)
2025-01-11 18:31:29,887 Running job "checker (trigger: interval[0:00:05], next run at: 2025-01-11 18:31:34 +05)" (scheduled at 2025-01-11 18:31:29.884346+05:00)
2025-01-11 18:31:29,887 Job "checker (trigger: interval[0:00:05], next run at: 2025-01-11 18:31:34 +05)" executed successfully
2025-01-11 18:31:34,886 Looking for jobs to run
2025-01-11 18:31:34,886 Next wakeup is due at 2025-01-11 18:31:39.884346+05:00 (in 4.997866 seconds)
2025-01-11 18:31:34,886 Running job "checker (trigger: interval[0:00:05], next run at: 2025-01-11 18:31:39 +05)" (scheduled at 2025-01-11 18:31:34.884346+05:00)
2025-01-11 18:31:34,887 Job "checker (trigger: interval[0:00:05], next run at: 2025-01-11 18:31:39 +05)" executed successfully
2025-01-11 18:31:39,890 Looking for jobs to run
2025-01-11 18:31:39,890 Next wakeup is due at 2025-01-11 18:31:44.884346+05:00 (in 4.993650 seconds)
2025-01-11 18:31:39,890 Running job "checker (trigger: interval[0:00:05], next run at: 2025-01-11 18:31:44 +05)" (scheduled at 2025-01-11 18:31:39.884346+05:00)
2025-01-11 18:31:39,891 Job "checker (trigger: interval[0:00:05], next run at: 2025-01-11 18:31:44 +05)" executed successfully
2025-01-11 18:31:44,888 Looking for jobs to run
2025-01-11 18:31:44,889 Next wakeup is due at 2025-01-11 18:31:49.884346+05:00 (in 4.995136 seconds)
2025-01-11 18:31:44,889 Running job "checker (trigger: interval[0:00:05], next run at: 2025-01-11 18:31:49 +05)" (scheduled at 2025-01-11 18:31:44.884346+05:00)
2025-01-11 18:31:44,889 Job "checker (trigger: interval[0:00:05], next run at: 2025-01-11 18:31:49 +05)" executed successfully
2025-01-11 18:31:49,886 Looking for jobs to run
2025-01-11 18:31:49,888 Next wakeup is due at 2025-01-11 18:31:54.884346+05:00 (in 4.996294 seconds)
2025-01-11 18:31:49,888 Running job "checker (trigger: interval[0:00:05], next run at: 2025-01-11 18:31:54 +05)" (scheduled at 2025-01-11 18:31:49.884346+05:00)
2025-01-11 18:31:49,888 Job "checker (trigger: interval[0:00:05], next run at: 2025-01-11 18:31:54 +05)" executed successfully
2025-01-11 18:31:54,886 Looking for jobs to run
2025-01-11 18:31:54,886 Next wakeup is due at 2025-01-11 18:31:59.884346+05:00 (in 4.997607 seconds)
2025-01-11 18:31:54,886 Running job "checker (trigger: interval[0:00:05], next run at: 2025-01-11 18:31:59 +05)" (scheduled at 2025-01-11 18:31:54.884346+05:00)
2025-01-11 18:31:54,887 Job "checker (trigger: interval[0:00:05], next run at: 2025-01-11 18:31:59 +05)" executed successfully
2025-01-11 18:31:59,888 Looking for jobs to run
2025-01-11 18:31:59,888 Next wakeup is due at 2025-01-11 18:32:04.884346+05:00 (in 4.995401 seconds)
2025-01-11 18:31:59,889 Running job "checker (trigger: interval[0:00:05], next run at: 2025-01-11 18:32:04 +05)" (scheduled at 2025-01-11 18:31:59.884346+05:00)
2025-01-11 18:31:59,889 Job "checker (trigger: interval[0:00:05], next run at: 2025-01-11 18:32:04 +05)" executed successfully
2025-01-11 18:32:04,887 Looking for jobs to run
2025-01-11 18:32:04,888 Next wakeup is due at 2025-01-11 18:32:09.884346+05:00 (in 4.996031 seconds)
2025-01-11 18:32:04,888 Running job "checker (trigger: interval[0:00:05], next run at: 2025-01-11 18:32:09 +05)" (scheduled at 2025-01-11 18:32:04.884346+05:00)
2025-01-11 18:32:04,888 Job "checker (trigger: interval[0:00:05], next run at: 2025-01-11 18:32:09 +05)" executed successfully
2025-01-11 18:32:09,887 Looking for jobs to run
2025-01-11 18:32:09,888 Next wakeup is due at 2025-01-11 18:32:14.884346+05:00 (in 4.996229 seconds)
2025-01-11 18:32:09,888 Running job "checker (trigger: interval[0:00:05], next run at: 2025-01-11 18:32:14 +05)" (scheduled at 2025-01-11 18:32:09.884346+05:00)
2025-01-11 18:32:09,888 Job "checker (trigger: interval[0:00:05], next run at: 2025-01-11 18:32:14 +05)" executed successfully
2025-01-11 18:32:14,885 Looking for jobs to run
2025-01-11 18:32:14,885 Next wakeup is due at 2025-01-11 18:32:19.884346+05:00 (in 4.998473 seconds)
2025-01-11 18:32:14,886 Running job "checker (trigger: interval[0:00:05], next run at: 2025-01-11 18:32:19 +05)" (scheduled at 2025-01-11 18:32:14.884346+05:00)
2025-01-11 18:32:14,886 Job "checker (trigger: interval[0:00:05], next run at: 2025-01-11 18:32:19 +05)" executed successfully
2025-01-11 18:32:19,890 Looking for jobs to run
2025-01-11 18:32:19,890 Next wakeup is due at 2025-01-11 18:32:24.884346+05:00 (in 4.993495 seconds)
2025-01-11 18:32:19,891 Running job "checker (trigger: interval[0:00:05], next run at: 2025-01-11 18:32:24 +05)" (scheduled at 2025-01-11 18:32:19.884346+05:00)
2025-01-11 18:32:19,891 Job "checker (trigger: interval[0:00:05], next run at: 2025-01-11 18:32:24 +05)" executed successfully
2025-01-11 18:32:24,887 Looking for jobs to run
2025-01-11 18:32:24,897 Next wakeup is due at 2025-01-11 18:32:29.884346+05:00 (in 4.986678 seconds)
2025-01-11 18:32:24,898 Running job "checker (trigger: interval[0:00:05], next run at: 2025-01-11 18:32:29 +05)" (scheduled at 2025-01-11 18:32:24.884346+05:00)
2025-01-11 18:32:24,898 Job "checker (trigger: interval[0:00:05], next run at: 2025-01-11 18:32:29 +05)" executed successfully
2025-01-11 18:32:29,890 Looking for jobs to run
2025-01-11 18:32:29,891 Next wakeup is due at 2025-01-11 18:32:34.884346+05:00 (in 4.992544 seconds)
2025-01-11 18:32:29,892 Running job "checker (trigger: interval[0:00:05], next run at: 2025-01-11 18:32:34 +05)" (scheduled at 2025-01-11 18:32:29.884346+05:00)
2025-01-11 18:32:29,892 Job "checker (trigger: interval[0:00:05], next run at: 2025-01-11 18:32:34 +05)" executed successfully
2025-01-11 18:32:34,886 Looking for jobs to run
2025-01-11 18:32:34,886 Next wakeup is due at 2025-01-11 18:32:39.884346+05:00 (in 4.997555 seconds)
2025-01-11 18:32:34,886 Running job "checker (trigger: interval[0:00:05], next run at: 2025-01-11 18:32:39 +05)" (scheduled at 2025-01-11 18:32:34.884346+05:00)
2025-01-11 18:32:34,887 Job "checker (trigger: interval[0:00:05], next run at: 2025-01-11 18:32:39 +05)" executed successfully
2025-01-11 18:32:39,890 Looking for jobs to run
2025-01-11 18:32:39,890 Next wakeup is due at 2025-01-11 18:32:44.884346+05:00 (in 4.993652 seconds)
2025-01-11 18:32:39,890 Running job "checker (trigger: interval[0:00:05], next run at: 2025-01-11 18:32:44 +05)" (scheduled at 2025-01-11 18:32:39.884346+05:00)
2025-01-11 18:32:39,891 Job "checker (trigger: interval[0:00:05], next run at: 2025-01-11 18:32:44 +05)" executed successfully
2025-01-11 18:32:44,888 Looking for jobs to run
2025-01-11 18:32:44,888 Next wakeup is due at 2025-01-11 18:32:49.884346+05:00 (in 4.995637 seconds)
2025-01-11 18:32:44,888 Running job "checker (trigger: interval[0:00:05], next run at: 2025-01-11 18:32:49 +05)" (scheduled at 2025-01-11 18:32:44.884346+05:00)
2025-01-11 18:32:44,889 Job "checker (trigger: interval[0:00:05], next run at: 2025-01-11 18:32:49 +05)" executed successfully
2025-01-11 18:32:49,891 Looking for jobs to run
2025-01-11 18:32:49,892 Next wakeup is due at 2025-01-11 18:32:54.884346+05:00 (in 4.991790 seconds)
2025-01-11 18:32:49,892 Running job "checker (trigger: interval[0:00:05], next run at: 2025-01-11 18:32:54 +05)" (scheduled at 2025-01-11 18:32:49.884346+05:00)
2025-01-11 18:32:49,893 Job "checker (trigger: interval[0:00:05], next run at: 2025-01-11 18:32:54 +05)" executed successfully
2025-01-11 18:32:54,885 Looking for jobs to run
2025-01-11 18:32:54,886 Next wakeup is due at 2025-01-11 18:32:59.884346+05:00 (in 4.998157 seconds)
2025-01-11 18:32:54,886 Running job "checker (trigger: interval[0:00:05], next run at: 2025-01-11 18:32:59 +05)" (scheduled at 2025-01-11 18:32:54.884346+05:00)
2025-01-11 18:32:54,886 Job "checker (trigger: interval[0:00:05], next run at: 2025-01-11 18:32:59 +05)" executed successfully
2025-01-11 18:32:59,889 Looking for jobs to run
2025-01-11 18:32:59,889 Next wakeup is due at 2025-01-11 18:33:04.884346+05:00 (in 4.994470 seconds)
2025-01-11 18:32:59,890 Running job "checker (trigger: interval[0:00:05], next run at: 2025-01-11 18:33:04 +05)" (scheduled at 2025-01-11 18:32:59.884346+05:00)
2025-01-11 18:32:59,890 Job "checker (trigger: interval[0:00:05], next run at: 2025-01-11 18:33:04 +05)" executed successfully
2025-01-11 18:33:04,890 Looking for jobs to run
2025-01-11 18:33:04,890 Next wakeup is due at 2025-01-11 18:33:09.884346+05:00 (in 4.993440 seconds)
2025-01-11 18:33:04,891 Running job "checker (trigger: interval[0:00:05], next run at: 2025-01-11 18:33:09 +05)" (scheduled at 2025-01-11 18:33:04.884346+05:00)
2025-01-11 18:33:04,891 Job "checker (trigger: interval[0:00:05], next run at: 2025-01-11 18:33:09 +05)" executed successfully
2025-01-11 18:33:09,890 Looking for jobs to run
2025-01-11 18:33:09,891 Next wakeup is due at 2025-01-11 18:33:14.884346+05:00 (in 4.992546 seconds)
2025-01-11 18:33:09,892 Running job "checker (trigger: interval[0:00:05], next run at: 2025-01-11 18:33:14 +05)" (scheduled at 2025-01-11 18:33:09.884346+05:00)
2025-01-11 18:33:09,892 Job "checker (trigger: interval[0:00:05], next run at: 2025-01-11 18:33:14 +05)" executed successfully
2025-01-11 18:33:14,885 Looking for jobs to run
2025-01-11 18:33:14,886 Next wakeup is due at 2025-01-11 18:33:19.884346+05:00 (in 4.997728 seconds)
2025-01-11 18:33:14,886 Running job "checker (trigger: interval[0:00:05], next run at: 2025-01-11 18:33:19 +05)" (scheduled at 2025-01-11 18:33:14.884346+05:00)
2025-01-11 18:33:14,887 Job "checker (trigger: interval[0:00:05], next run at: 2025-01-11 18:33:19 +05)" executed successfully
2025-01-11 18:33:19,889 Looking for jobs to run
2025-01-11 18:33:19,890 Next wakeup is due at 2025-01-11 18:33:24.884346+05:00 (in 4.993705 seconds)
2025-01-11 18:33:19,890 Running job "checker (trigger: interval[0:00:05], next run at: 2025-01-11 18:33:24 +05)" (scheduled at 2025-01-11 18:33:19.884346+05:00)
2025-01-11 18:33:19,891 Job "checker (trigger: interval[0:00:05], next run at: 2025-01-11 18:33:24 +05)" executed successfully
2025-01-11 18:33:24,889 Looking for jobs to run
2025-01-11 18:33:24,890 Next wakeup is due at 2025-01-11 18:33:29.884346+05:00 (in 4.994085 seconds)
2025-01-11 18:33:24,891 Running job "checker (trigger: interval[0:00:05], next run at: 2025-01-11 18:33:29 +05)" (scheduled at 2025-01-11 18:33:24.884346+05:00)
2025-01-11 18:33:24,891 Job "checker (trigger: interval[0:00:05], next run at: 2025-01-11 18:33:29 +05)" executed successfully
2025-01-11 18:33:29,890 Looking for jobs to run
2025-01-11 18:33:29,891 Next wakeup is due at 2025-01-11 18:33:34.884346+05:00 (in 4.993037 seconds)
2025-01-11 18:33:29,891 Running job "checker (trigger: interval[0:00:05], next run at: 2025-01-11 18:33:34 +05)" (scheduled at 2025-01-11 18:33:29.884346+05:00)
2025-01-11 18:33:29,891 Job "checker (trigger: interval[0:00:05], next run at: 2025-01-11 18:33:34 +05)" executed successfully
2025-01-11 18:33:34,885 Looking for jobs to run
2025-01-11 18:33:34,885 Next wakeup is due at 2025-01-11 18:33:39.884346+05:00 (in 4.998847 seconds)
2025-01-11 18:33:34,885 Running job "checker (trigger: interval[0:00:05], next run at: 2025-01-11 18:33:39 +05)" (scheduled at 2025-01-11 18:33:34.884346+05:00)
2025-01-11 18:33:34,885 Job "checker (trigger: interval[0:00:05], next run at: 2025-01-11 18:33:39 +05)" executed successfully
2025-01-11 18:33:39,887 Looking for jobs to run
2025-01-11 18:33:39,889 Next wakeup is due at 2025-01-11 18:33:44.884346+05:00 (in 4.995293 seconds)
2025-01-11 18:33:39,889 Running job "checker (trigger: interval[0:00:05], next run at: 2025-01-11 18:33:44 +05)" (scheduled at 2025-01-11 18:33:39.884346+05:00)
2025-01-11 18:33:39,889 Job "checker (trigger: interval[0:00:05], next run at: 2025-01-11 18:33:44 +05)" executed successfully
2025-01-11 18:33:44,889 Looking for jobs to run
2025-01-11 18:33:44,889 Next wakeup is due at 2025-01-11 18:33:49.884346+05:00 (in 4.994774 seconds)
2025-01-11 18:33:44,910 Running job "checker (trigger: interval[0:00:05], next run at: 2025-01-11 18:33:49 +05)" (scheduled at 2025-01-11 18:33:44.884346+05:00)
2025-01-11 18:33:44,910 Job "checker (trigger: interval[0:00:05], next run at: 2025-01-11 18:33:49 +05)" executed successfully
2025-01-11 18:33:49,887 Looking for jobs to run
2025-01-11 18:33:49,888 Next wakeup is due at 2025-01-11 18:33:54.884346+05:00 (in 4.995569 seconds)
2025-01-11 18:33:49,889 Running job "checker (trigger: interval[0:00:05], next run at: 2025-01-11 18:33:54 +05)" (scheduled at 2025-01-11 18:33:49.884346+05:00)
2025-01-11 18:33:49,889 Job "checker (trigger: interval[0:00:05], next run at: 2025-01-11 18:33:54 +05)" executed successfully
2025-01-11 18:33:54,885 Looking for jobs to run
2025-01-11 18:33:54,885 Next wakeup is due at 2025-01-11 18:33:59.884346+05:00 (in 4.998849 seconds)
2025-01-11 18:33:54,885 Running job "checker (trigger: interval[0:00:05], next run at: 2025-01-11 18:33:59 +05)" (scheduled at 2025-01-11 18:33:54.884346+05:00)
2025-01-11 18:33:54,886 Job "checker (trigger: interval[0:00:05], next run at: 2025-01-11 18:33:59 +05)" executed successfully
2025-01-11 18:33:59,889 Looking for jobs to run
2025-01-11 18:33:59,889 Next wakeup is due at 2025-01-11 18:34:04.884346+05:00 (in 4.994644 seconds)
2025-01-11 18:33:59,889 Running job "checker (trigger: interval[0:00:05], next run at: 2025-01-11 18:34:04 +05)" (scheduled at 2025-01-11 18:33:59.884346+05:00)
2025-01-11 18:33:59,890 Job "checker (trigger: interval[0:00:05], next run at: 2025-01-11 18:34:04 +05)" executed successfully
2025-01-11 18:34:04,889 Looking for jobs to run
2025-01-11 18:34:04,889 Next wakeup is due at 2025-01-11 18:34:09.884346+05:00 (in 4.994478 seconds)
2025-01-11 18:34:04,890 Running job "checker (trigger: interval[0:00:05], next run at: 2025-01-11 18:34:09 +05)" (scheduled at 2025-01-11 18:34:04.884346+05:00)
2025-01-11 18:34:04,890 Job "checker (trigger: interval[0:00:05], next run at: 2025-01-11 18:34:09 +05)" executed successfully
2025-01-11 18:34:09,889 Looking for jobs to run
2025-01-11 18:34:09,889 Next wakeup is due at 2025-01-11 18:34:14.884346+05:00 (in 4.994681 seconds)
2025-01-11 18:34:09,889 Running job "checker (trigger: interval[0:00:05], next run at: 2025-01-11 18:34:14 +05)" (scheduled at 2025-01-11 18:34:09.884346+05:00)
2025-01-11 18:34:09,890 Job "checker (trigger: interval[0:00:05], next run at: 2025-01-11 18:34:14 +05)" executed successfully
2025-01-11 18:34:14,887 Looking for jobs to run
2025-01-11 18:34:14,887 Next wakeup is due at 2025-01-11 18:34:19.884346+05:00 (in 4.996754 seconds)
2025-01-11 18:34:14,888 Running job "checker (trigger: interval[0:00:05], next run at: 2025-01-11 18:34:19 +05)" (scheduled at 2025-01-11 18:34:14.884346+05:00)
2025-01-11 18:34:14,888 Job "checker (trigger: interval[0:00:05], next run at: 2025-01-11 18:34:19 +05)" executed successfully
2025-01-11 18:34:19,893 Looking for jobs to run
2025-01-11 18:34:19,897 Next wakeup is due at 2025-01-11 18:34:24.884346+05:00 (in 4.987031 seconds)
2025-01-11 18:34:19,898 Running job "checker (trigger: interval[0:00:05], next run at: 2025-01-11 18:34:24 +05)" (scheduled at 2025-01-11 18:34:19.884346+05:00)
2025-01-11 18:34:19,898 Job "checker (trigger: interval[0:00:05], next run at: 2025-01-11 18:34:24 +05)" executed successfully
2025-01-11 18:34:24,890 Looking for jobs to run
2025-01-11 18:34:24,891 Next wakeup is due at 2025-01-11 18:34:29.884346+05:00 (in 4.992488 seconds)
2025-01-11 18:34:24,892 Running job "checker (trigger: interval[0:00:05], next run at: 2025-01-11 18:34:29 +05)" (scheduled at 2025-01-11 18:34:24.884346+05:00)
2025-01-11 18:34:24,892 Job "checker (trigger: interval[0:00:05], next run at: 2025-01-11 18:34:29 +05)" executed successfully
2025-01-11 18:34:29,890 Looking for jobs to run
2025-01-11 18:34:29,891 Next wakeup is due at 2025-01-11 18:34:34.884346+05:00 (in 4.993157 seconds)
2025-01-11 18:34:29,891 Running job "checker (trigger: interval[0:00:05], next run at: 2025-01-11 18:34:34 +05)" (scheduled at 2025-01-11 18:34:29.884346+05:00)
2025-01-11 18:34:29,891 Job "checker (trigger: interval[0:00:05], next run at: 2025-01-11 18:34:34 +05)" executed successfully
2025-01-11 18:34:34,890 Looking for jobs to run
2025-01-11 18:34:34,890 Next wakeup is due at 2025-01-11 18:34:39.884346+05:00 (in 4.993727 seconds)
2025-01-11 18:34:34,890 Running job "checker (trigger: interval[0:00:05], next run at: 2025-01-11 18:34:39 +05)" (scheduled at 2025-01-11 18:34:34.884346+05:00)
2025-01-11 18:34:34,891 Job "checker (trigger: interval[0:00:05], next run at: 2025-01-11 18:34:39 +05)" executed successfully
2025-01-11 18:34:39,889 Looking for jobs to run
2025-01-11 18:34:39,890 Next wakeup is due at 2025-01-11 18:34:44.884346+05:00 (in 4.994273 seconds)
2025-01-11 18:34:39,890 Running job "checker (trigger: interval[0:00:05], next run at: 2025-01-11 18:34:44 +05)" (scheduled at 2025-01-11 18:34:39.884346+05:00)
2025-01-11 18:34:39,890 Job "checker (trigger: interval[0:00:05], next run at: 2025-01-11 18:34:44 +05)" executed successfully
2025-01-11 18:34:44,888 Looking for jobs to run
2025-01-11 18:34:44,889 Next wakeup is due at 2025-01-11 18:34:49.884346+05:00 (in 4.994942 seconds)
2025-01-11 18:34:44,889 Running job "checker (trigger: interval[0:00:05], next run at: 2025-01-11 18:34:49 +05)" (scheduled at 2025-01-11 18:34:44.884346+05:00)
2025-01-11 18:34:44,889 Job "checker (trigger: interval[0:00:05], next run at: 2025-01-11 18:34:49 +05)" executed successfully
2025-01-11 18:34:49,890 Looking for jobs to run
2025-01-11 18:34:49,890 Next wakeup is due at 2025-01-11 18:34:54.884346+05:00 (in 4.993381 seconds)
2025-01-11 18:34:49,891 Running job "checker (trigger: interval[0:00:05], next run at: 2025-01-11 18:34:54 +05)" (scheduled at 2025-01-11 18:34:49.884346+05:00)
2025-01-11 18:34:49,891 Job "checker (trigger: interval[0:00:05], next run at: 2025-01-11 18:34:54 +05)" executed successfully
2025-01-11 18:34:54,895 Looking for jobs to run
2025-01-11 18:34:54,896 Next wakeup is due at 2025-01-11 18:34:59.884346+05:00 (in 4.988206 seconds)
2025-01-11 18:34:54,896 Running job "checker (trigger: interval[0:00:05], next run at: 2025-01-11 18:34:59 +05)" (scheduled at 2025-01-11 18:34:54.884346+05:00)
2025-01-11 18:34:54,896 Job "checker (trigger: interval[0:00:05], next run at: 2025-01-11 18:34:59 +05)" executed successfully
2025-01-11 18:34:59,886 Looking for jobs to run
2025-01-11 18:34:59,887 Next wakeup is due at 2025-01-11 18:35:04.884346+05:00 (in 4.996478 seconds)
2025-01-11 18:34:59,888 Running job "checker (trigger: interval[0:00:05], next run at: 2025-01-11 18:35:04 +05)" (scheduled at 2025-01-11 18:34:59.884346+05:00)
2025-01-11 18:34:59,888 Job "checker (trigger: interval[0:00:05], next run at: 2025-01-11 18:35:04 +05)" executed successfully
2025-01-11 18:35:04,891 Looking for jobs to run
2025-01-11 18:35:04,892 Next wakeup is due at 2025-01-11 18:35:09.884346+05:00 (in 4.992167 seconds)
2025-01-11 18:35:04,892 Running job "checker (trigger: interval[0:00:05], next run at: 2025-01-11 18:35:09 +05)" (scheduled at 2025-01-11 18:35:04.884346+05:00)
2025-01-11 18:35:04,892 Job "checker (trigger: interval[0:00:05], next run at: 2025-01-11 18:35:09 +05)" executed successfully
2025-01-11 18:35:09,888 Looking for jobs to run
2025-01-11 18:35:09,889 Next wakeup is due at 2025-01-11 18:35:14.884346+05:00 (in 4.995154 seconds)
2025-01-11 18:35:09,889 Running job "checker (trigger: interval[0:00:05], next run at: 2025-01-11 18:35:14 +05)" (scheduled at 2025-01-11 18:35:09.884346+05:00)
2025-01-11 18:35:09,889 Job "checker (trigger: interval[0:00:05], next run at: 2025-01-11 18:35:14 +05)" executed successfully
2025-01-11 18:35:14,888 Looking for jobs to run
2025-01-11 18:35:14,888 Next wakeup is due at 2025-01-11 18:35:19.884346+05:00 (in 4.995461 seconds)
2025-01-11 18:35:14,889 Running job "checker (trigger: interval[0:00:05], next run at: 2025-01-11 18:35:19 +05)" (scheduled at 2025-01-11 18:35:14.884346+05:00)
2025-01-11 18:35:14,889 Job "checker (trigger: interval[0:00:05], next run at: 2025-01-11 18:35:19 +05)" executed successfully
2025-01-11 18:35:19,886 Looking for jobs to run
2025-01-11 18:35:19,887 Next wakeup is due at 2025-01-11 18:35:24.884346+05:00 (in 4.997047 seconds)
2025-01-11 18:35:19,887 Running job "checker (trigger: interval[0:00:05], next run at: 2025-01-11 18:35:24 +05)" (scheduled at 2025-01-11 18:35:19.884346+05:00)
2025-01-11 18:35:19,888 Job "checker (trigger: interval[0:00:05], next run at: 2025-01-11 18:35:24 +05)" executed successfully
2025-01-11 18:35:24,887 Looking for jobs to run
2025-01-11 18:35:24,889 Next wakeup is due at 2025-01-11 18:35:29.884346+05:00 (in 4.995343 seconds)
2025-01-11 18:35:24,889 Running job "checker (trigger: interval[0:00:05], next run at: 2025-01-11 18:35:29 +05)" (scheduled at 2025-01-11 18:35:24.884346+05:00)
2025-01-11 18:35:24,889 Job "checker (trigger: interval[0:00:05], next run at: 2025-01-11 18:35:29 +05)" executed successfully
2025-01-11 18:35:29,886 Looking for jobs to run
2025-01-11 18:35:29,887 Next wakeup is due at 2025-01-11 18:35:34.884346+05:00 (in 4.996996 seconds)
2025-01-11 18:35:29,887 Running job "checker (trigger: interval[0:00:05], next run at: 2025-01-11 18:35:34 +05)" (scheduled at 2025-01-11 18:35:29.884346+05:00)
2025-01-11 18:35:29,887 Job "checker (trigger: interval[0:00:05], next run at: 2025-01-11 18:35:34 +05)" executed successfully
2025-01-11 18:35:34,888 Looking for jobs to run
2025-01-11 18:35:34,889 Next wakeup is due at 2025-01-11 18:35:39.884346+05:00 (in 4.995149 seconds)
2025-01-11 18:35:34,889 Running job "checker (trigger: interval[0:00:05], next run at: 2025-01-11 18:35:39 +05)" (scheduled at 2025-01-11 18:35:34.884346+05:00)
2025-01-11 18:35:34,889 Job "checker (trigger: interval[0:00:05], next run at: 2025-01-11 18:35:39 +05)" executed successfully
2025-01-11 18:35:39,887 Looking for jobs to run
2025-01-11 18:35:39,888 Next wakeup is due at 2025-01-11 18:35:44.884346+05:00 (in 4.996286 seconds)
2025-01-11 18:35:39,888 Running job "checker (trigger: interval[0:00:05], next run at: 2025-01-11 18:35:44 +05)" (scheduled at 2025-01-11 18:35:39.884346+05:00)
2025-01-11 18:35:39,888 Job "checker (trigger: interval[0:00:05], next run at: 2025-01-11 18:35:44 +05)" executed successfully
2025-01-11 18:35:44,889 Looking for jobs to run
2025-01-11 18:35:44,889 Next wakeup is due at 2025-01-11 18:35:49.884346+05:00 (in 4.994763 seconds)
2025-01-11 18:35:44,890 Running job "checker (trigger: interval[0:00:05], next run at: 2025-01-11 18:35:49 +05)" (scheduled at 2025-01-11 18:35:44.884346+05:00)
2025-01-11 18:35:44,890 Job "checker (trigger: interval[0:00:05], next run at: 2025-01-11 18:35:49 +05)" executed successfully
2025-01-11 18:35:49,887 Looking for jobs to run
2025-01-11 18:35:49,889 Next wakeup is due at 2025-01-11 18:35:54.884346+05:00 (in 4.994992 seconds)
2025-01-11 18:35:49,889 Running job "checker (trigger: interval[0:00:05], next run at: 2025-01-11 18:35:54 +05)" (scheduled at 2025-01-11 18:35:49.884346+05:00)
2025-01-11 18:35:49,889 Job "checker (trigger: interval[0:00:05], next run at: 2025-01-11 18:35:54 +05)" executed successfully
2025-01-11 18:35:54,888 Looking for jobs to run
2025-01-11 18:35:54,890 Next wakeup is due at 2025-01-11 18:35:59.884346+05:00 (in 4.994284 seconds)
2025-01-11 18:35:54,890 Running job "checker (trigger: interval[0:00:05], next run at: 2025-01-11 18:35:59 +05)" (scheduled at 2025-01-11 18:35:54.884346+05:00)
2025-01-11 18:35:54,890 Job "checker (trigger: interval[0:00:05], next run at: 2025-01-11 18:35:59 +05)" executed successfully
2025-01-11 18:35:59,889 Looking for jobs to run
2025-01-11 18:35:59,890 Next wakeup is due at 2025-01-11 18:36:04.884346+05:00 (in 4.994344 seconds)
2025-01-11 18:35:59,890 Running job "checker (trigger: interval[0:00:05], next run at: 2025-01-11 18:36:04 +05)" (scheduled at 2025-01-11 18:35:59.884346+05:00)
2025-01-11 18:35:59,891 Job "checker (trigger: interval[0:00:05], next run at: 2025-01-11 18:36:04 +05)" executed successfully
2025-01-11 18:36:04,888 Looking for jobs to run
2025-01-11 18:36:04,889 Next wakeup is due at 2025-01-11 18:36:09.884346+05:00 (in 4.995213 seconds)
2025-01-11 18:36:04,889 Running job "checker (trigger: interval[0:00:05], next run at: 2025-01-11 18:36:09 +05)" (scheduled at 2025-01-11 18:36:04.884346+05:00)
2025-01-11 18:36:04,890 Job "checker (trigger: interval[0:00:05], next run at: 2025-01-11 18:36:09 +05)" executed successfully
2025-01-11 18:36:09,889 Looking for jobs to run
2025-01-11 18:36:09,890 Next wakeup is due at 2025-01-11 18:36:14.884346+05:00 (in 4.994003 seconds)
2025-01-11 18:36:09,890 Running job "checker (trigger: interval[0:00:05], next run at: 2025-01-11 18:36:14 +05)" (scheduled at 2025-01-11 18:36:09.884346+05:00)
2025-01-11 18:36:09,890 Job "checker (trigger: interval[0:00:05], next run at: 2025-01-11 18:36:14 +05)" executed successfully
2025-01-11 18:36:14,888 Looking for jobs to run
2025-01-11 18:36:14,888 Next wakeup is due at 2025-01-11 18:36:19.884346+05:00 (in 4.995392 seconds)
2025-01-11 18:36:14,889 Running job "checker (trigger: interval[0:00:05], next run at: 2025-01-11 18:36:19 +05)" (scheduled at 2025-01-11 18:36:14.884346+05:00)
2025-01-11 18:36:14,889 Job "checker (trigger: interval[0:00:05], next run at: 2025-01-11 18:36:19 +05)" executed successfully
2025-01-11 18:36:19,888 Looking for jobs to run
2025-01-11 18:36:19,889 Next wakeup is due at 2025-01-11 18:36:24.884346+05:00 (in 4.995097 seconds)
2025-01-11 18:36:19,889 Running job "checker (trigger: interval[0:00:05], next run at: 2025-01-11 18:36:24 +05)" (scheduled at 2025-01-11 18:36:19.884346+05:00)
2025-01-11 18:36:19,889 Job "checker (trigger: interval[0:00:05], next run at: 2025-01-11 18:36:24 +05)" executed successfully
2025-01-11 18:36:24,889 Looking for jobs to run
2025-01-11 18:36:24,890 Next wakeup is due at 2025-01-11 18:36:29.884346+05:00 (in 4.993694 seconds)
2025-01-11 18:36:24,890 Running job "checker (trigger: interval[0:00:05], next run at: 2025-01-11 18:36:29 +05)" (scheduled at 2025-01-11 18:36:24.884346+05:00)
2025-01-11 18:36:24,891 Job "checker (trigger: interval[0:00:05], next run at: 2025-01-11 18:36:29 +05)" executed successfully
2025-01-11 18:36:29,888 Looking for jobs to run
2025-01-11 18:36:29,889 Next wakeup is due at 2025-01-11 18:36:34.884346+05:00 (in 4.994723 seconds)
2025-01-11 18:36:29,889 Running job "checker (trigger: interval[0:00:05], next run at: 2025-01-11 18:36:34 +05)" (scheduled at 2025-01-11 18:36:29.884346+05:00)
2025-01-11 18:36:29,890 Job "checker (trigger: interval[0:00:05], next run at: 2025-01-11 18:36:34 +05)" executed successfully
2025-01-11 18:36:34,887 Looking for jobs to run
2025-01-11 18:36:34,888 Next wakeup is due at 2025-01-11 18:36:39.884346+05:00 (in 4.996032 seconds)
2025-01-11 18:36:34,888 Running job "checker (trigger: interval[0:00:05], next run at: 2025-01-11 18:36:39 +05)" (scheduled at 2025-01-11 18:36:34.884346+05:00)
2025-01-11 18:36:34,888 Job "checker (trigger: interval[0:00:05], next run at: 2025-01-11 18:36:39 +05)" executed successfully
2025-01-11 18:36:39,886 Looking for jobs to run
2025-01-11 18:36:39,887 Next wakeup is due at 2025-01-11 18:36:44.884346+05:00 (in 4.996967 seconds)
2025-01-11 18:36:39,887 Running job "checker (trigger: interval[0:00:05], next run at: 2025-01-11 18:36:44 +05)" (scheduled at 2025-01-11 18:36:39.884346+05:00)
2025-01-11 18:36:39,887 Job "checker (trigger: interval[0:00:05], next run at: 2025-01-11 18:36:44 +05)" executed successfully
2025-01-11 18:36:44,890 Looking for jobs to run
2025-01-11 18:36:44,890 Next wakeup is due at 2025-01-11 18:36:49.884346+05:00 (in 4.993439 seconds)
2025-01-11 18:36:44,891 Running job "checker (trigger: interval[0:00:05], next run at: 2025-01-11 18:36:49 +05)" (scheduled at 2025-01-11 18:36:44.884346+05:00)
2025-01-11 18:36:44,891 Job "checker (trigger: interval[0:00:05], next run at: 2025-01-11 18:36:49 +05)" executed successfully
2025-01-11 18:36:49,890 Looking for jobs to run
2025-01-11 18:36:49,891 Next wakeup is due at 2025-01-11 18:36:54.884346+05:00 (in 4.993354 seconds)
2025-01-11 18:36:49,891 Running job "checker (trigger: interval[0:00:05], next run at: 2025-01-11 18:36:54 +05)" (scheduled at 2025-01-11 18:36:49.884346+05:00)
2025-01-11 18:36:49,892 Job "checker (trigger: interval[0:00:05], next run at: 2025-01-11 18:36:54 +05)" executed successfully
2025-01-11 18:36:50,979 Infinity polling: polling exited
2025-01-11 18:36:50,987 Break infinity polling
