2025-01-06 17:29:33,303 Adding job tentatively -- it will be properly scheduled when the scheduler starts
2025-01-06 17:29:33,305 Added job "checker" to job store "default"
2025-01-06 17:29:33,305 Scheduler started
2025-01-06 17:29:33,311 Looking for jobs to run
2025-01-06 17:29:33,311 Next wakeup is due at 2025-01-06 17:29:38.303745+05:00 (in 4.992370 seconds)
2025-01-06 17:29:38,266 executing <function connect.<locals>.connector at 0x7f56fe8187c0>
2025-01-06 17:29:38,272 operation <function connect.<locals>.connector at 0x7f56fe8187c0> completed
2025-01-06 17:29:38,272 executing functools.partial(<built-in method execute of sqlite3.Connection object at 0x7f56fe9f5e40>, 'SELECT topic_id FROM users WHERE chat_id = ?', (5434361630,))
2025-01-06 17:29:38,274 operation functools.partial(<built-in method execute of sqlite3.Connection object at 0x7f56fe9f5e40>, 'SELECT topic_id FROM users WHERE chat_id = ?', (5434361630,)) completed
2025-01-06 17:29:38,275 executing functools.partial(<built-in method fetchone of sqlite3.Cursor object at 0x7f56fe7b92c0>)
2025-01-06 17:29:38,275 operation functools.partial(<built-in method fetchone of sqlite3.Cursor object at 0x7f56fe7b92c0>) completed
2025-01-06 17:29:38,275 executing functools.partial(<built-in method close of sqlite3.Cursor object at 0x7f56fe7b92c0>)
2025-01-06 17:29:38,275 operation functools.partial(<built-in method close of sqlite3.Cursor object at 0x7f56fe7b92c0>) completed
2025-01-06 17:29:38,276 executing <function connect.<locals>.connector at 0x7f56fe819d00>
2025-01-06 17:29:38,276 operation <function connect.<locals>.connector at 0x7f56fe819d00> completed
2025-01-06 17:29:38,276 executing functools.partial(<built-in method execute of sqlite3.Connection object at 0x7f56fe9f6200>, 'PRAGMA foreign_keys = ON', [])
2025-01-06 17:29:38,276 operation functools.partial(<built-in method execute of sqlite3.Connection object at 0x7f56fe9f6200>, 'PRAGMA foreign_keys = ON', []) completed
2025-01-06 17:29:38,276 executing functools.partial(<built-in method execute of sqlite3.Connection object at 0x7f56fe9f6200>, '\n            CREATE TABLE IF NOT EXISTS users (\n                chat_id INTEGER,\n                topic_id INTEGER,\n                user_name TEXT,\n                PRIMARY KEY (chat_id, topic_id)\n            )\n        ', [])
2025-01-06 17:29:38,277 operation functools.partial(<built-in method execute of sqlite3.Connection object at 0x7f56fe9f6200>, '\n            CREATE TABLE IF NOT EXISTS users (\n                chat_id INTEGER,\n                topic_id INTEGER,\n                user_name TEXT,\n                PRIMARY KEY (chat_id, topic_id)\n            )\n        ', []) completed
2025-01-06 17:29:38,277 executing functools.partial(<built-in method execute of sqlite3.Connection object at 0x7f56fe9f6200>, '\n            CREATE TABLE IF NOT EXISTS group_messages (\n                topic_id INTEGER,\n                message_id INTEGER,\n                local_id INTEGER,\n                PRIMARY KEY (topic_id, local_id)\n            )\n        ', [])
2025-01-06 17:29:38,277 operation functools.partial(<built-in method execute of sqlite3.Connection object at 0x7f56fe9f6200>, '\n            CREATE TABLE IF NOT EXISTS group_messages (\n                topic_id INTEGER,\n                message_id INTEGER,\n                local_id INTEGER,\n                PRIMARY KEY (topic_id, local_id)\n            )\n        ', []) completed
2025-01-06 17:29:38,277 executing functools.partial(<built-in method execute of sqlite3.Connection object at 0x7f56fe9f6200>, '\n            CREATE TABLE IF NOT EXISTS private_messages (\n                chat_id INTEGER,\n                message_id INTEGER,\n                local_id INTEGER,\n                PRIMARY KEY (chat_id, local_id)\n            )\n        ', [])
2025-01-06 17:29:38,277 operation functools.partial(<built-in method execute of sqlite3.Connection object at 0x7f56fe9f6200>, '\n            CREATE TABLE IF NOT EXISTS private_messages (\n                chat_id INTEGER,\n                message_id INTEGER,\n                local_id INTEGER,\n                PRIMARY KEY (chat_id, local_id)\n            )\n        ', []) completed
2025-01-06 17:29:38,278 executing functools.partial(<built-in method commit of sqlite3.Connection object at 0x7f56fe9f6200>)
2025-01-06 17:29:38,278 operation functools.partial(<built-in method commit of sqlite3.Connection object at 0x7f56fe9f6200>) completed
2025-01-06 17:29:38,278 executing functools.partial(<built-in method execute of sqlite3.Connection object at 0x7f56fe9f6200>, 'SELECT topic_id FROM users WHERE chat_id = ? AND user_name = ?', (5434361630, 'yadgenn'))
2025-01-06 17:29:38,278 operation functools.partial(<built-in method execute of sqlite3.Connection object at 0x7f56fe9f6200>, 'SELECT topic_id FROM users WHERE chat_id = ? AND user_name = ?', (5434361630, 'yadgenn')) completed
2025-01-06 17:29:38,278 executing functools.partial(<built-in method fetchone of sqlite3.Cursor object at 0x7f56febbc340>)
2025-01-06 17:29:38,279 operation functools.partial(<built-in method fetchone of sqlite3.Cursor object at 0x7f56febbc340>) completed
2025-01-06 17:29:38,279 executing functools.partial(<built-in method close of sqlite3.Cursor object at 0x7f56febbc340>)
2025-01-06 17:29:38,279 operation functools.partial(<built-in method close of sqlite3.Cursor object at 0x7f56febbc340>) completed
2025-01-06 17:29:38,279 executing functools.partial(<built-in method execute of sqlite3.Connection object at 0x7f56fe9f6200>, 'SELECT chat_id, topic_id, user_name FROM users', [])
2025-01-06 17:29:38,279 operation functools.partial(<built-in method execute of sqlite3.Connection object at 0x7f56fe9f6200>, 'SELECT chat_id, topic_id, user_name FROM users', []) completed
2025-01-06 17:29:38,279 executing functools.partial(<built-in method fetchall of sqlite3.Cursor object at 0x7f56febbc340>)
2025-01-06 17:29:38,279 operation functools.partial(<built-in method fetchall of sqlite3.Cursor object at 0x7f56febbc340>) completed
2025-01-06 17:29:38,279 executing functools.partial(<built-in method close of sqlite3.Cursor object at 0x7f56febbc340>)
2025-01-06 17:29:38,279 operation functools.partial(<built-in method close of sqlite3.Cursor object at 0x7f56febbc340>) completed
2025-01-06 17:29:38,304 Looking for jobs to run
2025-01-06 17:29:38,305 Next wakeup is due at 2025-01-06 17:29:43.303745+05:00 (in 4.998196 seconds)
2025-01-06 17:29:38,305 Running job "checker (trigger: interval[0:00:05], next run at: 2025-01-06 17:29:43 +05)" (scheduled at 2025-01-06 17:29:38.303745+05:00)
2025-01-06 17:29:38,306 Job "checker (trigger: interval[0:00:05], next run at: 2025-01-06 17:29:43 +05)" executed successfully
2025-01-06 17:29:43,309 Looking for jobs to run
2025-01-06 17:29:43,310 Next wakeup is due at 2025-01-06 17:29:48.303745+05:00 (in 4.993658 seconds)
2025-01-06 17:29:43,310 Running job "checker (trigger: interval[0:00:05], next run at: 2025-01-06 17:29:48 +05)" (scheduled at 2025-01-06 17:29:43.303745+05:00)
2025-01-06 17:29:43,310 Job "checker (trigger: interval[0:00:05], next run at: 2025-01-06 17:29:48 +05)" executed successfully
2025-01-06 17:29:48,308 Looking for jobs to run
2025-01-06 17:29:48,308 Next wakeup is due at 2025-01-06 17:29:53.303745+05:00 (in 4.994885 seconds)
2025-01-06 17:29:48,309 Running job "checker (trigger: interval[0:00:05], next run at: 2025-01-06 17:29:53 +05)" (scheduled at 2025-01-06 17:29:48.303745+05:00)
2025-01-06 17:29:48,309 Job "checker (trigger: interval[0:00:05], next run at: 2025-01-06 17:29:53 +05)" executed successfully
2025-01-06 17:29:53,308 Looking for jobs to run
2025-01-06 17:29:53,309 Next wakeup is due at 2025-01-06 17:29:58.303745+05:00 (in 4.993999 seconds)
2025-01-06 17:29:53,310 Running job "checker (trigger: interval[0:00:05], next run at: 2025-01-06 17:29:58 +05)" (scheduled at 2025-01-06 17:29:53.303745+05:00)
2025-01-06 17:29:53,310 Job "checker (trigger: interval[0:00:05], next run at: 2025-01-06 17:29:58 +05)" executed successfully
2025-01-06 17:29:58,311 Looking for jobs to run
2025-01-06 17:29:58,311 Next wakeup is due at 2025-01-06 17:30:03.303745+05:00 (in 4.991880 seconds)
2025-01-06 17:29:58,312 Running job "checker (trigger: interval[0:00:05], next run at: 2025-01-06 17:30:03 +05)" (scheduled at 2025-01-06 17:29:58.303745+05:00)
2025-01-06 17:29:58,312 Job "checker (trigger: interval[0:00:05], next run at: 2025-01-06 17:30:03 +05)" executed successfully
2025-01-06 17:30:03,308 Looking for jobs to run
2025-01-06 17:30:03,308 Next wakeup is due at 2025-01-06 17:30:08.303745+05:00 (in 4.994871 seconds)
2025-01-06 17:30:03,309 Running job "checker (trigger: interval[0:00:05], next run at: 2025-01-06 17:30:08 +05)" (scheduled at 2025-01-06 17:30:03.303745+05:00)
2025-01-06 17:30:03,309 Job "checker (trigger: interval[0:00:05], next run at: 2025-01-06 17:30:08 +05)" executed successfully
2025-01-06 17:30:08,307 Looking for jobs to run
2025-01-06 17:30:08,308 Next wakeup is due at 2025-01-06 17:30:13.303745+05:00 (in 4.995160 seconds)
2025-01-06 17:30:08,308 Running job "checker (trigger: interval[0:00:05], next run at: 2025-01-06 17:30:13 +05)" (scheduled at 2025-01-06 17:30:08.303745+05:00)
2025-01-06 17:30:08,309 Job "checker (trigger: interval[0:00:05], next run at: 2025-01-06 17:30:13 +05)" executed successfully
2025-01-06 17:30:13,309 Looking for jobs to run
2025-01-06 17:30:13,309 Next wakeup is due at 2025-01-06 17:30:18.303745+05:00 (in 4.994092 seconds)
2025-01-06 17:30:13,309 Running job "checker (trigger: interval[0:00:05], next run at: 2025-01-06 17:30:18 +05)" (scheduled at 2025-01-06 17:30:13.303745+05:00)
2025-01-06 17:30:13,309 Job "checker (trigger: interval[0:00:05], next run at: 2025-01-06 17:30:18 +05)" executed successfully
2025-01-06 17:30:18,308 Looking for jobs to run
2025-01-06 17:30:18,308 Next wakeup is due at 2025-01-06 17:30:23.303745+05:00 (in 4.994925 seconds)
2025-01-06 17:30:18,308 Running job "checker (trigger: interval[0:00:05], next run at: 2025-01-06 17:30:23 +05)" (scheduled at 2025-01-06 17:30:18.303745+05:00)
2025-01-06 17:30:18,309 Job "checker (trigger: interval[0:00:05], next run at: 2025-01-06 17:30:23 +05)" executed successfully
2025-01-06 17:30:23,308 Looking for jobs to run
2025-01-06 17:30:23,308 Next wakeup is due at 2025-01-06 17:30:28.303745+05:00 (in 4.994777 seconds)
2025-01-06 17:30:23,309 Running job "checker (trigger: interval[0:00:05], next run at: 2025-01-06 17:30:28 +05)" (scheduled at 2025-01-06 17:30:23.303745+05:00)
2025-01-06 17:30:23,309 Job "checker (trigger: interval[0:00:05], next run at: 2025-01-06 17:30:28 +05)" executed successfully
2025-01-06 17:30:24,385 Infinity polling: polling exited
2025-01-06 17:30:24,387 Break infinity polling
