2025-01-10 21:14:30,866 Adding job tentatively -- it will be properly scheduled when the scheduler starts
2025-01-10 21:14:30,868 Added job "checker" to job store "default"
2025-01-10 21:14:30,868 Scheduler started
2025-01-10 21:14:30,878 Looking for jobs to run
2025-01-10 21:14:30,879 Next wakeup is due at 2025-01-10 21:14:35.865943+05:00 (in 4.986781 seconds)
2025-01-10 21:14:35,867 Looking for jobs to run
2025-01-10 21:14:35,868 Next wakeup is due at 2025-01-10 21:14:40.865943+05:00 (in 4.997780 seconds)
2025-01-10 21:14:35,868 Running job "checker (trigger: interval[0:00:05], next run at: 2025-01-10 21:14:40 +05)" (scheduled at 2025-01-10 21:14:35.865943+05:00)
2025-01-10 21:14:35,868 Job "checker (trigger: interval[0:00:05], next run at: 2025-01-10 21:14:40 +05)" executed successfully
2025-01-10 21:14:40,871 Looking for jobs to run
2025-01-10 21:14:40,872 Next wakeup is due at 2025-01-10 21:14:45.865943+05:00 (in 4.993893 seconds)
2025-01-10 21:14:40,872 Running job "checker (trigger: interval[0:00:05], next run at: 2025-01-10 21:14:45 +05)" (scheduled at 2025-01-10 21:14:40.865943+05:00)
2025-01-10 21:14:40,872 Job "checker (trigger: interval[0:00:05], next run at: 2025-01-10 21:14:45 +05)" executed successfully
2025-01-10 21:14:45,871 Looking for jobs to run
2025-01-10 21:14:45,871 Next wakeup is due at 2025-01-10 21:14:50.865943+05:00 (in 4.994353 seconds)
2025-01-10 21:14:45,871 Running job "checker (trigger: interval[0:00:05], next run at: 2025-01-10 21:14:50 +05)" (scheduled at 2025-01-10 21:14:45.865943+05:00)
2025-01-10 21:14:45,871 Job "checker (trigger: interval[0:00:05], next run at: 2025-01-10 21:14:50 +05)" executed successfully
2025-01-10 21:14:46,203 executing <function connect.<locals>.connector at 0x7faac0445da0>
2025-01-10 21:14:46,207 operation <function connect.<locals>.connector at 0x7faac0445da0> completed
2025-01-10 21:14:46,207 executing functools.partial(<built-in method execute of sqlite3.Connection object at 0x7faac0629e40>, 'PRAGMA foreign_keys = ON', [])
2025-01-10 21:14:46,210 operation functools.partial(<built-in method execute of sqlite3.Connection object at 0x7faac0629e40>, 'PRAGMA foreign_keys = ON', []) completed
2025-01-10 21:14:46,210 executing functools.partial(<built-in method execute of sqlite3.Connection object at 0x7faac0629e40>, '\n            CREATE TABLE IF NOT EXISTS users (\n                chat_id INTEGER,\n                topic_id INTEGER,\n                user_name TEXT,\n                PRIMARY KEY (chat_id, topic_id)\n            )\n        ', [])
2025-01-10 21:14:46,211 operation functools.partial(<built-in method execute of sqlite3.Connection object at 0x7faac0629e40>, '\n            CREATE TABLE IF NOT EXISTS users (\n                chat_id INTEGER,\n                topic_id INTEGER,\n                user_name TEXT,\n                PRIMARY KEY (chat_id, topic_id)\n            )\n        ', []) completed
2025-01-10 21:14:46,212 executing functools.partial(<built-in method execute of sqlite3.Connection object at 0x7faac0629e40>, '\n            CREATE TABLE IF NOT EXISTS group_messages (\n                topic_id INTEGER,\n                message_id INTEGER,\n                local_id INTEGER,\n                PRIMARY KEY (topic_id, local_id)\n            )\n        ', [])
2025-01-10 21:14:46,212 operation functools.partial(<built-in method execute of sqlite3.Connection object at 0x7faac0629e40>, '\n            CREATE TABLE IF NOT EXISTS group_messages (\n                topic_id INTEGER,\n                message_id INTEGER,\n                local_id INTEGER,\n                PRIMARY KEY (topic_id, local_id)\n            )\n        ', []) completed
2025-01-10 21:14:46,212 executing functools.partial(<built-in method execute of sqlite3.Connection object at 0x7faac0629e40>, '\n            CREATE TABLE IF NOT EXISTS private_messages (\n                chat_id INTEGER,\n                message_id INTEGER,\n                local_id INTEGER,\n                PRIMARY KEY (chat_id, local_id)\n            )\n        ', [])
2025-01-10 21:14:46,212 operation functools.partial(<built-in method execute of sqlite3.Connection object at 0x7faac0629e40>, '\n            CREATE TABLE IF NOT EXISTS private_messages (\n                chat_id INTEGER,\n                message_id INTEGER,\n                local_id INTEGER,\n                PRIMARY KEY (chat_id, local_id)\n            )\n        ', []) completed
2025-01-10 21:14:46,212 executing functools.partial(<built-in method execute of sqlite3.Connection object at 0x7faac0629e40>, '\n            CREATE TABLE IF NOT EXISTS message_reactions (\n                chat_id INTEGER,\n                message_id INTEGER,\n                user_id INTEGER,\n                reaction TEXT,\n                PRIMARY KEY (chat_id, message_id, user_id)\n            )\n        ', [])
2025-01-10 21:14:46,213 operation functools.partial(<built-in method execute of sqlite3.Connection object at 0x7faac0629e40>, '\n            CREATE TABLE IF NOT EXISTS message_reactions (\n                chat_id INTEGER,\n                message_id INTEGER,\n                user_id INTEGER,\n                reaction TEXT,\n                PRIMARY KEY (chat_id, message_id, user_id)\n            )\n        ', []) completed
2025-01-10 21:14:46,213 executing functools.partial(<built-in method commit of sqlite3.Connection object at 0x7faac0629e40>)
2025-01-10 21:14:46,213 operation functools.partial(<built-in method commit of sqlite3.Connection object at 0x7faac0629e40>) completed
2025-01-10 21:14:46,213 executing functools.partial(<built-in method execute of sqlite3.Connection object at 0x7faac0629e40>, 'SELECT topic_id FROM users WHERE chat_id = ?', (5434361630,))
2025-01-10 21:14:46,213 operation functools.partial(<built-in method execute of sqlite3.Connection object at 0x7faac0629e40>, 'SELECT topic_id FROM users WHERE chat_id = ?', (5434361630,)) completed
2025-01-10 21:14:46,213 executing functools.partial(<built-in method fetchone of sqlite3.Cursor object at 0x7faac03e55c0>)
2025-01-10 21:14:46,213 operation functools.partial(<built-in method fetchone of sqlite3.Cursor object at 0x7faac03e55c0>) completed
2025-01-10 21:14:46,213 executing functools.partial(<built-in method close of sqlite3.Cursor object at 0x7faac03e55c0>)
2025-01-10 21:14:46,213 operation functools.partial(<built-in method close of sqlite3.Cursor object at 0x7faac03e55c0>) completed
2025-01-10 21:14:46,214 executing <function connect.<locals>.connector at 0x7faac0444a40>
2025-01-10 21:14:46,214 operation <function connect.<locals>.connector at 0x7faac0444a40> completed
2025-01-10 21:14:46,215 executing functools.partial(<built-in method execute of sqlite3.Connection object at 0x7faac062a110>, 'PRAGMA foreign_keys = ON', [])
2025-01-10 21:14:46,215 operation functools.partial(<built-in method execute of sqlite3.Connection object at 0x7faac062a110>, 'PRAGMA foreign_keys = ON', []) completed
2025-01-10 21:14:46,215 executing functools.partial(<built-in method execute of sqlite3.Connection object at 0x7faac062a110>, '\n            CREATE TABLE IF NOT EXISTS users (\n                chat_id INTEGER,\n                topic_id INTEGER,\n                user_name TEXT,\n                PRIMARY KEY (chat_id, topic_id)\n            )\n        ', [])
2025-01-10 21:14:46,215 operation functools.partial(<built-in method execute of sqlite3.Connection object at 0x7faac062a110>, '\n            CREATE TABLE IF NOT EXISTS users (\n                chat_id INTEGER,\n                topic_id INTEGER,\n                user_name TEXT,\n                PRIMARY KEY (chat_id, topic_id)\n            )\n        ', []) completed
2025-01-10 21:14:46,216 executing functools.partial(<built-in method execute of sqlite3.Connection object at 0x7faac062a110>, '\n            CREATE TABLE IF NOT EXISTS group_messages (\n                topic_id INTEGER,\n                message_id INTEGER,\n                local_id INTEGER,\n                PRIMARY KEY (topic_id, local_id)\n            )\n        ', [])
2025-01-10 21:14:46,216 operation functools.partial(<built-in method execute of sqlite3.Connection object at 0x7faac062a110>, '\n            CREATE TABLE IF NOT EXISTS group_messages (\n                topic_id INTEGER,\n                message_id INTEGER,\n                local_id INTEGER,\n                PRIMARY KEY (topic_id, local_id)\n            )\n        ', []) completed
2025-01-10 21:14:46,216 executing functools.partial(<built-in method execute of sqlite3.Connection object at 0x7faac062a110>, '\n            CREATE TABLE IF NOT EXISTS private_messages (\n                chat_id INTEGER,\n                message_id INTEGER,\n                local_id INTEGER,\n                PRIMARY KEY (chat_id, local_id)\n            )\n        ', [])
2025-01-10 21:14:46,217 operation functools.partial(<built-in method execute of sqlite3.Connection object at 0x7faac062a110>, '\n            CREATE TABLE IF NOT EXISTS private_messages (\n                chat_id INTEGER,\n                message_id INTEGER,\n                local_id INTEGER,\n                PRIMARY KEY (chat_id, local_id)\n            )\n        ', []) completed
2025-01-10 21:14:46,217 executing functools.partial(<built-in method commit of sqlite3.Connection object at 0x7faac062a110>)
2025-01-10 21:14:46,217 operation functools.partial(<built-in method commit of sqlite3.Connection object at 0x7faac062a110>) completed
2025-01-10 21:14:46,218 executing functools.partial(<built-in method execute of sqlite3.Connection object at 0x7faac062a110>, 'SELECT topic_id FROM users WHERE chat_id = ? AND user_name = ?', (5434361630, 'yadgenn'))
2025-01-10 21:14:46,218 operation functools.partial(<built-in method execute of sqlite3.Connection object at 0x7faac062a110>, 'SELECT topic_id FROM users WHERE chat_id = ? AND user_name = ?', (5434361630, 'yadgenn')) completed
2025-01-10 21:14:46,218 executing functools.partial(<built-in method fetchone of sqlite3.Cursor object at 0x7faac0800340>)
2025-01-10 21:14:46,219 operation functools.partial(<built-in method fetchone of sqlite3.Cursor object at 0x7faac0800340>) completed
2025-01-10 21:14:46,219 executing functools.partial(<built-in method close of sqlite3.Cursor object at 0x7faac0800340>)
2025-01-10 21:14:46,219 operation functools.partial(<built-in method close of sqlite3.Cursor object at 0x7faac0800340>) completed
2025-01-10 21:14:47,086 executing functools.partial(<built-in method execute of sqlite3.Connection object at 0x7faac062a110>, 'SELECT topic_id FROM users WHERE chat_id = ?', (5434361630,))
2025-01-10 21:14:47,086 operation functools.partial(<built-in method execute of sqlite3.Connection object at 0x7faac062a110>, 'SELECT topic_id FROM users WHERE chat_id = ?', (5434361630,)) completed
2025-01-10 21:14:47,087 executing functools.partial(<built-in method fetchone of sqlite3.Cursor object at 0x7faac0800340>)
2025-01-10 21:14:47,087 operation functools.partial(<built-in method fetchone of sqlite3.Cursor object at 0x7faac0800340>) completed
2025-01-10 21:14:47,087 executing functools.partial(<built-in method close of sqlite3.Cursor object at 0x7faac0800340>)
2025-01-10 21:14:47,087 operation functools.partial(<built-in method close of sqlite3.Cursor object at 0x7faac0800340>) completed
2025-01-10 21:14:47,087 executing functools.partial(<built-in method execute of sqlite3.Connection object at 0x7faac062a110>, 'SELECT MAX(local_id) FROM group_messages WHERE topic_id = ?', (1488,))
2025-01-10 21:14:47,087 operation functools.partial(<built-in method execute of sqlite3.Connection object at 0x7faac062a110>, 'SELECT MAX(local_id) FROM group_messages WHERE topic_id = ?', (1488,)) completed
2025-01-10 21:14:47,088 executing functools.partial(<built-in method fetchone of sqlite3.Cursor object at 0x7faac0800340>)
2025-01-10 21:14:47,088 operation functools.partial(<built-in method fetchone of sqlite3.Cursor object at 0x7faac0800340>) completed
2025-01-10 21:14:47,088 executing functools.partial(<built-in method close of sqlite3.Cursor object at 0x7faac0800340>)
2025-01-10 21:14:47,088 operation functools.partial(<built-in method close of sqlite3.Cursor object at 0x7faac0800340>) completed
2025-01-10 21:14:47,088 executing functools.partial(<built-in method execute of sqlite3.Connection object at 0x7faac062a110>, '\n                    INSERT INTO group_messages (topic_id, message_id, local_id)\n                    VALUES (?, ?, ?)\n                ', (1488, 1537, 27))
2025-01-10 21:14:47,088 operation functools.partial(<built-in method execute of sqlite3.Connection object at 0x7faac062a110>, '\n                    INSERT INTO group_messages (topic_id, message_id, local_id)\n                    VALUES (?, ?, ?)\n                ', (1488, 1537, 27)) completed
2025-01-10 21:14:47,088 executing functools.partial(<built-in method execute of sqlite3.Connection object at 0x7faac062a110>, 'SELECT MAX(local_id) FROM private_messages WHERE chat_id = ?', (5434361630,))
2025-01-10 21:14:47,089 operation functools.partial(<built-in method execute of sqlite3.Connection object at 0x7faac062a110>, 'SELECT MAX(local_id) FROM private_messages WHERE chat_id = ?', (5434361630,)) completed
2025-01-10 21:14:47,089 executing functools.partial(<built-in method fetchone of sqlite3.Cursor object at 0x7faac03da1c0>)
2025-01-10 21:14:47,089 operation functools.partial(<built-in method fetchone of sqlite3.Cursor object at 0x7faac03da1c0>) completed
2025-01-10 21:14:47,089 executing functools.partial(<built-in method close of sqlite3.Cursor object at 0x7faac03da1c0>)
2025-01-10 21:14:47,090 operation functools.partial(<built-in method close of sqlite3.Cursor object at 0x7faac03da1c0>) completed
2025-01-10 21:14:47,090 executing functools.partial(<built-in method execute of sqlite3.Connection object at 0x7faac062a110>, '\n                    INSERT INTO private_messages (chat_id, message_id, local_id)\n                    VALUES (?, ?, ?)\n                ', (5434361630, 23433, 27))
2025-01-10 21:14:47,090 operation functools.partial(<built-in method execute of sqlite3.Connection object at 0x7faac062a110>, '\n                    INSERT INTO private_messages (chat_id, message_id, local_id)\n                    VALUES (?, ?, ?)\n                ', (5434361630, 23433, 27)) completed
2025-01-10 21:14:47,090 executing functools.partial(<built-in method commit of sqlite3.Connection object at 0x7faac062a110>)
2025-01-10 21:14:47,094 operation functools.partial(<built-in method commit of sqlite3.Connection object at 0x7faac062a110>) completed
2025-01-10 21:14:50,867 Looking for jobs to run
2025-01-10 21:14:50,867 Next wakeup is due at 2025-01-10 21:14:55.865943+05:00 (in 4.998503 seconds)
2025-01-10 21:14:50,867 Running job "checker (trigger: interval[0:00:05], next run at: 2025-01-10 21:14:55 +05)" (scheduled at 2025-01-10 21:14:50.865943+05:00)
2025-01-10 21:14:50,867 Job "checker (trigger: interval[0:00:05], next run at: 2025-01-10 21:14:55 +05)" executed successfully
2025-01-10 21:14:55,872 Looking for jobs to run
2025-01-10 21:14:55,874 Next wakeup is due at 2025-01-10 21:15:00.865943+05:00 (in 4.991585 seconds)
2025-01-10 21:14:55,874 Running job "checker (trigger: interval[0:00:05], next run at: 2025-01-10 21:15:00 +05)" (scheduled at 2025-01-10 21:14:55.865943+05:00)
2025-01-10 21:14:55,874 Job "checker (trigger: interval[0:00:05], next run at: 2025-01-10 21:15:00 +05)" executed successfully
2025-01-10 21:15:00,872 Looking for jobs to run
2025-01-10 21:15:00,872 Next wakeup is due at 2025-01-10 21:15:05.865943+05:00 (in 4.993168 seconds)
2025-01-10 21:15:00,872 Running job "checker (trigger: interval[0:00:05], next run at: 2025-01-10 21:15:05 +05)" (scheduled at 2025-01-10 21:15:00.865943+05:00)
2025-01-10 21:15:00,873 Job "checker (trigger: interval[0:00:05], next run at: 2025-01-10 21:15:05 +05)" executed successfully
2025-01-10 21:15:05,867 Looking for jobs to run
2025-01-10 21:15:05,867 Next wakeup is due at 2025-01-10 21:15:10.865943+05:00 (in 4.998165 seconds)
2025-01-10 21:15:05,867 Running job "checker (trigger: interval[0:00:05], next run at: 2025-01-10 21:15:10 +05)" (scheduled at 2025-01-10 21:15:05.865943+05:00)
2025-01-10 21:15:05,868 Job "checker (trigger: interval[0:00:05], next run at: 2025-01-10 21:15:10 +05)" executed successfully
2025-01-10 21:15:10,867 Looking for jobs to run
2025-01-10 21:15:10,867 Next wakeup is due at 2025-01-10 21:15:15.865943+05:00 (in 4.998308 seconds)
2025-01-10 21:15:10,867 Running job "checker (trigger: interval[0:00:05], next run at: 2025-01-10 21:15:15 +05)" (scheduled at 2025-01-10 21:15:10.865943+05:00)
2025-01-10 21:15:10,867 Job "checker (trigger: interval[0:00:05], next run at: 2025-01-10 21:15:15 +05)" executed successfully
2025-01-10 21:15:15,871 Looking for jobs to run
2025-01-10 21:15:15,875 Next wakeup is due at 2025-01-10 21:15:20.865943+05:00 (in 4.990747 seconds)
2025-01-10 21:15:15,875 Running job "checker (trigger: interval[0:00:05], next run at: 2025-01-10 21:15:20 +05)" (scheduled at 2025-01-10 21:15:15.865943+05:00)
2025-01-10 21:15:15,875 Job "checker (trigger: interval[0:00:05], next run at: 2025-01-10 21:15:20 +05)" executed successfully
2025-01-10 21:15:19,242 Infinity polling: polling exited
2025-01-10 21:15:19,252 Break infinity polling
