2025-01-06 15:08:34,156 Adding job tentatively -- it will be properly scheduled when the scheduler starts
2025-01-06 15:08:34,161 Added job "checker" to job store "default"
2025-01-06 15:08:34,163 Scheduler started
2025-01-06 15:08:34,195 Looking for jobs to run
2025-01-06 15:08:34,195 Next wakeup is due at 2025-01-06 15:08:39.156257+05:00 (in 4.960615 seconds)
2025-01-06 15:08:39,158 Looking for jobs to run
2025-01-06 15:08:39,159 Next wakeup is due at 2025-01-06 15:08:44.156257+05:00 (in 4.996634 seconds)
2025-01-06 15:08:39,160 Running job "checker (trigger: interval[0:00:05], next run at: 2025-01-06 15:08:44 +05)" (scheduled at 2025-01-06 15:08:39.156257+05:00)
2025-01-06 15:08:39,160 Job "checker (trigger: interval[0:00:05], next run at: 2025-01-06 15:08:44 +05)" executed successfully
2025-01-06 15:08:44,160 Looking for jobs to run
2025-01-06 15:08:44,161 Next wakeup is due at 2025-01-06 15:08:49.156257+05:00 (in 4.995118 seconds)
2025-01-06 15:08:44,161 Running job "checker (trigger: interval[0:00:05], next run at: 2025-01-06 15:08:49 +05)" (scheduled at 2025-01-06 15:08:44.156257+05:00)
2025-01-06 15:08:44,161 Job "checker (trigger: interval[0:00:05], next run at: 2025-01-06 15:08:49 +05)" executed successfully
2025-01-06 15:08:49,160 Looking for jobs to run
2025-01-06 15:08:49,160 Next wakeup is due at 2025-01-06 15:08:54.156257+05:00 (in 4.995618 seconds)
2025-01-06 15:08:49,160 Running job "checker (trigger: interval[0:00:05], next run at: 2025-01-06 15:08:54 +05)" (scheduled at 2025-01-06 15:08:49.156257+05:00)
2025-01-06 15:08:49,161 Job "checker (trigger: interval[0:00:05], next run at: 2025-01-06 15:08:54 +05)" executed successfully
2025-01-06 15:08:54,157 Looking for jobs to run
2025-01-06 15:08:54,157 Next wakeup is due at 2025-01-06 15:08:59.156257+05:00 (in 4.998345 seconds)
2025-01-06 15:08:54,158 Running job "checker (trigger: interval[0:00:05], next run at: 2025-01-06 15:08:59 +05)" (scheduled at 2025-01-06 15:08:54.156257+05:00)
2025-01-06 15:08:54,158 Job "checker (trigger: interval[0:00:05], next run at: 2025-01-06 15:08:59 +05)" executed successfully
2025-01-06 15:08:55,244 executing <function connect.<locals>.connector at 0x7ff60a113740>
2025-01-06 15:08:55,245 operation <function connect.<locals>.connector at 0x7ff60a113740> completed
2025-01-06 15:08:55,245 executing functools.partial(<built-in method execute of sqlite3.Connection object at 0x7ff60a0c9d50>, 'SELECT topic_id FROM users WHERE chat_id = ?', (5434361630,))
2025-01-06 15:08:55,248 operation functools.partial(<built-in method execute of sqlite3.Connection object at 0x7ff60a0c9d50>, 'SELECT topic_id FROM users WHERE chat_id = ?', (5434361630,)) completed
2025-01-06 15:08:55,248 executing functools.partial(<built-in method fetchone of sqlite3.Cursor object at 0x7ff60a0dbf40>)
2025-01-06 15:08:55,248 operation functools.partial(<built-in method fetchone of sqlite3.Cursor object at 0x7ff60a0dbf40>) completed
2025-01-06 15:08:55,249 executing functools.partial(<built-in method close of sqlite3.Cursor object at 0x7ff60a0dbf40>)
2025-01-06 15:08:55,249 operation functools.partial(<built-in method close of sqlite3.Cursor object at 0x7ff60a0dbf40>) completed
2025-01-06 15:08:55,276 executing <function connect.<locals>.connector at 0x7ff60a113920>
2025-01-06 15:08:55,277 operation <function connect.<locals>.connector at 0x7ff60a113920> completed
2025-01-06 15:08:55,277 executing functools.partial(<built-in method execute of sqlite3.Connection object at 0x7ff60a0ca110>, 'PRAGMA foreign_keys = ON', [])
2025-01-06 15:08:55,277 operation functools.partial(<built-in method execute of sqlite3.Connection object at 0x7ff60a0ca110>, 'PRAGMA foreign_keys = ON', []) completed
2025-01-06 15:08:55,278 executing functools.partial(<built-in method execute of sqlite3.Connection object at 0x7ff60a0ca110>, '\n            CREATE TABLE IF NOT EXISTS users (\n                chat_id INTEGER,\n                topic_id INTEGER,\n                user_name TEXT,\n                PRIMARY KEY (chat_id, topic_id)\n            )\n        ', [])
2025-01-06 15:08:55,278 operation functools.partial(<built-in method execute of sqlite3.Connection object at 0x7ff60a0ca110>, '\n            CREATE TABLE IF NOT EXISTS users (\n                chat_id INTEGER,\n                topic_id INTEGER,\n                user_name TEXT,\n                PRIMARY KEY (chat_id, topic_id)\n            )\n        ', []) completed
2025-01-06 15:08:55,278 executing functools.partial(<built-in method execute of sqlite3.Connection object at 0x7ff60a0ca110>, '\n            CREATE TABLE IF NOT EXISTS group_messages (\n                topic_id INTEGER,\n                message_id INTEGER,\n                local_id INTEGER,\n                PRIMARY KEY (topic_id, local_id)\n            )\n        ', [])
2025-01-06 15:08:55,278 operation functools.partial(<built-in method execute of sqlite3.Connection object at 0x7ff60a0ca110>, '\n            CREATE TABLE IF NOT EXISTS group_messages (\n                topic_id INTEGER,\n                message_id INTEGER,\n                local_id INTEGER,\n                PRIMARY KEY (topic_id, local_id)\n            )\n        ', []) completed
2025-01-06 15:08:55,280 executing functools.partial(<built-in method execute of sqlite3.Connection object at 0x7ff60a0ca110>, '\n            CREATE TABLE IF NOT EXISTS private_messages (\n                chat_id INTEGER,\n                message_id INTEGER,\n                local_id INTEGER,\n                PRIMARY KEY (chat_id, local_id)\n            )\n        ', [])
2025-01-06 15:08:55,281 operation functools.partial(<built-in method execute of sqlite3.Connection object at 0x7ff60a0ca110>, '\n            CREATE TABLE IF NOT EXISTS private_messages (\n                chat_id INTEGER,\n                message_id INTEGER,\n                local_id INTEGER,\n                PRIMARY KEY (chat_id, local_id)\n            )\n        ', []) completed
2025-01-06 15:08:55,281 executing functools.partial(<built-in method commit of sqlite3.Connection object at 0x7ff60a0ca110>)
2025-01-06 15:08:55,281 operation functools.partial(<built-in method commit of sqlite3.Connection object at 0x7ff60a0ca110>) completed
2025-01-06 15:08:55,282 executing functools.partial(<built-in method execute of sqlite3.Connection object at 0x7ff60a0ca110>, 'SELECT topic_id FROM users WHERE chat_id = ? AND user_name = ?', (5434361630, 'yadgenn'))
2025-01-06 15:08:55,282 operation functools.partial(<built-in method execute of sqlite3.Connection object at 0x7ff60a0ca110>, 'SELECT topic_id FROM users WHERE chat_id = ? AND user_name = ?', (5434361630, 'yadgenn')) completed
2025-01-06 15:08:55,282 executing functools.partial(<built-in method fetchone of sqlite3.Cursor object at 0x7ff60a128840>)
2025-01-06 15:08:55,283 operation functools.partial(<built-in method fetchone of sqlite3.Cursor object at 0x7ff60a128840>) completed
2025-01-06 15:08:55,283 executing functools.partial(<built-in method close of sqlite3.Cursor object at 0x7ff60a128840>)
2025-01-06 15:08:55,283 operation functools.partial(<built-in method close of sqlite3.Cursor object at 0x7ff60a128840>) completed
2025-01-06 15:08:59,157 Looking for jobs to run
2025-01-06 15:08:59,157 Next wakeup is due at 2025-01-06 15:09:04.156257+05:00 (in 4.998706 seconds)
2025-01-06 15:08:59,157 Running job "checker (trigger: interval[0:00:05], next run at: 2025-01-06 15:09:04 +05)" (scheduled at 2025-01-06 15:08:59.156257+05:00)
2025-01-06 15:08:59,158 Job "checker (trigger: interval[0:00:05], next run at: 2025-01-06 15:09:04 +05)" executed successfully
2025-01-06 15:09:01,983 executing functools.partial(<built-in method execute of sqlite3.Connection object at 0x7ff60a0ca110>, 'SELECT topic_id FROM users WHERE chat_id = ?', (5434361630,))
2025-01-06 15:09:01,983 operation functools.partial(<built-in method execute of sqlite3.Connection object at 0x7ff60a0ca110>, 'SELECT topic_id FROM users WHERE chat_id = ?', (5434361630,)) completed
2025-01-06 15:09:01,984 executing functools.partial(<built-in method fetchone of sqlite3.Cursor object at 0x7ff60a128840>)
2025-01-06 15:09:01,984 operation functools.partial(<built-in method fetchone of sqlite3.Cursor object at 0x7ff60a128840>) completed
2025-01-06 15:09:01,984 executing functools.partial(<built-in method close of sqlite3.Cursor object at 0x7ff60a128840>)
2025-01-06 15:09:01,984 operation functools.partial(<built-in method close of sqlite3.Cursor object at 0x7ff60a128840>) completed
2025-01-06 15:09:01,984 executing functools.partial(<built-in method execute of sqlite3.Connection object at 0x7ff60a0ca110>, 'SELECT MAX(local_id) FROM group_messages WHERE topic_id = ?', (186,))
2025-01-06 15:09:01,986 operation functools.partial(<built-in method execute of sqlite3.Connection object at 0x7ff60a0ca110>, 'SELECT MAX(local_id) FROM group_messages WHERE topic_id = ?', (186,)) completed
2025-01-06 15:09:01,986 executing functools.partial(<built-in method fetchone of sqlite3.Cursor object at 0x7ff60a128840>)
2025-01-06 15:09:01,986 operation functools.partial(<built-in method fetchone of sqlite3.Cursor object at 0x7ff60a128840>) completed
2025-01-06 15:09:01,986 executing functools.partial(<built-in method close of sqlite3.Cursor object at 0x7ff60a128840>)
2025-01-06 15:09:01,986 operation functools.partial(<built-in method close of sqlite3.Cursor object at 0x7ff60a128840>) completed
2025-01-06 15:09:01,987 executing functools.partial(<built-in method execute of sqlite3.Connection object at 0x7ff60a0ca110>, '\n                    INSERT INTO group_messages (topic_id, message_id, local_id)\n                    VALUES (?, ?, ?)\n                ', (186, 1251, 272))
2025-01-06 15:09:01,988 operation functools.partial(<built-in method execute of sqlite3.Connection object at 0x7ff60a0ca110>, '\n                    INSERT INTO group_messages (topic_id, message_id, local_id)\n                    VALUES (?, ?, ?)\n                ', (186, 1251, 272)) completed
2025-01-06 15:09:01,988 executing functools.partial(<built-in method execute of sqlite3.Connection object at 0x7ff60a0ca110>, 'SELECT MAX(local_id) FROM private_messages WHERE chat_id = ?', (5434361630,))
2025-01-06 15:09:01,989 operation functools.partial(<built-in method execute of sqlite3.Connection object at 0x7ff60a0ca110>, 'SELECT MAX(local_id) FROM private_messages WHERE chat_id = ?', (5434361630,)) completed
2025-01-06 15:09:01,989 executing functools.partial(<built-in method fetchone of sqlite3.Cursor object at 0x7ff60a1295c0>)
2025-01-06 15:09:01,989 operation functools.partial(<built-in method fetchone of sqlite3.Cursor object at 0x7ff60a1295c0>) completed
2025-01-06 15:09:01,989 executing functools.partial(<built-in method close of sqlite3.Cursor object at 0x7ff60a1295c0>)
2025-01-06 15:09:01,989 operation functools.partial(<built-in method close of sqlite3.Cursor object at 0x7ff60a1295c0>) completed
2025-01-06 15:09:01,989 executing functools.partial(<built-in method execute of sqlite3.Connection object at 0x7ff60a0ca110>, '\n                    INSERT INTO private_messages (chat_id, message_id, local_id)\n                    VALUES (?, ?, ?)\n                ', (5434361630, 23083, 272))
2025-01-06 15:09:01,990 operation functools.partial(<built-in method execute of sqlite3.Connection object at 0x7ff60a0ca110>, '\n                    INSERT INTO private_messages (chat_id, message_id, local_id)\n                    VALUES (?, ?, ?)\n                ', (5434361630, 23083, 272)) completed
2025-01-06 15:09:01,990 executing functools.partial(<built-in method commit of sqlite3.Connection object at 0x7ff60a0ca110>)
2025-01-06 15:09:01,994 operation functools.partial(<built-in method commit of sqlite3.Connection object at 0x7ff60a0ca110>) completed
2025-01-06 15:09:04,159 Looking for jobs to run
2025-01-06 15:09:04,160 Next wakeup is due at 2025-01-06 15:09:09.156257+05:00 (in 4.996151 seconds)
2025-01-06 15:09:04,160 Running job "checker (trigger: interval[0:00:05], next run at: 2025-01-06 15:09:09 +05)" (scheduled at 2025-01-06 15:09:04.156257+05:00)
2025-01-06 15:09:04,160 Job "checker (trigger: interval[0:00:05], next run at: 2025-01-06 15:09:09 +05)" executed successfully
2025-01-06 15:09:06,246 Infinity polling: polling exited
2025-01-06 15:09:06,246 Break infinity polling
