2025-01-06 21:40:16,219 Adding job tentatively -- it will be properly scheduled when the scheduler starts
2025-01-06 21:40:16,229 Added job "checker" to job store "default"
2025-01-06 21:40:16,229 Scheduler started
2025-01-06 21:40:16,244 Looking for jobs to run
2025-01-06 21:40:16,244 Next wakeup is due at 2025-01-06 21:40:21.218712+05:00 (in 4.974084 seconds)
2025-01-06 21:40:21,224 Looking for jobs to run
2025-01-06 21:40:21,224 Next wakeup is due at 2025-01-06 21:40:26.218712+05:00 (in 4.993944 seconds)
2025-01-06 21:40:21,225 Running job "checker (trigger: interval[0:00:05], next run at: 2025-01-06 21:40:26 +05)" (scheduled at 2025-01-06 21:40:21.218712+05:00)
2025-01-06 21:40:21,225 Job "checker (trigger: interval[0:00:05], next run at: 2025-01-06 21:40:26 +05)" executed successfully
2025-01-06 21:40:26,224 Looking for jobs to run
2025-01-06 21:40:26,224 Next wakeup is due at 2025-01-06 21:40:31.218712+05:00 (in 4.993999 seconds)
2025-01-06 21:40:26,224 Running job "checker (trigger: interval[0:00:05], next run at: 2025-01-06 21:40:31 +05)" (scheduled at 2025-01-06 21:40:26.218712+05:00)
2025-01-06 21:40:26,225 Job "checker (trigger: interval[0:00:05], next run at: 2025-01-06 21:40:31 +05)" executed successfully
2025-01-06 21:40:31,224 Looking for jobs to run
2025-01-06 21:40:31,224 Next wakeup is due at 2025-01-06 21:40:36.218712+05:00 (in 4.994141 seconds)
2025-01-06 21:40:31,224 Running job "checker (trigger: interval[0:00:05], next run at: 2025-01-06 21:40:36 +05)" (scheduled at 2025-01-06 21:40:31.218712+05:00)
2025-01-06 21:40:31,224 Job "checker (trigger: interval[0:00:05], next run at: 2025-01-06 21:40:36 +05)" executed successfully
2025-01-06 21:40:36,219 Looking for jobs to run
2025-01-06 21:40:36,220 Next wakeup is due at 2025-01-06 21:40:41.218712+05:00 (in 4.998300 seconds)
2025-01-06 21:40:36,220 Running job "checker (trigger: interval[0:00:05], next run at: 2025-01-06 21:40:41 +05)" (scheduled at 2025-01-06 21:40:36.218712+05:00)
2025-01-06 21:40:36,220 Job "checker (trigger: interval[0:00:05], next run at: 2025-01-06 21:40:41 +05)" executed successfully
2025-01-06 21:40:41,222 Looking for jobs to run
2025-01-06 21:40:41,223 Next wakeup is due at 2025-01-06 21:40:46.218712+05:00 (in 4.995278 seconds)
2025-01-06 21:40:41,224 Running job "checker (trigger: interval[0:00:05], next run at: 2025-01-06 21:40:46 +05)" (scheduled at 2025-01-06 21:40:41.218712+05:00)
2025-01-06 21:40:41,224 Job "checker (trigger: interval[0:00:05], next run at: 2025-01-06 21:40:46 +05)" executed successfully
2025-01-06 21:40:46,224 Looking for jobs to run
2025-01-06 21:40:46,225 Next wakeup is due at 2025-01-06 21:40:51.218712+05:00 (in 4.993596 seconds)
2025-01-06 21:40:46,225 Running job "checker (trigger: interval[0:00:05], next run at: 2025-01-06 21:40:51 +05)" (scheduled at 2025-01-06 21:40:46.218712+05:00)
2025-01-06 21:40:46,225 Job "checker (trigger: interval[0:00:05], next run at: 2025-01-06 21:40:51 +05)" executed successfully
2025-01-06 21:40:49,414 executing <function connect.<locals>.connector at 0x7f6643df4900>
2025-01-06 21:40:49,428 operation <function connect.<locals>.connector at 0x7f6643df4900> completed
2025-01-06 21:40:49,429 executing functools.partial(<built-in method execute of sqlite3.Connection object at 0x7f6643fda4d0>, 'PRAGMA foreign_keys = ON', [])
2025-01-06 21:40:49,438 operation functools.partial(<built-in method execute of sqlite3.Connection object at 0x7f6643fda4d0>, 'PRAGMA foreign_keys = ON', []) completed
2025-01-06 21:40:49,439 executing functools.partial(<built-in method execute of sqlite3.Connection object at 0x7f6643fda4d0>, '\n                    CREATE TABLE IF NOT EXISTS users (\n                        chat_id INTEGER,\n                        topic_id INTEGER,\n                        user_name TEXT,\n                        PRIMARY KEY (chat_id, topic_id)\n                    )\n                ', [])
2025-01-06 21:40:49,440 operation functools.partial(<built-in method execute of sqlite3.Connection object at 0x7f6643fda4d0>, '\n                    CREATE TABLE IF NOT EXISTS users (\n                        chat_id INTEGER,\n                        topic_id INTEGER,\n                        user_name TEXT,\n                        PRIMARY KEY (chat_id, topic_id)\n                    )\n                ', []) completed
2025-01-06 21:40:49,441 executing functools.partial(<built-in method execute of sqlite3.Connection object at 0x7f6643fda4d0>, '\n                    CREATE TABLE IF NOT EXISTS group_messages (\n                        topic_id INTEGER,\n                        message_id INTEGER,\n                        local_id INTEGER,\n                        PRIMARY KEY (topic_id, local_id)\n                    )\n                ', [])
2025-01-06 21:40:49,441 operation functools.partial(<built-in method execute of sqlite3.Connection object at 0x7f6643fda4d0>, '\n                    CREATE TABLE IF NOT EXISTS group_messages (\n                        topic_id INTEGER,\n                        message_id INTEGER,\n                        local_id INTEGER,\n                        PRIMARY KEY (topic_id, local_id)\n                    )\n                ', []) completed
2025-01-06 21:40:49,441 executing functools.partial(<built-in method execute of sqlite3.Connection object at 0x7f6643fda4d0>, '\n                    CREATE TABLE IF NOT EXISTS private_messages (\n                        chat_id INTEGER,\n                        message_id INTEGER,\n                        local_id INTEGER,\n                        PRIMARY KEY (chat_id, local_id)\n                    )\n                ', [])
2025-01-06 21:40:49,441 operation functools.partial(<built-in method execute of sqlite3.Connection object at 0x7f6643fda4d0>, '\n                    CREATE TABLE IF NOT EXISTS private_messages (\n                        chat_id INTEGER,\n                        message_id INTEGER,\n                        local_id INTEGER,\n                        PRIMARY KEY (chat_id, local_id)\n                    )\n                ', []) completed
2025-01-06 21:40:49,443 executing functools.partial(<built-in method commit of sqlite3.Connection object at 0x7f6643fda4d0>)
2025-01-06 21:40:49,443 operation functools.partial(<built-in method commit of sqlite3.Connection object at 0x7f6643fda4d0>) completed
2025-01-06 21:40:49,443 executing functools.partial(<built-in method execute of sqlite3.Connection object at 0x7f6643fda4d0>, 'SELECT topic_id FROM users WHERE chat_id = ?', (5434361630,))
2025-01-06 21:40:49,443 operation functools.partial(<built-in method execute of sqlite3.Connection object at 0x7f6643fda4d0>, 'SELECT topic_id FROM users WHERE chat_id = ?', (5434361630,)) completed
2025-01-06 21:40:49,444 executing functools.partial(<built-in method fetchone of sqlite3.Cursor object at 0x7f6643d95540>)
2025-01-06 21:40:49,444 operation functools.partial(<built-in method fetchone of sqlite3.Cursor object at 0x7f6643d95540>) completed
2025-01-06 21:40:49,445 executing functools.partial(<built-in method close of sqlite3.Cursor object at 0x7f6643d95540>)
2025-01-06 21:40:49,445 operation functools.partial(<built-in method close of sqlite3.Cursor object at 0x7f6643d95540>) completed
2025-01-06 21:40:49,452 executing <function connect.<locals>.connector at 0x7f6643df6200>
2025-01-06 21:40:49,452 operation <function connect.<locals>.connector at 0x7f6643df6200> completed
2025-01-06 21:40:49,452 executing functools.partial(<built-in method execute of sqlite3.Connection object at 0x7f6643fda6b0>, 'PRAGMA foreign_keys = ON', [])
2025-01-06 21:40:49,452 operation functools.partial(<built-in method execute of sqlite3.Connection object at 0x7f6643fda6b0>, 'PRAGMA foreign_keys = ON', []) completed
2025-01-06 21:40:49,453 executing functools.partial(<built-in method execute of sqlite3.Connection object at 0x7f6643fda6b0>, '\n            CREATE TABLE IF NOT EXISTS users (\n                chat_id INTEGER,\n                topic_id INTEGER,\n                user_name TEXT,\n                PRIMARY KEY (chat_id, topic_id)\n            )\n        ', [])
2025-01-06 21:40:49,453 operation functools.partial(<built-in method execute of sqlite3.Connection object at 0x7f6643fda6b0>, '\n            CREATE TABLE IF NOT EXISTS users (\n                chat_id INTEGER,\n                topic_id INTEGER,\n                user_name TEXT,\n                PRIMARY KEY (chat_id, topic_id)\n            )\n        ', []) completed
2025-01-06 21:40:49,456 executing functools.partial(<built-in method execute of sqlite3.Connection object at 0x7f6643fda6b0>, '\n            CREATE TABLE IF NOT EXISTS group_messages (\n                topic_id INTEGER,\n                message_id INTEGER,\n                local_id INTEGER,\n                PRIMARY KEY (topic_id, local_id)\n            )\n        ', [])
2025-01-06 21:40:49,457 operation functools.partial(<built-in method execute of sqlite3.Connection object at 0x7f6643fda6b0>, '\n            CREATE TABLE IF NOT EXISTS group_messages (\n                topic_id INTEGER,\n                message_id INTEGER,\n                local_id INTEGER,\n                PRIMARY KEY (topic_id, local_id)\n            )\n        ', []) completed
2025-01-06 21:40:49,457 executing functools.partial(<built-in method execute of sqlite3.Connection object at 0x7f6643fda6b0>, '\n            CREATE TABLE IF NOT EXISTS private_messages (\n                chat_id INTEGER,\n                message_id INTEGER,\n                local_id INTEGER,\n                PRIMARY KEY (chat_id, local_id)\n            )\n        ', [])
2025-01-06 21:40:49,457 operation functools.partial(<built-in method execute of sqlite3.Connection object at 0x7f6643fda6b0>, '\n            CREATE TABLE IF NOT EXISTS private_messages (\n                chat_id INTEGER,\n                message_id INTEGER,\n                local_id INTEGER,\n                PRIMARY KEY (chat_id, local_id)\n            )\n        ', []) completed
2025-01-06 21:40:49,457 executing functools.partial(<built-in method commit of sqlite3.Connection object at 0x7f6643fda6b0>)
2025-01-06 21:40:49,457 operation functools.partial(<built-in method commit of sqlite3.Connection object at 0x7f6643fda6b0>) completed
2025-01-06 21:40:49,464 executing functools.partial(<built-in method execute of sqlite3.Connection object at 0x7f6643fda6b0>, 'SELECT topic_id FROM users WHERE chat_id = ? AND user_name = ?', (5434361630, 'yadgenn'))
2025-01-06 21:40:49,467 operation functools.partial(<built-in method execute of sqlite3.Connection object at 0x7f6643fda6b0>, 'SELECT topic_id FROM users WHERE chat_id = ? AND user_name = ?', (5434361630, 'yadgenn')) completed
2025-01-06 21:40:49,468 executing functools.partial(<built-in method fetchone of sqlite3.Cursor object at 0x7f66441a93c0>)
2025-01-06 21:40:49,468 operation functools.partial(<built-in method fetchone of sqlite3.Cursor object at 0x7f66441a93c0>) completed
2025-01-06 21:40:49,468 executing functools.partial(<built-in method close of sqlite3.Cursor object at 0x7f66441a93c0>)
2025-01-06 21:40:49,468 operation functools.partial(<built-in method close of sqlite3.Cursor object at 0x7f66441a93c0>) completed
2025-01-06 21:40:49,982 executing functools.partial(<built-in method execute of sqlite3.Connection object at 0x7f6643fda6b0>, 'SELECT chat_id FROM users WHERE topic_id = ?', (None,))
2025-01-06 21:40:49,983 operation functools.partial(<built-in method execute of sqlite3.Connection object at 0x7f6643fda6b0>, 'SELECT chat_id FROM users WHERE topic_id = ?', (None,)) completed
2025-01-06 21:40:49,983 executing functools.partial(<built-in method fetchone of sqlite3.Cursor object at 0x7f66441a93c0>)
2025-01-06 21:40:49,983 operation functools.partial(<built-in method fetchone of sqlite3.Cursor object at 0x7f66441a93c0>) completed
2025-01-06 21:40:49,983 executing functools.partial(<built-in method close of sqlite3.Cursor object at 0x7f66441a93c0>)
2025-01-06 21:40:49,983 operation functools.partial(<built-in method close of sqlite3.Cursor object at 0x7f66441a93c0>) completed
2025-01-06 21:40:49,983 executing functools.partial(<built-in method execute of sqlite3.Connection object at 0x7f6643fda6b0>, 'DELETE FROM group_messages WHERE topic_id = ?', (None,))
2025-01-06 21:40:49,984 operation functools.partial(<built-in method execute of sqlite3.Connection object at 0x7f6643fda6b0>, 'DELETE FROM group_messages WHERE topic_id = ?', (None,)) completed
2025-01-06 21:40:49,984 executing functools.partial(<built-in method commit of sqlite3.Connection object at 0x7f6643fda6b0>)
2025-01-06 21:40:49,984 operation functools.partial(<built-in method commit of sqlite3.Connection object at 0x7f6643fda6b0>) completed
2025-01-06 21:40:50,193 executing functools.partial(<built-in method execute of sqlite3.Connection object at 0x7f6643fda6b0>, '\n            UPDATE users \n            SET topic_id = ? \n            WHERE chat_id = ?\n        ', (1475, 5434361630))
2025-01-06 21:40:50,197 operation functools.partial(<built-in method execute of sqlite3.Connection object at 0x7f6643fda6b0>, '\n            UPDATE users \n            SET topic_id = ? \n            WHERE chat_id = ?\n        ', (1475, 5434361630)) completed
2025-01-06 21:40:50,204 executing functools.partial(<built-in method commit of sqlite3.Connection object at 0x7f6643fda6b0>)
2025-01-06 21:40:50,211 operation functools.partial(<built-in method commit of sqlite3.Connection object at 0x7f6643fda6b0>) completed
2025-01-06 21:40:50,212 executing functools.partial(<built-in method execute of sqlite3.Connection object at 0x7f6643fda6b0>, 'SELECT topic_id FROM users WHERE chat_id = ? AND user_name = ?', (5434361630, 'yadgenn'))
2025-01-06 21:40:50,213 operation functools.partial(<built-in method execute of sqlite3.Connection object at 0x7f6643fda6b0>, 'SELECT topic_id FROM users WHERE chat_id = ? AND user_name = ?', (5434361630, 'yadgenn')) completed
2025-01-06 21:40:50,213 executing functools.partial(<built-in method fetchone of sqlite3.Cursor object at 0x7f6643d89fc0>)
2025-01-06 21:40:50,213 operation functools.partial(<built-in method fetchone of sqlite3.Cursor object at 0x7f6643d89fc0>) completed
2025-01-06 21:40:50,215 executing functools.partial(<built-in method close of sqlite3.Cursor object at 0x7f6643d89fc0>)
2025-01-06 21:40:50,215 operation functools.partial(<built-in method close of sqlite3.Cursor object at 0x7f6643d89fc0>) completed
2025-01-06 21:40:50,394 executing functools.partial(<built-in method execute of sqlite3.Connection object at 0x7f6643fda6b0>, 'SELECT topic_id FROM users WHERE chat_id = ?', (5434361630,))
2025-01-06 21:40:50,395 operation functools.partial(<built-in method execute of sqlite3.Connection object at 0x7f6643fda6b0>, 'SELECT topic_id FROM users WHERE chat_id = ?', (5434361630,)) completed
2025-01-06 21:40:50,395 executing functools.partial(<built-in method fetchone of sqlite3.Cursor object at 0x7f6643d89fc0>)
2025-01-06 21:40:50,395 operation functools.partial(<built-in method fetchone of sqlite3.Cursor object at 0x7f6643d89fc0>) completed
2025-01-06 21:40:50,396 executing functools.partial(<built-in method close of sqlite3.Cursor object at 0x7f6643d89fc0>)
2025-01-06 21:40:50,396 operation functools.partial(<built-in method close of sqlite3.Cursor object at 0x7f6643d89fc0>) completed
2025-01-06 21:40:50,396 executing functools.partial(<built-in method execute of sqlite3.Connection object at 0x7f6643fda6b0>, 'SELECT MAX(local_id) FROM group_messages WHERE topic_id = ?', (1475,))
2025-01-06 21:40:50,396 operation functools.partial(<built-in method execute of sqlite3.Connection object at 0x7f6643fda6b0>, 'SELECT MAX(local_id) FROM group_messages WHERE topic_id = ?', (1475,)) completed
2025-01-06 21:40:50,397 executing functools.partial(<built-in method fetchone of sqlite3.Cursor object at 0x7f6643d89fc0>)
2025-01-06 21:40:50,397 operation functools.partial(<built-in method fetchone of sqlite3.Cursor object at 0x7f6643d89fc0>) completed
2025-01-06 21:40:50,397 executing functools.partial(<built-in method close of sqlite3.Cursor object at 0x7f6643d89fc0>)
2025-01-06 21:40:50,397 operation functools.partial(<built-in method close of sqlite3.Cursor object at 0x7f6643d89fc0>) completed
2025-01-06 21:40:50,397 executing functools.partial(<built-in method execute of sqlite3.Connection object at 0x7f6643fda6b0>, '\n                    INSERT INTO group_messages (topic_id, message_id, local_id)\n                    VALUES (?, ?, ?)\n                ', (1475, 1476, 1))
2025-01-06 21:40:50,398 operation functools.partial(<built-in method execute of sqlite3.Connection object at 0x7f6643fda6b0>, '\n                    INSERT INTO group_messages (topic_id, message_id, local_id)\n                    VALUES (?, ?, ?)\n                ', (1475, 1476, 1)) completed
2025-01-06 21:40:50,398 executing functools.partial(<built-in method execute of sqlite3.Connection object at 0x7f6643fda6b0>, 'SELECT MAX(local_id) FROM private_messages WHERE chat_id = ?', (5434361630,))
2025-01-06 21:40:50,399 operation functools.partial(<built-in method execute of sqlite3.Connection object at 0x7f6643fda6b0>, 'SELECT MAX(local_id) FROM private_messages WHERE chat_id = ?', (5434361630,)) completed
2025-01-06 21:40:50,399 executing functools.partial(<built-in method fetchone of sqlite3.Cursor object at 0x7f6643d88ac0>)
2025-01-06 21:40:50,399 operation functools.partial(<built-in method fetchone of sqlite3.Cursor object at 0x7f6643d88ac0>) completed
2025-01-06 21:40:50,399 executing functools.partial(<built-in method close of sqlite3.Cursor object at 0x7f6643d88ac0>)
2025-01-06 21:40:50,399 operation functools.partial(<built-in method close of sqlite3.Cursor object at 0x7f6643d88ac0>) completed
2025-01-06 21:40:50,400 executing functools.partial(<built-in method execute of sqlite3.Connection object at 0x7f6643fda6b0>, '\n                    INSERT INTO private_messages (chat_id, message_id, local_id)\n                    VALUES (?, ?, ?)\n                ', (5434361630, 23384, 8))
2025-01-06 21:40:50,400 operation functools.partial(<built-in method execute of sqlite3.Connection object at 0x7f6643fda6b0>, '\n                    INSERT INTO private_messages (chat_id, message_id, local_id)\n                    VALUES (?, ?, ?)\n                ', (5434361630, 23384, 8)) completed
2025-01-06 21:40:50,401 executing functools.partial(<built-in method commit of sqlite3.Connection object at 0x7f6643fda6b0>)
2025-01-06 21:40:50,406 operation functools.partial(<built-in method commit of sqlite3.Connection object at 0x7f6643fda6b0>) completed
2025-01-06 21:40:51,220 Looking for jobs to run
2025-01-06 21:40:51,220 Next wakeup is due at 2025-01-06 21:40:56.218712+05:00 (in 4.997897 seconds)
2025-01-06 21:40:51,221 Running job "checker (trigger: interval[0:00:05], next run at: 2025-01-06 21:40:56 +05)" (scheduled at 2025-01-06 21:40:51.218712+05:00)
2025-01-06 21:40:51,222 Job "checker (trigger: interval[0:00:05], next run at: 2025-01-06 21:40:56 +05)" executed successfully
2025-01-06 21:40:56,221 Looking for jobs to run
2025-01-06 21:40:56,222 Next wakeup is due at 2025-01-06 21:41:01.218712+05:00 (in 4.996337 seconds)
2025-01-06 21:40:56,222 Running job "checker (trigger: interval[0:00:05], next run at: 2025-01-06 21:41:01 +05)" (scheduled at 2025-01-06 21:40:56.218712+05:00)
2025-01-06 21:40:56,222 Job "checker (trigger: interval[0:00:05], next run at: 2025-01-06 21:41:01 +05)" executed successfully
2025-01-06 21:41:01,224 Looking for jobs to run
2025-01-06 21:41:01,224 Next wakeup is due at 2025-01-06 21:41:06.218712+05:00 (in 4.994237 seconds)
2025-01-06 21:41:01,226 Running job "checker (trigger: interval[0:00:05], next run at: 2025-01-06 21:41:06 +05)" (scheduled at 2025-01-06 21:41:01.218712+05:00)
2025-01-06 21:41:01,226 Job "checker (trigger: interval[0:00:05], next run at: 2025-01-06 21:41:06 +05)" executed successfully
2025-01-06 21:41:06,224 Looking for jobs to run
2025-01-06 21:41:06,224 Next wakeup is due at 2025-01-06 21:41:11.218712+05:00 (in 4.994244 seconds)
2025-01-06 21:41:06,224 Running job "checker (trigger: interval[0:00:05], next run at: 2025-01-06 21:41:11 +05)" (scheduled at 2025-01-06 21:41:06.218712+05:00)
2025-01-06 21:41:06,225 Job "checker (trigger: interval[0:00:05], next run at: 2025-01-06 21:41:11 +05)" executed successfully
2025-01-06 21:41:11,220 Looking for jobs to run
2025-01-06 21:41:11,221 Next wakeup is due at 2025-01-06 21:41:16.218712+05:00 (in 4.996918 seconds)
2025-01-06 21:41:11,222 Running job "checker (trigger: interval[0:00:05], next run at: 2025-01-06 21:41:16 +05)" (scheduled at 2025-01-06 21:41:11.218712+05:00)
2025-01-06 21:41:11,222 Job "checker (trigger: interval[0:00:05], next run at: 2025-01-06 21:41:16 +05)" executed successfully
2025-01-06 21:41:16,223 Looking for jobs to run
2025-01-06 21:41:16,224 Next wakeup is due at 2025-01-06 21:41:21.218712+05:00 (in 4.994282 seconds)
2025-01-06 21:41:16,224 Running job "checker (trigger: interval[0:00:05], next run at: 2025-01-06 21:41:21 +05)" (scheduled at 2025-01-06 21:41:16.218712+05:00)
2025-01-06 21:41:16,224 Job "checker (trigger: interval[0:00:05], next run at: 2025-01-06 21:41:21 +05)" executed successfully
2025-01-06 21:41:21,224 Looking for jobs to run
2025-01-06 21:41:21,225 Next wakeup is due at 2025-01-06 21:41:26.218712+05:00 (in 4.993588 seconds)
2025-01-06 21:41:21,225 Running job "checker (trigger: interval[0:00:05], next run at: 2025-01-06 21:41:26 +05)" (scheduled at 2025-01-06 21:41:21.218712+05:00)
2025-01-06 21:41:21,225 Job "checker (trigger: interval[0:00:05], next run at: 2025-01-06 21:41:26 +05)" executed successfully
2025-01-06 21:41:26,224 Looking for jobs to run
2025-01-06 21:41:26,225 Next wakeup is due at 2025-01-06 21:41:31.218712+05:00 (in 4.993693 seconds)
2025-01-06 21:41:26,225 Running job "checker (trigger: interval[0:00:05], next run at: 2025-01-06 21:41:31 +05)" (scheduled at 2025-01-06 21:41:26.218712+05:00)
2025-01-06 21:41:26,225 Job "checker (trigger: interval[0:00:05], next run at: 2025-01-06 21:41:31 +05)" executed successfully
2025-01-06 21:41:31,219 Looking for jobs to run
2025-01-06 21:41:31,220 Next wakeup is due at 2025-01-06 21:41:36.218712+05:00 (in 4.998334 seconds)
2025-01-06 21:41:31,220 Running job "checker (trigger: interval[0:00:05], next run at: 2025-01-06 21:41:36 +05)" (scheduled at 2025-01-06 21:41:31.218712+05:00)
2025-01-06 21:41:31,220 Job "checker (trigger: interval[0:00:05], next run at: 2025-01-06 21:41:36 +05)" executed successfully
2025-01-06 21:41:36,233 Looking for jobs to run
2025-01-06 21:41:36,233 Next wakeup is due at 2025-01-06 21:41:41.218712+05:00 (in 4.985248 seconds)
2025-01-06 21:41:36,233 Running job "checker (trigger: interval[0:00:05], next run at: 2025-01-06 21:41:41 +05)" (scheduled at 2025-01-06 21:41:36.218712+05:00)
2025-01-06 21:41:36,233 Job "checker (trigger: interval[0:00:05], next run at: 2025-01-06 21:41:41 +05)" executed successfully
2025-01-06 21:41:41,223 Looking for jobs to run
2025-01-06 21:41:41,224 Next wakeup is due at 2025-01-06 21:41:46.218712+05:00 (in 4.993799 seconds)
2025-01-06 21:41:41,225 Running job "checker (trigger: interval[0:00:05], next run at: 2025-01-06 21:41:46 +05)" (scheduled at 2025-01-06 21:41:41.218712+05:00)
2025-01-06 21:41:41,225 Job "checker (trigger: interval[0:00:05], next run at: 2025-01-06 21:41:46 +05)" executed successfully
2025-01-06 21:41:46,223 Looking for jobs to run
2025-01-06 21:41:46,224 Next wakeup is due at 2025-01-06 21:41:51.218712+05:00 (in 4.994392 seconds)
2025-01-06 21:41:46,225 Running job "checker (trigger: interval[0:00:05], next run at: 2025-01-06 21:41:51 +05)" (scheduled at 2025-01-06 21:41:46.218712+05:00)
2025-01-06 21:41:46,225 Job "checker (trigger: interval[0:00:05], next run at: 2025-01-06 21:41:51 +05)" executed successfully
2025-01-06 21:41:51,220 Looking for jobs to run
2025-01-06 21:41:51,221 Next wakeup is due at 2025-01-06 21:41:56.218712+05:00 (in 4.997214 seconds)
2025-01-06 21:41:51,221 Running job "checker (trigger: interval[0:00:05], next run at: 2025-01-06 21:41:56 +05)" (scheduled at 2025-01-06 21:41:51.218712+05:00)
2025-01-06 21:41:51,221 Job "checker (trigger: interval[0:00:05], next run at: 2025-01-06 21:41:56 +05)" executed successfully
2025-01-06 21:41:56,223 Looking for jobs to run
2025-01-06 21:41:56,224 Next wakeup is due at 2025-01-06 21:42:01.218712+05:00 (in 4.994246 seconds)
2025-01-06 21:41:56,225 Running job "checker (trigger: interval[0:00:05], next run at: 2025-01-06 21:42:01 +05)" (scheduled at 2025-01-06 21:41:56.218712+05:00)
2025-01-06 21:41:56,225 Job "checker (trigger: interval[0:00:05], next run at: 2025-01-06 21:42:01 +05)" executed successfully
2025-01-06 21:42:01,223 Looking for jobs to run
2025-01-06 21:42:01,224 Next wakeup is due at 2025-01-06 21:42:06.218712+05:00 (in 4.993995 seconds)
2025-01-06 21:42:01,224 Running job "checker (trigger: interval[0:00:05], next run at: 2025-01-06 21:42:06 +05)" (scheduled at 2025-01-06 21:42:01.218712+05:00)
2025-01-06 21:42:01,225 Job "checker (trigger: interval[0:00:05], next run at: 2025-01-06 21:42:06 +05)" executed successfully
2025-01-06 21:42:06,223 Looking for jobs to run
2025-01-06 21:42:06,224 Next wakeup is due at 2025-01-06 21:42:11.218712+05:00 (in 4.994306 seconds)
2025-01-06 21:42:06,224 Running job "checker (trigger: interval[0:00:05], next run at: 2025-01-06 21:42:11 +05)" (scheduled at 2025-01-06 21:42:06.218712+05:00)
2025-01-06 21:42:06,224 Job "checker (trigger: interval[0:00:05], next run at: 2025-01-06 21:42:11 +05)" executed successfully
2025-01-06 21:42:11,219 Looking for jobs to run
2025-01-06 21:42:11,220 Next wakeup is due at 2025-01-06 21:42:16.218712+05:00 (in 4.998538 seconds)
2025-01-06 21:42:11,220 Running job "checker (trigger: interval[0:00:05], next run at: 2025-01-06 21:42:16 +05)" (scheduled at 2025-01-06 21:42:11.218712+05:00)
2025-01-06 21:42:11,220 Job "checker (trigger: interval[0:00:05], next run at: 2025-01-06 21:42:16 +05)" executed successfully
2025-01-06 21:42:16,223 Looking for jobs to run
2025-01-06 21:42:16,224 Next wakeup is due at 2025-01-06 21:42:21.218712+05:00 (in 4.994152 seconds)
2025-01-06 21:42:16,224 Running job "checker (trigger: interval[0:00:05], next run at: 2025-01-06 21:42:21 +05)" (scheduled at 2025-01-06 21:42:16.218712+05:00)
2025-01-06 21:42:16,224 Job "checker (trigger: interval[0:00:05], next run at: 2025-01-06 21:42:21 +05)" executed successfully
2025-01-06 21:42:21,223 Looking for jobs to run
2025-01-06 21:42:21,224 Next wakeup is due at 2025-01-06 21:42:26.218712+05:00 (in 4.994046 seconds)
2025-01-06 21:42:21,224 Running job "checker (trigger: interval[0:00:05], next run at: 2025-01-06 21:42:26 +05)" (scheduled at 2025-01-06 21:42:21.218712+05:00)
2025-01-06 21:42:21,225 Job "checker (trigger: interval[0:00:05], next run at: 2025-01-06 21:42:26 +05)" executed successfully
2025-01-06 21:42:26,225 Looking for jobs to run
2025-01-06 21:42:26,225 Next wakeup is due at 2025-01-06 21:42:31.218712+05:00 (in 4.992937 seconds)
2025-01-06 21:42:26,226 Running job "checker (trigger: interval[0:00:05], next run at: 2025-01-06 21:42:31 +05)" (scheduled at 2025-01-06 21:42:26.218712+05:00)
2025-01-06 21:42:26,226 Job "checker (trigger: interval[0:00:05], next run at: 2025-01-06 21:42:31 +05)" executed successfully
2025-01-06 21:42:26,275 Infinity polling: polling exited
2025-01-06 21:42:26,277 Break infinity polling
