2025-01-06 20:44:47,796 Adding job tentatively -- it will be properly scheduled when the scheduler starts
2025-01-06 20:44:47,799 Added job "checker" to job store "default"
2025-01-06 20:44:47,799 Scheduler started
2025-01-06 20:44:47,809 Looking for jobs to run
2025-01-06 20:44:47,809 Next wakeup is due at 2025-01-06 20:44:52.796335+05:00 (in 4.986408 seconds)
2025-01-06 20:44:48,643 executing <function connect.<locals>.connector at 0x7f3653c487c0>
2025-01-06 20:44:48,650 operation <function connect.<locals>.connector at 0x7f3653c487c0> completed
2025-01-06 20:44:48,651 executing functools.partial(<built-in method execute of sqlite3.Connection object at 0x7f3653e2dd50>, 'PRAGMA foreign_keys = ON', [])
2025-01-06 20:44:48,653 operation functools.partial(<built-in method execute of sqlite3.Connection object at 0x7f3653e2dd50>, 'PRAGMA foreign_keys = ON', []) completed
2025-01-06 20:44:48,653 executing functools.partial(<built-in method execute of sqlite3.Connection object at 0x7f3653e2dd50>, '\n                    CREATE TABLE IF NOT EXISTS users (\n                        chat_id INTEGER,\n                        topic_id INTEGER,\n                        user_name TEXT,\n                        PRIMARY KEY (chat_id, topic_id)\n                    )\n                ', [])
2025-01-06 20:44:48,654 operation functools.partial(<built-in method execute of sqlite3.Connection object at 0x7f3653e2dd50>, '\n                    CREATE TABLE IF NOT EXISTS users (\n                        chat_id INTEGER,\n                        topic_id INTEGER,\n                        user_name TEXT,\n                        PRIMARY KEY (chat_id, topic_id)\n                    )\n                ', []) completed
2025-01-06 20:44:48,655 executing functools.partial(<built-in method execute of sqlite3.Connection object at 0x7f3653e2dd50>, '\n                    CREATE TABLE IF NOT EXISTS group_messages (\n                        topic_id INTEGER,\n                        message_id INTEGER,\n                        local_id INTEGER,\n                        PRIMARY KEY (topic_id, local_id)\n                    )\n                ', [])
2025-01-06 20:44:48,655 operation functools.partial(<built-in method execute of sqlite3.Connection object at 0x7f3653e2dd50>, '\n                    CREATE TABLE IF NOT EXISTS group_messages (\n                        topic_id INTEGER,\n                        message_id INTEGER,\n                        local_id INTEGER,\n                        PRIMARY KEY (topic_id, local_id)\n                    )\n                ', []) completed
2025-01-06 20:44:48,655 executing functools.partial(<built-in method execute of sqlite3.Connection object at 0x7f3653e2dd50>, '\n                    CREATE TABLE IF NOT EXISTS private_messages (\n                        chat_id INTEGER,\n                        message_id INTEGER,\n                        local_id INTEGER,\n                        PRIMARY KEY (chat_id, local_id)\n                    )\n                ', [])
2025-01-06 20:44:48,655 operation functools.partial(<built-in method execute of sqlite3.Connection object at 0x7f3653e2dd50>, '\n                    CREATE TABLE IF NOT EXISTS private_messages (\n                        chat_id INTEGER,\n                        message_id INTEGER,\n                        local_id INTEGER,\n                        PRIMARY KEY (chat_id, local_id)\n                    )\n                ', []) completed
2025-01-06 20:44:48,655 executing functools.partial(<built-in method commit of sqlite3.Connection object at 0x7f3653e2dd50>)
2025-01-06 20:44:48,655 operation functools.partial(<built-in method commit of sqlite3.Connection object at 0x7f3653e2dd50>) completed
2025-01-06 20:44:48,655 executing functools.partial(<built-in method execute of sqlite3.Connection object at 0x7f3653e2dd50>, 'SELECT topic_id FROM users WHERE chat_id = ?', (5434361630,))
2025-01-06 20:44:48,656 operation functools.partial(<built-in method execute of sqlite3.Connection object at 0x7f3653e2dd50>, 'SELECT topic_id FROM users WHERE chat_id = ?', (5434361630,)) completed
2025-01-06 20:44:48,656 executing functools.partial(<built-in method fetchone of sqlite3.Cursor object at 0x7f3653be9340>)
2025-01-06 20:44:48,656 operation functools.partial(<built-in method fetchone of sqlite3.Cursor object at 0x7f3653be9340>) completed
2025-01-06 20:44:48,656 executing functools.partial(<built-in method close of sqlite3.Cursor object at 0x7f3653be9340>)
2025-01-06 20:44:48,656 operation functools.partial(<built-in method close of sqlite3.Cursor object at 0x7f3653be9340>) completed
2025-01-06 20:44:48,657 executing <function connect.<locals>.connector at 0x7f3653c4a020>
2025-01-06 20:44:48,659 operation <function connect.<locals>.connector at 0x7f3653c4a020> completed
2025-01-06 20:44:48,659 executing functools.partial(<built-in method execute of sqlite3.Connection object at 0x7f3653e2df30>, 'PRAGMA foreign_keys = ON', [])
2025-01-06 20:44:48,659 operation functools.partial(<built-in method execute of sqlite3.Connection object at 0x7f3653e2df30>, 'PRAGMA foreign_keys = ON', []) completed
2025-01-06 20:44:48,660 executing functools.partial(<built-in method execute of sqlite3.Connection object at 0x7f3653e2df30>, '\n            CREATE TABLE IF NOT EXISTS users (\n                chat_id INTEGER,\n                topic_id INTEGER,\n                user_name TEXT,\n                PRIMARY KEY (chat_id, topic_id)\n            )\n        ', [])
2025-01-06 20:44:48,660 operation functools.partial(<built-in method execute of sqlite3.Connection object at 0x7f3653e2df30>, '\n            CREATE TABLE IF NOT EXISTS users (\n                chat_id INTEGER,\n                topic_id INTEGER,\n                user_name TEXT,\n                PRIMARY KEY (chat_id, topic_id)\n            )\n        ', []) completed
2025-01-06 20:44:48,660 executing functools.partial(<built-in method execute of sqlite3.Connection object at 0x7f3653e2df30>, '\n            CREATE TABLE IF NOT EXISTS group_messages (\n                topic_id INTEGER,\n                message_id INTEGER,\n                local_id INTEGER,\n                PRIMARY KEY (topic_id, local_id)\n            )\n        ', [])
2025-01-06 20:44:48,663 operation functools.partial(<built-in method execute of sqlite3.Connection object at 0x7f3653e2df30>, '\n            CREATE TABLE IF NOT EXISTS group_messages (\n                topic_id INTEGER,\n                message_id INTEGER,\n                local_id INTEGER,\n                PRIMARY KEY (topic_id, local_id)\n            )\n        ', []) completed
2025-01-06 20:44:48,663 executing functools.partial(<built-in method execute of sqlite3.Connection object at 0x7f3653e2df30>, '\n            CREATE TABLE IF NOT EXISTS private_messages (\n                chat_id INTEGER,\n                message_id INTEGER,\n                local_id INTEGER,\n                PRIMARY KEY (chat_id, local_id)\n            )\n        ', [])
2025-01-06 20:44:48,665 operation functools.partial(<built-in method execute of sqlite3.Connection object at 0x7f3653e2df30>, '\n            CREATE TABLE IF NOT EXISTS private_messages (\n                chat_id INTEGER,\n                message_id INTEGER,\n                local_id INTEGER,\n                PRIMARY KEY (chat_id, local_id)\n            )\n        ', []) completed
2025-01-06 20:44:48,665 executing functools.partial(<built-in method commit of sqlite3.Connection object at 0x7f3653e2df30>)
2025-01-06 20:44:48,666 operation functools.partial(<built-in method commit of sqlite3.Connection object at 0x7f3653e2df30>) completed
2025-01-06 20:44:48,667 executing functools.partial(<built-in method execute of sqlite3.Connection object at 0x7f3653e2df30>, 'SELECT topic_id FROM users WHERE chat_id = ? AND user_name = ?', (5434361630, 'yadgenn'))
2025-01-06 20:44:48,668 operation functools.partial(<built-in method execute of sqlite3.Connection object at 0x7f3653e2df30>, 'SELECT topic_id FROM users WHERE chat_id = ? AND user_name = ?', (5434361630, 'yadgenn')) completed
2025-01-06 20:44:48,668 executing functools.partial(<built-in method fetchone of sqlite3.Cursor object at 0x7f3653be8a40>)
2025-01-06 20:44:48,668 operation functools.partial(<built-in method fetchone of sqlite3.Cursor object at 0x7f3653be8a40>) completed
2025-01-06 20:44:48,669 executing functools.partial(<built-in method close of sqlite3.Cursor object at 0x7f3653be8a40>)
2025-01-06 20:44:48,669 operation functools.partial(<built-in method close of sqlite3.Cursor object at 0x7f3653be8a40>) completed
2025-01-06 20:44:49,147 executing functools.partial(<built-in method execute of sqlite3.Connection object at 0x7f3653e2df30>, 'SELECT topic_id FROM users WHERE chat_id = ? AND user_name = ?', (5434361630, 'yadgenn'))
2025-01-06 20:44:49,147 operation functools.partial(<built-in method execute of sqlite3.Connection object at 0x7f3653e2df30>, 'SELECT topic_id FROM users WHERE chat_id = ? AND user_name = ?', (5434361630, 'yadgenn')) completed
2025-01-06 20:44:49,147 executing functools.partial(<built-in method fetchone of sqlite3.Cursor object at 0x7f3653be8a40>)
2025-01-06 20:44:49,147 operation functools.partial(<built-in method fetchone of sqlite3.Cursor object at 0x7f3653be8a40>) completed
2025-01-06 20:44:49,148 executing functools.partial(<built-in method close of sqlite3.Cursor object at 0x7f3653be8a40>)
2025-01-06 20:44:49,148 operation functools.partial(<built-in method close of sqlite3.Cursor object at 0x7f3653be8a40>) completed
2025-01-06 20:44:52,800 Looking for jobs to run
2025-01-06 20:44:52,803 Next wakeup is due at 2025-01-06 20:44:57.796335+05:00 (in 4.993284 seconds)
2025-01-06 20:44:52,803 Running job "checker (trigger: interval[0:00:05], next run at: 2025-01-06 20:44:57 +05)" (scheduled at 2025-01-06 20:44:52.796335+05:00)
2025-01-06 20:44:52,803 Job "checker (trigger: interval[0:00:05], next run at: 2025-01-06 20:44:57 +05)" executed successfully
2025-01-06 20:44:56,235 executing <function connect.<locals>.connector at 0x7f3653c49e40>
2025-01-06 20:44:56,237 operation <function connect.<locals>.connector at 0x7f3653c49e40> completed
2025-01-06 20:44:56,237 executing functools.partial(<built-in method execute of sqlite3.Connection object at 0x7f3653e2f100>, 'PRAGMA foreign_keys = ON', [])
2025-01-06 20:44:56,238 operation functools.partial(<built-in method execute of sqlite3.Connection object at 0x7f3653e2f100>, 'PRAGMA foreign_keys = ON', []) completed
2025-01-06 20:44:56,238 executing functools.partial(<built-in method execute of sqlite3.Connection object at 0x7f3653e2f100>, '\n                    CREATE TABLE IF NOT EXISTS users (\n                        chat_id INTEGER,\n                        topic_id INTEGER,\n                        user_name TEXT,\n                        PRIMARY KEY (chat_id, topic_id)\n                    )\n                ', [])
2025-01-06 20:44:56,239 operation functools.partial(<built-in method execute of sqlite3.Connection object at 0x7f3653e2f100>, '\n                    CREATE TABLE IF NOT EXISTS users (\n                        chat_id INTEGER,\n                        topic_id INTEGER,\n                        user_name TEXT,\n                        PRIMARY KEY (chat_id, topic_id)\n                    )\n                ', []) completed
2025-01-06 20:44:56,239 executing functools.partial(<built-in method execute of sqlite3.Connection object at 0x7f3653e2f100>, '\n                    CREATE TABLE IF NOT EXISTS group_messages (\n                        topic_id INTEGER,\n                        message_id INTEGER,\n                        local_id INTEGER,\n                        PRIMARY KEY (topic_id, local_id)\n                    )\n                ', [])
2025-01-06 20:44:56,239 operation functools.partial(<built-in method execute of sqlite3.Connection object at 0x7f3653e2f100>, '\n                    CREATE TABLE IF NOT EXISTS group_messages (\n                        topic_id INTEGER,\n                        message_id INTEGER,\n                        local_id INTEGER,\n                        PRIMARY KEY (topic_id, local_id)\n                    )\n                ', []) completed
2025-01-06 20:44:56,240 executing functools.partial(<built-in method execute of sqlite3.Connection object at 0x7f3653e2f100>, '\n                    CREATE TABLE IF NOT EXISTS private_messages (\n                        chat_id INTEGER,\n                        message_id INTEGER,\n                        local_id INTEGER,\n                        PRIMARY KEY (chat_id, local_id)\n                    )\n                ', [])
2025-01-06 20:44:56,240 operation functools.partial(<built-in method execute of sqlite3.Connection object at 0x7f3653e2f100>, '\n                    CREATE TABLE IF NOT EXISTS private_messages (\n                        chat_id INTEGER,\n                        message_id INTEGER,\n                        local_id INTEGER,\n                        PRIMARY KEY (chat_id, local_id)\n                    )\n                ', []) completed
2025-01-06 20:44:56,240 executing functools.partial(<built-in method commit of sqlite3.Connection object at 0x7f3653e2f100>)
2025-01-06 20:44:56,240 operation functools.partial(<built-in method commit of sqlite3.Connection object at 0x7f3653e2f100>) completed
2025-01-06 20:44:56,241 executing functools.partial(<built-in method execute of sqlite3.Connection object at 0x7f3653e2f100>, 'SELECT topic_id FROM users WHERE chat_id = ?', (5434361630,))
2025-01-06 20:44:56,241 operation functools.partial(<built-in method execute of sqlite3.Connection object at 0x7f3653e2f100>, 'SELECT topic_id FROM users WHERE chat_id = ?', (5434361630,)) completed
2025-01-06 20:44:56,241 executing functools.partial(<built-in method fetchone of sqlite3.Cursor object at 0x7f3653bde140>)
2025-01-06 20:44:56,241 operation functools.partial(<built-in method fetchone of sqlite3.Cursor object at 0x7f3653bde140>) completed
2025-01-06 20:44:56,241 executing functools.partial(<built-in method close of sqlite3.Cursor object at 0x7f3653bde140>)
2025-01-06 20:44:56,241 operation functools.partial(<built-in method close of sqlite3.Cursor object at 0x7f3653bde140>) completed
2025-01-06 20:44:56,242 executing functools.partial(<built-in method execute of sqlite3.Connection object at 0x7f3653e2df30>, 'SELECT topic_id FROM users WHERE chat_id = ? AND user_name = ?', (5434361630, 'yadgenn'))
2025-01-06 20:44:56,242 operation functools.partial(<built-in method execute of sqlite3.Connection object at 0x7f3653e2df30>, 'SELECT topic_id FROM users WHERE chat_id = ? AND user_name = ?', (5434361630, 'yadgenn')) completed
2025-01-06 20:44:56,242 executing functools.partial(<built-in method fetchone of sqlite3.Cursor object at 0x7f3653be8a40>)
2025-01-06 20:44:56,242 operation functools.partial(<built-in method fetchone of sqlite3.Cursor object at 0x7f3653be8a40>) completed
2025-01-06 20:44:56,242 executing functools.partial(<built-in method close of sqlite3.Cursor object at 0x7f3653be8a40>)
2025-01-06 20:44:56,242 operation functools.partial(<built-in method close of sqlite3.Cursor object at 0x7f3653be8a40>) completed
2025-01-06 20:44:56,417 executing functools.partial(<built-in method execute of sqlite3.Connection object at 0x7f3653e2df30>, 'SELECT topic_id FROM users WHERE chat_id = ? AND user_name = ?', (5434361630, 'yadgenn'))
2025-01-06 20:44:56,417 operation functools.partial(<built-in method execute of sqlite3.Connection object at 0x7f3653e2df30>, 'SELECT topic_id FROM users WHERE chat_id = ? AND user_name = ?', (5434361630, 'yadgenn')) completed
2025-01-06 20:44:56,417 executing functools.partial(<built-in method fetchone of sqlite3.Cursor object at 0x7f3653be8a40>)
2025-01-06 20:44:56,417 operation functools.partial(<built-in method fetchone of sqlite3.Cursor object at 0x7f3653be8a40>) completed
2025-01-06 20:44:56,417 executing functools.partial(<built-in method close of sqlite3.Cursor object at 0x7f3653be8a40>)
2025-01-06 20:44:56,418 operation functools.partial(<built-in method close of sqlite3.Cursor object at 0x7f3653be8a40>) completed
2025-01-06 20:44:57,797 Looking for jobs to run
2025-01-06 20:44:57,797 Next wakeup is due at 2025-01-06 20:45:02.796335+05:00 (in 4.998549 seconds)
2025-01-06 20:44:57,797 Running job "checker (trigger: interval[0:00:05], next run at: 2025-01-06 20:45:02 +05)" (scheduled at 2025-01-06 20:44:57.796335+05:00)
2025-01-06 20:44:57,798 Job "checker (trigger: interval[0:00:05], next run at: 2025-01-06 20:45:02 +05)" executed successfully
2025-01-06 20:45:02,802 Looking for jobs to run
2025-01-06 20:45:02,804 Next wakeup is due at 2025-01-06 20:45:07.796335+05:00 (in 4.992083 seconds)
2025-01-06 20:45:02,804 Running job "checker (trigger: interval[0:00:05], next run at: 2025-01-06 20:45:07 +05)" (scheduled at 2025-01-06 20:45:02.796335+05:00)
2025-01-06 20:45:02,804 Job "checker (trigger: interval[0:00:05], next run at: 2025-01-06 20:45:07 +05)" executed successfully
2025-01-06 20:45:07,799 Looking for jobs to run
2025-01-06 20:45:07,800 Next wakeup is due at 2025-01-06 20:45:12.796335+05:00 (in 4.996087 seconds)
2025-01-06 20:45:07,800 Running job "checker (trigger: interval[0:00:05], next run at: 2025-01-06 20:45:12 +05)" (scheduled at 2025-01-06 20:45:07.796335+05:00)
2025-01-06 20:45:07,800 Job "checker (trigger: interval[0:00:05], next run at: 2025-01-06 20:45:12 +05)" executed successfully
2025-01-06 20:45:12,801 Looking for jobs to run
2025-01-06 20:45:12,802 Next wakeup is due at 2025-01-06 20:45:17.796335+05:00 (in 4.994118 seconds)
2025-01-06 20:45:12,802 Running job "checker (trigger: interval[0:00:05], next run at: 2025-01-06 20:45:17 +05)" (scheduled at 2025-01-06 20:45:12.796335+05:00)
2025-01-06 20:45:12,802 Job "checker (trigger: interval[0:00:05], next run at: 2025-01-06 20:45:17 +05)" executed successfully
2025-01-06 20:45:17,799 Looking for jobs to run
2025-01-06 20:45:17,800 Next wakeup is due at 2025-01-06 20:45:22.796335+05:00 (in 4.996215 seconds)
2025-01-06 20:45:17,800 Running job "checker (trigger: interval[0:00:05], next run at: 2025-01-06 20:45:22 +05)" (scheduled at 2025-01-06 20:45:17.796335+05:00)
2025-01-06 20:45:17,800 Job "checker (trigger: interval[0:00:05], next run at: 2025-01-06 20:45:22 +05)" executed successfully
2025-01-06 20:45:22,800 Looking for jobs to run
2025-01-06 20:45:22,802 Next wakeup is due at 2025-01-06 20:45:27.796335+05:00 (in 4.994160 seconds)
2025-01-06 20:45:22,803 Running job "checker (trigger: interval[0:00:05], next run at: 2025-01-06 20:45:27 +05)" (scheduled at 2025-01-06 20:45:22.796335+05:00)
2025-01-06 20:45:22,803 Job "checker (trigger: interval[0:00:05], next run at: 2025-01-06 20:45:27 +05)" executed successfully
2025-01-06 20:45:27,804 Looking for jobs to run
2025-01-06 20:45:27,808 Next wakeup is due at 2025-01-06 20:45:32.796335+05:00 (in 4.987397 seconds)
2025-01-06 20:45:27,809 Running job "checker (trigger: interval[0:00:05], next run at: 2025-01-06 20:45:32 +05)" (scheduled at 2025-01-06 20:45:27.796335+05:00)
2025-01-06 20:45:27,810 Job "checker (trigger: interval[0:00:05], next run at: 2025-01-06 20:45:32 +05)" executed successfully
2025-01-06 20:45:32,808 Looking for jobs to run
2025-01-06 20:45:32,813 Next wakeup is due at 2025-01-06 20:45:37.796335+05:00 (in 4.982427 seconds)
2025-01-06 20:45:32,815 Running job "checker (trigger: interval[0:00:05], next run at: 2025-01-06 20:45:37 +05)" (scheduled at 2025-01-06 20:45:32.796335+05:00)
2025-01-06 20:45:32,815 Job "checker (trigger: interval[0:00:05], next run at: 2025-01-06 20:45:37 +05)" executed successfully
2025-01-06 20:45:37,797 Looking for jobs to run
2025-01-06 20:45:37,799 Next wakeup is due at 2025-01-06 20:45:42.796335+05:00 (in 4.997097 seconds)
2025-01-06 20:45:37,799 Running job "checker (trigger: interval[0:00:05], next run at: 2025-01-06 20:45:42 +05)" (scheduled at 2025-01-06 20:45:37.796335+05:00)
2025-01-06 20:45:37,800 Job "checker (trigger: interval[0:00:05], next run at: 2025-01-06 20:45:42 +05)" executed successfully
2025-01-06 20:45:41,019 Infinity polling: polling exited
2025-01-06 20:45:41,027 Break infinity polling
