2025-01-11 18:37:00,830 Adding job tentatively -- it will be properly scheduled when the scheduler starts
2025-01-11 18:37:00,837 Added job "checker" to job store "default"
2025-01-11 18:37:00,838 Scheduler started
2025-01-11 18:37:00,852 Looking for jobs to run
2025-01-11 18:37:00,852 Next wakeup is due at 2025-01-11 18:37:05.830171+05:00 (in 4.977397 seconds)
2025-01-11 18:37:02,213 executing <function connect.<locals>.connector at 0x7f393c5d1da0>
2025-01-11 18:37:02,216 operation <function connect.<locals>.connector at 0x7f393c5d1da0> completed
2025-01-11 18:37:02,217 executing functools.partial(<built-in method execute of sqlite3.Connection object at 0x7f393c7adf30>, 'PRAGMA foreign_keys = ON', [])
2025-01-11 18:37:02,223 operation functools.partial(<built-in method execute of sqlite3.Connection object at 0x7f393c7adf30>, 'PRAGMA foreign_keys = ON', []) completed
2025-01-11 18:37:02,223 executing functools.partial(<built-in method execute of sqlite3.Connection object at 0x7f393c7adf30>, '\n            CREATE TABLE IF NOT EXISTS users (\n                chat_id INTEGER,\n                topic_id INTEGER,\n                user_name TEXT,\n                PRIMARY KEY (chat_id, topic_id)\n            )\n        ', [])
2025-01-11 18:37:02,231 operation functools.partial(<built-in method execute of sqlite3.Connection object at 0x7f393c7adf30>, '\n            CREATE TABLE IF NOT EXISTS users (\n                chat_id INTEGER,\n                topic_id INTEGER,\n                user_name TEXT,\n                PRIMARY KEY (chat_id, topic_id)\n            )\n        ', []) completed
2025-01-11 18:37:02,231 executing functools.partial(<built-in method execute of sqlite3.Connection object at 0x7f393c7adf30>, '\n            CREATE TABLE IF NOT EXISTS group_messages (\n                topic_id INTEGER,\n                message_id INTEGER,\n                local_id INTEGER,\n                PRIMARY KEY (topic_id, local_id)\n            )\n        ', [])
2025-01-11 18:37:02,231 operation functools.partial(<built-in method execute of sqlite3.Connection object at 0x7f393c7adf30>, '\n            CREATE TABLE IF NOT EXISTS group_messages (\n                topic_id INTEGER,\n                message_id INTEGER,\n                local_id INTEGER,\n                PRIMARY KEY (topic_id, local_id)\n            )\n        ', []) completed
2025-01-11 18:37:02,231 executing functools.partial(<built-in method execute of sqlite3.Connection object at 0x7f393c7adf30>, '\n            CREATE TABLE IF NOT EXISTS private_messages (\n                chat_id INTEGER,\n                message_id INTEGER,\n                local_id INTEGER,\n                PRIMARY KEY (chat_id, local_id)\n            )\n        ', [])
2025-01-11 18:37:02,231 operation functools.partial(<built-in method execute of sqlite3.Connection object at 0x7f393c7adf30>, '\n            CREATE TABLE IF NOT EXISTS private_messages (\n                chat_id INTEGER,\n                message_id INTEGER,\n                local_id INTEGER,\n                PRIMARY KEY (chat_id, local_id)\n            )\n        ', []) completed
2025-01-11 18:37:02,232 executing functools.partial(<built-in method execute of sqlite3.Connection object at 0x7f393c7adf30>, '\n            CREATE TABLE IF NOT EXISTS message_reactions (\n                chat_id INTEGER,\n                message_id INTEGER,\n                user_id INTEGER,\n                reaction TEXT,\n                PRIMARY KEY (chat_id, message_id, user_id)\n            )\n        ', [])
2025-01-11 18:37:02,232 operation functools.partial(<built-in method execute of sqlite3.Connection object at 0x7f393c7adf30>, '\n            CREATE TABLE IF NOT EXISTS message_reactions (\n                chat_id INTEGER,\n                message_id INTEGER,\n                user_id INTEGER,\n                reaction TEXT,\n                PRIMARY KEY (chat_id, message_id, user_id)\n            )\n        ', []) completed
2025-01-11 18:37:02,232 executing functools.partial(<built-in method commit of sqlite3.Connection object at 0x7f393c7adf30>)
2025-01-11 18:37:02,232 operation functools.partial(<built-in method commit of sqlite3.Connection object at 0x7f393c7adf30>) completed
2025-01-11 18:37:02,232 executing functools.partial(<built-in method execute of sqlite3.Connection object at 0x7f393c7adf30>, 'SELECT topic_id FROM users WHERE chat_id = ?', (5434361630,))
2025-01-11 18:37:02,232 operation functools.partial(<built-in method execute of sqlite3.Connection object at 0x7f393c7adf30>, 'SELECT topic_id FROM users WHERE chat_id = ?', (5434361630,)) completed
2025-01-11 18:37:02,232 executing functools.partial(<built-in method fetchone of sqlite3.Cursor object at 0x7f393c571340>)
2025-01-11 18:37:02,232 operation functools.partial(<built-in method fetchone of sqlite3.Cursor object at 0x7f393c571340>) completed
2025-01-11 18:37:02,232 executing functools.partial(<built-in method close of sqlite3.Cursor object at 0x7f393c571340>)
2025-01-11 18:37:02,232 operation functools.partial(<built-in method close of sqlite3.Cursor object at 0x7f393c571340>) completed
2025-01-11 18:37:02,233 executing <function connect.<locals>.connector at 0x7f393c5d0a40>
2025-01-11 18:37:02,234 operation <function connect.<locals>.connector at 0x7f393c5d0a40> completed
2025-01-11 18:37:02,234 executing functools.partial(<built-in method execute of sqlite3.Connection object at 0x7f393c7ae200>, 'PRAGMA foreign_keys = ON', [])
2025-01-11 18:37:02,234 operation functools.partial(<built-in method execute of sqlite3.Connection object at 0x7f393c7ae200>, 'PRAGMA foreign_keys = ON', []) completed
2025-01-11 18:37:02,235 executing functools.partial(<built-in method execute of sqlite3.Connection object at 0x7f393c7ae200>, '\n            CREATE TABLE IF NOT EXISTS users (\n                chat_id INTEGER,\n                topic_id INTEGER,\n                user_name TEXT,\n                PRIMARY KEY (chat_id, topic_id)\n            )\n        ', [])
2025-01-11 18:37:02,235 operation functools.partial(<built-in method execute of sqlite3.Connection object at 0x7f393c7ae200>, '\n            CREATE TABLE IF NOT EXISTS users (\n                chat_id INTEGER,\n                topic_id INTEGER,\n                user_name TEXT,\n                PRIMARY KEY (chat_id, topic_id)\n            )\n        ', []) completed
2025-01-11 18:37:02,235 executing functools.partial(<built-in method execute of sqlite3.Connection object at 0x7f393c7ae200>, '\n            CREATE TABLE IF NOT EXISTS group_messages (\n                topic_id INTEGER,\n                message_id INTEGER,\n                local_id INTEGER,\n                PRIMARY KEY (topic_id, local_id)\n            )\n        ', [])
2025-01-11 18:37:02,235 operation functools.partial(<built-in method execute of sqlite3.Connection object at 0x7f393c7ae200>, '\n            CREATE TABLE IF NOT EXISTS group_messages (\n                topic_id INTEGER,\n                message_id INTEGER,\n                local_id INTEGER,\n                PRIMARY KEY (topic_id, local_id)\n            )\n        ', []) completed
2025-01-11 18:37:02,235 executing functools.partial(<built-in method execute of sqlite3.Connection object at 0x7f393c7ae200>, '\n            CREATE TABLE IF NOT EXISTS private_messages (\n                chat_id INTEGER,\n                message_id INTEGER,\n                local_id INTEGER,\n                PRIMARY KEY (chat_id, local_id)\n            )\n        ', [])
2025-01-11 18:37:02,235 operation functools.partial(<built-in method execute of sqlite3.Connection object at 0x7f393c7ae200>, '\n            CREATE TABLE IF NOT EXISTS private_messages (\n                chat_id INTEGER,\n                message_id INTEGER,\n                local_id INTEGER,\n                PRIMARY KEY (chat_id, local_id)\n            )\n        ', []) completed
2025-01-11 18:37:02,235 executing functools.partial(<built-in method commit of sqlite3.Connection object at 0x7f393c7ae200>)
2025-01-11 18:37:02,235 operation functools.partial(<built-in method commit of sqlite3.Connection object at 0x7f393c7ae200>) completed
2025-01-11 18:37:02,236 executing functools.partial(<built-in method execute of sqlite3.Connection object at 0x7f393c7ae200>, 'SELECT topic_id FROM users WHERE chat_id = ?', (5434361630,))
2025-01-11 18:37:02,236 operation functools.partial(<built-in method execute of sqlite3.Connection object at 0x7f393c7ae200>, 'SELECT topic_id FROM users WHERE chat_id = ?', (5434361630,)) completed
2025-01-11 18:37:02,236 executing functools.partial(<built-in method fetchone of sqlite3.Cursor object at 0x7f393c5713c0>)
2025-01-11 18:37:02,236 operation functools.partial(<built-in method fetchone of sqlite3.Cursor object at 0x7f393c5713c0>) completed
2025-01-11 18:37:02,236 executing functools.partial(<built-in method close of sqlite3.Cursor object at 0x7f393c5713c0>)
2025-01-11 18:37:02,236 operation functools.partial(<built-in method close of sqlite3.Cursor object at 0x7f393c5713c0>) completed
2025-01-11 18:37:02,710 executing functools.partial(<built-in method execute of sqlite3.Connection object at 0x7f393c7ae200>, 'SELECT topic_id FROM users WHERE chat_id = ?', (5434361630,))
2025-01-11 18:37:02,710 operation functools.partial(<built-in method execute of sqlite3.Connection object at 0x7f393c7ae200>, 'SELECT topic_id FROM users WHERE chat_id = ?', (5434361630,)) completed
2025-01-11 18:37:02,710 executing functools.partial(<built-in method fetchone of sqlite3.Cursor object at 0x7f393c5713c0>)
2025-01-11 18:37:02,711 operation functools.partial(<built-in method fetchone of sqlite3.Cursor object at 0x7f393c5713c0>) completed
2025-01-11 18:37:02,711 executing functools.partial(<built-in method close of sqlite3.Cursor object at 0x7f393c5713c0>)
2025-01-11 18:37:02,711 operation functools.partial(<built-in method close of sqlite3.Cursor object at 0x7f393c5713c0>) completed
2025-01-11 18:37:02,711 executing functools.partial(<built-in method execute of sqlite3.Connection object at 0x7f393c7ae200>, 'SELECT MAX(local_id) FROM group_messages WHERE topic_id = ?', (186,))
2025-01-11 18:37:02,711 operation functools.partial(<built-in method execute of sqlite3.Connection object at 0x7f393c7ae200>, 'SELECT MAX(local_id) FROM group_messages WHERE topic_id = ?', (186,)) completed
2025-01-11 18:37:02,711 executing functools.partial(<built-in method fetchone of sqlite3.Cursor object at 0x7f393c5713c0>)
2025-01-11 18:37:02,711 operation functools.partial(<built-in method fetchone of sqlite3.Cursor object at 0x7f393c5713c0>) completed
2025-01-11 18:37:02,712 executing functools.partial(<built-in method close of sqlite3.Cursor object at 0x7f393c5713c0>)
2025-01-11 18:37:02,712 operation functools.partial(<built-in method close of sqlite3.Cursor object at 0x7f393c5713c0>) completed
2025-01-11 18:37:02,712 executing functools.partial(<built-in method execute of sqlite3.Connection object at 0x7f393c7ae200>, '\n                    INSERT INTO group_messages (topic_id, message_id, local_id)\n                    VALUES (?, ?, ?)\n                ', (186, 1549, 6))
2025-01-11 18:37:02,713 operation functools.partial(<built-in method execute of sqlite3.Connection object at 0x7f393c7ae200>, '\n                    INSERT INTO group_messages (topic_id, message_id, local_id)\n                    VALUES (?, ?, ?)\n                ', (186, 1549, 6)) completed
2025-01-11 18:37:02,714 executing functools.partial(<built-in method execute of sqlite3.Connection object at 0x7f393c7ae200>, 'SELECT MAX(local_id) FROM private_messages WHERE chat_id = ?', (5434361630,))
2025-01-11 18:37:02,715 operation functools.partial(<built-in method execute of sqlite3.Connection object at 0x7f393c7ae200>, 'SELECT MAX(local_id) FROM private_messages WHERE chat_id = ?', (5434361630,)) completed
2025-01-11 18:37:02,716 executing functools.partial(<built-in method fetchone of sqlite3.Cursor object at 0x7f393c567640>)
2025-01-11 18:37:02,716 operation functools.partial(<built-in method fetchone of sqlite3.Cursor object at 0x7f393c567640>) completed
2025-01-11 18:37:02,716 executing functools.partial(<built-in method close of sqlite3.Cursor object at 0x7f393c567640>)
2025-01-11 18:37:02,716 operation functools.partial(<built-in method close of sqlite3.Cursor object at 0x7f393c567640>) completed
2025-01-11 18:37:02,716 executing functools.partial(<built-in method execute of sqlite3.Connection object at 0x7f393c7ae200>, '\n                    INSERT INTO private_messages (chat_id, message_id, local_id)\n                    VALUES (?, ?, ?)\n                ', (5434361630, 23459, 39))
2025-01-11 18:37:02,719 operation functools.partial(<built-in method execute of sqlite3.Connection object at 0x7f393c7ae200>, '\n                    INSERT INTO private_messages (chat_id, message_id, local_id)\n                    VALUES (?, ?, ?)\n                ', (5434361630, 23459, 39)) completed
2025-01-11 18:37:02,720 executing functools.partial(<built-in method commit of sqlite3.Connection object at 0x7f393c7ae200>)
2025-01-11 18:37:02,727 operation functools.partial(<built-in method commit of sqlite3.Connection object at 0x7f393c7ae200>) completed
2025-01-11 18:37:05,833 Looking for jobs to run
2025-01-11 18:37:05,834 Next wakeup is due at 2025-01-11 18:37:10.830171+05:00 (in 4.995642 seconds)
2025-01-11 18:37:05,834 Running job "checker (trigger: interval[0:00:05], next run at: 2025-01-11 18:37:10 +05)" (scheduled at 2025-01-11 18:37:05.830171+05:00)
2025-01-11 18:37:05,835 Job "checker (trigger: interval[0:00:05], next run at: 2025-01-11 18:37:10 +05)" executed successfully
2025-01-11 18:37:10,834 Looking for jobs to run
2025-01-11 18:37:10,836 Next wakeup is due at 2025-01-11 18:37:15.830171+05:00 (in 4.994165 seconds)
2025-01-11 18:37:10,836 Running job "checker (trigger: interval[0:00:05], next run at: 2025-01-11 18:37:15 +05)" (scheduled at 2025-01-11 18:37:10.830171+05:00)
2025-01-11 18:37:10,836 Job "checker (trigger: interval[0:00:05], next run at: 2025-01-11 18:37:15 +05)" executed successfully
2025-01-11 18:37:15,835 Looking for jobs to run
2025-01-11 18:37:15,836 Next wakeup is due at 2025-01-11 18:37:20.830171+05:00 (in 4.993991 seconds)
2025-01-11 18:37:15,836 Running job "checker (trigger: interval[0:00:05], next run at: 2025-01-11 18:37:20 +05)" (scheduled at 2025-01-11 18:37:15.830171+05:00)
2025-01-11 18:37:15,836 Job "checker (trigger: interval[0:00:05], next run at: 2025-01-11 18:37:20 +05)" executed successfully
2025-01-11 18:37:20,834 Looking for jobs to run
2025-01-11 18:37:20,835 Next wakeup is due at 2025-01-11 18:37:25.830171+05:00 (in 4.994258 seconds)
2025-01-11 18:37:20,836 Running job "checker (trigger: interval[0:00:05], next run at: 2025-01-11 18:37:25 +05)" (scheduled at 2025-01-11 18:37:20.830171+05:00)
2025-01-11 18:37:20,836 Job "checker (trigger: interval[0:00:05], next run at: 2025-01-11 18:37:25 +05)" executed successfully
2025-01-11 18:37:25,834 Looking for jobs to run
2025-01-11 18:37:25,835 Next wakeup is due at 2025-01-11 18:37:30.830171+05:00 (in 4.994669 seconds)
2025-01-11 18:37:25,835 Running job "checker (trigger: interval[0:00:05], next run at: 2025-01-11 18:37:30 +05)" (scheduled at 2025-01-11 18:37:25.830171+05:00)
2025-01-11 18:37:25,835 Job "checker (trigger: interval[0:00:05], next run at: 2025-01-11 18:37:30 +05)" executed successfully
2025-01-11 18:37:30,834 Looking for jobs to run
2025-01-11 18:37:30,835 Next wakeup is due at 2025-01-11 18:37:35.830171+05:00 (in 4.994824 seconds)
2025-01-11 18:37:30,835 Running job "checker (trigger: interval[0:00:05], next run at: 2025-01-11 18:37:35 +05)" (scheduled at 2025-01-11 18:37:30.830171+05:00)
2025-01-11 18:37:30,835 Job "checker (trigger: interval[0:00:05], next run at: 2025-01-11 18:37:35 +05)" executed successfully
2025-01-11 18:37:35,834 Looking for jobs to run
2025-01-11 18:37:35,834 Next wakeup is due at 2025-01-11 18:37:40.830171+05:00 (in 4.995207 seconds)
2025-01-11 18:37:35,835 Running job "checker (trigger: interval[0:00:05], next run at: 2025-01-11 18:37:40 +05)" (scheduled at 2025-01-11 18:37:35.830171+05:00)
2025-01-11 18:37:35,835 Job "checker (trigger: interval[0:00:05], next run at: 2025-01-11 18:37:40 +05)" executed successfully
2025-01-11 18:37:40,834 Looking for jobs to run
2025-01-11 18:37:40,835 Next wakeup is due at 2025-01-11 18:37:45.830171+05:00 (in 4.994685 seconds)
2025-01-11 18:37:40,835 Running job "checker (trigger: interval[0:00:05], next run at: 2025-01-11 18:37:45 +05)" (scheduled at 2025-01-11 18:37:40.830171+05:00)
2025-01-11 18:37:40,835 Job "checker (trigger: interval[0:00:05], next run at: 2025-01-11 18:37:45 +05)" executed successfully
2025-01-11 18:37:41,652 Infinity polling: polling exited
2025-01-11 18:37:41,655 Break infinity polling
