2025-01-06 15:41:36,619 Adding job tentatively -- it will be properly scheduled when the scheduler starts
2025-01-06 15:41:36,619 Added job "checker" to job store "default"
2025-01-06 15:41:36,620 Scheduler started
2025-01-06 15:41:36,634 Looking for jobs to run
2025-01-06 15:41:36,634 Next wakeup is due at 2025-01-06 15:41:41.618843+05:00 (in 4.984367 seconds)
2025-01-06 15:41:39,273 executing <function connect.<locals>.connector at 0x7fa405d26160>
2025-01-06 15:41:39,276 operation <function connect.<locals>.connector at 0x7fa405d26160> completed
2025-01-06 15:41:39,276 executing functools.partial(<built-in method execute of sqlite3.Connection object at 0x7fa405ce1d50>, 'SELECT topic_id FROM users WHERE chat_id = ?', (5434361630,))
2025-01-06 15:41:39,279 operation functools.partial(<built-in method execute of sqlite3.Connection object at 0x7fa405ce1d50>, 'SELECT topic_id FROM users WHERE chat_id = ?', (5434361630,)) completed
2025-01-06 15:41:39,280 executing functools.partial(<built-in method fetchone of sqlite3.Cursor object at 0x7fa405d38140>)
2025-01-06 15:41:39,280 operation functools.partial(<built-in method fetchone of sqlite3.Cursor object at 0x7fa405d38140>) completed
2025-01-06 15:41:39,280 executing functools.partial(<built-in method close of sqlite3.Cursor object at 0x7fa405d38140>)
2025-01-06 15:41:39,280 operation functools.partial(<built-in method close of sqlite3.Cursor object at 0x7fa405d38140>) completed
2025-01-06 15:41:39,280 executing <function connect.<locals>.connector at 0x7fa405d27600>
2025-01-06 15:41:39,281 operation <function connect.<locals>.connector at 0x7fa405d27600> completed
2025-01-06 15:41:39,281 executing functools.partial(<built-in method execute of sqlite3.Connection object at 0x7fa405ce2110>, 'PRAGMA foreign_keys = ON', [])
2025-01-06 15:41:39,281 operation functools.partial(<built-in method execute of sqlite3.Connection object at 0x7fa405ce2110>, 'PRAGMA foreign_keys = ON', []) completed
2025-01-06 15:41:39,281 executing functools.partial(<built-in method execute of sqlite3.Connection object at 0x7fa405ce2110>, '\n            CREATE TABLE IF NOT EXISTS users (\n                chat_id INTEGER,\n                topic_id INTEGER,\n                user_name TEXT,\n                PRIMARY KEY (chat_id, topic_id)\n            )\n        ', [])
2025-01-06 15:41:39,281 operation functools.partial(<built-in method execute of sqlite3.Connection object at 0x7fa405ce2110>, '\n            CREATE TABLE IF NOT EXISTS users (\n                chat_id INTEGER,\n                topic_id INTEGER,\n                user_name TEXT,\n                PRIMARY KEY (chat_id, topic_id)\n            )\n        ', []) completed
2025-01-06 15:41:39,284 executing functools.partial(<built-in method execute of sqlite3.Connection object at 0x7fa405ce2110>, '\n            CREATE TABLE IF NOT EXISTS group_messages (\n                topic_id INTEGER,\n                message_id INTEGER,\n                local_id INTEGER,\n                PRIMARY KEY (topic_id, local_id)\n            )\n        ', [])
2025-01-06 15:41:39,285 operation functools.partial(<built-in method execute of sqlite3.Connection object at 0x7fa405ce2110>, '\n            CREATE TABLE IF NOT EXISTS group_messages (\n                topic_id INTEGER,\n                message_id INTEGER,\n                local_id INTEGER,\n                PRIMARY KEY (topic_id, local_id)\n            )\n        ', []) completed
2025-01-06 15:41:39,285 executing functools.partial(<built-in method execute of sqlite3.Connection object at 0x7fa405ce2110>, '\n            CREATE TABLE IF NOT EXISTS private_messages (\n                chat_id INTEGER,\n                message_id INTEGER,\n                local_id INTEGER,\n                PRIMARY KEY (chat_id, local_id)\n            )\n        ', [])
2025-01-06 15:41:39,285 operation functools.partial(<built-in method execute of sqlite3.Connection object at 0x7fa405ce2110>, '\n            CREATE TABLE IF NOT EXISTS private_messages (\n                chat_id INTEGER,\n                message_id INTEGER,\n                local_id INTEGER,\n                PRIMARY KEY (chat_id, local_id)\n            )\n        ', []) completed
2025-01-06 15:41:39,285 executing functools.partial(<built-in method commit of sqlite3.Connection object at 0x7fa405ce2110>)
2025-01-06 15:41:39,285 operation functools.partial(<built-in method commit of sqlite3.Connection object at 0x7fa405ce2110>) completed
2025-01-06 15:41:39,285 executing functools.partial(<built-in method execute of sqlite3.Connection object at 0x7fa405ce2110>, 'SELECT topic_id FROM users WHERE chat_id = ? AND user_name = ?', (5434361630, 'yadgenn'))
2025-01-06 15:41:39,286 operation functools.partial(<built-in method execute of sqlite3.Connection object at 0x7fa405ce2110>, 'SELECT topic_id FROM users WHERE chat_id = ? AND user_name = ?', (5434361630, 'yadgenn')) completed
2025-01-06 15:41:39,286 executing functools.partial(<built-in method fetchone of sqlite3.Cursor object at 0x7fa405d38940>)
2025-01-06 15:41:39,286 operation functools.partial(<built-in method fetchone of sqlite3.Cursor object at 0x7fa405d38940>) completed
2025-01-06 15:41:39,286 executing functools.partial(<built-in method close of sqlite3.Cursor object at 0x7fa405d38940>)
2025-01-06 15:41:39,286 operation functools.partial(<built-in method close of sqlite3.Cursor object at 0x7fa405d38940>) completed
2025-01-06 15:41:41,619 Looking for jobs to run
2025-01-06 15:41:41,620 Next wakeup is due at 2025-01-06 15:41:46.618843+05:00 (in 4.997998 seconds)
2025-01-06 15:41:41,621 Running job "checker (trigger: interval[0:00:05], next run at: 2025-01-06 15:41:46 +05)" (scheduled at 2025-01-06 15:41:41.618843+05:00)
2025-01-06 15:41:41,621 Job "checker (trigger: interval[0:00:05], next run at: 2025-01-06 15:41:46 +05)" executed successfully
2025-01-06 15:41:41,728 executing functools.partial(<built-in method execute of sqlite3.Connection object at 0x7fa405ce2110>, 'SELECT topic_id FROM users WHERE chat_id = ?', (5434361630,))
2025-01-06 15:41:41,728 operation functools.partial(<built-in method execute of sqlite3.Connection object at 0x7fa405ce2110>, 'SELECT topic_id FROM users WHERE chat_id = ?', (5434361630,)) completed
2025-01-06 15:41:41,728 executing functools.partial(<built-in method fetchone of sqlite3.Cursor object at 0x7fa405d38940>)
2025-01-06 15:41:41,729 operation functools.partial(<built-in method fetchone of sqlite3.Cursor object at 0x7fa405d38940>) completed
2025-01-06 15:41:41,729 executing functools.partial(<built-in method close of sqlite3.Cursor object at 0x7fa405d38940>)
2025-01-06 15:41:41,729 operation functools.partial(<built-in method close of sqlite3.Cursor object at 0x7fa405d38940>) completed
2025-01-06 15:41:41,729 executing functools.partial(<built-in method execute of sqlite3.Connection object at 0x7fa405ce2110>, 'SELECT MAX(local_id) FROM group_messages WHERE topic_id = ?', (186,))
2025-01-06 15:41:41,729 operation functools.partial(<built-in method execute of sqlite3.Connection object at 0x7fa405ce2110>, 'SELECT MAX(local_id) FROM group_messages WHERE topic_id = ?', (186,)) completed
2025-01-06 15:41:41,730 executing functools.partial(<built-in method fetchone of sqlite3.Cursor object at 0x7fa405d38940>)
2025-01-06 15:41:41,730 operation functools.partial(<built-in method fetchone of sqlite3.Cursor object at 0x7fa405d38940>) completed
2025-01-06 15:41:41,730 executing functools.partial(<built-in method close of sqlite3.Cursor object at 0x7fa405d38940>)
2025-01-06 15:41:41,730 operation functools.partial(<built-in method close of sqlite3.Cursor object at 0x7fa405d38940>) completed
2025-01-06 15:41:41,730 executing functools.partial(<built-in method execute of sqlite3.Connection object at 0x7fa405ce2110>, '\n                    INSERT INTO group_messages (topic_id, message_id, local_id)\n                    VALUES (?, ?, ?)\n                ', (186, 1327, 347))
2025-01-06 15:41:41,731 operation functools.partial(<built-in method execute of sqlite3.Connection object at 0x7fa405ce2110>, '\n                    INSERT INTO group_messages (topic_id, message_id, local_id)\n                    VALUES (?, ?, ?)\n                ', (186, 1327, 347)) completed
2025-01-06 15:41:41,731 executing functools.partial(<built-in method execute of sqlite3.Connection object at 0x7fa405ce2110>, 'SELECT MAX(local_id) FROM private_messages WHERE chat_id = ?', (5434361630,))
2025-01-06 15:41:41,732 operation functools.partial(<built-in method execute of sqlite3.Connection object at 0x7fa405ce2110>, 'SELECT MAX(local_id) FROM private_messages WHERE chat_id = ?', (5434361630,)) completed
2025-01-06 15:41:41,732 executing functools.partial(<built-in method fetchone of sqlite3.Cursor object at 0x7fa405d399c0>)
2025-01-06 15:41:41,732 operation functools.partial(<built-in method fetchone of sqlite3.Cursor object at 0x7fa405d399c0>) completed
2025-01-06 15:41:41,732 executing functools.partial(<built-in method close of sqlite3.Cursor object at 0x7fa405d399c0>)
2025-01-06 15:41:41,732 operation functools.partial(<built-in method close of sqlite3.Cursor object at 0x7fa405d399c0>) completed
2025-01-06 15:41:41,732 executing functools.partial(<built-in method execute of sqlite3.Connection object at 0x7fa405ce2110>, '\n                    INSERT INTO private_messages (chat_id, message_id, local_id)\n                    VALUES (?, ?, ?)\n                ', (5434361630, 23181, 347))
2025-01-06 15:41:41,733 operation functools.partial(<built-in method execute of sqlite3.Connection object at 0x7fa405ce2110>, '\n                    INSERT INTO private_messages (chat_id, message_id, local_id)\n                    VALUES (?, ?, ?)\n                ', (5434361630, 23181, 347)) completed
2025-01-06 15:41:41,734 executing functools.partial(<built-in method commit of sqlite3.Connection object at 0x7fa405ce2110>)
2025-01-06 15:41:41,737 operation functools.partial(<built-in method commit of sqlite3.Connection object at 0x7fa405ce2110>) completed
2025-01-06 15:41:46,620 Looking for jobs to run
2025-01-06 15:41:46,620 Next wakeup is due at 2025-01-06 15:41:51.618843+05:00 (in 4.997965 seconds)
2025-01-06 15:41:46,621 Running job "checker (trigger: interval[0:00:05], next run at: 2025-01-06 15:41:51 +05)" (scheduled at 2025-01-06 15:41:46.618843+05:00)
2025-01-06 15:41:46,621 Job "checker (trigger: interval[0:00:05], next run at: 2025-01-06 15:41:51 +05)" executed successfully
2025-01-06 15:41:51,624 Looking for jobs to run
2025-01-06 15:41:51,624 Next wakeup is due at 2025-01-06 15:41:56.618843+05:00 (in 4.994021 seconds)
2025-01-06 15:41:51,625 Running job "checker (trigger: interval[0:00:05], next run at: 2025-01-06 15:41:56 +05)" (scheduled at 2025-01-06 15:41:51.618843+05:00)
2025-01-06 15:41:51,625 Job "checker (trigger: interval[0:00:05], next run at: 2025-01-06 15:41:56 +05)" executed successfully
2025-01-06 15:41:56,623 Looking for jobs to run
2025-01-06 15:41:56,623 Next wakeup is due at 2025-01-06 15:42:01.618843+05:00 (in 4.995186 seconds)
2025-01-06 15:41:56,623 Running job "checker (trigger: interval[0:00:05], next run at: 2025-01-06 15:42:01 +05)" (scheduled at 2025-01-06 15:41:56.618843+05:00)
2025-01-06 15:41:56,624 Job "checker (trigger: interval[0:00:05], next run at: 2025-01-06 15:42:01 +05)" executed successfully
2025-01-06 15:42:01,620 Looking for jobs to run
2025-01-06 15:42:01,621 Next wakeup is due at 2025-01-06 15:42:06.618843+05:00 (in 4.997618 seconds)
2025-01-06 15:42:01,621 Running job "checker (trigger: interval[0:00:05], next run at: 2025-01-06 15:42:06 +05)" (scheduled at 2025-01-06 15:42:01.618843+05:00)
2025-01-06 15:42:01,621 Job "checker (trigger: interval[0:00:05], next run at: 2025-01-06 15:42:06 +05)" executed successfully
2025-01-06 15:42:06,621 Looking for jobs to run
2025-01-06 15:42:06,622 Next wakeup is due at 2025-01-06 15:42:11.618843+05:00 (in 4.996718 seconds)
2025-01-06 15:42:06,622 Running job "checker (trigger: interval[0:00:05], next run at: 2025-01-06 15:42:11 +05)" (scheduled at 2025-01-06 15:42:06.618843+05:00)
2025-01-06 15:42:06,622 Job "checker (trigger: interval[0:00:05], next run at: 2025-01-06 15:42:11 +05)" executed successfully
2025-01-06 15:42:11,622 Looking for jobs to run
2025-01-06 15:42:11,622 Next wakeup is due at 2025-01-06 15:42:16.618843+05:00 (in 4.996052 seconds)
2025-01-06 15:42:11,623 Running job "checker (trigger: interval[0:00:05], next run at: 2025-01-06 15:42:16 +05)" (scheduled at 2025-01-06 15:42:11.618843+05:00)
2025-01-06 15:42:11,623 Job "checker (trigger: interval[0:00:05], next run at: 2025-01-06 15:42:16 +05)" executed successfully
2025-01-06 15:42:16,623 Looking for jobs to run
2025-01-06 15:42:16,624 Next wakeup is due at 2025-01-06 15:42:21.618843+05:00 (in 4.994578 seconds)
2025-01-06 15:42:16,624 Running job "checker (trigger: interval[0:00:05], next run at: 2025-01-06 15:42:21 +05)" (scheduled at 2025-01-06 15:42:16.618843+05:00)
2025-01-06 15:42:16,624 Job "checker (trigger: interval[0:00:05], next run at: 2025-01-06 15:42:21 +05)" executed successfully
2025-01-06 15:42:21,620 Looking for jobs to run
2025-01-06 15:42:21,621 Next wakeup is due at 2025-01-06 15:42:26.618843+05:00 (in 4.997786 seconds)
2025-01-06 15:42:21,621 Running job "checker (trigger: interval[0:00:05], next run at: 2025-01-06 15:42:26 +05)" (scheduled at 2025-01-06 15:42:21.618843+05:00)
2025-01-06 15:42:21,621 Job "checker (trigger: interval[0:00:05], next run at: 2025-01-06 15:42:26 +05)" executed successfully
2025-01-06 15:42:26,624 Looking for jobs to run
2025-01-06 15:42:26,625 Next wakeup is due at 2025-01-06 15:42:31.618843+05:00 (in 4.993416 seconds)
2025-01-06 15:42:26,625 Running job "checker (trigger: interval[0:00:05], next run at: 2025-01-06 15:42:31 +05)" (scheduled at 2025-01-06 15:42:26.618843+05:00)
2025-01-06 15:42:26,626 Job "checker (trigger: interval[0:00:05], next run at: 2025-01-06 15:42:31 +05)" executed successfully
2025-01-06 15:42:31,622 Looking for jobs to run
2025-01-06 15:42:31,623 Next wakeup is due at 2025-01-06 15:42:36.618843+05:00 (in 4.995745 seconds)
2025-01-06 15:42:31,623 Running job "checker (trigger: interval[0:00:05], next run at: 2025-01-06 15:42:36 +05)" (scheduled at 2025-01-06 15:42:31.618843+05:00)
2025-01-06 15:42:31,623 Job "checker (trigger: interval[0:00:05], next run at: 2025-01-06 15:42:36 +05)" executed successfully
2025-01-06 15:42:36,621 Looking for jobs to run
2025-01-06 15:42:36,622 Next wakeup is due at 2025-01-06 15:42:41.618843+05:00 (in 4.996805 seconds)
2025-01-06 15:42:36,622 Running job "checker (trigger: interval[0:00:05], next run at: 2025-01-06 15:42:41 +05)" (scheduled at 2025-01-06 15:42:36.618843+05:00)
2025-01-06 15:42:36,622 Job "checker (trigger: interval[0:00:05], next run at: 2025-01-06 15:42:41 +05)" executed successfully
2025-01-06 15:42:41,619 Looking for jobs to run
2025-01-06 15:42:41,620 Next wakeup is due at 2025-01-06 15:42:46.618843+05:00 (in 4.998334 seconds)
2025-01-06 15:42:41,620 Running job "checker (trigger: interval[0:00:05], next run at: 2025-01-06 15:42:46 +05)" (scheduled at 2025-01-06 15:42:41.618843+05:00)
2025-01-06 15:42:41,621 Job "checker (trigger: interval[0:00:05], next run at: 2025-01-06 15:42:46 +05)" executed successfully
2025-01-06 15:42:46,623 Looking for jobs to run
2025-01-06 15:42:46,624 Next wakeup is due at 2025-01-06 15:42:51.618843+05:00 (in 4.994492 seconds)
2025-01-06 15:42:46,624 Running job "checker (trigger: interval[0:00:05], next run at: 2025-01-06 15:42:51 +05)" (scheduled at 2025-01-06 15:42:46.618843+05:00)
2025-01-06 15:42:46,624 Job "checker (trigger: interval[0:00:05], next run at: 2025-01-06 15:42:51 +05)" executed successfully
2025-01-06 15:42:51,620 Looking for jobs to run
2025-01-06 15:42:51,621 Next wakeup is due at 2025-01-06 15:42:56.618843+05:00 (in 4.997814 seconds)
2025-01-06 15:42:51,621 Running job "checker (trigger: interval[0:00:05], next run at: 2025-01-06 15:42:56 +05)" (scheduled at 2025-01-06 15:42:51.618843+05:00)
2025-01-06 15:42:51,621 Job "checker (trigger: interval[0:00:05], next run at: 2025-01-06 15:42:56 +05)" executed successfully
2025-01-06 15:42:56,620 Looking for jobs to run
2025-01-06 15:42:56,620 Next wakeup is due at 2025-01-06 15:43:01.618843+05:00 (in 4.998041 seconds)
2025-01-06 15:42:56,620 Running job "checker (trigger: interval[0:00:05], next run at: 2025-01-06 15:43:01 +05)" (scheduled at 2025-01-06 15:42:56.618843+05:00)
2025-01-06 15:42:56,621 Job "checker (trigger: interval[0:00:05], next run at: 2025-01-06 15:43:01 +05)" executed successfully
2025-01-06 15:43:01,622 Looking for jobs to run
2025-01-06 15:43:01,622 Next wakeup is due at 2025-01-06 15:43:06.618843+05:00 (in 4.995925 seconds)
2025-01-06 15:43:01,623 Running job "checker (trigger: interval[0:00:05], next run at: 2025-01-06 15:43:06 +05)" (scheduled at 2025-01-06 15:43:01.618843+05:00)
2025-01-06 15:43:01,623 Job "checker (trigger: interval[0:00:05], next run at: 2025-01-06 15:43:06 +05)" executed successfully
2025-01-06 15:43:06,624 Looking for jobs to run
2025-01-06 15:43:06,625 Next wakeup is due at 2025-01-06 15:43:11.618843+05:00 (in 4.993796 seconds)
2025-01-06 15:43:06,625 Running job "checker (trigger: interval[0:00:05], next run at: 2025-01-06 15:43:11 +05)" (scheduled at 2025-01-06 15:43:06.618843+05:00)
2025-01-06 15:43:06,625 Job "checker (trigger: interval[0:00:05], next run at: 2025-01-06 15:43:11 +05)" executed successfully
2025-01-06 15:43:11,624 Looking for jobs to run
2025-01-06 15:43:11,625 Next wakeup is due at 2025-01-06 15:43:16.618843+05:00 (in 4.993654 seconds)
2025-01-06 15:43:11,625 Running job "checker (trigger: interval[0:00:05], next run at: 2025-01-06 15:43:16 +05)" (scheduled at 2025-01-06 15:43:11.618843+05:00)
2025-01-06 15:43:11,626 Job "checker (trigger: interval[0:00:05], next run at: 2025-01-06 15:43:16 +05)" executed successfully
2025-01-06 15:43:16,619 Looking for jobs to run
2025-01-06 15:43:16,620 Next wakeup is due at 2025-01-06 15:43:21.618843+05:00 (in 4.998435 seconds)
2025-01-06 15:43:16,620 Running job "checker (trigger: interval[0:00:05], next run at: 2025-01-06 15:43:21 +05)" (scheduled at 2025-01-06 15:43:16.618843+05:00)
2025-01-06 15:43:16,620 Job "checker (trigger: interval[0:00:05], next run at: 2025-01-06 15:43:21 +05)" executed successfully
2025-01-06 15:43:21,621 Looking for jobs to run
2025-01-06 15:43:21,621 Next wakeup is due at 2025-01-06 15:43:26.618843+05:00 (in 4.996963 seconds)
2025-01-06 15:43:21,622 Running job "checker (trigger: interval[0:00:05], next run at: 2025-01-06 15:43:26 +05)" (scheduled at 2025-01-06 15:43:21.618843+05:00)
2025-01-06 15:43:21,622 Job "checker (trigger: interval[0:00:05], next run at: 2025-01-06 15:43:26 +05)" executed successfully
2025-01-06 15:43:26,624 Looking for jobs to run
2025-01-06 15:43:26,625 Next wakeup is due at 2025-01-06 15:43:31.618843+05:00 (in 4.993727 seconds)
2025-01-06 15:43:26,625 Running job "checker (trigger: interval[0:00:05], next run at: 2025-01-06 15:43:31 +05)" (scheduled at 2025-01-06 15:43:26.618843+05:00)
2025-01-06 15:43:26,625 Job "checker (trigger: interval[0:00:05], next run at: 2025-01-06 15:43:31 +05)" executed successfully
2025-01-06 15:43:31,624 Looking for jobs to run
2025-01-06 15:43:31,625 Next wakeup is due at 2025-01-06 15:43:36.618843+05:00 (in 4.993362 seconds)
2025-01-06 15:43:31,626 Running job "checker (trigger: interval[0:00:05], next run at: 2025-01-06 15:43:36 +05)" (scheduled at 2025-01-06 15:43:31.618843+05:00)
2025-01-06 15:43:31,626 Job "checker (trigger: interval[0:00:05], next run at: 2025-01-06 15:43:36 +05)" executed successfully
2025-01-06 15:43:36,619 Looking for jobs to run
2025-01-06 15:43:36,620 Next wakeup is due at 2025-01-06 15:43:41.618843+05:00 (in 4.998201 seconds)
2025-01-06 15:43:36,620 Running job "checker (trigger: interval[0:00:05], next run at: 2025-01-06 15:43:41 +05)" (scheduled at 2025-01-06 15:43:36.618843+05:00)
2025-01-06 15:43:36,621 Job "checker (trigger: interval[0:00:05], next run at: 2025-01-06 15:43:41 +05)" executed successfully
2025-01-06 15:43:41,620 Looking for jobs to run
2025-01-06 15:43:41,621 Next wakeup is due at 2025-01-06 15:43:46.618843+05:00 (in 4.997769 seconds)
2025-01-06 15:43:41,621 Running job "checker (trigger: interval[0:00:05], next run at: 2025-01-06 15:43:46 +05)" (scheduled at 2025-01-06 15:43:41.618843+05:00)
2025-01-06 15:43:41,621 Job "checker (trigger: interval[0:00:05], next run at: 2025-01-06 15:43:46 +05)" executed successfully
2025-01-06 15:43:46,626 Looking for jobs to run
2025-01-06 15:43:46,627 Next wakeup is due at 2025-01-06 15:43:51.618843+05:00 (in 4.991467 seconds)
2025-01-06 15:43:46,627 Running job "checker (trigger: interval[0:00:05], next run at: 2025-01-06 15:43:51 +05)" (scheduled at 2025-01-06 15:43:46.618843+05:00)
2025-01-06 15:43:46,627 Job "checker (trigger: interval[0:00:05], next run at: 2025-01-06 15:43:51 +05)" executed successfully
2025-01-06 15:43:51,642 Looking for jobs to run
2025-01-06 15:43:51,642 Next wakeup is due at 2025-01-06 15:43:56.618843+05:00 (in 4.976206 seconds)
2025-01-06 15:43:51,646 Running job "checker (trigger: interval[0:00:05], next run at: 2025-01-06 15:43:56 +05)" (scheduled at 2025-01-06 15:43:51.618843+05:00)
2025-01-06 15:43:51,646 Job "checker (trigger: interval[0:00:05], next run at: 2025-01-06 15:43:56 +05)" executed successfully
2025-01-06 15:43:56,622 Looking for jobs to run
2025-01-06 15:43:56,623 Next wakeup is due at 2025-01-06 15:44:01.618843+05:00 (in 4.995245 seconds)
2025-01-06 15:43:56,623 Running job "checker (trigger: interval[0:00:05], next run at: 2025-01-06 15:44:01 +05)" (scheduled at 2025-01-06 15:43:56.618843+05:00)
2025-01-06 15:43:56,624 Job "checker (trigger: interval[0:00:05], next run at: 2025-01-06 15:44:01 +05)" executed successfully
2025-01-06 15:44:01,622 Looking for jobs to run
2025-01-06 15:44:01,623 Next wakeup is due at 2025-01-06 15:44:06.618843+05:00 (in 4.995542 seconds)
2025-01-06 15:44:01,623 Running job "checker (trigger: interval[0:00:05], next run at: 2025-01-06 15:44:06 +05)" (scheduled at 2025-01-06 15:44:01.618843+05:00)
2025-01-06 15:44:01,623 Job "checker (trigger: interval[0:00:05], next run at: 2025-01-06 15:44:06 +05)" executed successfully
2025-01-06 15:44:06,624 Looking for jobs to run
2025-01-06 15:44:06,626 Next wakeup is due at 2025-01-06 15:44:11.618843+05:00 (in 4.992854 seconds)
2025-01-06 15:44:06,626 Running job "checker (trigger: interval[0:00:05], next run at: 2025-01-06 15:44:11 +05)" (scheduled at 2025-01-06 15:44:06.618843+05:00)
2025-01-06 15:44:06,626 Job "checker (trigger: interval[0:00:05], next run at: 2025-01-06 15:44:11 +05)" executed successfully
2025-01-06 15:44:11,625 Looking for jobs to run
2025-01-06 15:44:11,627 Next wakeup is due at 2025-01-06 15:44:16.618843+05:00 (in 4.991313 seconds)
2025-01-06 15:44:11,628 Running job "checker (trigger: interval[0:00:05], next run at: 2025-01-06 15:44:16 +05)" (scheduled at 2025-01-06 15:44:11.618843+05:00)
2025-01-06 15:44:11,629 Job "checker (trigger: interval[0:00:05], next run at: 2025-01-06 15:44:16 +05)" executed successfully
2025-01-06 15:44:16,623 Looking for jobs to run
2025-01-06 15:44:16,625 Next wakeup is due at 2025-01-06 15:44:21.618843+05:00 (in 4.993948 seconds)
2025-01-06 15:44:16,625 Running job "checker (trigger: interval[0:00:05], next run at: 2025-01-06 15:44:21 +05)" (scheduled at 2025-01-06 15:44:16.618843+05:00)
2025-01-06 15:44:16,626 Job "checker (trigger: interval[0:00:05], next run at: 2025-01-06 15:44:21 +05)" executed successfully
2025-01-06 15:44:21,624 Looking for jobs to run
2025-01-06 15:44:21,628 Next wakeup is due at 2025-01-06 15:44:26.618843+05:00 (in 4.990240 seconds)
2025-01-06 15:44:21,631 Running job "checker (trigger: interval[0:00:05], next run at: 2025-01-06 15:44:26 +05)" (scheduled at 2025-01-06 15:44:21.618843+05:00)
2025-01-06 15:44:21,632 Job "checker (trigger: interval[0:00:05], next run at: 2025-01-06 15:44:26 +05)" executed successfully
2025-01-06 15:44:26,624 Looking for jobs to run
2025-01-06 15:44:26,625 Next wakeup is due at 2025-01-06 15:44:31.618843+05:00 (in 4.993584 seconds)
2025-01-06 15:44:26,625 Running job "checker (trigger: interval[0:00:05], next run at: 2025-01-06 15:44:31 +05)" (scheduled at 2025-01-06 15:44:26.618843+05:00)
2025-01-06 15:44:26,625 Job "checker (trigger: interval[0:00:05], next run at: 2025-01-06 15:44:31 +05)" executed successfully
2025-01-06 15:44:31,624 Looking for jobs to run
2025-01-06 15:44:31,625 Next wakeup is due at 2025-01-06 15:44:36.618843+05:00 (in 4.993627 seconds)
2025-01-06 15:44:31,625 Running job "checker (trigger: interval[0:00:05], next run at: 2025-01-06 15:44:36 +05)" (scheduled at 2025-01-06 15:44:31.618843+05:00)
2025-01-06 15:44:31,626 Job "checker (trigger: interval[0:00:05], next run at: 2025-01-06 15:44:36 +05)" executed successfully
2025-01-06 15:44:36,624 Looking for jobs to run
2025-01-06 15:44:36,624 Next wakeup is due at 2025-01-06 15:44:41.618843+05:00 (in 4.994063 seconds)
2025-01-06 15:44:36,624 Running job "checker (trigger: interval[0:00:05], next run at: 2025-01-06 15:44:41 +05)" (scheduled at 2025-01-06 15:44:36.618843+05:00)
2025-01-06 15:44:36,626 Job "checker (trigger: interval[0:00:05], next run at: 2025-01-06 15:44:41 +05)" executed successfully
2025-01-06 15:44:41,623 Looking for jobs to run
2025-01-06 15:44:41,624 Next wakeup is due at 2025-01-06 15:44:46.618843+05:00 (in 4.994315 seconds)
2025-01-06 15:44:41,624 Running job "checker (trigger: interval[0:00:05], next run at: 2025-01-06 15:44:46 +05)" (scheduled at 2025-01-06 15:44:41.618843+05:00)
2025-01-06 15:44:41,625 Job "checker (trigger: interval[0:00:05], next run at: 2025-01-06 15:44:46 +05)" executed successfully
2025-01-06 15:44:46,620 Looking for jobs to run
2025-01-06 15:44:46,620 Next wakeup is due at 2025-01-06 15:44:51.618843+05:00 (in 4.997884 seconds)
2025-01-06 15:44:46,621 Running job "checker (trigger: interval[0:00:05], next run at: 2025-01-06 15:44:51 +05)" (scheduled at 2025-01-06 15:44:46.618843+05:00)
2025-01-06 15:44:46,621 Job "checker (trigger: interval[0:00:05], next run at: 2025-01-06 15:44:51 +05)" executed successfully
2025-01-06 15:44:51,624 Looking for jobs to run
2025-01-06 15:44:51,626 Next wakeup is due at 2025-01-06 15:44:56.618843+05:00 (in 4.991966 seconds)
2025-01-06 15:44:51,627 Running job "checker (trigger: interval[0:00:05], next run at: 2025-01-06 15:44:56 +05)" (scheduled at 2025-01-06 15:44:51.618843+05:00)
2025-01-06 15:44:51,627 Job "checker (trigger: interval[0:00:05], next run at: 2025-01-06 15:44:56 +05)" executed successfully
2025-01-06 15:44:56,624 Looking for jobs to run
2025-01-06 15:44:56,624 Next wakeup is due at 2025-01-06 15:45:01.618843+05:00 (in 4.993939 seconds)
2025-01-06 15:44:56,625 Running job "checker (trigger: interval[0:00:05], next run at: 2025-01-06 15:45:01 +05)" (scheduled at 2025-01-06 15:44:56.618843+05:00)
2025-01-06 15:44:56,625 Job "checker (trigger: interval[0:00:05], next run at: 2025-01-06 15:45:01 +05)" executed successfully
2025-01-06 15:45:01,624 Looking for jobs to run
2025-01-06 15:45:01,625 Next wakeup is due at 2025-01-06 15:45:06.618843+05:00 (in 4.993742 seconds)
2025-01-06 15:45:01,625 Running job "checker (trigger: interval[0:00:05], next run at: 2025-01-06 15:45:06 +05)" (scheduled at 2025-01-06 15:45:01.618843+05:00)
2025-01-06 15:45:01,625 Job "checker (trigger: interval[0:00:05], next run at: 2025-01-06 15:45:06 +05)" executed successfully
2025-01-06 15:45:06,621 Looking for jobs to run
2025-01-06 15:45:06,622 Next wakeup is due at 2025-01-06 15:45:11.618843+05:00 (in 4.996787 seconds)
2025-01-06 15:45:06,622 Running job "checker (trigger: interval[0:00:05], next run at: 2025-01-06 15:45:11 +05)" (scheduled at 2025-01-06 15:45:06.618843+05:00)
2025-01-06 15:45:06,623 Job "checker (trigger: interval[0:00:05], next run at: 2025-01-06 15:45:11 +05)" executed successfully
2025-01-06 15:45:11,624 Looking for jobs to run
2025-01-06 15:45:11,625 Next wakeup is due at 2025-01-06 15:45:16.618843+05:00 (in 4.993514 seconds)
2025-01-06 15:45:11,625 Running job "checker (trigger: interval[0:00:05], next run at: 2025-01-06 15:45:16 +05)" (scheduled at 2025-01-06 15:45:11.618843+05:00)
2025-01-06 15:45:11,625 Job "checker (trigger: interval[0:00:05], next run at: 2025-01-06 15:45:16 +05)" executed successfully
2025-01-06 15:45:16,624 Looking for jobs to run
2025-01-06 15:45:16,625 Next wakeup is due at 2025-01-06 15:45:21.618843+05:00 (in 4.993410 seconds)
2025-01-06 15:45:16,625 Running job "checker (trigger: interval[0:00:05], next run at: 2025-01-06 15:45:21 +05)" (scheduled at 2025-01-06 15:45:16.618843+05:00)
2025-01-06 15:45:16,625 Job "checker (trigger: interval[0:00:05], next run at: 2025-01-06 15:45:21 +05)" executed successfully
2025-01-06 15:45:21,621 Looking for jobs to run
2025-01-06 15:45:21,622 Next wakeup is due at 2025-01-06 15:45:26.618843+05:00 (in 4.996610 seconds)
2025-01-06 15:45:21,622 Running job "checker (trigger: interval[0:00:05], next run at: 2025-01-06 15:45:26 +05)" (scheduled at 2025-01-06 15:45:21.618843+05:00)
2025-01-06 15:45:21,622 Job "checker (trigger: interval[0:00:05], next run at: 2025-01-06 15:45:26 +05)" executed successfully
2025-01-06 15:45:26,621 Looking for jobs to run
2025-01-06 15:45:26,621 Next wakeup is due at 2025-01-06 15:45:31.618843+05:00 (in 4.996896 seconds)
2025-01-06 15:45:26,622 Running job "checker (trigger: interval[0:00:05], next run at: 2025-01-06 15:45:31 +05)" (scheduled at 2025-01-06 15:45:26.618843+05:00)
2025-01-06 15:45:26,622 Job "checker (trigger: interval[0:00:05], next run at: 2025-01-06 15:45:31 +05)" executed successfully
2025-01-06 15:45:31,621 Looking for jobs to run
2025-01-06 15:45:31,621 Next wakeup is due at 2025-01-06 15:45:36.618843+05:00 (in 4.997257 seconds)
2025-01-06 15:45:31,621 Running job "checker (trigger: interval[0:00:05], next run at: 2025-01-06 15:45:36 +05)" (scheduled at 2025-01-06 15:45:31.618843+05:00)
2025-01-06 15:45:31,622 Job "checker (trigger: interval[0:00:05], next run at: 2025-01-06 15:45:36 +05)" executed successfully
2025-01-06 15:45:36,624 Looking for jobs to run
2025-01-06 15:45:36,626 Next wakeup is due at 2025-01-06 15:45:41.618843+05:00 (in 4.992386 seconds)
2025-01-06 15:45:36,631 Running job "checker (trigger: interval[0:00:05], next run at: 2025-01-06 15:45:41 +05)" (scheduled at 2025-01-06 15:45:36.618843+05:00)
2025-01-06 15:45:36,631 Job "checker (trigger: interval[0:00:05], next run at: 2025-01-06 15:45:41 +05)" executed successfully
2025-01-06 15:45:41,624 Looking for jobs to run
2025-01-06 15:45:41,625 Next wakeup is due at 2025-01-06 15:45:46.618843+05:00 (in 4.992908 seconds)
2025-01-06 15:45:41,626 Running job "checker (trigger: interval[0:00:05], next run at: 2025-01-06 15:45:46 +05)" (scheduled at 2025-01-06 15:45:41.618843+05:00)
2025-01-06 15:45:41,626 Job "checker (trigger: interval[0:00:05], next run at: 2025-01-06 15:45:46 +05)" executed successfully
2025-01-06 15:45:46,623 Looking for jobs to run
2025-01-06 15:45:46,623 Next wakeup is due at 2025-01-06 15:45:51.618843+05:00 (in 4.995055 seconds)
2025-01-06 15:45:46,624 Running job "checker (trigger: interval[0:00:05], next run at: 2025-01-06 15:45:51 +05)" (scheduled at 2025-01-06 15:45:46.618843+05:00)
2025-01-06 15:45:46,624 Job "checker (trigger: interval[0:00:05], next run at: 2025-01-06 15:45:51 +05)" executed successfully
2025-01-06 15:45:51,624 Looking for jobs to run
2025-01-06 15:45:51,625 Next wakeup is due at 2025-01-06 15:45:56.618843+05:00 (in 4.993464 seconds)
2025-01-06 15:45:51,625 Running job "checker (trigger: interval[0:00:05], next run at: 2025-01-06 15:45:56 +05)" (scheduled at 2025-01-06 15:45:51.618843+05:00)
2025-01-06 15:45:51,625 Job "checker (trigger: interval[0:00:05], next run at: 2025-01-06 15:45:56 +05)" executed successfully
2025-01-06 15:45:56,624 Looking for jobs to run
2025-01-06 15:45:56,625 Next wakeup is due at 2025-01-06 15:46:01.618843+05:00 (in 4.993793 seconds)
2025-01-06 15:45:56,625 Running job "checker (trigger: interval[0:00:05], next run at: 2025-01-06 15:46:01 +05)" (scheduled at 2025-01-06 15:45:56.618843+05:00)
2025-01-06 15:45:56,626 Job "checker (trigger: interval[0:00:05], next run at: 2025-01-06 15:46:01 +05)" executed successfully
2025-01-06 15:46:01,620 Looking for jobs to run
2025-01-06 15:46:01,621 Next wakeup is due at 2025-01-06 15:46:06.618843+05:00 (in 4.997190 seconds)
2025-01-06 15:46:01,622 Running job "checker (trigger: interval[0:00:05], next run at: 2025-01-06 15:46:06 +05)" (scheduled at 2025-01-06 15:46:01.618843+05:00)
2025-01-06 15:46:01,622 Job "checker (trigger: interval[0:00:05], next run at: 2025-01-06 15:46:06 +05)" executed successfully
2025-01-06 15:46:06,620 Looking for jobs to run
2025-01-06 15:46:06,621 Next wakeup is due at 2025-01-06 15:46:11.618843+05:00 (in 4.997862 seconds)
2025-01-06 15:46:06,621 Running job "checker (trigger: interval[0:00:05], next run at: 2025-01-06 15:46:11 +05)" (scheduled at 2025-01-06 15:46:06.618843+05:00)
2025-01-06 15:46:06,621 Job "checker (trigger: interval[0:00:05], next run at: 2025-01-06 15:46:11 +05)" executed successfully
2025-01-06 15:46:11,625 Looking for jobs to run
2025-01-06 15:46:11,626 Next wakeup is due at 2025-01-06 15:46:16.618843+05:00 (in 4.992797 seconds)
2025-01-06 15:46:11,626 Running job "checker (trigger: interval[0:00:05], next run at: 2025-01-06 15:46:16 +05)" (scheduled at 2025-01-06 15:46:11.618843+05:00)
2025-01-06 15:46:11,626 Job "checker (trigger: interval[0:00:05], next run at: 2025-01-06 15:46:16 +05)" executed successfully
2025-01-06 15:46:16,624 Looking for jobs to run
2025-01-06 15:46:16,626 Next wakeup is due at 2025-01-06 15:46:21.618843+05:00 (in 4.992834 seconds)
2025-01-06 15:46:16,626 Running job "checker (trigger: interval[0:00:05], next run at: 2025-01-06 15:46:21 +05)" (scheduled at 2025-01-06 15:46:16.618843+05:00)
2025-01-06 15:46:16,626 Job "checker (trigger: interval[0:00:05], next run at: 2025-01-06 15:46:21 +05)" executed successfully
2025-01-06 15:46:21,621 Looking for jobs to run
2025-01-06 15:46:21,622 Next wakeup is due at 2025-01-06 15:46:26.618843+05:00 (in 4.996458 seconds)
2025-01-06 15:46:21,622 Running job "checker (trigger: interval[0:00:05], next run at: 2025-01-06 15:46:26 +05)" (scheduled at 2025-01-06 15:46:21.618843+05:00)
2025-01-06 15:46:21,623 Job "checker (trigger: interval[0:00:05], next run at: 2025-01-06 15:46:26 +05)" executed successfully
2025-01-06 15:46:26,623 Looking for jobs to run
2025-01-06 15:46:26,623 Next wakeup is due at 2025-01-06 15:46:31.618843+05:00 (in 4.995382 seconds)
2025-01-06 15:46:26,623 Running job "checker (trigger: interval[0:00:05], next run at: 2025-01-06 15:46:31 +05)" (scheduled at 2025-01-06 15:46:26.618843+05:00)
2025-01-06 15:46:26,623 Job "checker (trigger: interval[0:00:05], next run at: 2025-01-06 15:46:31 +05)" executed successfully
2025-01-06 15:46:31,624 Looking for jobs to run
2025-01-06 15:46:31,625 Next wakeup is due at 2025-01-06 15:46:36.618843+05:00 (in 4.993552 seconds)
2025-01-06 15:46:31,626 Running job "checker (trigger: interval[0:00:05], next run at: 2025-01-06 15:46:36 +05)" (scheduled at 2025-01-06 15:46:31.618843+05:00)
2025-01-06 15:46:31,626 Job "checker (trigger: interval[0:00:05], next run at: 2025-01-06 15:46:36 +05)" executed successfully
2025-01-06 15:46:36,624 Looking for jobs to run
2025-01-06 15:46:36,625 Next wakeup is due at 2025-01-06 15:46:41.618843+05:00 (in 4.993524 seconds)
2025-01-06 15:46:36,626 Running job "checker (trigger: interval[0:00:05], next run at: 2025-01-06 15:46:41 +05)" (scheduled at 2025-01-06 15:46:36.618843+05:00)
2025-01-06 15:46:36,626 Job "checker (trigger: interval[0:00:05], next run at: 2025-01-06 15:46:41 +05)" executed successfully
2025-01-06 15:46:41,623 Looking for jobs to run
2025-01-06 15:46:41,623 Next wakeup is due at 2025-01-06 15:46:46.618843+05:00 (in 4.995412 seconds)
2025-01-06 15:46:41,623 Running job "checker (trigger: interval[0:00:05], next run at: 2025-01-06 15:46:46 +05)" (scheduled at 2025-01-06 15:46:41.618843+05:00)
2025-01-06 15:46:41,623 Job "checker (trigger: interval[0:00:05], next run at: 2025-01-06 15:46:46 +05)" executed successfully
2025-01-06 15:46:46,623 Looking for jobs to run
2025-01-06 15:46:46,623 Next wakeup is due at 2025-01-06 15:46:51.618843+05:00 (in 4.995312 seconds)
2025-01-06 15:46:46,623 Running job "checker (trigger: interval[0:00:05], next run at: 2025-01-06 15:46:51 +05)" (scheduled at 2025-01-06 15:46:46.618843+05:00)
2025-01-06 15:46:46,624 Job "checker (trigger: interval[0:00:05], next run at: 2025-01-06 15:46:51 +05)" executed successfully
2025-01-06 15:46:51,624 Looking for jobs to run
2025-01-06 15:46:51,625 Next wakeup is due at 2025-01-06 15:46:56.618843+05:00 (in 4.993347 seconds)
2025-01-06 15:46:51,626 Running job "checker (trigger: interval[0:00:05], next run at: 2025-01-06 15:46:56 +05)" (scheduled at 2025-01-06 15:46:51.618843+05:00)
2025-01-06 15:46:51,626 Job "checker (trigger: interval[0:00:05], next run at: 2025-01-06 15:46:56 +05)" executed successfully
2025-01-06 15:46:56,624 Looking for jobs to run
2025-01-06 15:46:56,625 Next wakeup is due at 2025-01-06 15:47:01.618843+05:00 (in 4.993719 seconds)
2025-01-06 15:46:56,625 Running job "checker (trigger: interval[0:00:05], next run at: 2025-01-06 15:47:01 +05)" (scheduled at 2025-01-06 15:46:56.618843+05:00)
2025-01-06 15:46:56,625 Job "checker (trigger: interval[0:00:05], next run at: 2025-01-06 15:47:01 +05)" executed successfully
2025-01-06 15:47:01,625 Looking for jobs to run
2025-01-06 15:47:01,626 Next wakeup is due at 2025-01-06 15:47:06.618843+05:00 (in 4.992788 seconds)
2025-01-06 15:47:01,626 Running job "checker (trigger: interval[0:00:05], next run at: 2025-01-06 15:47:06 +05)" (scheduled at 2025-01-06 15:47:01.618843+05:00)
2025-01-06 15:47:01,626 Job "checker (trigger: interval[0:00:05], next run at: 2025-01-06 15:47:06 +05)" executed successfully
2025-01-06 15:47:06,625 Looking for jobs to run
2025-01-06 15:47:06,627 Next wakeup is due at 2025-01-06 15:47:11.618843+05:00 (in 4.991817 seconds)
2025-01-06 15:47:06,627 Running job "checker (trigger: interval[0:00:05], next run at: 2025-01-06 15:47:11 +05)" (scheduled at 2025-01-06 15:47:06.618843+05:00)
2025-01-06 15:47:06,627 Job "checker (trigger: interval[0:00:05], next run at: 2025-01-06 15:47:11 +05)" executed successfully
2025-01-06 15:47:11,624 Looking for jobs to run
2025-01-06 15:47:11,625 Next wakeup is due at 2025-01-06 15:47:16.618843+05:00 (in 4.993424 seconds)
2025-01-06 15:47:11,625 Running job "checker (trigger: interval[0:00:05], next run at: 2025-01-06 15:47:16 +05)" (scheduled at 2025-01-06 15:47:11.618843+05:00)
2025-01-06 15:47:11,625 Job "checker (trigger: interval[0:00:05], next run at: 2025-01-06 15:47:16 +05)" executed successfully
2025-01-06 15:47:16,620 Looking for jobs to run
2025-01-06 15:47:16,621 Next wakeup is due at 2025-01-06 15:47:21.618843+05:00 (in 4.997734 seconds)
2025-01-06 15:47:16,621 Running job "checker (trigger: interval[0:00:05], next run at: 2025-01-06 15:47:21 +05)" (scheduled at 2025-01-06 15:47:16.618843+05:00)
2025-01-06 15:47:16,621 Job "checker (trigger: interval[0:00:05], next run at: 2025-01-06 15:47:21 +05)" executed successfully
2025-01-06 15:47:21,625 Looking for jobs to run
2025-01-06 15:47:21,625 Next wakeup is due at 2025-01-06 15:47:26.618843+05:00 (in 4.993359 seconds)
2025-01-06 15:47:21,625 Running job "checker (trigger: interval[0:00:05], next run at: 2025-01-06 15:47:26 +05)" (scheduled at 2025-01-06 15:47:21.618843+05:00)
2025-01-06 15:47:21,626 Job "checker (trigger: interval[0:00:05], next run at: 2025-01-06 15:47:26 +05)" executed successfully
2025-01-06 15:47:26,625 Looking for jobs to run
2025-01-06 15:47:26,625 Next wakeup is due at 2025-01-06 15:47:31.618843+05:00 (in 4.993300 seconds)
2025-01-06 15:47:26,625 Running job "checker (trigger: interval[0:00:05], next run at: 2025-01-06 15:47:31 +05)" (scheduled at 2025-01-06 15:47:26.618843+05:00)
2025-01-06 15:47:26,626 Job "checker (trigger: interval[0:00:05], next run at: 2025-01-06 15:47:31 +05)" executed successfully
2025-01-06 15:47:31,625 Looking for jobs to run
2025-01-06 15:47:31,625 Next wakeup is due at 2025-01-06 15:47:36.618843+05:00 (in 4.993359 seconds)
2025-01-06 15:47:31,625 Running job "checker (trigger: interval[0:00:05], next run at: 2025-01-06 15:47:36 +05)" (scheduled at 2025-01-06 15:47:31.618843+05:00)
2025-01-06 15:47:31,626 Job "checker (trigger: interval[0:00:05], next run at: 2025-01-06 15:47:36 +05)" executed successfully
2025-01-06 15:47:36,625 Looking for jobs to run
2025-01-06 15:47:36,626 Next wakeup is due at 2025-01-06 15:47:41.618843+05:00 (in 4.992643 seconds)
2025-01-06 15:47:36,626 Running job "checker (trigger: interval[0:00:05], next run at: 2025-01-06 15:47:41 +05)" (scheduled at 2025-01-06 15:47:36.618843+05:00)
2025-01-06 15:47:36,626 Job "checker (trigger: interval[0:00:05], next run at: 2025-01-06 15:47:41 +05)" executed successfully
2025-01-06 15:47:41,622 Looking for jobs to run
2025-01-06 15:47:41,622 Next wakeup is due at 2025-01-06 15:47:46.618843+05:00 (in 4.995960 seconds)
2025-01-06 15:47:41,623 Running job "checker (trigger: interval[0:00:05], next run at: 2025-01-06 15:47:46 +05)" (scheduled at 2025-01-06 15:47:41.618843+05:00)
2025-01-06 15:47:41,623 Job "checker (trigger: interval[0:00:05], next run at: 2025-01-06 15:47:46 +05)" executed successfully
2025-01-06 15:47:46,624 Looking for jobs to run
2025-01-06 15:47:46,625 Next wakeup is due at 2025-01-06 15:47:51.618843+05:00 (in 4.993700 seconds)
2025-01-06 15:47:46,625 Running job "checker (trigger: interval[0:00:05], next run at: 2025-01-06 15:47:51 +05)" (scheduled at 2025-01-06 15:47:46.618843+05:00)
2025-01-06 15:47:46,626 Job "checker (trigger: interval[0:00:05], next run at: 2025-01-06 15:47:51 +05)" executed successfully
2025-01-06 15:47:51,624 Looking for jobs to run
2025-01-06 15:47:51,625 Next wakeup is due at 2025-01-06 15:47:56.618843+05:00 (in 4.993714 seconds)
2025-01-06 15:47:51,625 Running job "checker (trigger: interval[0:00:05], next run at: 2025-01-06 15:47:56 +05)" (scheduled at 2025-01-06 15:47:51.618843+05:00)
2025-01-06 15:47:51,625 Job "checker (trigger: interval[0:00:05], next run at: 2025-01-06 15:47:56 +05)" executed successfully
2025-01-06 15:47:56,624 Looking for jobs to run
2025-01-06 15:47:56,624 Next wakeup is due at 2025-01-06 15:48:01.618843+05:00 (in 4.993939 seconds)
2025-01-06 15:47:56,625 Running job "checker (trigger: interval[0:00:05], next run at: 2025-01-06 15:48:01 +05)" (scheduled at 2025-01-06 15:47:56.618843+05:00)
2025-01-06 15:47:56,625 Job "checker (trigger: interval[0:00:05], next run at: 2025-01-06 15:48:01 +05)" executed successfully
2025-01-06 15:48:01,624 Looking for jobs to run
2025-01-06 15:48:01,625 Next wakeup is due at 2025-01-06 15:48:06.618843+05:00 (in 4.993760 seconds)
2025-01-06 15:48:01,625 Running job "checker (trigger: interval[0:00:05], next run at: 2025-01-06 15:48:06 +05)" (scheduled at 2025-01-06 15:48:01.618843+05:00)
2025-01-06 15:48:01,625 Job "checker (trigger: interval[0:00:05], next run at: 2025-01-06 15:48:06 +05)" executed successfully
2025-01-06 15:48:06,624 Looking for jobs to run
2025-01-06 15:48:06,625 Next wakeup is due at 2025-01-06 15:48:11.618843+05:00 (in 4.993471 seconds)
2025-01-06 15:48:06,625 Running job "checker (trigger: interval[0:00:05], next run at: 2025-01-06 15:48:11 +05)" (scheduled at 2025-01-06 15:48:06.618843+05:00)
2025-01-06 15:48:06,625 Job "checker (trigger: interval[0:00:05], next run at: 2025-01-06 15:48:11 +05)" executed successfully
2025-01-06 15:48:11,622 Looking for jobs to run
2025-01-06 15:48:11,623 Next wakeup is due at 2025-01-06 15:48:16.618843+05:00 (in 4.995455 seconds)
2025-01-06 15:48:11,623 Running job "checker (trigger: interval[0:00:05], next run at: 2025-01-06 15:48:16 +05)" (scheduled at 2025-01-06 15:48:11.618843+05:00)
2025-01-06 15:48:11,624 Job "checker (trigger: interval[0:00:05], next run at: 2025-01-06 15:48:16 +05)" executed successfully
2025-01-06 15:48:16,625 Looking for jobs to run
2025-01-06 15:48:16,625 Next wakeup is due at 2025-01-06 15:48:21.618843+05:00 (in 4.993246 seconds)
2025-01-06 15:48:16,625 Running job "checker (trigger: interval[0:00:05], next run at: 2025-01-06 15:48:21 +05)" (scheduled at 2025-01-06 15:48:16.618843+05:00)
2025-01-06 15:48:16,626 Job "checker (trigger: interval[0:00:05], next run at: 2025-01-06 15:48:21 +05)" executed successfully
2025-01-06 15:48:21,620 Looking for jobs to run
2025-01-06 15:48:21,621 Next wakeup is due at 2025-01-06 15:48:26.618843+05:00 (in 4.997113 seconds)
2025-01-06 15:48:21,622 Running job "checker (trigger: interval[0:00:05], next run at: 2025-01-06 15:48:26 +05)" (scheduled at 2025-01-06 15:48:21.618843+05:00)
2025-01-06 15:48:21,622 Job "checker (trigger: interval[0:00:05], next run at: 2025-01-06 15:48:26 +05)" executed successfully
2025-01-06 15:48:26,624 Looking for jobs to run
2025-01-06 15:48:26,625 Next wakeup is due at 2025-01-06 15:48:31.618843+05:00 (in 4.993782 seconds)
2025-01-06 15:48:26,626 Running job "checker (trigger: interval[0:00:05], next run at: 2025-01-06 15:48:31 +05)" (scheduled at 2025-01-06 15:48:26.618843+05:00)
2025-01-06 15:48:26,626 Job "checker (trigger: interval[0:00:05], next run at: 2025-01-06 15:48:31 +05)" executed successfully
2025-01-06 15:48:31,624 Looking for jobs to run
2025-01-06 15:48:31,625 Next wakeup is due at 2025-01-06 15:48:36.618843+05:00 (in 4.993820 seconds)
2025-01-06 15:48:31,625 Running job "checker (trigger: interval[0:00:05], next run at: 2025-01-06 15:48:36 +05)" (scheduled at 2025-01-06 15:48:31.618843+05:00)
2025-01-06 15:48:31,625 Job "checker (trigger: interval[0:00:05], next run at: 2025-01-06 15:48:36 +05)" executed successfully
2025-01-06 15:48:36,624 Looking for jobs to run
2025-01-06 15:48:36,625 Next wakeup is due at 2025-01-06 15:48:41.618843+05:00 (in 4.993713 seconds)
2025-01-06 15:48:36,625 Running job "checker (trigger: interval[0:00:05], next run at: 2025-01-06 15:48:41 +05)" (scheduled at 2025-01-06 15:48:36.618843+05:00)
2025-01-06 15:48:36,626 Job "checker (trigger: interval[0:00:05], next run at: 2025-01-06 15:48:41 +05)" executed successfully
2025-01-06 15:48:41,625 Looking for jobs to run
2025-01-06 15:48:41,625 Next wakeup is due at 2025-01-06 15:48:46.618843+05:00 (in 4.993403 seconds)
2025-01-06 15:48:41,625 Running job "checker (trigger: interval[0:00:05], next run at: 2025-01-06 15:48:46 +05)" (scheduled at 2025-01-06 15:48:41.618843+05:00)
2025-01-06 15:48:41,626 Job "checker (trigger: interval[0:00:05], next run at: 2025-01-06 15:48:46 +05)" executed successfully
2025-01-06 15:48:46,620 Looking for jobs to run
2025-01-06 15:48:46,621 Next wakeup is due at 2025-01-06 15:48:51.618843+05:00 (in 4.997806 seconds)
2025-01-06 15:48:46,621 Running job "checker (trigger: interval[0:00:05], next run at: 2025-01-06 15:48:51 +05)" (scheduled at 2025-01-06 15:48:46.618843+05:00)
2025-01-06 15:48:46,621 Job "checker (trigger: interval[0:00:05], next run at: 2025-01-06 15:48:51 +05)" executed successfully
2025-01-06 15:48:51,624 Looking for jobs to run
2025-01-06 15:48:51,625 Next wakeup is due at 2025-01-06 15:48:56.618843+05:00 (in 4.993778 seconds)
2025-01-06 15:48:51,625 Running job "checker (trigger: interval[0:00:05], next run at: 2025-01-06 15:48:56 +05)" (scheduled at 2025-01-06 15:48:51.618843+05:00)
2025-01-06 15:48:51,625 Job "checker (trigger: interval[0:00:05], next run at: 2025-01-06 15:48:56 +05)" executed successfully
2025-01-06 15:48:56,624 Looking for jobs to run
2025-01-06 15:48:56,624 Next wakeup is due at 2025-01-06 15:49:01.618843+05:00 (in 4.994006 seconds)
2025-01-06 15:48:56,625 Running job "checker (trigger: interval[0:00:05], next run at: 2025-01-06 15:49:01 +05)" (scheduled at 2025-01-06 15:48:56.618843+05:00)
2025-01-06 15:48:56,625 Job "checker (trigger: interval[0:00:05], next run at: 2025-01-06 15:49:01 +05)" executed successfully
2025-01-06 15:49:01,620 Looking for jobs to run
2025-01-06 15:49:01,620 Next wakeup is due at 2025-01-06 15:49:06.618843+05:00 (in 4.998024 seconds)
2025-01-06 15:49:01,621 Running job "checker (trigger: interval[0:00:05], next run at: 2025-01-06 15:49:06 +05)" (scheduled at 2025-01-06 15:49:01.618843+05:00)
2025-01-06 15:49:01,621 Job "checker (trigger: interval[0:00:05], next run at: 2025-01-06 15:49:06 +05)" executed successfully
2025-01-06 15:49:06,624 Looking for jobs to run
2025-01-06 15:49:06,625 Next wakeup is due at 2025-01-06 15:49:11.618843+05:00 (in 4.993174 seconds)
2025-01-06 15:49:06,625 Running job "checker (trigger: interval[0:00:05], next run at: 2025-01-06 15:49:11 +05)" (scheduled at 2025-01-06 15:49:06.618843+05:00)
2025-01-06 15:49:06,626 Job "checker (trigger: interval[0:00:05], next run at: 2025-01-06 15:49:11 +05)" executed successfully
2025-01-06 15:49:11,624 Looking for jobs to run
2025-01-06 15:49:11,625 Next wakeup is due at 2025-01-06 15:49:16.618843+05:00 (in 4.992874 seconds)
2025-01-06 15:49:11,626 Running job "checker (trigger: interval[0:00:05], next run at: 2025-01-06 15:49:16 +05)" (scheduled at 2025-01-06 15:49:11.618843+05:00)
2025-01-06 15:49:11,626 Job "checker (trigger: interval[0:00:05], next run at: 2025-01-06 15:49:16 +05)" executed successfully
2025-01-06 15:49:16,624 Looking for jobs to run
2025-01-06 15:49:16,625 Next wakeup is due at 2025-01-06 15:49:21.618843+05:00 (in 4.993733 seconds)
2025-01-06 15:49:16,625 Running job "checker (trigger: interval[0:00:05], next run at: 2025-01-06 15:49:21 +05)" (scheduled at 2025-01-06 15:49:16.618843+05:00)
2025-01-06 15:49:16,637 Job "checker (trigger: interval[0:00:05], next run at: 2025-01-06 15:49:21 +05)" executed successfully
2025-01-06 15:49:21,624 Looking for jobs to run
2025-01-06 15:49:21,625 Next wakeup is due at 2025-01-06 15:49:26.618843+05:00 (in 4.993786 seconds)
2025-01-06 15:49:21,625 Running job "checker (trigger: interval[0:00:05], next run at: 2025-01-06 15:49:26 +05)" (scheduled at 2025-01-06 15:49:21.618843+05:00)
2025-01-06 15:49:21,625 Job "checker (trigger: interval[0:00:05], next run at: 2025-01-06 15:49:26 +05)" executed successfully
2025-01-06 15:49:26,620 Looking for jobs to run
2025-01-06 15:49:26,620 Next wakeup is due at 2025-01-06 15:49:31.618843+05:00 (in 4.998021 seconds)
2025-01-06 15:49:26,620 Running job "checker (trigger: interval[0:00:05], next run at: 2025-01-06 15:49:31 +05)" (scheduled at 2025-01-06 15:49:26.618843+05:00)
2025-01-06 15:49:26,621 Job "checker (trigger: interval[0:00:05], next run at: 2025-01-06 15:49:31 +05)" executed successfully
2025-01-06 15:49:31,624 Looking for jobs to run
2025-01-06 15:49:31,625 Next wakeup is due at 2025-01-06 15:49:36.618843+05:00 (in 4.993836 seconds)
2025-01-06 15:49:31,625 Running job "checker (trigger: interval[0:00:05], next run at: 2025-01-06 15:49:36 +05)" (scheduled at 2025-01-06 15:49:31.618843+05:00)
2025-01-06 15:49:31,625 Job "checker (trigger: interval[0:00:05], next run at: 2025-01-06 15:49:36 +05)" executed successfully
2025-01-06 15:49:36,624 Looking for jobs to run
2025-01-06 15:49:36,625 Next wakeup is due at 2025-01-06 15:49:41.618843+05:00 (in 4.993061 seconds)
2025-01-06 15:49:36,626 Running job "checker (trigger: interval[0:00:05], next run at: 2025-01-06 15:49:41 +05)" (scheduled at 2025-01-06 15:49:36.618843+05:00)
2025-01-06 15:49:36,626 Job "checker (trigger: interval[0:00:05], next run at: 2025-01-06 15:49:41 +05)" executed successfully
2025-01-06 15:49:41,624 Looking for jobs to run
2025-01-06 15:49:41,625 Next wakeup is due at 2025-01-06 15:49:46.618843+05:00 (in 4.993470 seconds)
2025-01-06 15:49:41,625 Running job "checker (trigger: interval[0:00:05], next run at: 2025-01-06 15:49:46 +05)" (scheduled at 2025-01-06 15:49:41.618843+05:00)
2025-01-06 15:49:41,625 Job "checker (trigger: interval[0:00:05], next run at: 2025-01-06 15:49:46 +05)" executed successfully
2025-01-06 15:49:46,625 Looking for jobs to run
2025-01-06 15:49:46,625 Next wakeup is due at 2025-01-06 15:49:51.618843+05:00 (in 4.993246 seconds)
2025-01-06 15:49:46,625 Running job "checker (trigger: interval[0:00:05], next run at: 2025-01-06 15:49:51 +05)" (scheduled at 2025-01-06 15:49:46.618843+05:00)
2025-01-06 15:49:46,626 Job "checker (trigger: interval[0:00:05], next run at: 2025-01-06 15:49:51 +05)" executed successfully
2025-01-06 15:49:51,623 Looking for jobs to run
2025-01-06 15:49:51,623 Next wakeup is due at 2025-01-06 15:49:56.618843+05:00 (in 4.995482 seconds)
2025-01-06 15:49:51,623 Running job "checker (trigger: interval[0:00:05], next run at: 2025-01-06 15:49:56 +05)" (scheduled at 2025-01-06 15:49:51.618843+05:00)
2025-01-06 15:49:51,623 Job "checker (trigger: interval[0:00:05], next run at: 2025-01-06 15:49:56 +05)" executed successfully
2025-01-06 15:49:56,624 Looking for jobs to run
2025-01-06 15:49:56,625 Next wakeup is due at 2025-01-06 15:50:01.618843+05:00 (in 4.993812 seconds)
2025-01-06 15:49:56,625 Running job "checker (trigger: interval[0:00:05], next run at: 2025-01-06 15:50:01 +05)" (scheduled at 2025-01-06 15:49:56.618843+05:00)
2025-01-06 15:49:56,625 Job "checker (trigger: interval[0:00:05], next run at: 2025-01-06 15:50:01 +05)" executed successfully
2025-01-06 15:50:01,624 Looking for jobs to run
2025-01-06 15:50:01,624 Next wakeup is due at 2025-01-06 15:50:06.618843+05:00 (in 4.994065 seconds)
2025-01-06 15:50:01,624 Running job "checker (trigger: interval[0:00:05], next run at: 2025-01-06 15:50:06 +05)" (scheduled at 2025-01-06 15:50:01.618843+05:00)
2025-01-06 15:50:01,625 Job "checker (trigger: interval[0:00:05], next run at: 2025-01-06 15:50:06 +05)" executed successfully
2025-01-06 15:50:06,621 Looking for jobs to run
2025-01-06 15:50:06,621 Next wakeup is due at 2025-01-06 15:50:11.618843+05:00 (in 4.997353 seconds)
2025-01-06 15:50:06,621 Running job "checker (trigger: interval[0:00:05], next run at: 2025-01-06 15:50:11 +05)" (scheduled at 2025-01-06 15:50:06.618843+05:00)
2025-01-06 15:50:06,622 Job "checker (trigger: interval[0:00:05], next run at: 2025-01-06 15:50:11 +05)" executed successfully
2025-01-06 15:50:11,624 Looking for jobs to run
2025-01-06 15:50:11,625 Next wakeup is due at 2025-01-06 15:50:16.618843+05:00 (in 4.993771 seconds)
2025-01-06 15:50:11,625 Running job "checker (trigger: interval[0:00:05], next run at: 2025-01-06 15:50:16 +05)" (scheduled at 2025-01-06 15:50:11.618843+05:00)
2025-01-06 15:50:11,625 Job "checker (trigger: interval[0:00:05], next run at: 2025-01-06 15:50:16 +05)" executed successfully
2025-01-06 15:50:16,624 Looking for jobs to run
2025-01-06 15:50:16,625 Next wakeup is due at 2025-01-06 15:50:21.618843+05:00 (in 4.993803 seconds)
2025-01-06 15:50:16,625 Running job "checker (trigger: interval[0:00:05], next run at: 2025-01-06 15:50:21 +05)" (scheduled at 2025-01-06 15:50:16.618843+05:00)
2025-01-06 15:50:16,625 Job "checker (trigger: interval[0:00:05], next run at: 2025-01-06 15:50:21 +05)" executed successfully
2025-01-06 15:50:21,625 Looking for jobs to run
2025-01-06 15:50:21,626 Next wakeup is due at 2025-01-06 15:50:26.618843+05:00 (in 4.991950 seconds)
2025-01-06 15:50:21,627 Running job "checker (trigger: interval[0:00:05], next run at: 2025-01-06 15:50:26 +05)" (scheduled at 2025-01-06 15:50:21.618843+05:00)
2025-01-06 15:50:21,627 Job "checker (trigger: interval[0:00:05], next run at: 2025-01-06 15:50:26 +05)" executed successfully
2025-01-06 15:50:26,624 Looking for jobs to run
2025-01-06 15:50:26,624 Next wakeup is due at 2025-01-06 15:50:31.618843+05:00 (in 4.994038 seconds)
2025-01-06 15:50:26,624 Running job "checker (trigger: interval[0:00:05], next run at: 2025-01-06 15:50:31 +05)" (scheduled at 2025-01-06 15:50:26.618843+05:00)
2025-01-06 15:50:26,625 Job "checker (trigger: interval[0:00:05], next run at: 2025-01-06 15:50:31 +05)" executed successfully
2025-01-06 15:50:31,620 Looking for jobs to run
2025-01-06 15:50:31,620 Next wakeup is due at 2025-01-06 15:50:36.618843+05:00 (in 4.998042 seconds)
2025-01-06 15:50:31,620 Running job "checker (trigger: interval[0:00:05], next run at: 2025-01-06 15:50:36 +05)" (scheduled at 2025-01-06 15:50:31.618843+05:00)
2025-01-06 15:50:31,621 Job "checker (trigger: interval[0:00:05], next run at: 2025-01-06 15:50:36 +05)" executed successfully
2025-01-06 15:50:35,448 Infinity polling: polling exited
2025-01-06 15:50:35,451 Break infinity polling
