2025-01-06 19:29:48,379 Adding job tentatively -- it will be properly scheduled when the scheduler starts
2025-01-06 19:29:48,381 Added job "checker" to job store "default"
2025-01-06 19:29:48,381 Scheduler started
2025-01-06 19:29:48,404 Looking for jobs to run
2025-01-06 19:29:48,405 Next wakeup is due at 2025-01-06 19:29:53.379372+05:00 (in 4.974318 seconds)
2025-01-06 19:29:51,723 executing <function connect.<locals>.connector at 0x7f9bc81ac7c0>
2025-01-06 19:29:51,741 operation <function connect.<locals>.connector at 0x7f9bc81ac7c0> completed
2025-01-06 19:29:51,743 executing functools.partial(<built-in method execute of sqlite3.Connection object at 0x7f9bc8385e40>, 'SELECT topic_id FROM users WHERE chat_id = ?', (5434361630,))
2025-01-06 19:29:51,757 returning exception no such table: users
2025-01-06 19:29:51,765 Task exception was never retrieved
future: <Task finished name='Task-8' coro=<AsyncTeleBot.process_new_updates() done, defined at /home/emilgoo/.var/app/com.jetbrains.PyCharm-Community/data/python/lib/python3.11/site-packages/telebot/async_telebot.py:603> exception=OperationalError('no such table: users')>
Traceback (most recent call last):
  File "/home/emilgoo/.var/app/com.jetbrains.PyCharm-Community/data/python/lib/python3.11/site-packages/telebot/async_telebot.py", line 717, in process_new_updates
    await self.process_new_messages(new_messages)
  File "/home/emilgoo/.var/app/com.jetbrains.PyCharm-Community/data/python/lib/python3.11/site-packages/telebot/async_telebot.py", line 766, in process_new_messages
    await self._process_updates(self.message_handlers, new_messages, 'message')
  File "/home/emilgoo/.var/app/com.jetbrains.PyCharm-Community/data/python/lib/python3.11/site-packages/telebot/async_telebot.py", line 523, in _process_updates
    await asyncio.gather(*tasks)
  File "/home/emilgoo/.var/app/com.jetbrains.PyCharm-Community/data/python/lib/python3.11/site-packages/telebot/async_telebot.py", line 549, in _run_middlewares_and_handlers
    middleware_result = await middleware.pre_process(message, data)
                        ^^^^^^^^^^^^^^^^^^^^^^^^^^^^^^^^^^^^^^^^^^^
  File "/home/emilgoo/Проекты/All Mentor (async)/middlewares/timeout.py", line 35, in pre_process
    topic_id = await self.get_topic_id_by_chat_id(message)
               ^^^^^^^^^^^^^^^^^^^^^^^^^^^^^^^^^^^^^^^^^^^
  File "/home/emilgoo/Проекты/All Mentor (async)/middlewares/timeout.py", line 26, in get_topic_id_by_chat_id
    async with self.db_object.execute('SELECT topic_id FROM users WHERE chat_id = ?', (message.chat.id,)) as cursor:
  File "/home/emilgoo/.var/app/com.jetbrains.PyCharm-Community/data/python/lib/python3.11/site-packages/aiosqlite/context.py", line 39, in __aenter__
    self._obj = await self._coro
                ^^^^^^^^^^^^^^^^
  File "/home/emilgoo/.var/app/com.jetbrains.PyCharm-Community/data/python/lib/python3.11/site-packages/aiosqlite/core.py", line 193, in execute
    cursor = await self._execute(self._conn.execute, sql, parameters)
             ^^^^^^^^^^^^^^^^^^^^^^^^^^^^^^^^^^^^^^^^^^^^^^^^^^^^^^^^
  File "/home/emilgoo/.var/app/com.jetbrains.PyCharm-Community/data/python/lib/python3.11/site-packages/aiosqlite/core.py", line 132, in _execute
    return await future
           ^^^^^^^^^^^^
  File "/home/emilgoo/.var/app/com.jetbrains.PyCharm-Community/data/python/lib/python3.11/site-packages/aiosqlite/core.py", line 115, in run
    result = function()
             ^^^^^^^^^^
sqlite3.OperationalError: no such table: users
2025-01-06 19:29:53,381 Looking for jobs to run
2025-01-06 19:29:53,382 Next wakeup is due at 2025-01-06 19:29:58.379372+05:00 (in 4.996718 seconds)
2025-01-06 19:29:53,383 Running job "checker (trigger: interval[0:00:05], next run at: 2025-01-06 19:29:58 +05)" (scheduled at 2025-01-06 19:29:53.379372+05:00)
2025-01-06 19:29:53,383 Job "checker (trigger: interval[0:00:05], next run at: 2025-01-06 19:29:58 +05)" executed successfully
2025-01-06 19:29:58,385 Looking for jobs to run
2025-01-06 19:29:58,386 Next wakeup is due at 2025-01-06 19:30:03.379372+05:00 (in 4.992930 seconds)
2025-01-06 19:29:58,386 Running job "checker (trigger: interval[0:00:05], next run at: 2025-01-06 19:30:03 +05)" (scheduled at 2025-01-06 19:29:58.379372+05:00)
2025-01-06 19:29:58,387 Job "checker (trigger: interval[0:00:05], next run at: 2025-01-06 19:30:03 +05)" executed successfully
2025-01-06 19:29:59,697 executing <function connect.<locals>.connector at 0x7f9bc6ff7420>
2025-01-06 19:29:59,698 operation <function connect.<locals>.connector at 0x7f9bc6ff7420> completed
2025-01-06 19:29:59,698 executing functools.partial(<built-in method execute of sqlite3.Connection object at 0x7f9bc70188b0>, 'SELECT topic_id FROM users WHERE chat_id = ?', (5434361630,))
2025-01-06 19:29:59,698 returning exception no such table: users
2025-01-06 19:29:59,698 Task exception was never retrieved
future: <Task finished name='Task-13' coro=<AsyncTeleBot.process_new_updates() done, defined at /home/emilgoo/.var/app/com.jetbrains.PyCharm-Community/data/python/lib/python3.11/site-packages/telebot/async_telebot.py:603> exception=OperationalError('no such table: users')>
Traceback (most recent call last):
  File "/home/emilgoo/.var/app/com.jetbrains.PyCharm-Community/data/python/lib/python3.11/site-packages/telebot/async_telebot.py", line 717, in process_new_updates
    await self.process_new_messages(new_messages)
  File "/home/emilgoo/.var/app/com.jetbrains.PyCharm-Community/data/python/lib/python3.11/site-packages/telebot/async_telebot.py", line 766, in process_new_messages
    await self._process_updates(self.message_handlers, new_messages, 'message')
  File "/home/emilgoo/.var/app/com.jetbrains.PyCharm-Community/data/python/lib/python3.11/site-packages/telebot/async_telebot.py", line 523, in _process_updates
    await asyncio.gather(*tasks)
  File "/home/emilgoo/.var/app/com.jetbrains.PyCharm-Community/data/python/lib/python3.11/site-packages/telebot/async_telebot.py", line 549, in _run_middlewares_and_handlers
    middleware_result = await middleware.pre_process(message, data)
                        ^^^^^^^^^^^^^^^^^^^^^^^^^^^^^^^^^^^^^^^^^^^
  File "/home/emilgoo/Проекты/All Mentor (async)/middlewares/timeout.py", line 35, in pre_process
    topic_id = await self.get_topic_id_by_chat_id(message)
               ^^^^^^^^^^^^^^^^^^^^^^^^^^^^^^^^^^^^^^^^^^^
  File "/home/emilgoo/Проекты/All Mentor (async)/middlewares/timeout.py", line 26, in get_topic_id_by_chat_id
    async with self.db_object.execute('SELECT topic_id FROM users WHERE chat_id = ?', (message.chat.id,)) as cursor:
  File "/home/emilgoo/.var/app/com.jetbrains.PyCharm-Community/data/python/lib/python3.11/site-packages/aiosqlite/context.py", line 39, in __aenter__
    self._obj = await self._coro
                ^^^^^^^^^^^^^^^^
  File "/home/emilgoo/.var/app/com.jetbrains.PyCharm-Community/data/python/lib/python3.11/site-packages/aiosqlite/core.py", line 193, in execute
    cursor = await self._execute(self._conn.execute, sql, parameters)
             ^^^^^^^^^^^^^^^^^^^^^^^^^^^^^^^^^^^^^^^^^^^^^^^^^^^^^^^^
  File "/home/emilgoo/.var/app/com.jetbrains.PyCharm-Community/data/python/lib/python3.11/site-packages/aiosqlite/core.py", line 132, in _execute
    return await future
           ^^^^^^^^^^^^
  File "/home/emilgoo/.var/app/com.jetbrains.PyCharm-Community/data/python/lib/python3.11/site-packages/aiosqlite/core.py", line 115, in run
    result = function()
             ^^^^^^^^^^
sqlite3.OperationalError: no such table: users
2025-01-06 19:30:03,381 Looking for jobs to run
2025-01-06 19:30:03,382 Next wakeup is due at 2025-01-06 19:30:08.379372+05:00 (in 4.996444 seconds)
2025-01-06 19:30:03,383 Running job "checker (trigger: interval[0:00:05], next run at: 2025-01-06 19:30:08 +05)" (scheduled at 2025-01-06 19:30:03.379372+05:00)
2025-01-06 19:30:03,383 Job "checker (trigger: interval[0:00:05], next run at: 2025-01-06 19:30:08 +05)" executed successfully
2025-01-06 19:30:08,382 Looking for jobs to run
2025-01-06 19:30:08,384 Next wakeup is due at 2025-01-06 19:30:13.379372+05:00 (in 4.994789 seconds)
2025-01-06 19:30:08,385 Running job "checker (trigger: interval[0:00:05], next run at: 2025-01-06 19:30:13 +05)" (scheduled at 2025-01-06 19:30:08.379372+05:00)
2025-01-06 19:30:08,385 Job "checker (trigger: interval[0:00:05], next run at: 2025-01-06 19:30:13 +05)" executed successfully
2025-01-06 19:30:13,385 Looking for jobs to run
2025-01-06 19:30:13,386 Next wakeup is due at 2025-01-06 19:30:18.379372+05:00 (in 4.992480 seconds)
2025-01-06 19:30:13,387 Running job "checker (trigger: interval[0:00:05], next run at: 2025-01-06 19:30:18 +05)" (scheduled at 2025-01-06 19:30:13.379372+05:00)
2025-01-06 19:30:13,387 Job "checker (trigger: interval[0:00:05], next run at: 2025-01-06 19:30:18 +05)" executed successfully
2025-01-06 19:30:18,385 Looking for jobs to run
2025-01-06 19:30:18,385 Next wakeup is due at 2025-01-06 19:30:23.379372+05:00 (in 4.993664 seconds)
2025-01-06 19:30:18,385 Running job "checker (trigger: interval[0:00:05], next run at: 2025-01-06 19:30:23 +05)" (scheduled at 2025-01-06 19:30:18.379372+05:00)
2025-01-06 19:30:18,386 Job "checker (trigger: interval[0:00:05], next run at: 2025-01-06 19:30:23 +05)" executed successfully
2025-01-06 19:30:23,383 Looking for jobs to run
2025-01-06 19:30:23,383 Next wakeup is due at 2025-01-06 19:30:28.379372+05:00 (in 4.995726 seconds)
2025-01-06 19:30:23,383 Running job "checker (trigger: interval[0:00:05], next run at: 2025-01-06 19:30:28 +05)" (scheduled at 2025-01-06 19:30:23.379372+05:00)
2025-01-06 19:30:23,383 Job "checker (trigger: interval[0:00:05], next run at: 2025-01-06 19:30:28 +05)" executed successfully
2025-01-06 19:30:28,383 Looking for jobs to run
2025-01-06 19:30:28,385 Next wakeup is due at 2025-01-06 19:30:33.379372+05:00 (in 4.994253 seconds)
2025-01-06 19:30:28,385 Running job "checker (trigger: interval[0:00:05], next run at: 2025-01-06 19:30:33 +05)" (scheduled at 2025-01-06 19:30:28.379372+05:00)
2025-01-06 19:30:28,385 Job "checker (trigger: interval[0:00:05], next run at: 2025-01-06 19:30:33 +05)" executed successfully
2025-01-06 19:30:33,382 Looking for jobs to run
2025-01-06 19:30:33,383 Next wakeup is due at 2025-01-06 19:30:38.379372+05:00 (in 4.995998 seconds)
2025-01-06 19:30:33,383 Running job "checker (trigger: interval[0:00:05], next run at: 2025-01-06 19:30:38 +05)" (scheduled at 2025-01-06 19:30:33.379372+05:00)
2025-01-06 19:30:33,384 Job "checker (trigger: interval[0:00:05], next run at: 2025-01-06 19:30:38 +05)" executed successfully
2025-01-06 19:30:37,218 Infinity polling: polling exited
2025-01-06 19:30:37,220 Break infinity polling
