2025-01-11 17:11:34,545 Adding job tentatively -- it will be properly scheduled when the scheduler starts
2025-01-11 17:11:34,546 Added job "checker" to job store "default"
2025-01-11 17:11:34,546 Scheduler started
2025-01-11 17:11:34,547 Looking for jobs to run
2025-01-11 17:11:34,547 Next wakeup is due at 2025-01-11 17:11:39.545594+05:00 (in 4.998360 seconds)
2025-01-11 17:11:36,397 executing <function connect.<locals>.connector at 0x7ff8718e5da0>
2025-01-11 17:11:36,398 operation <function connect.<locals>.connector at 0x7ff8718e5da0> completed
2025-01-11 17:11:36,398 executing functools.partial(<built-in method execute of sqlite3.Connection object at 0x7ff871ac1f30>, 'PRAGMA foreign_keys = ON', [])
2025-01-11 17:11:36,399 operation functools.partial(<built-in method execute of sqlite3.Connection object at 0x7ff871ac1f30>, 'PRAGMA foreign_keys = ON', []) completed
2025-01-11 17:11:36,399 executing functools.partial(<built-in method execute of sqlite3.Connection object at 0x7ff871ac1f30>, '\n            CREATE TABLE IF NOT EXISTS users (\n                chat_id INTEGER,\n                topic_id INTEGER,\n                user_name TEXT,\n                PRIMARY KEY (chat_id, topic_id)\n            )\n        ', [])
2025-01-11 17:11:36,399 operation functools.partial(<built-in method execute of sqlite3.Connection object at 0x7ff871ac1f30>, '\n            CREATE TABLE IF NOT EXISTS users (\n                chat_id INTEGER,\n                topic_id INTEGER,\n                user_name TEXT,\n                PRIMARY KEY (chat_id, topic_id)\n            )\n        ', []) completed
2025-01-11 17:11:36,400 executing functools.partial(<built-in method execute of sqlite3.Connection object at 0x7ff871ac1f30>, '\n            CREATE TABLE IF NOT EXISTS group_messages (\n                topic_id INTEGER,\n                message_id INTEGER,\n                local_id INTEGER,\n                PRIMARY KEY (topic_id, local_id)\n            )\n        ', [])
2025-01-11 17:11:36,400 operation functools.partial(<built-in method execute of sqlite3.Connection object at 0x7ff871ac1f30>, '\n            CREATE TABLE IF NOT EXISTS group_messages (\n                topic_id INTEGER,\n                message_id INTEGER,\n                local_id INTEGER,\n                PRIMARY KEY (topic_id, local_id)\n            )\n        ', []) completed
2025-01-11 17:11:36,400 executing functools.partial(<built-in method execute of sqlite3.Connection object at 0x7ff871ac1f30>, '\n            CREATE TABLE IF NOT EXISTS private_messages (\n                chat_id INTEGER,\n                message_id INTEGER,\n                local_id INTEGER,\n                PRIMARY KEY (chat_id, local_id)\n            )\n        ', [])
2025-01-11 17:11:36,400 operation functools.partial(<built-in method execute of sqlite3.Connection object at 0x7ff871ac1f30>, '\n            CREATE TABLE IF NOT EXISTS private_messages (\n                chat_id INTEGER,\n                message_id INTEGER,\n                local_id INTEGER,\n                PRIMARY KEY (chat_id, local_id)\n            )\n        ', []) completed
2025-01-11 17:11:36,400 executing functools.partial(<built-in method execute of sqlite3.Connection object at 0x7ff871ac1f30>, '\n            CREATE TABLE IF NOT EXISTS message_reactions (\n                chat_id INTEGER,\n                message_id INTEGER,\n                user_id INTEGER,\n                reaction TEXT,\n                PRIMARY KEY (chat_id, message_id, user_id)\n            )\n        ', [])
2025-01-11 17:11:36,400 operation functools.partial(<built-in method execute of sqlite3.Connection object at 0x7ff871ac1f30>, '\n            CREATE TABLE IF NOT EXISTS message_reactions (\n                chat_id INTEGER,\n                message_id INTEGER,\n                user_id INTEGER,\n                reaction TEXT,\n                PRIMARY KEY (chat_id, message_id, user_id)\n            )\n        ', []) completed
2025-01-11 17:11:36,400 executing functools.partial(<built-in method commit of sqlite3.Connection object at 0x7ff871ac1f30>)
2025-01-11 17:11:36,401 operation functools.partial(<built-in method commit of sqlite3.Connection object at 0x7ff871ac1f30>) completed
2025-01-11 17:11:36,401 executing functools.partial(<built-in method execute of sqlite3.Connection object at 0x7ff871ac1f30>, 'SELECT topic_id FROM users WHERE chat_id = ?', (5434361630,))
2025-01-11 17:11:36,401 operation functools.partial(<built-in method execute of sqlite3.Connection object at 0x7ff871ac1f30>, 'SELECT topic_id FROM users WHERE chat_id = ?', (5434361630,)) completed
2025-01-11 17:11:36,401 executing functools.partial(<built-in method fetchone of sqlite3.Cursor object at 0x7ff871885340>)
2025-01-11 17:11:36,401 operation functools.partial(<built-in method fetchone of sqlite3.Cursor object at 0x7ff871885340>) completed
2025-01-11 17:11:36,401 executing functools.partial(<built-in method close of sqlite3.Cursor object at 0x7ff871885340>)
2025-01-11 17:11:36,401 operation functools.partial(<built-in method close of sqlite3.Cursor object at 0x7ff871885340>) completed
2025-01-11 17:11:36,402 executing <function connect.<locals>.connector at 0x7ff8718e4a40>
2025-01-11 17:11:36,402 operation <function connect.<locals>.connector at 0x7ff8718e4a40> completed
2025-01-11 17:11:36,402 executing functools.partial(<built-in method execute of sqlite3.Connection object at 0x7ff871ac2200>, 'PRAGMA foreign_keys = ON', [])
2025-01-11 17:11:36,402 operation functools.partial(<built-in method execute of sqlite3.Connection object at 0x7ff871ac2200>, 'PRAGMA foreign_keys = ON', []) completed
2025-01-11 17:11:36,403 executing functools.partial(<built-in method execute of sqlite3.Connection object at 0x7ff871ac2200>, '\n            CREATE TABLE IF NOT EXISTS users (\n                chat_id INTEGER,\n                topic_id INTEGER,\n                user_name TEXT,\n                PRIMARY KEY (chat_id, topic_id)\n            )\n        ', [])
2025-01-11 17:11:36,403 operation functools.partial(<built-in method execute of sqlite3.Connection object at 0x7ff871ac2200>, '\n            CREATE TABLE IF NOT EXISTS users (\n                chat_id INTEGER,\n                topic_id INTEGER,\n                user_name TEXT,\n                PRIMARY KEY (chat_id, topic_id)\n            )\n        ', []) completed
2025-01-11 17:11:36,403 executing functools.partial(<built-in method execute of sqlite3.Connection object at 0x7ff871ac2200>, '\n            CREATE TABLE IF NOT EXISTS group_messages (\n                topic_id INTEGER,\n                message_id INTEGER,\n                local_id INTEGER,\n                PRIMARY KEY (topic_id, local_id)\n            )\n        ', [])
2025-01-11 17:11:36,403 operation functools.partial(<built-in method execute of sqlite3.Connection object at 0x7ff871ac2200>, '\n            CREATE TABLE IF NOT EXISTS group_messages (\n                topic_id INTEGER,\n                message_id INTEGER,\n                local_id INTEGER,\n                PRIMARY KEY (topic_id, local_id)\n            )\n        ', []) completed
2025-01-11 17:11:36,403 executing functools.partial(<built-in method execute of sqlite3.Connection object at 0x7ff871ac2200>, '\n            CREATE TABLE IF NOT EXISTS private_messages (\n                chat_id INTEGER,\n                message_id INTEGER,\n                local_id INTEGER,\n                PRIMARY KEY (chat_id, local_id)\n            )\n        ', [])
2025-01-11 17:11:36,403 operation functools.partial(<built-in method execute of sqlite3.Connection object at 0x7ff871ac2200>, '\n            CREATE TABLE IF NOT EXISTS private_messages (\n                chat_id INTEGER,\n                message_id INTEGER,\n                local_id INTEGER,\n                PRIMARY KEY (chat_id, local_id)\n            )\n        ', []) completed
2025-01-11 17:11:36,404 executing functools.partial(<built-in method commit of sqlite3.Connection object at 0x7ff871ac2200>)
2025-01-11 17:11:36,404 operation functools.partial(<built-in method commit of sqlite3.Connection object at 0x7ff871ac2200>) completed
2025-01-11 17:11:36,404 executing functools.partial(<built-in method execute of sqlite3.Connection object at 0x7ff871ac2200>, 'SELECT topic_id FROM users WHERE chat_id = ?', (5434361630,))
2025-01-11 17:11:36,404 operation functools.partial(<built-in method execute of sqlite3.Connection object at 0x7ff871ac2200>, 'SELECT topic_id FROM users WHERE chat_id = ?', (5434361630,)) completed
2025-01-11 17:11:36,404 executing functools.partial(<built-in method fetchone of sqlite3.Cursor object at 0x7ff8718853c0>)
2025-01-11 17:11:36,404 operation functools.partial(<built-in method fetchone of sqlite3.Cursor object at 0x7ff8718853c0>) completed
2025-01-11 17:11:36,405 executing functools.partial(<built-in method close of sqlite3.Cursor object at 0x7ff8718853c0>)
2025-01-11 17:11:36,405 operation functools.partial(<built-in method close of sqlite3.Cursor object at 0x7ff8718853c0>) completed
2025-01-11 17:11:37,010 executing functools.partial(<built-in method execute of sqlite3.Connection object at 0x7ff871ac2200>, 'SELECT topic_id FROM users WHERE chat_id = ?', (5434361630,))
2025-01-11 17:11:37,011 operation functools.partial(<built-in method execute of sqlite3.Connection object at 0x7ff871ac2200>, 'SELECT topic_id FROM users WHERE chat_id = ?', (5434361630,)) completed
2025-01-11 17:11:37,011 executing functools.partial(<built-in method fetchone of sqlite3.Cursor object at 0x7ff8718853c0>)
2025-01-11 17:11:37,011 operation functools.partial(<built-in method fetchone of sqlite3.Cursor object at 0x7ff8718853c0>) completed
2025-01-11 17:11:37,017 executing functools.partial(<built-in method close of sqlite3.Cursor object at 0x7ff8718853c0>)
2025-01-11 17:11:37,017 operation functools.partial(<built-in method close of sqlite3.Cursor object at 0x7ff8718853c0>) completed
2025-01-11 17:11:37,018 executing functools.partial(<built-in method execute of sqlite3.Connection object at 0x7ff871ac2200>, 'SELECT MAX(local_id) FROM group_messages WHERE topic_id = ?', (1488,))
2025-01-11 17:11:37,018 operation functools.partial(<built-in method execute of sqlite3.Connection object at 0x7ff871ac2200>, 'SELECT MAX(local_id) FROM group_messages WHERE topic_id = ?', (1488,)) completed
2025-01-11 17:11:37,019 executing functools.partial(<built-in method fetchone of sqlite3.Cursor object at 0x7ff8718853c0>)
2025-01-11 17:11:37,019 operation functools.partial(<built-in method fetchone of sqlite3.Cursor object at 0x7ff8718853c0>) completed
2025-01-11 17:11:37,019 executing functools.partial(<built-in method close of sqlite3.Cursor object at 0x7ff8718853c0>)
2025-01-11 17:11:37,019 operation functools.partial(<built-in method close of sqlite3.Cursor object at 0x7ff8718853c0>) completed
2025-01-11 17:11:37,019 executing functools.partial(<built-in method execute of sqlite3.Connection object at 0x7ff871ac2200>, '\n                    INSERT INTO group_messages (topic_id, message_id, local_id)\n                    VALUES (?, ?, ?)\n                ', (1488, 1541, 31))
2025-01-11 17:11:37,020 operation functools.partial(<built-in method execute of sqlite3.Connection object at 0x7ff871ac2200>, '\n                    INSERT INTO group_messages (topic_id, message_id, local_id)\n                    VALUES (?, ?, ?)\n                ', (1488, 1541, 31)) completed
2025-01-11 17:11:37,020 executing functools.partial(<built-in method execute of sqlite3.Connection object at 0x7ff871ac2200>, 'SELECT MAX(local_id) FROM private_messages WHERE chat_id = ?', (5434361630,))
2025-01-11 17:11:37,022 operation functools.partial(<built-in method execute of sqlite3.Connection object at 0x7ff871ac2200>, 'SELECT MAX(local_id) FROM private_messages WHERE chat_id = ?', (5434361630,)) completed
2025-01-11 17:11:37,022 executing functools.partial(<built-in method fetchone of sqlite3.Cursor object at 0x7ff87187b640>)
2025-01-11 17:11:37,022 operation functools.partial(<built-in method fetchone of sqlite3.Cursor object at 0x7ff87187b640>) completed
2025-01-11 17:11:37,022 executing functools.partial(<built-in method close of sqlite3.Cursor object at 0x7ff87187b640>)
2025-01-11 17:11:37,023 operation functools.partial(<built-in method close of sqlite3.Cursor object at 0x7ff87187b640>) completed
2025-01-11 17:11:37,023 executing functools.partial(<built-in method execute of sqlite3.Connection object at 0x7ff871ac2200>, '\n                    INSERT INTO private_messages (chat_id, message_id, local_id)\n                    VALUES (?, ?, ?)\n                ', (5434361630, 23442, 31))
2025-01-11 17:11:37,023 operation functools.partial(<built-in method execute of sqlite3.Connection object at 0x7ff871ac2200>, '\n                    INSERT INTO private_messages (chat_id, message_id, local_id)\n                    VALUES (?, ?, ?)\n                ', (5434361630, 23442, 31)) completed
2025-01-11 17:11:37,023 executing functools.partial(<built-in method commit of sqlite3.Connection object at 0x7ff871ac2200>)
2025-01-11 17:11:37,027 operation functools.partial(<built-in method commit of sqlite3.Connection object at 0x7ff871ac2200>) completed
2025-01-11 17:11:39,548 Looking for jobs to run
2025-01-11 17:11:39,548 Next wakeup is due at 2025-01-11 17:11:44.545594+05:00 (in 4.997009 seconds)
2025-01-11 17:11:39,548 Running job "checker (trigger: interval[0:00:05], next run at: 2025-01-11 17:11:44 +05)" (scheduled at 2025-01-11 17:11:39.545594+05:00)
2025-01-11 17:11:39,548 Job "checker (trigger: interval[0:00:05], next run at: 2025-01-11 17:11:44 +05)" executed successfully
2025-01-11 17:11:44,550 Looking for jobs to run
2025-01-11 17:11:44,551 Next wakeup is due at 2025-01-11 17:11:49.545594+05:00 (in 4.994251 seconds)
2025-01-11 17:11:44,551 Running job "checker (trigger: interval[0:00:05], next run at: 2025-01-11 17:11:49 +05)" (scheduled at 2025-01-11 17:11:44.545594+05:00)
2025-01-11 17:11:44,551 Job "checker (trigger: interval[0:00:05], next run at: 2025-01-11 17:11:49 +05)" executed successfully
2025-01-11 17:11:49,550 Looking for jobs to run
2025-01-11 17:11:49,551 Next wakeup is due at 2025-01-11 17:11:54.545594+05:00 (in 4.994499 seconds)
2025-01-11 17:11:49,551 Running job "checker (trigger: interval[0:00:05], next run at: 2025-01-11 17:11:54 +05)" (scheduled at 2025-01-11 17:11:49.545594+05:00)
2025-01-11 17:11:49,551 Job "checker (trigger: interval[0:00:05], next run at: 2025-01-11 17:11:54 +05)" executed successfully
2025-01-11 17:11:54,548 Looking for jobs to run
2025-01-11 17:11:54,549 Next wakeup is due at 2025-01-11 17:11:59.545594+05:00 (in 4.996312 seconds)
2025-01-11 17:11:54,549 Running job "checker (trigger: interval[0:00:05], next run at: 2025-01-11 17:11:59 +05)" (scheduled at 2025-01-11 17:11:54.545594+05:00)
2025-01-11 17:11:54,549 Job "checker (trigger: interval[0:00:05], next run at: 2025-01-11 17:11:59 +05)" executed successfully
2025-01-11 17:11:59,547 Looking for jobs to run
2025-01-11 17:11:59,548 Next wakeup is due at 2025-01-11 17:12:04.545594+05:00 (in 4.997468 seconds)
2025-01-11 17:11:59,548 Running job "checker (trigger: interval[0:00:05], next run at: 2025-01-11 17:12:04 +05)" (scheduled at 2025-01-11 17:11:59.545594+05:00)
2025-01-11 17:11:59,548 Job "checker (trigger: interval[0:00:05], next run at: 2025-01-11 17:12:04 +05)" executed successfully
2025-01-11 17:12:04,550 Looking for jobs to run
2025-01-11 17:12:04,551 Next wakeup is due at 2025-01-11 17:12:09.545594+05:00 (in 4.994502 seconds)
2025-01-11 17:12:04,551 Running job "checker (trigger: interval[0:00:05], next run at: 2025-01-11 17:12:09 +05)" (scheduled at 2025-01-11 17:12:04.545594+05:00)
2025-01-11 17:12:04,551 Job "checker (trigger: interval[0:00:05], next run at: 2025-01-11 17:12:09 +05)" executed successfully
2025-01-11 17:12:09,546 Looking for jobs to run
2025-01-11 17:12:09,547 Next wakeup is due at 2025-01-11 17:12:14.545594+05:00 (in 4.998345 seconds)
2025-01-11 17:12:09,547 Running job "checker (trigger: interval[0:00:05], next run at: 2025-01-11 17:12:14 +05)" (scheduled at 2025-01-11 17:12:09.545594+05:00)
2025-01-11 17:12:09,547 Job "checker (trigger: interval[0:00:05], next run at: 2025-01-11 17:12:14 +05)" executed successfully
2025-01-11 17:12:14,551 Looking for jobs to run
2025-01-11 17:12:14,551 Next wakeup is due at 2025-01-11 17:12:19.545594+05:00 (in 4.994113 seconds)
2025-01-11 17:12:14,551 Running job "checker (trigger: interval[0:00:05], next run at: 2025-01-11 17:12:19 +05)" (scheduled at 2025-01-11 17:12:14.545594+05:00)
2025-01-11 17:12:14,551 Job "checker (trigger: interval[0:00:05], next run at: 2025-01-11 17:12:19 +05)" executed successfully
2025-01-11 17:12:19,548 Looking for jobs to run
2025-01-11 17:12:19,548 Next wakeup is due at 2025-01-11 17:12:24.545594+05:00 (in 4.996849 seconds)
2025-01-11 17:12:19,548 Running job "checker (trigger: interval[0:00:05], next run at: 2025-01-11 17:12:24 +05)" (scheduled at 2025-01-11 17:12:19.545594+05:00)
2025-01-11 17:12:19,549 Job "checker (trigger: interval[0:00:05], next run at: 2025-01-11 17:12:24 +05)" executed successfully
2025-01-11 17:12:24,550 Looking for jobs to run
2025-01-11 17:12:24,551 Next wakeup is due at 2025-01-11 17:12:29.545594+05:00 (in 4.994562 seconds)
2025-01-11 17:12:24,551 Running job "checker (trigger: interval[0:00:05], next run at: 2025-01-11 17:12:29 +05)" (scheduled at 2025-01-11 17:12:24.545594+05:00)
2025-01-11 17:12:24,551 Job "checker (trigger: interval[0:00:05], next run at: 2025-01-11 17:12:29 +05)" executed successfully
2025-01-11 17:12:29,551 Looking for jobs to run
2025-01-11 17:12:29,551 Next wakeup is due at 2025-01-11 17:12:34.545594+05:00 (in 4.993669 seconds)
2025-01-11 17:12:29,552 Running job "checker (trigger: interval[0:00:05], next run at: 2025-01-11 17:12:34 +05)" (scheduled at 2025-01-11 17:12:29.545594+05:00)
2025-01-11 17:12:29,552 Job "checker (trigger: interval[0:00:05], next run at: 2025-01-11 17:12:34 +05)" executed successfully
2025-01-11 17:12:34,546 Looking for jobs to run
2025-01-11 17:12:34,547 Next wakeup is due at 2025-01-11 17:12:39.545594+05:00 (in 4.998483 seconds)
2025-01-11 17:12:34,547 Running job "checker (trigger: interval[0:00:05], next run at: 2025-01-11 17:12:39 +05)" (scheduled at 2025-01-11 17:12:34.545594+05:00)
2025-01-11 17:12:34,547 Job "checker (trigger: interval[0:00:05], next run at: 2025-01-11 17:12:39 +05)" executed successfully
2025-01-11 17:12:37,644 executing <function connect.<locals>.connector at 0x7ff8718e5f80>
2025-01-11 17:12:37,644 operation <function connect.<locals>.connector at 0x7ff8718e5f80> completed
2025-01-11 17:12:37,645 executing functools.partial(<built-in method execute of sqlite3.Connection object at 0x7ff871ac2980>, 'PRAGMA foreign_keys = ON', [])
2025-01-11 17:12:37,645 operation functools.partial(<built-in method execute of sqlite3.Connection object at 0x7ff871ac2980>, 'PRAGMA foreign_keys = ON', []) completed
2025-01-11 17:12:37,645 executing functools.partial(<built-in method execute of sqlite3.Connection object at 0x7ff871ac2980>, '\n            CREATE TABLE IF NOT EXISTS users (\n                chat_id INTEGER,\n                topic_id INTEGER,\n                user_name TEXT,\n                PRIMARY KEY (chat_id, topic_id)\n            )\n        ', [])
2025-01-11 17:12:37,645 operation functools.partial(<built-in method execute of sqlite3.Connection object at 0x7ff871ac2980>, '\n            CREATE TABLE IF NOT EXISTS users (\n                chat_id INTEGER,\n                topic_id INTEGER,\n                user_name TEXT,\n                PRIMARY KEY (chat_id, topic_id)\n            )\n        ', []) completed
2025-01-11 17:12:37,646 executing functools.partial(<built-in method execute of sqlite3.Connection object at 0x7ff871ac2980>, '\n            CREATE TABLE IF NOT EXISTS group_messages (\n                topic_id INTEGER,\n                message_id INTEGER,\n                local_id INTEGER,\n                PRIMARY KEY (topic_id, local_id)\n            )\n        ', [])
2025-01-11 17:12:37,646 operation functools.partial(<built-in method execute of sqlite3.Connection object at 0x7ff871ac2980>, '\n            CREATE TABLE IF NOT EXISTS group_messages (\n                topic_id INTEGER,\n                message_id INTEGER,\n                local_id INTEGER,\n                PRIMARY KEY (topic_id, local_id)\n            )\n        ', []) completed
2025-01-11 17:12:37,646 executing functools.partial(<built-in method execute of sqlite3.Connection object at 0x7ff871ac2980>, '\n            CREATE TABLE IF NOT EXISTS private_messages (\n                chat_id INTEGER,\n                message_id INTEGER,\n                local_id INTEGER,\n                PRIMARY KEY (chat_id, local_id)\n            )\n        ', [])
2025-01-11 17:12:37,646 operation functools.partial(<built-in method execute of sqlite3.Connection object at 0x7ff871ac2980>, '\n            CREATE TABLE IF NOT EXISTS private_messages (\n                chat_id INTEGER,\n                message_id INTEGER,\n                local_id INTEGER,\n                PRIMARY KEY (chat_id, local_id)\n            )\n        ', []) completed
2025-01-11 17:12:37,647 executing functools.partial(<built-in method execute of sqlite3.Connection object at 0x7ff871ac2980>, '\n            CREATE TABLE IF NOT EXISTS message_reactions (\n                chat_id INTEGER,\n                message_id INTEGER,\n                user_id INTEGER,\n                reaction TEXT,\n                PRIMARY KEY (chat_id, message_id, user_id)\n            )\n        ', [])
2025-01-11 17:12:37,647 operation functools.partial(<built-in method execute of sqlite3.Connection object at 0x7ff871ac2980>, '\n            CREATE TABLE IF NOT EXISTS message_reactions (\n                chat_id INTEGER,\n                message_id INTEGER,\n                user_id INTEGER,\n                reaction TEXT,\n                PRIMARY KEY (chat_id, message_id, user_id)\n            )\n        ', []) completed
2025-01-11 17:12:37,647 executing functools.partial(<built-in method commit of sqlite3.Connection object at 0x7ff871ac2980>)
2025-01-11 17:12:37,647 operation functools.partial(<built-in method commit of sqlite3.Connection object at 0x7ff871ac2980>) completed
2025-01-11 17:12:37,647 executing functools.partial(<built-in method execute of sqlite3.Connection object at 0x7ff871ac2980>, 'SELECT topic_id FROM users WHERE chat_id = ?', (5434361630,))
2025-01-11 17:12:37,648 operation functools.partial(<built-in method execute of sqlite3.Connection object at 0x7ff871ac2980>, 'SELECT topic_id FROM users WHERE chat_id = ?', (5434361630,)) completed
2025-01-11 17:12:37,648 executing functools.partial(<built-in method fetchone of sqlite3.Cursor object at 0x7ff871c903c0>)
2025-01-11 17:12:37,648 operation functools.partial(<built-in method fetchone of sqlite3.Cursor object at 0x7ff871c903c0>) completed
2025-01-11 17:12:37,648 executing functools.partial(<built-in method close of sqlite3.Cursor object at 0x7ff871c903c0>)
2025-01-11 17:12:37,648 operation functools.partial(<built-in method close of sqlite3.Cursor object at 0x7ff871c903c0>) completed
2025-01-11 17:12:37,649 executing functools.partial(<built-in method execute of sqlite3.Connection object at 0x7ff871ac2200>, 'SELECT topic_id FROM users WHERE chat_id = ?', (5434361630,))
2025-01-11 17:12:37,649 operation functools.partial(<built-in method execute of sqlite3.Connection object at 0x7ff871ac2200>, 'SELECT topic_id FROM users WHERE chat_id = ?', (5434361630,)) completed
2025-01-11 17:12:37,649 executing functools.partial(<built-in method fetchone of sqlite3.Cursor object at 0x7ff8718799c0>)
2025-01-11 17:12:37,649 operation functools.partial(<built-in method fetchone of sqlite3.Cursor object at 0x7ff8718799c0>) completed
2025-01-11 17:12:37,649 executing functools.partial(<built-in method close of sqlite3.Cursor object at 0x7ff8718799c0>)
2025-01-11 17:12:37,649 operation functools.partial(<built-in method close of sqlite3.Cursor object at 0x7ff8718799c0>) completed
2025-01-11 17:12:38,458 executing functools.partial(<built-in method execute of sqlite3.Connection object at 0x7ff871ac2200>, 'SELECT topic_id FROM users WHERE chat_id = ?', (5434361630,))
2025-01-11 17:12:38,458 operation functools.partial(<built-in method execute of sqlite3.Connection object at 0x7ff871ac2200>, 'SELECT topic_id FROM users WHERE chat_id = ?', (5434361630,)) completed
2025-01-11 17:12:38,458 executing functools.partial(<built-in method fetchone of sqlite3.Cursor object at 0x7ff8718799c0>)
2025-01-11 17:12:38,459 operation functools.partial(<built-in method fetchone of sqlite3.Cursor object at 0x7ff8718799c0>) completed
2025-01-11 17:12:38,459 executing functools.partial(<built-in method close of sqlite3.Cursor object at 0x7ff8718799c0>)
2025-01-11 17:12:38,459 operation functools.partial(<built-in method close of sqlite3.Cursor object at 0x7ff8718799c0>) completed
2025-01-11 17:12:38,459 executing functools.partial(<built-in method execute of sqlite3.Connection object at 0x7ff871ac2200>, 'SELECT MAX(local_id) FROM group_messages WHERE topic_id = ?', (1488,))
2025-01-11 17:12:38,459 operation functools.partial(<built-in method execute of sqlite3.Connection object at 0x7ff871ac2200>, 'SELECT MAX(local_id) FROM group_messages WHERE topic_id = ?', (1488,)) completed
2025-01-11 17:12:38,459 executing functools.partial(<built-in method fetchone of sqlite3.Cursor object at 0x7ff8718799c0>)
2025-01-11 17:12:38,459 operation functools.partial(<built-in method fetchone of sqlite3.Cursor object at 0x7ff8718799c0>) completed
2025-01-11 17:12:38,459 executing functools.partial(<built-in method close of sqlite3.Cursor object at 0x7ff8718799c0>)
2025-01-11 17:12:38,459 operation functools.partial(<built-in method close of sqlite3.Cursor object at 0x7ff8718799c0>) completed
2025-01-11 17:12:38,460 executing functools.partial(<built-in method execute of sqlite3.Connection object at 0x7ff871ac2200>, '\n                    INSERT INTO group_messages (topic_id, message_id, local_id)\n                    VALUES (?, ?, ?)\n                ', (1488, 1542, 32))
2025-01-11 17:12:38,460 operation functools.partial(<built-in method execute of sqlite3.Connection object at 0x7ff871ac2200>, '\n                    INSERT INTO group_messages (topic_id, message_id, local_id)\n                    VALUES (?, ?, ?)\n                ', (1488, 1542, 32)) completed
2025-01-11 17:12:38,460 executing functools.partial(<built-in method execute of sqlite3.Connection object at 0x7ff871ac2200>, 'SELECT MAX(local_id) FROM private_messages WHERE chat_id = ?', (5434361630,))
2025-01-11 17:12:38,460 operation functools.partial(<built-in method execute of sqlite3.Connection object at 0x7ff871ac2200>, 'SELECT MAX(local_id) FROM private_messages WHERE chat_id = ?', (5434361630,)) completed
2025-01-11 17:12:38,460 executing functools.partial(<built-in method fetchone of sqlite3.Cursor object at 0x7ff871873440>)
2025-01-11 17:12:38,460 operation functools.partial(<built-in method fetchone of sqlite3.Cursor object at 0x7ff871873440>) completed
2025-01-11 17:12:38,460 executing functools.partial(<built-in method close of sqlite3.Cursor object at 0x7ff871873440>)
2025-01-11 17:12:38,460 operation functools.partial(<built-in method close of sqlite3.Cursor object at 0x7ff871873440>) completed
2025-01-11 17:12:38,460 executing functools.partial(<built-in method execute of sqlite3.Connection object at 0x7ff871ac2200>, '\n                    INSERT INTO private_messages (chat_id, message_id, local_id)\n                    VALUES (?, ?, ?)\n                ', (5434361630, 23443, 32))
2025-01-11 17:12:38,461 operation functools.partial(<built-in method execute of sqlite3.Connection object at 0x7ff871ac2200>, '\n                    INSERT INTO private_messages (chat_id, message_id, local_id)\n                    VALUES (?, ?, ?)\n                ', (5434361630, 23443, 32)) completed
2025-01-11 17:12:38,461 executing functools.partial(<built-in method commit of sqlite3.Connection object at 0x7ff871ac2200>)
2025-01-11 17:12:38,465 operation functools.partial(<built-in method commit of sqlite3.Connection object at 0x7ff871ac2200>) completed
2025-01-11 17:12:39,546 Looking for jobs to run
2025-01-11 17:12:39,547 Next wakeup is due at 2025-01-11 17:12:44.545594+05:00 (in 4.998503 seconds)
2025-01-11 17:12:39,547 Running job "checker (trigger: interval[0:00:05], next run at: 2025-01-11 17:12:44 +05)" (scheduled at 2025-01-11 17:12:39.545594+05:00)
2025-01-11 17:12:39,547 Job "checker (trigger: interval[0:00:05], next run at: 2025-01-11 17:12:44 +05)" executed successfully
2025-01-11 17:12:44,550 Looking for jobs to run
2025-01-11 17:12:44,551 Next wakeup is due at 2025-01-11 17:12:49.545594+05:00 (in 4.994524 seconds)
2025-01-11 17:12:44,551 Running job "checker (trigger: interval[0:00:05], next run at: 2025-01-11 17:12:49 +05)" (scheduled at 2025-01-11 17:12:44.545594+05:00)
2025-01-11 17:12:44,551 Job "checker (trigger: interval[0:00:05], next run at: 2025-01-11 17:12:49 +05)" executed successfully
2025-01-11 17:12:49,069 Infinity polling: polling exited
2025-01-11 17:12:49,069 Break infinity polling
