2025-01-06 15:51:14,862 Adding job tentatively -- it will be properly scheduled when the scheduler starts
2025-01-06 15:51:14,863 Added job "checker" to job store "default"
2025-01-06 15:51:14,864 Scheduler started
2025-01-06 15:51:14,871 Looking for jobs to run
2025-01-06 15:51:14,871 Next wakeup is due at 2025-01-06 15:51:19.862115+05:00 (in 4.990219 seconds)
2025-01-06 15:51:19,863 Looking for jobs to run
2025-01-06 15:51:19,864 Next wakeup is due at 2025-01-06 15:51:24.862115+05:00 (in 4.997997 seconds)
2025-01-06 15:51:19,864 Running job "checker (trigger: interval[0:00:05], next run at: 2025-01-06 15:51:24 +05)" (scheduled at 2025-01-06 15:51:19.862115+05:00)
2025-01-06 15:51:19,864 Job "checker (trigger: interval[0:00:05], next run at: 2025-01-06 15:51:24 +05)" executed successfully
2025-01-06 15:51:22,973 executing <function connect.<locals>.connector at 0x7f3d785db6a0>
2025-01-06 15:51:22,975 operation <function connect.<locals>.connector at 0x7f3d785db6a0> completed
2025-01-06 15:51:22,975 executing functools.partial(<built-in method execute of sqlite3.Connection object at 0x7f3d78595c60>, 'SELECT topic_id FROM users WHERE chat_id = ?', (5434361630,))
2025-01-06 15:51:22,976 operation functools.partial(<built-in method execute of sqlite3.Connection object at 0x7f3d78595c60>, 'SELECT topic_id FROM users WHERE chat_id = ?', (5434361630,)) completed
2025-01-06 15:51:22,976 executing functools.partial(<built-in method fetchone of sqlite3.Cursor object at 0x7f3d785f04c0>)
2025-01-06 15:51:22,976 operation functools.partial(<built-in method fetchone of sqlite3.Cursor object at 0x7f3d785f04c0>) completed
2025-01-06 15:51:22,976 executing functools.partial(<built-in method close of sqlite3.Cursor object at 0x7f3d785f04c0>)
2025-01-06 15:51:22,976 operation functools.partial(<built-in method close of sqlite3.Cursor object at 0x7f3d785f04c0>) completed
2025-01-06 15:51:22,977 executing <function connect.<locals>.connector at 0x7f3d785db880>
2025-01-06 15:51:22,977 operation <function connect.<locals>.connector at 0x7f3d785db880> completed
2025-01-06 15:51:22,977 executing functools.partial(<built-in method execute of sqlite3.Connection object at 0x7f3d78596980>, 'PRAGMA foreign_keys = ON', [])
2025-01-06 15:51:22,977 operation functools.partial(<built-in method execute of sqlite3.Connection object at 0x7f3d78596980>, 'PRAGMA foreign_keys = ON', []) completed
2025-01-06 15:51:22,978 executing functools.partial(<built-in method execute of sqlite3.Connection object at 0x7f3d78596980>, '\n            CREATE TABLE IF NOT EXISTS users (\n                chat_id INTEGER,\n                topic_id INTEGER,\n                user_name TEXT,\n                PRIMARY KEY (chat_id, topic_id)\n            )\n        ', [])
2025-01-06 15:51:22,978 operation functools.partial(<built-in method execute of sqlite3.Connection object at 0x7f3d78596980>, '\n            CREATE TABLE IF NOT EXISTS users (\n                chat_id INTEGER,\n                topic_id INTEGER,\n                user_name TEXT,\n                PRIMARY KEY (chat_id, topic_id)\n            )\n        ', []) completed
2025-01-06 15:51:22,978 executing functools.partial(<built-in method execute of sqlite3.Connection object at 0x7f3d78596980>, '\n            CREATE TABLE IF NOT EXISTS group_messages (\n                topic_id INTEGER,\n                message_id INTEGER,\n                local_id INTEGER,\n                PRIMARY KEY (topic_id, local_id)\n            )\n        ', [])
2025-01-06 15:51:22,978 operation functools.partial(<built-in method execute of sqlite3.Connection object at 0x7f3d78596980>, '\n            CREATE TABLE IF NOT EXISTS group_messages (\n                topic_id INTEGER,\n                message_id INTEGER,\n                local_id INTEGER,\n                PRIMARY KEY (topic_id, local_id)\n            )\n        ', []) completed
2025-01-06 15:51:22,978 executing functools.partial(<built-in method execute of sqlite3.Connection object at 0x7f3d78596980>, '\n            CREATE TABLE IF NOT EXISTS private_messages (\n                chat_id INTEGER,\n                message_id INTEGER,\n                local_id INTEGER,\n                PRIMARY KEY (chat_id, local_id)\n            )\n        ', [])
2025-01-06 15:51:22,978 operation functools.partial(<built-in method execute of sqlite3.Connection object at 0x7f3d78596980>, '\n            CREATE TABLE IF NOT EXISTS private_messages (\n                chat_id INTEGER,\n                message_id INTEGER,\n                local_id INTEGER,\n                PRIMARY KEY (chat_id, local_id)\n            )\n        ', []) completed
2025-01-06 15:51:22,979 executing functools.partial(<built-in method commit of sqlite3.Connection object at 0x7f3d78596980>)
2025-01-06 15:51:22,979 operation functools.partial(<built-in method commit of sqlite3.Connection object at 0x7f3d78596980>) completed
2025-01-06 15:51:22,979 executing functools.partial(<built-in method execute of sqlite3.Connection object at 0x7f3d78596980>, 'SELECT topic_id FROM users WHERE chat_id = ? AND user_name = ?', (5434361630, 'yadgenn'))
2025-01-06 15:51:22,979 operation functools.partial(<built-in method execute of sqlite3.Connection object at 0x7f3d78596980>, 'SELECT topic_id FROM users WHERE chat_id = ? AND user_name = ?', (5434361630, 'yadgenn')) completed
2025-01-06 15:51:22,979 executing functools.partial(<built-in method fetchone of sqlite3.Cursor object at 0x7f3d785f1640>)
2025-01-06 15:51:22,979 operation functools.partial(<built-in method fetchone of sqlite3.Cursor object at 0x7f3d785f1640>) completed
2025-01-06 15:51:22,980 executing functools.partial(<built-in method close of sqlite3.Cursor object at 0x7f3d785f1640>)
2025-01-06 15:51:22,980 operation functools.partial(<built-in method close of sqlite3.Cursor object at 0x7f3d785f1640>) completed
2025-01-06 15:51:23,586 Unhandled exception (full traceback for debug level): A request to the Telegram API was unsuccessful. Error code: 409. Description: Conflict: terminated by other getUpdates request; make sure that only one bot instance is running
2025-01-06 15:51:24,863 Looking for jobs to run
2025-01-06 15:51:24,863 Next wakeup is due at 2025-01-06 15:51:29.862115+05:00 (in 4.998526 seconds)
2025-01-06 15:51:24,863 Running job "checker (trigger: interval[0:00:05], next run at: 2025-01-06 15:51:29 +05)" (scheduled at 2025-01-06 15:51:24.862115+05:00)
2025-01-06 15:51:24,863 Job "checker (trigger: interval[0:00:05], next run at: 2025-01-06 15:51:29 +05)" executed successfully
2025-01-06 15:51:27,272 An error occurred код ошибки: A request to the Telegram API was unsuccessful. Error code: 409. Description: Conflict: terminated by other getUpdates request; make sure that only one bot instance is running
Traceback (most recent call last):
  File "/home/emilgoo/Проекты/All Mentor (async)/main_telebot.py", line 549, in main
    await asyncio.gather(bot.infinity_polling(allowed_updates=[
  File "/home/emilgoo/Проекты/All Mentor (async)/main_telebot.py", line 542, in updates
    updates = await bot.get_updates()
              ^^^^^^^^^^^^^^^^^^^^^^^
  File "/home/emilgoo/.var/app/com.jetbrains.PyCharm-Community/data/python/lib/python3.11/site-packages/telebot/async_telebot.py", line 240, in get_updates
    json_updates = await asyncio_helper.get_updates(self.token, offset, limit, timeout, allowed_updates, request_timeout)
                   ^^^^^^^^^^^^^^^^^^^^^^^^^^^^^^^^^^^^^^^^^^^^^^^^^^^^^^^^^^^^^^^^^^^^^^^^^^^^^^^^^^^^^^^^^^^^^^^^^^^^^^
  File "/home/emilgoo/.var/app/com.jetbrains.PyCharm-Community/data/python/lib/python3.11/site-packages/telebot/asyncio_helper.py", line 252, in get_updates
    return await _process_request(token, method_name, params=params, request_timeout=request_timeout)
           ^^^^^^^^^^^^^^^^^^^^^^^^^^^^^^^^^^^^^^^^^^^^^^^^^^^^^^^^^^^^^^^^^^^^^^^^^^^^^^^^^^^^^^^^^^
  File "/home/emilgoo/.var/app/com.jetbrains.PyCharm-Community/data/python/lib/python3.11/site-packages/telebot/asyncio_helper.py", line 99, in _process_request
    raise e
  File "/home/emilgoo/.var/app/com.jetbrains.PyCharm-Community/data/python/lib/python3.11/site-packages/telebot/asyncio_helper.py", line 95, in _process_request
    json_result = await _check_result(url, resp)
                  ^^^^^^^^^^^^^^^^^^^^^^^^^^^^^^
  File "/home/emilgoo/.var/app/com.jetbrains.PyCharm-Community/data/python/lib/python3.11/site-packages/telebot/asyncio_helper.py", line 276, in _check_result
    raise ApiTelegramException(method_name, result, result_json)
telebot.asyncio_helper.ApiTelegramException: A request to the Telegram API was unsuccessful. Error code: 409. Description: Conflict: terminated by other getUpdates request; make sure that only one bot instance is running
2025-01-06 15:51:27,274 Infinity polling: polling exited
2025-01-06 15:51:27,274 Break infinity polling
