2025-01-06 19:30:41,684 Adding job tentatively -- it will be properly scheduled when the scheduler starts
2025-01-06 19:30:41,686 Added job "checker" to job store "default"
2025-01-06 19:30:41,686 Scheduler started
2025-01-06 19:30:41,689 Looking for jobs to run
2025-01-06 19:30:41,689 Next wakeup is due at 2025-01-06 19:30:46.684306+05:00 (in 4.994556 seconds)
2025-01-06 19:30:42,198 executing <function connect.<locals>.connector at 0x7fcf9cbec7c0>
2025-01-06 19:30:42,201 operation <function connect.<locals>.connector at 0x7fcf9cbec7c0> completed
2025-01-06 19:30:42,201 executing functools.partial(<built-in method execute of sqlite3.Connection object at 0x7fcf9cdc9e40>, 'SELECT topic_id FROM users WHERE chat_id = ?', (5434361630,))
2025-01-06 19:30:42,204 returning exception no such table: users
2025-01-06 19:30:42,205 Task exception was never retrieved
future: <Task finished name='Task-8' coro=<AsyncTeleBot.process_new_updates() done, defined at /home/emilgoo/.var/app/com.jetbrains.PyCharm-Community/data/python/lib/python3.11/site-packages/telebot/async_telebot.py:603> exception=OperationalError('no such table: users')>
Traceback (most recent call last):
  File "/home/emilgoo/.var/app/com.jetbrains.PyCharm-Community/data/python/lib/python3.11/site-packages/telebot/async_telebot.py", line 717, in process_new_updates
    await self.process_new_messages(new_messages)
  File "/home/emilgoo/.var/app/com.jetbrains.PyCharm-Community/data/python/lib/python3.11/site-packages/telebot/async_telebot.py", line 766, in process_new_messages
    await self._process_updates(self.message_handlers, new_messages, 'message')
  File "/home/emilgoo/.var/app/com.jetbrains.PyCharm-Community/data/python/lib/python3.11/site-packages/telebot/async_telebot.py", line 523, in _process_updates
    await asyncio.gather(*tasks)
  File "/home/emilgoo/.var/app/com.jetbrains.PyCharm-Community/data/python/lib/python3.11/site-packages/telebot/async_telebot.py", line 549, in _run_middlewares_and_handlers
    middleware_result = await middleware.pre_process(message, data)
                        ^^^^^^^^^^^^^^^^^^^^^^^^^^^^^^^^^^^^^^^^^^^
  File "/home/emilgoo/Проекты/All Mentor (async)/middlewares/timeout.py", line 36, in pre_process
    topic_id = await self.get_topic_id_by_chat_id(message)
               ^^^^^^^^^^^^^^^^^^^^^^^^^^^^^^^^^^^^^^^^^^^
  File "/home/emilgoo/Проекты/All Mentor (async)/middlewares/timeout.py", line 26, in get_topic_id_by_chat_id
    async with self.db_object.execute('SELECT topic_id FROM users WHERE chat_id = ?', (message.chat.id,)) as cursor:
  File "/home/emilgoo/.var/app/com.jetbrains.PyCharm-Community/data/python/lib/python3.11/site-packages/aiosqlite/context.py", line 39, in __aenter__
    self._obj = await self._coro
                ^^^^^^^^^^^^^^^^
  File "/home/emilgoo/.var/app/com.jetbrains.PyCharm-Community/data/python/lib/python3.11/site-packages/aiosqlite/core.py", line 193, in execute
    cursor = await self._execute(self._conn.execute, sql, parameters)
             ^^^^^^^^^^^^^^^^^^^^^^^^^^^^^^^^^^^^^^^^^^^^^^^^^^^^^^^^
  File "/home/emilgoo/.var/app/com.jetbrains.PyCharm-Community/data/python/lib/python3.11/site-packages/aiosqlite/core.py", line 132, in _execute
    return await future
           ^^^^^^^^^^^^
  File "/home/emilgoo/.var/app/com.jetbrains.PyCharm-Community/data/python/lib/python3.11/site-packages/aiosqlite/core.py", line 115, in run
    result = function()
             ^^^^^^^^^^
sqlite3.OperationalError: no such table: users
2025-01-06 19:30:45,155 executing <function connect.<locals>.connector at 0x7fcf9c237420>
2025-01-06 19:30:45,156 operation <function connect.<locals>.connector at 0x7fcf9c237420> completed
2025-01-06 19:30:45,156 executing functools.partial(<built-in method execute of sqlite3.Connection object at 0x7fcf9c2588b0>, 'SELECT topic_id FROM users WHERE chat_id = ?', (5434361630,))
2025-01-06 19:30:45,156 returning exception no such table: users
2025-01-06 19:30:45,157 Task exception was never retrieved
future: <Task finished name='Task-11' coro=<AsyncTeleBot.process_new_updates() done, defined at /home/emilgoo/.var/app/com.jetbrains.PyCharm-Community/data/python/lib/python3.11/site-packages/telebot/async_telebot.py:603> exception=OperationalError('no such table: users')>
Traceback (most recent call last):
  File "/home/emilgoo/.var/app/com.jetbrains.PyCharm-Community/data/python/lib/python3.11/site-packages/telebot/async_telebot.py", line 717, in process_new_updates
    await self.process_new_messages(new_messages)
  File "/home/emilgoo/.var/app/com.jetbrains.PyCharm-Community/data/python/lib/python3.11/site-packages/telebot/async_telebot.py", line 766, in process_new_messages
    await self._process_updates(self.message_handlers, new_messages, 'message')
  File "/home/emilgoo/.var/app/com.jetbrains.PyCharm-Community/data/python/lib/python3.11/site-packages/telebot/async_telebot.py", line 523, in _process_updates
    await asyncio.gather(*tasks)
  File "/home/emilgoo/.var/app/com.jetbrains.PyCharm-Community/data/python/lib/python3.11/site-packages/telebot/async_telebot.py", line 549, in _run_middlewares_and_handlers
    middleware_result = await middleware.pre_process(message, data)
                        ^^^^^^^^^^^^^^^^^^^^^^^^^^^^^^^^^^^^^^^^^^^
  File "/home/emilgoo/Проекты/All Mentor (async)/middlewares/timeout.py", line 36, in pre_process
    topic_id = await self.get_topic_id_by_chat_id(message)
               ^^^^^^^^^^^^^^^^^^^^^^^^^^^^^^^^^^^^^^^^^^^
  File "/home/emilgoo/Проекты/All Mentor (async)/middlewares/timeout.py", line 26, in get_topic_id_by_chat_id
    async with self.db_object.execute('SELECT topic_id FROM users WHERE chat_id = ?', (message.chat.id,)) as cursor:
  File "/home/emilgoo/.var/app/com.jetbrains.PyCharm-Community/data/python/lib/python3.11/site-packages/aiosqlite/context.py", line 39, in __aenter__
    self._obj = await self._coro
                ^^^^^^^^^^^^^^^^
  File "/home/emilgoo/.var/app/com.jetbrains.PyCharm-Community/data/python/lib/python3.11/site-packages/aiosqlite/core.py", line 193, in execute
    cursor = await self._execute(self._conn.execute, sql, parameters)
             ^^^^^^^^^^^^^^^^^^^^^^^^^^^^^^^^^^^^^^^^^^^^^^^^^^^^^^^^
  File "/home/emilgoo/.var/app/com.jetbrains.PyCharm-Community/data/python/lib/python3.11/site-packages/aiosqlite/core.py", line 132, in _execute
    return await future
           ^^^^^^^^^^^^
  File "/home/emilgoo/.var/app/com.jetbrains.PyCharm-Community/data/python/lib/python3.11/site-packages/aiosqlite/core.py", line 115, in run
    result = function()
             ^^^^^^^^^^
sqlite3.OperationalError: no such table: users
2025-01-06 19:30:46,690 Looking for jobs to run
2025-01-06 19:30:46,690 Next wakeup is due at 2025-01-06 19:30:51.684306+05:00 (in 4.993808 seconds)
2025-01-06 19:30:46,690 Running job "checker (trigger: interval[0:00:05], next run at: 2025-01-06 19:30:51 +05)" (scheduled at 2025-01-06 19:30:46.684306+05:00)
2025-01-06 19:30:46,690 Job "checker (trigger: interval[0:00:05], next run at: 2025-01-06 19:30:51 +05)" executed successfully
2025-01-06 19:30:51,690 Looking for jobs to run
2025-01-06 19:30:51,690 Next wakeup is due at 2025-01-06 19:30:56.684306+05:00 (in 4.993579 seconds)
2025-01-06 19:30:51,691 Running job "checker (trigger: interval[0:00:05], next run at: 2025-01-06 19:30:56 +05)" (scheduled at 2025-01-06 19:30:51.684306+05:00)
2025-01-06 19:30:51,691 Job "checker (trigger: interval[0:00:05], next run at: 2025-01-06 19:30:56 +05)" executed successfully
2025-01-06 19:30:55,451 Infinity polling: polling exited
2025-01-06 19:30:55,452 Break infinity polling
