2025-01-06 15:32:46,724 Adding job tentatively -- it will be properly scheduled when the scheduler starts
2025-01-06 15:32:46,726 Added job "checker" to job store "default"
2025-01-06 15:32:46,726 Scheduler started
2025-01-06 15:32:46,735 Looking for jobs to run
2025-01-06 15:32:46,735 Next wakeup is due at 2025-01-06 15:32:51.724035+05:00 (in 4.988059 seconds)
2025-01-06 15:32:51,725 Looking for jobs to run
2025-01-06 15:32:51,725 Next wakeup is due at 2025-01-06 15:32:56.724035+05:00 (in 4.998154 seconds)
2025-01-06 15:32:51,726 Running job "checker (trigger: interval[0:00:05], next run at: 2025-01-06 15:32:56 +05)" (scheduled at 2025-01-06 15:32:51.724035+05:00)
2025-01-06 15:32:51,726 Job "checker (trigger: interval[0:00:05], next run at: 2025-01-06 15:32:56 +05)" executed successfully
2025-01-06 15:32:54,734 executing <function connect.<locals>.connector at 0x7f31652960c0>
2025-01-06 15:32:54,735 operation <function connect.<locals>.connector at 0x7f31652960c0> completed
2025-01-06 15:32:54,735 executing functools.partial(<built-in method execute of sqlite3.Connection object at 0x7f3165251c60>, 'SELECT topic_id FROM users WHERE chat_id = ?', (5434361630,))
2025-01-06 15:32:54,736 operation functools.partial(<built-in method execute of sqlite3.Connection object at 0x7f3165251c60>, 'SELECT topic_id FROM users WHERE chat_id = ?', (5434361630,)) completed
2025-01-06 15:32:54,738 executing functools.partial(<built-in method fetchone of sqlite3.Cursor object at 0x7f316525ff40>)
2025-01-06 15:32:54,739 operation functools.partial(<built-in method fetchone of sqlite3.Cursor object at 0x7f316525ff40>) completed
2025-01-06 15:32:54,739 executing functools.partial(<built-in method close of sqlite3.Cursor object at 0x7f316525ff40>)
2025-01-06 15:32:54,739 operation functools.partial(<built-in method close of sqlite3.Cursor object at 0x7f316525ff40>) completed
2025-01-06 15:32:54,749 executing <function connect.<locals>.connector at 0x7f3165297560>
2025-01-06 15:32:54,749 operation <function connect.<locals>.connector at 0x7f3165297560> completed
2025-01-06 15:32:54,750 executing functools.partial(<built-in method execute of sqlite3.Connection object at 0x7f3165252110>, 'PRAGMA foreign_keys = ON', [])
2025-01-06 15:32:54,750 operation functools.partial(<built-in method execute of sqlite3.Connection object at 0x7f3165252110>, 'PRAGMA foreign_keys = ON', []) completed
2025-01-06 15:32:54,750 executing functools.partial(<built-in method execute of sqlite3.Connection object at 0x7f3165252110>, '\n            CREATE TABLE IF NOT EXISTS users (\n                chat_id INTEGER,\n                topic_id INTEGER,\n                user_name TEXT,\n                PRIMARY KEY (chat_id, topic_id)\n            )\n        ', [])
2025-01-06 15:32:54,750 operation functools.partial(<built-in method execute of sqlite3.Connection object at 0x7f3165252110>, '\n            CREATE TABLE IF NOT EXISTS users (\n                chat_id INTEGER,\n                topic_id INTEGER,\n                user_name TEXT,\n                PRIMARY KEY (chat_id, topic_id)\n            )\n        ', []) completed
2025-01-06 15:32:54,751 executing functools.partial(<built-in method execute of sqlite3.Connection object at 0x7f3165252110>, '\n            CREATE TABLE IF NOT EXISTS group_messages (\n                topic_id INTEGER,\n                message_id INTEGER,\n                local_id INTEGER,\n                PRIMARY KEY (topic_id, local_id)\n            )\n        ', [])
2025-01-06 15:32:54,751 operation functools.partial(<built-in method execute of sqlite3.Connection object at 0x7f3165252110>, '\n            CREATE TABLE IF NOT EXISTS group_messages (\n                topic_id INTEGER,\n                message_id INTEGER,\n                local_id INTEGER,\n                PRIMARY KEY (topic_id, local_id)\n            )\n        ', []) completed
2025-01-06 15:32:54,751 executing functools.partial(<built-in method execute of sqlite3.Connection object at 0x7f3165252110>, '\n            CREATE TABLE IF NOT EXISTS private_messages (\n                chat_id INTEGER,\n                message_id INTEGER,\n                local_id INTEGER,\n                PRIMARY KEY (chat_id, local_id)\n            )\n        ', [])
2025-01-06 15:32:54,751 operation functools.partial(<built-in method execute of sqlite3.Connection object at 0x7f3165252110>, '\n            CREATE TABLE IF NOT EXISTS private_messages (\n                chat_id INTEGER,\n                message_id INTEGER,\n                local_id INTEGER,\n                PRIMARY KEY (chat_id, local_id)\n            )\n        ', []) completed
2025-01-06 15:32:54,752 executing functools.partial(<built-in method commit of sqlite3.Connection object at 0x7f3165252110>)
2025-01-06 15:32:54,752 operation functools.partial(<built-in method commit of sqlite3.Connection object at 0x7f3165252110>) completed
2025-01-06 15:32:54,752 executing functools.partial(<built-in method execute of sqlite3.Connection object at 0x7f3165252110>, 'SELECT topic_id FROM users WHERE chat_id = ? AND user_name = ?', (5434361630, 'yadgenn'))
2025-01-06 15:32:54,752 operation functools.partial(<built-in method execute of sqlite3.Connection object at 0x7f3165252110>, 'SELECT topic_id FROM users WHERE chat_id = ? AND user_name = ?', (5434361630, 'yadgenn')) completed
2025-01-06 15:32:54,753 executing functools.partial(<built-in method fetchone of sqlite3.Cursor object at 0x7f31652a8840>)
2025-01-06 15:32:54,753 operation functools.partial(<built-in method fetchone of sqlite3.Cursor object at 0x7f31652a8840>) completed
2025-01-06 15:32:54,753 executing functools.partial(<built-in method close of sqlite3.Cursor object at 0x7f31652a8840>)
2025-01-06 15:32:54,753 operation functools.partial(<built-in method close of sqlite3.Cursor object at 0x7f31652a8840>) completed
2025-01-06 15:32:56,725 Looking for jobs to run
2025-01-06 15:32:56,726 Next wakeup is due at 2025-01-06 15:33:01.724035+05:00 (in 4.997269 seconds)
2025-01-06 15:32:56,727 Running job "checker (trigger: interval[0:00:05], next run at: 2025-01-06 15:33:01 +05)" (scheduled at 2025-01-06 15:32:56.724035+05:00)
2025-01-06 15:32:56,727 Job "checker (trigger: interval[0:00:05], next run at: 2025-01-06 15:33:01 +05)" executed successfully
2025-01-06 15:33:01,725 Looking for jobs to run
2025-01-06 15:33:01,725 Next wakeup is due at 2025-01-06 15:33:06.724035+05:00 (in 4.998212 seconds)
2025-01-06 15:33:01,726 Running job "checker (trigger: interval[0:00:05], next run at: 2025-01-06 15:33:06 +05)" (scheduled at 2025-01-06 15:33:01.724035+05:00)
2025-01-06 15:33:01,726 Job "checker (trigger: interval[0:00:05], next run at: 2025-01-06 15:33:06 +05)" executed successfully
2025-01-06 15:33:06,727 Looking for jobs to run
2025-01-06 15:33:06,731 Next wakeup is due at 2025-01-06 15:33:11.724035+05:00 (in 4.992126 seconds)
2025-01-06 15:33:06,732 Running job "checker (trigger: interval[0:00:05], next run at: 2025-01-06 15:33:11 +05)" (scheduled at 2025-01-06 15:33:06.724035+05:00)
2025-01-06 15:33:06,732 Job "checker (trigger: interval[0:00:05], next run at: 2025-01-06 15:33:11 +05)" executed successfully
2025-01-06 15:33:11,729 Looking for jobs to run
2025-01-06 15:33:11,730 Next wakeup is due at 2025-01-06 15:33:16.724035+05:00 (in 4.993909 seconds)
2025-01-06 15:33:11,730 Running job "checker (trigger: interval[0:00:05], next run at: 2025-01-06 15:33:16 +05)" (scheduled at 2025-01-06 15:33:11.724035+05:00)
2025-01-06 15:33:11,730 Job "checker (trigger: interval[0:00:05], next run at: 2025-01-06 15:33:16 +05)" executed successfully
2025-01-06 15:33:16,726 Looking for jobs to run
2025-01-06 15:33:16,726 Next wakeup is due at 2025-01-06 15:33:21.724035+05:00 (in 4.997384 seconds)
2025-01-06 15:33:16,726 Running job "checker (trigger: interval[0:00:05], next run at: 2025-01-06 15:33:21 +05)" (scheduled at 2025-01-06 15:33:16.724035+05:00)
2025-01-06 15:33:16,726 Job "checker (trigger: interval[0:00:05], next run at: 2025-01-06 15:33:21 +05)" executed successfully
2025-01-06 15:33:19,510 Infinity polling: polling exited
2025-01-06 15:33:19,511 Break infinity polling
