2025-01-01 00:48:07,397 Adding job tentatively -- it will be properly scheduled when the scheduler starts
2025-01-01 00:48:07,402 Added job "checker" to job store "default"
2025-01-01 00:48:07,403 Scheduler started
2025-01-01 00:48:07,431 Looking for jobs to run
2025-01-01 00:48:07,432 Next wakeup is due at 2025-01-01 00:48:12.394570+05:00 (in 4.962466 seconds)
2025-01-01 00:48:12,395 Looking for jobs to run
2025-01-01 00:48:12,396 Next wakeup is due at 2025-01-01 00:48:17.394570+05:00 (in 4.998028 seconds)
2025-01-01 00:48:12,396 Running job "checker (trigger: interval[0:00:05], next run at: 2025-01-01 00:48:17 +05)" (scheduled at 2025-01-01 00:48:12.394570+05:00)
2025-01-01 00:48:12,396 Job "checker (trigger: interval[0:00:05], next run at: 2025-01-01 00:48:17 +05)" executed successfully
2025-01-01 00:48:14,928 executing <function connect.<locals>.connector at 0x7fdacac534c0>
2025-01-01 00:48:14,940 operation <function connect.<locals>.connector at 0x7fdacac534c0> completed
2025-01-01 00:48:14,946 executing functools.partial(<built-in method execute of sqlite3.Connection object at 0x7fdacac09e40>, 'SELECT topic_id FROM users WHERE chat_id = ?', (5434361630,))
2025-01-01 00:48:14,955 operation functools.partial(<built-in method execute of sqlite3.Connection object at 0x7fdacac09e40>, 'SELECT topic_id FROM users WHERE chat_id = ?', (5434361630,)) completed
2025-01-01 00:48:14,957 executing functools.partial(<built-in method fetchone of sqlite3.Cursor object at 0x7fdacac1bf40>)
2025-01-01 00:48:14,957 operation functools.partial(<built-in method fetchone of sqlite3.Cursor object at 0x7fdacac1bf40>) completed
2025-01-01 00:48:14,958 executing functools.partial(<built-in method close of sqlite3.Cursor object at 0x7fdacac1bf40>)
2025-01-01 00:48:14,958 operation functools.partial(<built-in method close of sqlite3.Cursor object at 0x7fdacac1bf40>) completed
2025-01-01 00:48:14,959 executing <function connect.<locals>.connector at 0x7fdacac536a0>
2025-01-01 00:48:14,960 operation <function connect.<locals>.connector at 0x7fdacac536a0> completed
2025-01-01 00:48:14,960 executing functools.partial(<built-in method execute of sqlite3.Connection object at 0x7fdacac0a200>, 'PRAGMA foreign_keys = ON', [])
2025-01-01 00:48:14,961 operation functools.partial(<built-in method execute of sqlite3.Connection object at 0x7fdacac0a200>, 'PRAGMA foreign_keys = ON', []) completed
2025-01-01 00:48:14,962 executing functools.partial(<built-in method execute of sqlite3.Connection object at 0x7fdacac0a200>, '\n            CREATE TABLE IF NOT EXISTS users (\n                chat_id INTEGER,\n                topic_id INTEGER,\n                user_name TEXT,\n                PRIMARY KEY (chat_id, topic_id)\n            )\n        ', [])
2025-01-01 00:48:14,963 operation functools.partial(<built-in method execute of sqlite3.Connection object at 0x7fdacac0a200>, '\n            CREATE TABLE IF NOT EXISTS users (\n                chat_id INTEGER,\n                topic_id INTEGER,\n                user_name TEXT,\n                PRIMARY KEY (chat_id, topic_id)\n            )\n        ', []) completed
2025-01-01 00:48:14,964 executing functools.partial(<built-in method execute of sqlite3.Connection object at 0x7fdacac0a200>, '\n            CREATE TABLE IF NOT EXISTS group_messages (\n                topic_id INTEGER,\n                message_id INTEGER,\n                local_id INTEGER,\n                PRIMARY KEY (topic_id, local_id)\n            )\n        ', [])
2025-01-01 00:48:14,964 operation functools.partial(<built-in method execute of sqlite3.Connection object at 0x7fdacac0a200>, '\n            CREATE TABLE IF NOT EXISTS group_messages (\n                topic_id INTEGER,\n                message_id INTEGER,\n                local_id INTEGER,\n                PRIMARY KEY (topic_id, local_id)\n            )\n        ', []) completed
2025-01-01 00:48:14,965 executing functools.partial(<built-in method execute of sqlite3.Connection object at 0x7fdacac0a200>, '\n            CREATE TABLE IF NOT EXISTS private_messages (\n                chat_id INTEGER,\n                message_id INTEGER,\n                local_id INTEGER,\n                PRIMARY KEY (chat_id, local_id)\n            )\n        ', [])
2025-01-01 00:48:14,966 operation functools.partial(<built-in method execute of sqlite3.Connection object at 0x7fdacac0a200>, '\n            CREATE TABLE IF NOT EXISTS private_messages (\n                chat_id INTEGER,\n                message_id INTEGER,\n                local_id INTEGER,\n                PRIMARY KEY (chat_id, local_id)\n            )\n        ', []) completed
2025-01-01 00:48:14,966 executing functools.partial(<built-in method commit of sqlite3.Connection object at 0x7fdacac0a200>)
2025-01-01 00:48:14,967 operation functools.partial(<built-in method commit of sqlite3.Connection object at 0x7fdacac0a200>) completed
2025-01-01 00:48:14,971 executing functools.partial(<built-in method execute of sqlite3.Connection object at 0x7fdacac0a200>, 'SELECT topic_id FROM users WHERE chat_id = ? AND user_name = ?', (5434361630, 'yadgenn'))
2025-01-01 00:48:14,972 operation functools.partial(<built-in method execute of sqlite3.Connection object at 0x7fdacac0a200>, 'SELECT topic_id FROM users WHERE chat_id = ? AND user_name = ?', (5434361630, 'yadgenn')) completed
2025-01-01 00:48:14,972 executing functools.partial(<built-in method fetchone of sqlite3.Cursor object at 0x7fdacac68840>)
2025-01-01 00:48:14,973 operation functools.partial(<built-in method fetchone of sqlite3.Cursor object at 0x7fdacac68840>) completed
2025-01-01 00:48:14,974 executing functools.partial(<built-in method close of sqlite3.Cursor object at 0x7fdacac68840>)
2025-01-01 00:48:14,974 operation functools.partial(<built-in method close of sqlite3.Cursor object at 0x7fdacac68840>) completed
2025-01-01 00:48:17,395 Looking for jobs to run
2025-01-01 00:48:17,396 Next wakeup is due at 2025-01-01 00:48:22.394570+05:00 (in 4.998128 seconds)
2025-01-01 00:48:17,396 Running job "checker (trigger: interval[0:00:05], next run at: 2025-01-01 00:48:22 +05)" (scheduled at 2025-01-01 00:48:17.394570+05:00)
2025-01-01 00:48:17,396 Job "checker (trigger: interval[0:00:05], next run at: 2025-01-01 00:48:22 +05)" executed successfully
2025-01-01 00:48:17,422 executing functools.partial(<built-in method execute of sqlite3.Connection object at 0x7fdacac0a200>, 'SELECT topic_id FROM users WHERE chat_id = ?', (5434361630,))
2025-01-01 00:48:17,422 operation functools.partial(<built-in method execute of sqlite3.Connection object at 0x7fdacac0a200>, 'SELECT topic_id FROM users WHERE chat_id = ?', (5434361630,)) completed
2025-01-01 00:48:17,425 executing functools.partial(<built-in method fetchone of sqlite3.Cursor object at 0x7fdacac68840>)
2025-01-01 00:48:17,425 operation functools.partial(<built-in method fetchone of sqlite3.Cursor object at 0x7fdacac68840>) completed
2025-01-01 00:48:17,427 executing functools.partial(<built-in method close of sqlite3.Cursor object at 0x7fdacac68840>)
2025-01-01 00:48:17,427 operation functools.partial(<built-in method close of sqlite3.Cursor object at 0x7fdacac68840>) completed
2025-01-01 00:48:17,433 executing functools.partial(<built-in method execute of sqlite3.Connection object at 0x7fdacac0a200>, 'SELECT MAX(local_id) FROM group_messages WHERE topic_id = ?', (186,))
2025-01-01 00:48:17,454 operation functools.partial(<built-in method execute of sqlite3.Connection object at 0x7fdacac0a200>, 'SELECT MAX(local_id) FROM group_messages WHERE topic_id = ?', (186,)) completed
2025-01-01 00:48:17,455 executing functools.partial(<built-in method fetchone of sqlite3.Cursor object at 0x7fdacac68840>)
2025-01-01 00:48:17,455 operation functools.partial(<built-in method fetchone of sqlite3.Cursor object at 0x7fdacac68840>) completed
2025-01-01 00:48:17,456 executing functools.partial(<built-in method close of sqlite3.Cursor object at 0x7fdacac68840>)
2025-01-01 00:48:17,456 operation functools.partial(<built-in method close of sqlite3.Cursor object at 0x7fdacac68840>) completed
2025-01-01 00:48:17,456 executing functools.partial(<built-in method execute of sqlite3.Connection object at 0x7fdacac0a200>, '\n                    INSERT INTO group_messages (topic_id, message_id, local_id)\n                    VALUES (?, ?, ?)\n                ', (186, 1215, 238))
2025-01-01 00:48:17,458 operation functools.partial(<built-in method execute of sqlite3.Connection object at 0x7fdacac0a200>, '\n                    INSERT INTO group_messages (topic_id, message_id, local_id)\n                    VALUES (?, ?, ?)\n                ', (186, 1215, 238)) completed
2025-01-01 00:48:17,458 executing functools.partial(<built-in method execute of sqlite3.Connection object at 0x7fdacac0a200>, 'SELECT MAX(local_id) FROM private_messages WHERE chat_id = ?', (5434361630,))
2025-01-01 00:48:17,458 operation functools.partial(<built-in method execute of sqlite3.Connection object at 0x7fdacac0a200>, 'SELECT MAX(local_id) FROM private_messages WHERE chat_id = ?', (5434361630,)) completed
2025-01-01 00:48:17,459 executing functools.partial(<built-in method fetchone of sqlite3.Cursor object at 0x7fdacac69840>)
2025-01-01 00:48:17,459 operation functools.partial(<built-in method fetchone of sqlite3.Cursor object at 0x7fdacac69840>) completed
2025-01-01 00:48:17,459 executing functools.partial(<built-in method close of sqlite3.Cursor object at 0x7fdacac69840>)
2025-01-01 00:48:17,459 operation functools.partial(<built-in method close of sqlite3.Cursor object at 0x7fdacac69840>) completed
2025-01-01 00:48:17,459 executing functools.partial(<built-in method execute of sqlite3.Connection object at 0x7fdacac0a200>, '\n                    INSERT INTO private_messages (chat_id, message_id, local_id)\n                    VALUES (?, ?, ?)\n                ', (5434361630, 23018, 238))
2025-01-01 00:48:17,460 operation functools.partial(<built-in method execute of sqlite3.Connection object at 0x7fdacac0a200>, '\n                    INSERT INTO private_messages (chat_id, message_id, local_id)\n                    VALUES (?, ?, ?)\n                ', (5434361630, 23018, 238)) completed
2025-01-01 00:48:17,460 executing functools.partial(<built-in method commit of sqlite3.Connection object at 0x7fdacac0a200>)
2025-01-01 00:48:17,470 operation functools.partial(<built-in method commit of sqlite3.Connection object at 0x7fdacac0a200>) completed
2025-01-01 00:48:22,399 Looking for jobs to run
2025-01-01 00:48:22,400 Next wakeup is due at 2025-01-01 00:48:27.394570+05:00 (in 4.994227 seconds)
2025-01-01 00:48:22,400 Running job "checker (trigger: interval[0:00:05], next run at: 2025-01-01 00:48:27 +05)" (scheduled at 2025-01-01 00:48:22.394570+05:00)
2025-01-01 00:48:22,400 Job "checker (trigger: interval[0:00:05], next run at: 2025-01-01 00:48:27 +05)" executed successfully
2025-01-01 00:48:27,201 executing <function connect.<locals>.connector at 0x7fdacac53880>
2025-01-01 00:48:27,206 operation <function connect.<locals>.connector at 0x7fdacac53880> completed
2025-01-01 00:48:27,207 executing functools.partial(<built-in method execute of sqlite3.Connection object at 0x7fdacac0b2e0>, 'SELECT topic_id FROM users WHERE chat_id = ?', (5434361630,))
2025-01-01 00:48:27,208 operation functools.partial(<built-in method execute of sqlite3.Connection object at 0x7fdacac0b2e0>, 'SELECT topic_id FROM users WHERE chat_id = ?', (5434361630,)) completed
2025-01-01 00:48:27,209 executing functools.partial(<built-in method fetchone of sqlite3.Cursor object at 0x7fdacac68e40>)
2025-01-01 00:48:27,209 operation functools.partial(<built-in method fetchone of sqlite3.Cursor object at 0x7fdacac68e40>) completed
2025-01-01 00:48:27,212 executing functools.partial(<built-in method close of sqlite3.Cursor object at 0x7fdacac68e40>)
2025-01-01 00:48:27,215 operation functools.partial(<built-in method close of sqlite3.Cursor object at 0x7fdacac68e40>) completed
2025-01-01 00:48:27,216 executing functools.partial(<built-in method execute of sqlite3.Connection object at 0x7fdacac0a200>, 'SELECT topic_id FROM users WHERE chat_id = ? AND user_name = ?', (5434361630, 'yadgenn'))
2025-01-01 00:48:27,217 operation functools.partial(<built-in method execute of sqlite3.Connection object at 0x7fdacac0a200>, 'SELECT topic_id FROM users WHERE chat_id = ? AND user_name = ?', (5434361630, 'yadgenn')) completed
2025-01-01 00:48:27,217 executing functools.partial(<built-in method fetchone of sqlite3.Cursor object at 0x7fdacac69cc0>)
2025-01-01 00:48:27,217 operation functools.partial(<built-in method fetchone of sqlite3.Cursor object at 0x7fdacac69cc0>) completed
2025-01-01 00:48:27,217 executing functools.partial(<built-in method close of sqlite3.Cursor object at 0x7fdacac69cc0>)
2025-01-01 00:48:27,217 operation functools.partial(<built-in method close of sqlite3.Cursor object at 0x7fdacac69cc0>) completed
2025-01-01 00:48:27,395 Looking for jobs to run
2025-01-01 00:48:27,395 Next wakeup is due at 2025-01-01 00:48:32.394570+05:00 (in 4.998676 seconds)
2025-01-01 00:48:27,396 Running job "checker (trigger: interval[0:00:05], next run at: 2025-01-01 00:48:32 +05)" (scheduled at 2025-01-01 00:48:27.394570+05:00)
2025-01-01 00:48:27,396 Job "checker (trigger: interval[0:00:05], next run at: 2025-01-01 00:48:32 +05)" executed successfully
2025-01-01 00:48:27,804 executing functools.partial(<built-in method execute of sqlite3.Connection object at 0x7fdacac0a200>, 'SELECT topic_id FROM users WHERE chat_id = ?', (5434361630,))
2025-01-01 00:48:27,805 operation functools.partial(<built-in method execute of sqlite3.Connection object at 0x7fdacac0a200>, 'SELECT topic_id FROM users WHERE chat_id = ?', (5434361630,)) completed
2025-01-01 00:48:27,805 executing functools.partial(<built-in method fetchone of sqlite3.Cursor object at 0x7fdacac69cc0>)
2025-01-01 00:48:27,805 operation functools.partial(<built-in method fetchone of sqlite3.Cursor object at 0x7fdacac69cc0>) completed
2025-01-01 00:48:27,805 executing functools.partial(<built-in method close of sqlite3.Cursor object at 0x7fdacac69cc0>)
2025-01-01 00:48:27,806 operation functools.partial(<built-in method close of sqlite3.Cursor object at 0x7fdacac69cc0>) completed
2025-01-01 00:48:27,806 executing functools.partial(<built-in method execute of sqlite3.Connection object at 0x7fdacac0a200>, 'SELECT MAX(local_id) FROM group_messages WHERE topic_id = ?', (186,))
2025-01-01 00:48:27,806 operation functools.partial(<built-in method execute of sqlite3.Connection object at 0x7fdacac0a200>, 'SELECT MAX(local_id) FROM group_messages WHERE topic_id = ?', (186,)) completed
2025-01-01 00:48:27,808 executing functools.partial(<built-in method fetchone of sqlite3.Cursor object at 0x7fdacac69cc0>)
2025-01-01 00:48:27,808 operation functools.partial(<built-in method fetchone of sqlite3.Cursor object at 0x7fdacac69cc0>) completed
2025-01-01 00:48:27,808 executing functools.partial(<built-in method close of sqlite3.Cursor object at 0x7fdacac69cc0>)
2025-01-01 00:48:27,808 operation functools.partial(<built-in method close of sqlite3.Cursor object at 0x7fdacac69cc0>) completed
2025-01-01 00:48:27,808 executing functools.partial(<built-in method execute of sqlite3.Connection object at 0x7fdacac0a200>, '\n                    INSERT INTO group_messages (topic_id, message_id, local_id)\n                    VALUES (?, ?, ?)\n                ', (186, 1216, 239))
2025-01-01 00:48:27,809 operation functools.partial(<built-in method execute of sqlite3.Connection object at 0x7fdacac0a200>, '\n                    INSERT INTO group_messages (topic_id, message_id, local_id)\n                    VALUES (?, ?, ?)\n                ', (186, 1216, 239)) completed
2025-01-01 00:48:27,810 executing functools.partial(<built-in method execute of sqlite3.Connection object at 0x7fdacac0a200>, 'SELECT MAX(local_id) FROM private_messages WHERE chat_id = ?', (5434361630,))
2025-01-01 00:48:27,810 operation functools.partial(<built-in method execute of sqlite3.Connection object at 0x7fdacac0a200>, 'SELECT MAX(local_id) FROM private_messages WHERE chat_id = ?', (5434361630,)) completed
2025-01-01 00:48:27,810 executing functools.partial(<built-in method fetchone of sqlite3.Cursor object at 0x7fdacac6a6c0>)
2025-01-01 00:48:27,810 operation functools.partial(<built-in method fetchone of sqlite3.Cursor object at 0x7fdacac6a6c0>) completed
2025-01-01 00:48:27,810 executing functools.partial(<built-in method close of sqlite3.Cursor object at 0x7fdacac6a6c0>)
2025-01-01 00:48:27,810 operation functools.partial(<built-in method close of sqlite3.Cursor object at 0x7fdacac6a6c0>) completed
2025-01-01 00:48:27,810 executing functools.partial(<built-in method execute of sqlite3.Connection object at 0x7fdacac0a200>, '\n                    INSERT INTO private_messages (chat_id, message_id, local_id)\n                    VALUES (?, ?, ?)\n                ', (5434361630, 23019, 239))
2025-01-01 00:48:27,811 operation functools.partial(<built-in method execute of sqlite3.Connection object at 0x7fdacac0a200>, '\n                    INSERT INTO private_messages (chat_id, message_id, local_id)\n                    VALUES (?, ?, ?)\n                ', (5434361630, 23019, 239)) completed
2025-01-01 00:48:27,811 executing functools.partial(<built-in method commit of sqlite3.Connection object at 0x7fdacac0a200>)
2025-01-01 00:48:27,824 operation functools.partial(<built-in method commit of sqlite3.Connection object at 0x7fdacac0a200>) completed
2025-01-01 00:48:32,398 Looking for jobs to run
2025-01-01 00:48:32,399 Next wakeup is due at 2025-01-01 00:48:37.394570+05:00 (in 4.995589 seconds)
2025-01-01 00:48:32,399 Running job "checker (trigger: interval[0:00:05], next run at: 2025-01-01 00:48:37 +05)" (scheduled at 2025-01-01 00:48:32.394570+05:00)
2025-01-01 00:48:32,399 Job "checker (trigger: interval[0:00:05], next run at: 2025-01-01 00:48:37 +05)" executed successfully
2025-01-01 00:48:37,399 Looking for jobs to run
2025-01-01 00:48:37,400 Next wakeup is due at 2025-01-01 00:48:42.394570+05:00 (in 4.993919 seconds)
2025-01-01 00:48:37,401 Running job "checker (trigger: interval[0:00:05], next run at: 2025-01-01 00:48:42 +05)" (scheduled at 2025-01-01 00:48:37.394570+05:00)
2025-01-01 00:48:37,401 Job "checker (trigger: interval[0:00:05], next run at: 2025-01-01 00:48:42 +05)" executed successfully
2025-01-01 00:48:42,398 Looking for jobs to run
2025-01-01 00:48:42,398 Next wakeup is due at 2025-01-01 00:48:47.394570+05:00 (in 4.995950 seconds)
2025-01-01 00:48:42,398 Running job "checker (trigger: interval[0:00:05], next run at: 2025-01-01 00:48:47 +05)" (scheduled at 2025-01-01 00:48:42.394570+05:00)
2025-01-01 00:48:42,399 Job "checker (trigger: interval[0:00:05], next run at: 2025-01-01 00:48:47 +05)" executed successfully
2025-01-01 00:48:47,399 Looking for jobs to run
2025-01-01 00:48:47,400 Next wakeup is due at 2025-01-01 00:48:52.394570+05:00 (in 4.994215 seconds)
2025-01-01 00:48:47,400 Running job "checker (trigger: interval[0:00:05], next run at: 2025-01-01 00:48:52 +05)" (scheduled at 2025-01-01 00:48:47.394570+05:00)
2025-01-01 00:48:47,400 Job "checker (trigger: interval[0:00:05], next run at: 2025-01-01 00:48:52 +05)" executed successfully
2025-01-01 00:48:52,399 Looking for jobs to run
2025-01-01 00:48:52,400 Next wakeup is due at 2025-01-01 00:48:57.394570+05:00 (in 4.993648 seconds)
2025-01-01 00:48:52,401 Running job "checker (trigger: interval[0:00:05], next run at: 2025-01-01 00:48:57 +05)" (scheduled at 2025-01-01 00:48:52.394570+05:00)
2025-01-01 00:48:52,402 Job "checker (trigger: interval[0:00:05], next run at: 2025-01-01 00:48:57 +05)" executed successfully
2025-01-01 00:48:57,395 Looking for jobs to run
2025-01-01 00:48:57,398 Next wakeup is due at 2025-01-01 00:49:02.394570+05:00 (in 4.995821 seconds)
2025-01-01 00:48:57,399 Running job "checker (trigger: interval[0:00:05], next run at: 2025-01-01 00:49:02 +05)" (scheduled at 2025-01-01 00:48:57.394570+05:00)
2025-01-01 00:48:57,399 Job "checker (trigger: interval[0:00:05], next run at: 2025-01-01 00:49:02 +05)" executed successfully
2025-01-01 00:49:00,394 Infinity polling: polling exited
2025-01-01 00:49:00,395 Break infinity polling
