2025-01-11 17:11:13,368 Adding job tentatively -- it will be properly scheduled when the scheduler starts
2025-01-11 17:11:13,369 Added job "checker" to job store "default"
2025-01-11 17:11:13,370 Scheduler started
2025-01-11 17:11:13,371 Looking for jobs to run
2025-01-11 17:11:13,372 Next wakeup is due at 2025-01-11 17:11:18.368601+05:00 (in 4.996522 seconds)
2025-01-11 17:11:17,860 executing <function connect.<locals>.connector at 0x7fcaabc26020>
2025-01-11 17:11:17,861 operation <function connect.<locals>.connector at 0x7fcaabc26020> completed
2025-01-11 17:11:17,862 executing functools.partial(<built-in method execute of sqlite3.Connection object at 0x7fcaabe01f30>, 'PRAGMA foreign_keys = ON', [])
2025-01-11 17:11:17,862 operation functools.partial(<built-in method execute of sqlite3.Connection object at 0x7fcaabe01f30>, 'PRAGMA foreign_keys = ON', []) completed
2025-01-11 17:11:17,862 executing functools.partial(<built-in method execute of sqlite3.Connection object at 0x7fcaabe01f30>, '\n            CREATE TABLE IF NOT EXISTS users (\n                chat_id INTEGER,\n                topic_id INTEGER,\n                user_name TEXT,\n                PRIMARY KEY (chat_id, topic_id)\n            )\n        ', [])
2025-01-11 17:11:17,863 operation functools.partial(<built-in method execute of sqlite3.Connection object at 0x7fcaabe01f30>, '\n            CREATE TABLE IF NOT EXISTS users (\n                chat_id INTEGER,\n                topic_id INTEGER,\n                user_name TEXT,\n                PRIMARY KEY (chat_id, topic_id)\n            )\n        ', []) completed
2025-01-11 17:11:17,863 executing functools.partial(<built-in method execute of sqlite3.Connection object at 0x7fcaabe01f30>, '\n            CREATE TABLE IF NOT EXISTS group_messages (\n                topic_id INTEGER,\n                message_id INTEGER,\n                local_id INTEGER,\n                PRIMARY KEY (topic_id, local_id)\n            )\n        ', [])
2025-01-11 17:11:17,863 operation functools.partial(<built-in method execute of sqlite3.Connection object at 0x7fcaabe01f30>, '\n            CREATE TABLE IF NOT EXISTS group_messages (\n                topic_id INTEGER,\n                message_id INTEGER,\n                local_id INTEGER,\n                PRIMARY KEY (topic_id, local_id)\n            )\n        ', []) completed
2025-01-11 17:11:17,863 executing functools.partial(<built-in method execute of sqlite3.Connection object at 0x7fcaabe01f30>, '\n            CREATE TABLE IF NOT EXISTS private_messages (\n                chat_id INTEGER,\n                message_id INTEGER,\n                local_id INTEGER,\n                PRIMARY KEY (chat_id, local_id)\n            )\n        ', [])
2025-01-11 17:11:17,864 operation functools.partial(<built-in method execute of sqlite3.Connection object at 0x7fcaabe01f30>, '\n            CREATE TABLE IF NOT EXISTS private_messages (\n                chat_id INTEGER,\n                message_id INTEGER,\n                local_id INTEGER,\n                PRIMARY KEY (chat_id, local_id)\n            )\n        ', []) completed
2025-01-11 17:11:17,864 executing functools.partial(<built-in method execute of sqlite3.Connection object at 0x7fcaabe01f30>, '\n            CREATE TABLE IF NOT EXISTS message_reactions (\n                chat_id INTEGER,\n                message_id INTEGER,\n                user_id INTEGER,\n                reaction TEXT,\n                PRIMARY KEY (chat_id, message_id, user_id)\n            )\n        ', [])
2025-01-11 17:11:17,864 operation functools.partial(<built-in method execute of sqlite3.Connection object at 0x7fcaabe01f30>, '\n            CREATE TABLE IF NOT EXISTS message_reactions (\n                chat_id INTEGER,\n                message_id INTEGER,\n                user_id INTEGER,\n                reaction TEXT,\n                PRIMARY KEY (chat_id, message_id, user_id)\n            )\n        ', []) completed
2025-01-11 17:11:17,864 executing functools.partial(<built-in method commit of sqlite3.Connection object at 0x7fcaabe01f30>)
2025-01-11 17:11:17,864 operation functools.partial(<built-in method commit of sqlite3.Connection object at 0x7fcaabe01f30>) completed
2025-01-11 17:11:17,864 executing functools.partial(<built-in method execute of sqlite3.Connection object at 0x7fcaabe01f30>, 'SELECT topic_id FROM users WHERE chat_id = ?', (5434361630,))
2025-01-11 17:11:17,864 operation functools.partial(<built-in method execute of sqlite3.Connection object at 0x7fcaabe01f30>, 'SELECT topic_id FROM users WHERE chat_id = ?', (5434361630,)) completed
2025-01-11 17:11:17,865 executing functools.partial(<built-in method fetchone of sqlite3.Cursor object at 0x7fcaabbc5340>)
2025-01-11 17:11:17,865 operation functools.partial(<built-in method fetchone of sqlite3.Cursor object at 0x7fcaabbc5340>) completed
2025-01-11 17:11:17,865 executing functools.partial(<built-in method close of sqlite3.Cursor object at 0x7fcaabbc5340>)
2025-01-11 17:11:17,865 operation functools.partial(<built-in method close of sqlite3.Cursor object at 0x7fcaabbc5340>) completed
2025-01-11 17:11:17,865 executing <function connect.<locals>.connector at 0x7fcaabc24a40>
2025-01-11 17:11:17,865 operation <function connect.<locals>.connector at 0x7fcaabc24a40> completed
2025-01-11 17:11:17,865 executing functools.partial(<built-in method execute of sqlite3.Connection object at 0x7fcaabe02200>, 'PRAGMA foreign_keys = ON', [])
2025-01-11 17:11:17,866 operation functools.partial(<built-in method execute of sqlite3.Connection object at 0x7fcaabe02200>, 'PRAGMA foreign_keys = ON', []) completed
2025-01-11 17:11:17,866 executing functools.partial(<built-in method execute of sqlite3.Connection object at 0x7fcaabe02200>, '\n            CREATE TABLE IF NOT EXISTS users (\n                chat_id INTEGER,\n                topic_id INTEGER,\n                user_name TEXT,\n                PRIMARY KEY (chat_id, topic_id)\n            )\n        ', [])
2025-01-11 17:11:17,866 operation functools.partial(<built-in method execute of sqlite3.Connection object at 0x7fcaabe02200>, '\n            CREATE TABLE IF NOT EXISTS users (\n                chat_id INTEGER,\n                topic_id INTEGER,\n                user_name TEXT,\n                PRIMARY KEY (chat_id, topic_id)\n            )\n        ', []) completed
2025-01-11 17:11:17,867 executing functools.partial(<built-in method execute of sqlite3.Connection object at 0x7fcaabe02200>, '\n            CREATE TABLE IF NOT EXISTS group_messages (\n                topic_id INTEGER,\n                message_id INTEGER,\n                local_id INTEGER,\n                PRIMARY KEY (topic_id, local_id)\n            )\n        ', [])
2025-01-11 17:11:17,867 operation functools.partial(<built-in method execute of sqlite3.Connection object at 0x7fcaabe02200>, '\n            CREATE TABLE IF NOT EXISTS group_messages (\n                topic_id INTEGER,\n                message_id INTEGER,\n                local_id INTEGER,\n                PRIMARY KEY (topic_id, local_id)\n            )\n        ', []) completed
2025-01-11 17:11:17,867 executing functools.partial(<built-in method execute of sqlite3.Connection object at 0x7fcaabe02200>, '\n            CREATE TABLE IF NOT EXISTS private_messages (\n                chat_id INTEGER,\n                message_id INTEGER,\n                local_id INTEGER,\n                PRIMARY KEY (chat_id, local_id)\n            )\n        ', [])
2025-01-11 17:11:17,867 operation functools.partial(<built-in method execute of sqlite3.Connection object at 0x7fcaabe02200>, '\n            CREATE TABLE IF NOT EXISTS private_messages (\n                chat_id INTEGER,\n                message_id INTEGER,\n                local_id INTEGER,\n                PRIMARY KEY (chat_id, local_id)\n            )\n        ', []) completed
2025-01-11 17:11:17,868 executing functools.partial(<built-in method commit of sqlite3.Connection object at 0x7fcaabe02200>)
2025-01-11 17:11:17,868 operation functools.partial(<built-in method commit of sqlite3.Connection object at 0x7fcaabe02200>) completed
2025-01-11 17:11:17,868 executing functools.partial(<built-in method execute of sqlite3.Connection object at 0x7fcaabe02200>, 'SELECT topic_id FROM users WHERE chat_id = ?', 5434361630)
2025-01-11 17:11:17,868 returning exception parameters are of unsupported type
2025-01-11 17:11:18,370 Looking for jobs to run
2025-01-11 17:11:18,370 Next wakeup is due at 2025-01-11 17:11:23.368601+05:00 (in 4.997907 seconds)
2025-01-11 17:11:18,371 Running job "checker (trigger: interval[0:00:05], next run at: 2025-01-11 17:11:23 +05)" (scheduled at 2025-01-11 17:11:18.368601+05:00)
2025-01-11 17:11:18,371 Job "checker (trigger: interval[0:00:05], next run at: 2025-01-11 17:11:23 +05)" executed successfully
2025-01-11 17:11:23,375 Looking for jobs to run
2025-01-11 17:11:23,375 Next wakeup is due at 2025-01-11 17:11:28.368601+05:00 (in 4.992837 seconds)
2025-01-11 17:11:23,376 Running job "checker (trigger: interval[0:00:05], next run at: 2025-01-11 17:11:28 +05)" (scheduled at 2025-01-11 17:11:23.368601+05:00)
2025-01-11 17:11:23,376 Job "checker (trigger: interval[0:00:05], next run at: 2025-01-11 17:11:28 +05)" executed successfully
2025-01-11 17:11:28,370 Looking for jobs to run
2025-01-11 17:11:28,371 Next wakeup is due at 2025-01-11 17:11:33.368601+05:00 (in 4.997550 seconds)
2025-01-11 17:11:28,371 Running job "checker (trigger: interval[0:00:05], next run at: 2025-01-11 17:11:33 +05)" (scheduled at 2025-01-11 17:11:28.368601+05:00)
2025-01-11 17:11:28,371 Job "checker (trigger: interval[0:00:05], next run at: 2025-01-11 17:11:33 +05)" executed successfully
2025-01-11 17:11:31,645 Infinity polling: polling exited
2025-01-11 17:11:31,645 Break infinity polling
