2025-01-06 19:30:58,403 Adding job tentatively -- it will be properly scheduled when the scheduler starts
2025-01-06 19:30:58,403 Added job "checker" to job store "default"
2025-01-06 19:30:58,403 Scheduler started
2025-01-06 19:30:58,405 Looking for jobs to run
2025-01-06 19:30:58,405 Next wakeup is due at 2025-01-06 19:31:03.403032+05:00 (in 4.997255 seconds)
2025-01-06 19:30:59,488 executing <function connect.<locals>.connector at 0x7fbc921387c0>
2025-01-06 19:30:59,489 operation <function connect.<locals>.connector at 0x7fbc921387c0> completed
2025-01-06 19:30:59,490 executing functools.partial(<built-in method execute of sqlite3.Connection object at 0x7fbc92315e40>, 'SELECT topic_id FROM users WHERE chat_id = ?', (5434361630,))
2025-01-06 19:30:59,491 returning exception no such table: users
2025-01-06 19:30:59,492 Task exception was never retrieved
future: <Task finished name='Task-8' coro=<AsyncTeleBot.process_new_updates() done, defined at /home/emilgoo/.var/app/com.jetbrains.PyCharm-Community/data/python/lib/python3.11/site-packages/telebot/async_telebot.py:603> exception=OperationalError('no such table: users')>
Traceback (most recent call last):
  File "/home/emilgoo/.var/app/com.jetbrains.PyCharm-Community/data/python/lib/python3.11/site-packages/telebot/async_telebot.py", line 717, in process_new_updates
    await self.process_new_messages(new_messages)
  File "/home/emilgoo/.var/app/com.jetbrains.PyCharm-Community/data/python/lib/python3.11/site-packages/telebot/async_telebot.py", line 766, in process_new_messages
    await self._process_updates(self.message_handlers, new_messages, 'message')
  File "/home/emilgoo/.var/app/com.jetbrains.PyCharm-Community/data/python/lib/python3.11/site-packages/telebot/async_telebot.py", line 523, in _process_updates
    await asyncio.gather(*tasks)
  File "/home/emilgoo/.var/app/com.jetbrains.PyCharm-Community/data/python/lib/python3.11/site-packages/telebot/async_telebot.py", line 549, in _run_middlewares_and_handlers
    middleware_result = await middleware.pre_process(message, data)
                        ^^^^^^^^^^^^^^^^^^^^^^^^^^^^^^^^^^^^^^^^^^^
  File "/home/emilgoo/Проекты/All Mentor (async)/middlewares/timeout.py", line 36, in pre_process
    topic_id = await self.get_topic_id_by_chat_id(message)
               ^^^^^^^^^^^^^^^^^^^^^^^^^^^^^^^^^^^^^^^^^^^
  File "/home/emilgoo/Проекты/All Mentor (async)/middlewares/timeout.py", line 26, in get_topic_id_by_chat_id
    async with self.db_object.execute('SELECT topic_id FROM users WHERE chat_id = ?', (message.chat.id,)) as cursor:
  File "/home/emilgoo/.var/app/com.jetbrains.PyCharm-Community/data/python/lib/python3.11/site-packages/aiosqlite/context.py", line 39, in __aenter__
    self._obj = await self._coro
                ^^^^^^^^^^^^^^^^
  File "/home/emilgoo/.var/app/com.jetbrains.PyCharm-Community/data/python/lib/python3.11/site-packages/aiosqlite/core.py", line 193, in execute
    cursor = await self._execute(self._conn.execute, sql, parameters)
             ^^^^^^^^^^^^^^^^^^^^^^^^^^^^^^^^^^^^^^^^^^^^^^^^^^^^^^^^
  File "/home/emilgoo/.var/app/com.jetbrains.PyCharm-Community/data/python/lib/python3.11/site-packages/aiosqlite/core.py", line 132, in _execute
    return await future
           ^^^^^^^^^^^^
  File "/home/emilgoo/.var/app/com.jetbrains.PyCharm-Community/data/python/lib/python3.11/site-packages/aiosqlite/core.py", line 115, in run
    result = function()
             ^^^^^^^^^^
sqlite3.OperationalError: no such table: users
2025-01-06 19:31:03,406 Looking for jobs to run
2025-01-06 19:31:03,406 Next wakeup is due at 2025-01-06 19:31:08.403032+05:00 (in 4.996184 seconds)
2025-01-06 19:31:03,407 Running job "checker (trigger: interval[0:00:05], next run at: 2025-01-06 19:31:08 +05)" (scheduled at 2025-01-06 19:31:03.403032+05:00)
2025-01-06 19:31:03,407 Job "checker (trigger: interval[0:00:05], next run at: 2025-01-06 19:31:08 +05)" executed successfully
2025-01-06 19:31:08,405 Looking for jobs to run
2025-01-06 19:31:08,405 Next wakeup is due at 2025-01-06 19:31:13.403032+05:00 (in 4.997214 seconds)
2025-01-06 19:31:08,405 Running job "checker (trigger: interval[0:00:05], next run at: 2025-01-06 19:31:13 +05)" (scheduled at 2025-01-06 19:31:08.403032+05:00)
2025-01-06 19:31:08,406 Job "checker (trigger: interval[0:00:05], next run at: 2025-01-06 19:31:13 +05)" executed successfully
2025-01-06 19:31:13,405 Looking for jobs to run
2025-01-06 19:31:13,405 Next wakeup is due at 2025-01-06 19:31:18.403032+05:00 (in 4.997260 seconds)
2025-01-06 19:31:13,405 Running job "checker (trigger: interval[0:00:05], next run at: 2025-01-06 19:31:18 +05)" (scheduled at 2025-01-06 19:31:13.403032+05:00)
2025-01-06 19:31:13,406 Job "checker (trigger: interval[0:00:05], next run at: 2025-01-06 19:31:18 +05)" executed successfully
2025-01-06 19:31:18,408 Looking for jobs to run
2025-01-06 19:31:18,410 Next wakeup is due at 2025-01-06 19:31:23.403032+05:00 (in 4.992542 seconds)
2025-01-06 19:31:18,411 Running job "checker (trigger: interval[0:00:05], next run at: 2025-01-06 19:31:23 +05)" (scheduled at 2025-01-06 19:31:18.403032+05:00)
2025-01-06 19:31:18,411 Job "checker (trigger: interval[0:00:05], next run at: 2025-01-06 19:31:23 +05)" executed successfully
2025-01-06 19:31:23,408 Looking for jobs to run
2025-01-06 19:31:23,408 Next wakeup is due at 2025-01-06 19:31:28.403032+05:00 (in 4.994131 seconds)
2025-01-06 19:31:23,409 Running job "checker (trigger: interval[0:00:05], next run at: 2025-01-06 19:31:28 +05)" (scheduled at 2025-01-06 19:31:23.403032+05:00)
2025-01-06 19:31:23,409 Job "checker (trigger: interval[0:00:05], next run at: 2025-01-06 19:31:28 +05)" executed successfully
2025-01-06 19:31:28,407 Looking for jobs to run
2025-01-06 19:31:28,408 Next wakeup is due at 2025-01-06 19:31:33.403032+05:00 (in 4.994884 seconds)
2025-01-06 19:31:28,408 Running job "checker (trigger: interval[0:00:05], next run at: 2025-01-06 19:31:33 +05)" (scheduled at 2025-01-06 19:31:28.403032+05:00)
2025-01-06 19:31:28,408 Job "checker (trigger: interval[0:00:05], next run at: 2025-01-06 19:31:33 +05)" executed successfully
2025-01-06 19:31:33,408 Looking for jobs to run
2025-01-06 19:31:33,409 Next wakeup is due at 2025-01-06 19:31:38.403032+05:00 (in 4.993701 seconds)
2025-01-06 19:31:33,409 Running job "checker (trigger: interval[0:00:05], next run at: 2025-01-06 19:31:38 +05)" (scheduled at 2025-01-06 19:31:33.403032+05:00)
2025-01-06 19:31:33,409 Job "checker (trigger: interval[0:00:05], next run at: 2025-01-06 19:31:38 +05)" executed successfully
2025-01-06 19:31:38,408 Looking for jobs to run
2025-01-06 19:31:38,408 Next wakeup is due at 2025-01-06 19:31:43.403032+05:00 (in 4.994109 seconds)
2025-01-06 19:31:38,409 Running job "checker (trigger: interval[0:00:05], next run at: 2025-01-06 19:31:43 +05)" (scheduled at 2025-01-06 19:31:38.403032+05:00)
2025-01-06 19:31:38,409 Job "checker (trigger: interval[0:00:05], next run at: 2025-01-06 19:31:43 +05)" executed successfully
2025-01-06 19:31:43,405 Looking for jobs to run
2025-01-06 19:31:43,405 Next wakeup is due at 2025-01-06 19:31:48.403032+05:00 (in 4.997076 seconds)
2025-01-06 19:31:43,406 Running job "checker (trigger: interval[0:00:05], next run at: 2025-01-06 19:31:48 +05)" (scheduled at 2025-01-06 19:31:43.403032+05:00)
2025-01-06 19:31:43,406 Job "checker (trigger: interval[0:00:05], next run at: 2025-01-06 19:31:48 +05)" executed successfully
2025-01-06 19:31:48,409 Looking for jobs to run
2025-01-06 19:31:48,409 Next wakeup is due at 2025-01-06 19:31:53.403032+05:00 (in 4.993531 seconds)
2025-01-06 19:31:48,409 Running job "checker (trigger: interval[0:00:05], next run at: 2025-01-06 19:31:53 +05)" (scheduled at 2025-01-06 19:31:48.403032+05:00)
2025-01-06 19:31:48,409 Job "checker (trigger: interval[0:00:05], next run at: 2025-01-06 19:31:53 +05)" executed successfully
2025-01-06 19:31:53,405 Looking for jobs to run
2025-01-06 19:31:53,405 Next wakeup is due at 2025-01-06 19:31:58.403032+05:00 (in 4.997109 seconds)
2025-01-06 19:31:53,406 Running job "checker (trigger: interval[0:00:05], next run at: 2025-01-06 19:31:58 +05)" (scheduled at 2025-01-06 19:31:53.403032+05:00)
2025-01-06 19:31:53,406 Job "checker (trigger: interval[0:00:05], next run at: 2025-01-06 19:31:58 +05)" executed successfully
2025-01-06 19:31:58,405 Looking for jobs to run
2025-01-06 19:31:58,406 Next wakeup is due at 2025-01-06 19:32:03.403032+05:00 (in 4.996168 seconds)
2025-01-06 19:31:58,407 Running job "checker (trigger: interval[0:00:05], next run at: 2025-01-06 19:32:03 +05)" (scheduled at 2025-01-06 19:31:58.403032+05:00)
2025-01-06 19:31:58,407 Job "checker (trigger: interval[0:00:05], next run at: 2025-01-06 19:32:03 +05)" executed successfully
2025-01-06 19:32:03,405 Looking for jobs to run
2025-01-06 19:32:03,406 Next wakeup is due at 2025-01-06 19:32:08.403032+05:00 (in 4.996721 seconds)
2025-01-06 19:32:03,406 Running job "checker (trigger: interval[0:00:05], next run at: 2025-01-06 19:32:08 +05)" (scheduled at 2025-01-06 19:32:03.403032+05:00)
2025-01-06 19:32:03,406 Job "checker (trigger: interval[0:00:05], next run at: 2025-01-06 19:32:08 +05)" executed successfully
2025-01-06 19:32:08,408 Looking for jobs to run
2025-01-06 19:32:08,409 Next wakeup is due at 2025-01-06 19:32:13.403032+05:00 (in 4.993754 seconds)
2025-01-06 19:32:08,409 Running job "checker (trigger: interval[0:00:05], next run at: 2025-01-06 19:32:13 +05)" (scheduled at 2025-01-06 19:32:08.403032+05:00)
2025-01-06 19:32:08,409 Job "checker (trigger: interval[0:00:05], next run at: 2025-01-06 19:32:13 +05)" executed successfully
2025-01-06 19:32:13,407 Looking for jobs to run
2025-01-06 19:32:13,408 Next wakeup is due at 2025-01-06 19:32:18.403032+05:00 (in 4.994817 seconds)
2025-01-06 19:32:13,408 Running job "checker (trigger: interval[0:00:05], next run at: 2025-01-06 19:32:18 +05)" (scheduled at 2025-01-06 19:32:13.403032+05:00)
2025-01-06 19:32:13,408 Job "checker (trigger: interval[0:00:05], next run at: 2025-01-06 19:32:18 +05)" executed successfully
2025-01-06 19:32:18,405 Looking for jobs to run
2025-01-06 19:32:18,405 Next wakeup is due at 2025-01-06 19:32:23.403032+05:00 (in 4.997215 seconds)
2025-01-06 19:32:18,406 Running job "checker (trigger: interval[0:00:05], next run at: 2025-01-06 19:32:23 +05)" (scheduled at 2025-01-06 19:32:18.403032+05:00)
2025-01-06 19:32:18,406 Job "checker (trigger: interval[0:00:05], next run at: 2025-01-06 19:32:23 +05)" executed successfully
2025-01-06 19:32:23,405 Looking for jobs to run
2025-01-06 19:32:23,406 Next wakeup is due at 2025-01-06 19:32:28.403032+05:00 (in 4.996653 seconds)
2025-01-06 19:32:23,407 Running job "checker (trigger: interval[0:00:05], next run at: 2025-01-06 19:32:28 +05)" (scheduled at 2025-01-06 19:32:23.403032+05:00)
2025-01-06 19:32:23,407 Job "checker (trigger: interval[0:00:05], next run at: 2025-01-06 19:32:28 +05)" executed successfully
2025-01-06 19:32:28,409 Looking for jobs to run
2025-01-06 19:32:28,410 Next wakeup is due at 2025-01-06 19:32:33.403032+05:00 (in 4.993038 seconds)
2025-01-06 19:32:28,410 Running job "checker (trigger: interval[0:00:05], next run at: 2025-01-06 19:32:33 +05)" (scheduled at 2025-01-06 19:32:28.403032+05:00)
2025-01-06 19:32:28,410 Job "checker (trigger: interval[0:00:05], next run at: 2025-01-06 19:32:33 +05)" executed successfully
2025-01-06 19:32:33,405 Looking for jobs to run
2025-01-06 19:32:33,405 Next wakeup is due at 2025-01-06 19:32:38.403032+05:00 (in 4.997077 seconds)
2025-01-06 19:32:33,406 Running job "checker (trigger: interval[0:00:05], next run at: 2025-01-06 19:32:38 +05)" (scheduled at 2025-01-06 19:32:33.403032+05:00)
2025-01-06 19:32:33,406 Job "checker (trigger: interval[0:00:05], next run at: 2025-01-06 19:32:38 +05)" executed successfully
2025-01-06 19:32:35,176 Infinity polling: polling exited
2025-01-06 19:32:35,178 Break infinity polling
