2025-01-10 20:48:25,143 Adding job tentatively -- it will be properly scheduled when the scheduler starts
2025-01-10 20:48:25,143 Added job "checker" to job store "default"
2025-01-10 20:48:25,143 Scheduler started
2025-01-10 20:48:25,145 Looking for jobs to run
2025-01-10 20:48:25,145 Next wakeup is due at 2025-01-10 20:48:30.142993+05:00 (in 4.997247 seconds)
2025-01-10 20:48:30,147 Looking for jobs to run
2025-01-10 20:48:30,147 Next wakeup is due at 2025-01-10 20:48:35.142993+05:00 (in 4.995238 seconds)
2025-01-10 20:48:30,148 Running job "checker (trigger: interval[0:00:05], next run at: 2025-01-10 20:48:35 +05)" (scheduled at 2025-01-10 20:48:30.142993+05:00)
2025-01-10 20:48:30,148 Job "checker (trigger: interval[0:00:05], next run at: 2025-01-10 20:48:35 +05)" executed successfully
2025-01-10 20:48:31,935 executing <function connect.<locals>.connector at 0x7fbc6fbb1d00>
2025-01-10 20:48:31,936 operation <function connect.<locals>.connector at 0x7fbc6fbb1d00> completed
2025-01-10 20:48:31,937 executing functools.partial(<built-in method execute of sqlite3.Connection object at 0x7fbc6fd8df30>, 'PRAGMA foreign_keys = ON', [])
2025-01-10 20:48:31,937 operation functools.partial(<built-in method execute of sqlite3.Connection object at 0x7fbc6fd8df30>, 'PRAGMA foreign_keys = ON', []) completed
2025-01-10 20:48:31,937 executing functools.partial(<built-in method execute of sqlite3.Connection object at 0x7fbc6fd8df30>, '\n            CREATE TABLE IF NOT EXISTS users (\n                chat_id INTEGER,\n                topic_id INTEGER,\n                user_name TEXT,\n                PRIMARY KEY (chat_id, topic_id)\n            )\n        ', [])
2025-01-10 20:48:31,937 operation functools.partial(<built-in method execute of sqlite3.Connection object at 0x7fbc6fd8df30>, '\n            CREATE TABLE IF NOT EXISTS users (\n                chat_id INTEGER,\n                topic_id INTEGER,\n                user_name TEXT,\n                PRIMARY KEY (chat_id, topic_id)\n            )\n        ', []) completed
2025-01-10 20:48:31,938 executing functools.partial(<built-in method execute of sqlite3.Connection object at 0x7fbc6fd8df30>, '\n            CREATE TABLE IF NOT EXISTS group_messages (\n                topic_id INTEGER,\n                message_id INTEGER,\n                local_id INTEGER,\n                PRIMARY KEY (topic_id, local_id)\n            )\n        ', [])
2025-01-10 20:48:31,938 operation functools.partial(<built-in method execute of sqlite3.Connection object at 0x7fbc6fd8df30>, '\n            CREATE TABLE IF NOT EXISTS group_messages (\n                topic_id INTEGER,\n                message_id INTEGER,\n                local_id INTEGER,\n                PRIMARY KEY (topic_id, local_id)\n            )\n        ', []) completed
2025-01-10 20:48:31,938 executing functools.partial(<built-in method execute of sqlite3.Connection object at 0x7fbc6fd8df30>, '\n            CREATE TABLE IF NOT EXISTS private_messages (\n                chat_id INTEGER,\n                message_id INTEGER,\n                local_id INTEGER,\n                PRIMARY KEY (chat_id, local_id)\n            )\n        ', [])
2025-01-10 20:48:31,938 operation functools.partial(<built-in method execute of sqlite3.Connection object at 0x7fbc6fd8df30>, '\n            CREATE TABLE IF NOT EXISTS private_messages (\n                chat_id INTEGER,\n                message_id INTEGER,\n                local_id INTEGER,\n                PRIMARY KEY (chat_id, local_id)\n            )\n        ', []) completed
2025-01-10 20:48:31,938 executing functools.partial(<built-in method commit of sqlite3.Connection object at 0x7fbc6fd8df30>)
2025-01-10 20:48:31,938 operation functools.partial(<built-in method commit of sqlite3.Connection object at 0x7fbc6fd8df30>) completed
2025-01-10 20:48:31,939 executing functools.partial(<built-in method execute of sqlite3.Connection object at 0x7fbc6fd8df30>, 'SELECT topic_id FROM users WHERE chat_id = ?', (5434361630,))
2025-01-10 20:48:31,939 operation functools.partial(<built-in method execute of sqlite3.Connection object at 0x7fbc6fd8df30>, 'SELECT topic_id FROM users WHERE chat_id = ?', (5434361630,)) completed
2025-01-10 20:48:31,939 executing functools.partial(<built-in method fetchone of sqlite3.Cursor object at 0x7fbc6fb510c0>)
2025-01-10 20:48:31,939 operation functools.partial(<built-in method fetchone of sqlite3.Cursor object at 0x7fbc6fb510c0>) completed
2025-01-10 20:48:31,939 executing functools.partial(<built-in method close of sqlite3.Cursor object at 0x7fbc6fb510c0>)
2025-01-10 20:48:31,939 operation functools.partial(<built-in method close of sqlite3.Cursor object at 0x7fbc6fb510c0>) completed
2025-01-10 20:48:31,939 executing functools.partial(<built-in method execute of sqlite3.Connection object at 0x7fbc6fd8df30>, 'SELECT local_id FROM private_messages WHERE chat_id = ? AND message_id = ?', (5434361630, 23408))
2025-01-10 20:48:31,940 operation functools.partial(<built-in method execute of sqlite3.Connection object at 0x7fbc6fd8df30>, 'SELECT local_id FROM private_messages WHERE chat_id = ? AND message_id = ?', (5434361630, 23408)) completed
2025-01-10 20:48:31,940 executing functools.partial(<built-in method fetchone of sqlite3.Cursor object at 0x7fbc6fb510c0>)
2025-01-10 20:48:31,941 operation functools.partial(<built-in method fetchone of sqlite3.Cursor object at 0x7fbc6fb510c0>) completed
2025-01-10 20:48:31,941 executing functools.partial(<built-in method execute of sqlite3.Connection object at 0x7fbc6fd8df30>, 'SELECT message_id FROM group_messages WHERE topic_id = ? AND local_id = ?', (1488, 5))
2025-01-10 20:48:31,941 operation functools.partial(<built-in method execute of sqlite3.Connection object at 0x7fbc6fd8df30>, 'SELECT message_id FROM group_messages WHERE topic_id = ? AND local_id = ?', (1488, 5)) completed
2025-01-10 20:48:31,941 executing functools.partial(<built-in method fetchone of sqlite3.Cursor object at 0x7fbc6ff5c340>)
2025-01-10 20:48:31,941 operation functools.partial(<built-in method fetchone of sqlite3.Cursor object at 0x7fbc6ff5c340>) completed
2025-01-10 20:48:31,941 executing functools.partial(<built-in method close of sqlite3.Cursor object at 0x7fbc6ff5c340>)
2025-01-10 20:48:31,941 operation functools.partial(<built-in method close of sqlite3.Cursor object at 0x7fbc6ff5c340>) completed
2025-01-10 20:48:31,942 executing functools.partial(<built-in method close of sqlite3.Cursor object at 0x7fbc6fb510c0>)
2025-01-10 20:48:31,942 operation functools.partial(<built-in method close of sqlite3.Cursor object at 0x7fbc6fb510c0>) completed
2025-01-10 20:48:35,144 Looking for jobs to run
2025-01-10 20:48:35,145 Next wakeup is due at 2025-01-10 20:48:40.142993+05:00 (in 4.997734 seconds)
2025-01-10 20:48:35,145 Running job "checker (trigger: interval[0:00:05], next run at: 2025-01-10 20:48:40 +05)" (scheduled at 2025-01-10 20:48:35.142993+05:00)
2025-01-10 20:48:35,145 Job "checker (trigger: interval[0:00:05], next run at: 2025-01-10 20:48:40 +05)" executed successfully
2025-01-10 20:48:40,147 Looking for jobs to run
2025-01-10 20:48:40,147 Next wakeup is due at 2025-01-10 20:48:45.142993+05:00 (in 4.995494 seconds)
2025-01-10 20:48:40,147 Running job "checker (trigger: interval[0:00:05], next run at: 2025-01-10 20:48:45 +05)" (scheduled at 2025-01-10 20:48:40.142993+05:00)
2025-01-10 20:48:40,147 Job "checker (trigger: interval[0:00:05], next run at: 2025-01-10 20:48:45 +05)" executed successfully
2025-01-10 20:48:45,147 Looking for jobs to run
2025-01-10 20:48:45,147 Next wakeup is due at 2025-01-10 20:48:50.142993+05:00 (in 4.995560 seconds)
2025-01-10 20:48:45,147 Running job "checker (trigger: interval[0:00:05], next run at: 2025-01-10 20:48:50 +05)" (scheduled at 2025-01-10 20:48:45.142993+05:00)
2025-01-10 20:48:45,147 Job "checker (trigger: interval[0:00:05], next run at: 2025-01-10 20:48:50 +05)" executed successfully
2025-01-10 20:48:50,147 Looking for jobs to run
2025-01-10 20:48:50,147 Next wakeup is due at 2025-01-10 20:48:55.142993+05:00 (in 4.995296 seconds)
2025-01-10 20:48:50,148 Running job "checker (trigger: interval[0:00:05], next run at: 2025-01-10 20:48:55 +05)" (scheduled at 2025-01-10 20:48:50.142993+05:00)
2025-01-10 20:48:50,148 Job "checker (trigger: interval[0:00:05], next run at: 2025-01-10 20:48:55 +05)" executed successfully
2025-01-10 20:48:55,146 Looking for jobs to run
2025-01-10 20:48:55,147 Next wakeup is due at 2025-01-10 20:49:00.142993+05:00 (in 4.995796 seconds)
2025-01-10 20:48:55,147 Running job "checker (trigger: interval[0:00:05], next run at: 2025-01-10 20:49:00 +05)" (scheduled at 2025-01-10 20:48:55.142993+05:00)
2025-01-10 20:48:55,147 Job "checker (trigger: interval[0:00:05], next run at: 2025-01-10 20:49:00 +05)" executed successfully
2025-01-10 20:49:00,146 Looking for jobs to run
2025-01-10 20:49:00,147 Next wakeup is due at 2025-01-10 20:49:05.142993+05:00 (in 4.995950 seconds)
2025-01-10 20:49:00,147 Running job "checker (trigger: interval[0:00:05], next run at: 2025-01-10 20:49:05 +05)" (scheduled at 2025-01-10 20:49:00.142993+05:00)
2025-01-10 20:49:00,147 Job "checker (trigger: interval[0:00:05], next run at: 2025-01-10 20:49:05 +05)" executed successfully
2025-01-10 20:49:04,498 executing <function connect.<locals>.connector at 0x7fbc6fbb1ee0>
2025-01-10 20:49:04,498 operation <function connect.<locals>.connector at 0x7fbc6fbb1ee0> completed
2025-01-10 20:49:04,499 executing functools.partial(<built-in method execute of sqlite3.Connection object at 0x7fbc6fd8e020>, 'PRAGMA foreign_keys = ON', [])
2025-01-10 20:49:04,499 operation functools.partial(<built-in method execute of sqlite3.Connection object at 0x7fbc6fd8e020>, 'PRAGMA foreign_keys = ON', []) completed
2025-01-10 20:49:04,499 executing functools.partial(<built-in method execute of sqlite3.Connection object at 0x7fbc6fd8e020>, '\n            CREATE TABLE IF NOT EXISTS users (\n                chat_id INTEGER,\n                topic_id INTEGER,\n                user_name TEXT,\n                PRIMARY KEY (chat_id, topic_id)\n            )\n        ', [])
2025-01-10 20:49:04,499 operation functools.partial(<built-in method execute of sqlite3.Connection object at 0x7fbc6fd8e020>, '\n            CREATE TABLE IF NOT EXISTS users (\n                chat_id INTEGER,\n                topic_id INTEGER,\n                user_name TEXT,\n                PRIMARY KEY (chat_id, topic_id)\n            )\n        ', []) completed
2025-01-10 20:49:04,500 executing functools.partial(<built-in method execute of sqlite3.Connection object at 0x7fbc6fd8e020>, '\n            CREATE TABLE IF NOT EXISTS group_messages (\n                topic_id INTEGER,\n                message_id INTEGER,\n                local_id INTEGER,\n                PRIMARY KEY (topic_id, local_id)\n            )\n        ', [])
2025-01-10 20:49:04,500 operation functools.partial(<built-in method execute of sqlite3.Connection object at 0x7fbc6fd8e020>, '\n            CREATE TABLE IF NOT EXISTS group_messages (\n                topic_id INTEGER,\n                message_id INTEGER,\n                local_id INTEGER,\n                PRIMARY KEY (topic_id, local_id)\n            )\n        ', []) completed
2025-01-10 20:49:04,500 executing functools.partial(<built-in method execute of sqlite3.Connection object at 0x7fbc6fd8e020>, '\n            CREATE TABLE IF NOT EXISTS private_messages (\n                chat_id INTEGER,\n                message_id INTEGER,\n                local_id INTEGER,\n                PRIMARY KEY (chat_id, local_id)\n            )\n        ', [])
2025-01-10 20:49:04,500 operation functools.partial(<built-in method execute of sqlite3.Connection object at 0x7fbc6fd8e020>, '\n            CREATE TABLE IF NOT EXISTS private_messages (\n                chat_id INTEGER,\n                message_id INTEGER,\n                local_id INTEGER,\n                PRIMARY KEY (chat_id, local_id)\n            )\n        ', []) completed
2025-01-10 20:49:04,500 executing functools.partial(<built-in method execute of sqlite3.Connection object at 0x7fbc6fd8e020>, '\n            CREATE TABLE IF NOT EXISTS message_reactions (\n                chat_id INTEGER,\n                message_id INTEGER,\n                user_id INTEGER,\n                reaction TEXT,\n                PRIMARY KEY (chat_id, message_id, user_id)\n            )\n        ', [])
2025-01-10 20:49:04,500 operation functools.partial(<built-in method execute of sqlite3.Connection object at 0x7fbc6fd8e020>, '\n            CREATE TABLE IF NOT EXISTS message_reactions (\n                chat_id INTEGER,\n                message_id INTEGER,\n                user_id INTEGER,\n                reaction TEXT,\n                PRIMARY KEY (chat_id, message_id, user_id)\n            )\n        ', []) completed
2025-01-10 20:49:04,500 executing functools.partial(<built-in method commit of sqlite3.Connection object at 0x7fbc6fd8e020>)
2025-01-10 20:49:04,501 operation functools.partial(<built-in method commit of sqlite3.Connection object at 0x7fbc6fd8e020>) completed
2025-01-10 20:49:04,501 executing functools.partial(<built-in method execute of sqlite3.Connection object at 0x7fbc6fd8e020>, 'SELECT topic_id FROM users WHERE chat_id = ?', (5434361630,))
2025-01-10 20:49:04,501 operation functools.partial(<built-in method execute of sqlite3.Connection object at 0x7fbc6fd8e020>, 'SELECT topic_id FROM users WHERE chat_id = ?', (5434361630,)) completed
2025-01-10 20:49:04,501 executing functools.partial(<built-in method fetchone of sqlite3.Cursor object at 0x7fbc6fb46240>)
2025-01-10 20:49:04,501 operation functools.partial(<built-in method fetchone of sqlite3.Cursor object at 0x7fbc6fb46240>) completed
2025-01-10 20:49:04,501 executing functools.partial(<built-in method close of sqlite3.Cursor object at 0x7fbc6fb46240>)
2025-01-10 20:49:04,501 operation functools.partial(<built-in method close of sqlite3.Cursor object at 0x7fbc6fb46240>) completed
2025-01-10 20:49:04,502 executing functools.partial(<built-in method execute of sqlite3.Connection object at 0x7fbc6fd8df30>, 'SELECT topic_id FROM users WHERE chat_id = ? AND user_name = ?', (5434361630, 'yadgenn'))
2025-01-10 20:49:04,502 operation functools.partial(<built-in method execute of sqlite3.Connection object at 0x7fbc6fd8df30>, 'SELECT topic_id FROM users WHERE chat_id = ? AND user_name = ?', (5434361630, 'yadgenn')) completed
2025-01-10 20:49:04,502 executing functools.partial(<built-in method fetchone of sqlite3.Cursor object at 0x7fbc6fb510c0>)
2025-01-10 20:49:04,502 operation functools.partial(<built-in method fetchone of sqlite3.Cursor object at 0x7fbc6fb510c0>) completed
2025-01-10 20:49:04,503 executing functools.partial(<built-in method close of sqlite3.Cursor object at 0x7fbc6fb510c0>)
2025-01-10 20:49:04,503 operation functools.partial(<built-in method close of sqlite3.Cursor object at 0x7fbc6fb510c0>) completed
2025-01-10 20:49:05,143 Looking for jobs to run
2025-01-10 20:49:05,144 Next wakeup is due at 2025-01-10 20:49:10.142993+05:00 (in 4.999001 seconds)
2025-01-10 20:49:05,144 Running job "checker (trigger: interval[0:00:05], next run at: 2025-01-10 20:49:10 +05)" (scheduled at 2025-01-10 20:49:05.142993+05:00)
2025-01-10 20:49:05,144 Job "checker (trigger: interval[0:00:05], next run at: 2025-01-10 20:49:10 +05)" executed successfully
2025-01-10 20:49:05,418 executing functools.partial(<built-in method execute of sqlite3.Connection object at 0x7fbc6fd8df30>, 'SELECT topic_id FROM users WHERE chat_id = ?', (5434361630,))
2025-01-10 20:49:05,419 operation functools.partial(<built-in method execute of sqlite3.Connection object at 0x7fbc6fd8df30>, 'SELECT topic_id FROM users WHERE chat_id = ?', (5434361630,)) completed
2025-01-10 20:49:05,419 executing functools.partial(<built-in method fetchone of sqlite3.Cursor object at 0x7fbc6fb510c0>)
2025-01-10 20:49:05,419 operation functools.partial(<built-in method fetchone of sqlite3.Cursor object at 0x7fbc6fb510c0>) completed
2025-01-10 20:49:05,419 executing functools.partial(<built-in method close of sqlite3.Cursor object at 0x7fbc6fb510c0>)
2025-01-10 20:49:05,419 operation functools.partial(<built-in method close of sqlite3.Cursor object at 0x7fbc6fb510c0>) completed
2025-01-10 20:49:05,419 executing functools.partial(<built-in method execute of sqlite3.Connection object at 0x7fbc6fd8df30>, 'SELECT MAX(local_id) FROM group_messages WHERE topic_id = ?', (1488,))
2025-01-10 20:49:05,420 operation functools.partial(<built-in method execute of sqlite3.Connection object at 0x7fbc6fd8df30>, 'SELECT MAX(local_id) FROM group_messages WHERE topic_id = ?', (1488,)) completed
2025-01-10 20:49:05,420 executing functools.partial(<built-in method fetchone of sqlite3.Cursor object at 0x7fbc6fb510c0>)
2025-01-10 20:49:05,420 operation functools.partial(<built-in method fetchone of sqlite3.Cursor object at 0x7fbc6fb510c0>) completed
2025-01-10 20:49:05,420 executing functools.partial(<built-in method close of sqlite3.Cursor object at 0x7fbc6fb510c0>)
2025-01-10 20:49:05,420 operation functools.partial(<built-in method close of sqlite3.Cursor object at 0x7fbc6fb510c0>) completed
2025-01-10 20:49:05,421 executing functools.partial(<built-in method execute of sqlite3.Connection object at 0x7fbc6fd8df30>, '\n                    INSERT INTO group_messages (topic_id, message_id, local_id)\n                    VALUES (?, ?, ?)\n                ', (1488, 1508, 11))
2025-01-10 20:49:05,422 operation functools.partial(<built-in method execute of sqlite3.Connection object at 0x7fbc6fd8df30>, '\n                    INSERT INTO group_messages (topic_id, message_id, local_id)\n                    VALUES (?, ?, ?)\n                ', (1488, 1508, 11)) completed
2025-01-10 20:49:05,422 executing functools.partial(<built-in method execute of sqlite3.Connection object at 0x7fbc6fd8df30>, 'SELECT MAX(local_id) FROM private_messages WHERE chat_id = ?', (5434361630,))
2025-01-10 20:49:05,422 operation functools.partial(<built-in method execute of sqlite3.Connection object at 0x7fbc6fd8df30>, 'SELECT MAX(local_id) FROM private_messages WHERE chat_id = ?', (5434361630,)) completed
2025-01-10 20:49:05,422 executing functools.partial(<built-in method fetchone of sqlite3.Cursor object at 0x7fbc6fb44bc0>)
2025-01-10 20:49:05,422 operation functools.partial(<built-in method fetchone of sqlite3.Cursor object at 0x7fbc6fb44bc0>) completed
2025-01-10 20:49:05,422 executing functools.partial(<built-in method close of sqlite3.Cursor object at 0x7fbc6fb44bc0>)
2025-01-10 20:49:05,422 operation functools.partial(<built-in method close of sqlite3.Cursor object at 0x7fbc6fb44bc0>) completed
2025-01-10 20:49:05,423 executing functools.partial(<built-in method execute of sqlite3.Connection object at 0x7fbc6fd8df30>, '\n                    INSERT INTO private_messages (chat_id, message_id, local_id)\n                    VALUES (?, ?, ?)\n                ', (5434361630, 23414, 11))
2025-01-10 20:49:05,423 operation functools.partial(<built-in method execute of sqlite3.Connection object at 0x7fbc6fd8df30>, '\n                    INSERT INTO private_messages (chat_id, message_id, local_id)\n                    VALUES (?, ?, ?)\n                ', (5434361630, 23414, 11)) completed
2025-01-10 20:49:05,423 executing functools.partial(<built-in method commit of sqlite3.Connection object at 0x7fbc6fd8df30>)
2025-01-10 20:49:05,426 operation functools.partial(<built-in method commit of sqlite3.Connection object at 0x7fbc6fd8df30>) completed
2025-01-10 20:49:10,147 Looking for jobs to run
2025-01-10 20:49:10,147 Next wakeup is due at 2025-01-10 20:49:15.142993+05:00 (in 4.995051 seconds)
2025-01-10 20:49:10,148 Running job "checker (trigger: interval[0:00:05], next run at: 2025-01-10 20:49:15 +05)" (scheduled at 2025-01-10 20:49:10.142993+05:00)
2025-01-10 20:49:10,148 Job "checker (trigger: interval[0:00:05], next run at: 2025-01-10 20:49:15 +05)" executed successfully
2025-01-10 20:49:15,148 Looking for jobs to run
2025-01-10 20:49:15,148 Next wakeup is due at 2025-01-10 20:49:20.142993+05:00 (in 4.994532 seconds)
2025-01-10 20:49:15,148 Running job "checker (trigger: interval[0:00:05], next run at: 2025-01-10 20:49:20 +05)" (scheduled at 2025-01-10 20:49:15.142993+05:00)
2025-01-10 20:49:15,490 Job "checker (trigger: interval[0:00:05], next run at: 2025-01-10 20:49:20 +05)" executed successfully
2025-01-10 20:49:18,507 Infinity polling: polling exited
2025-01-10 20:49:18,507 Break infinity polling
