2025-01-11 18:37:49,944 Adding job tentatively -- it will be properly scheduled when the scheduler starts
2025-01-11 18:37:49,951 Added job "checker" to job store "default"
2025-01-11 18:37:49,952 Scheduler started
2025-01-11 18:37:49,983 Looking for jobs to run
2025-01-11 18:37:49,984 Next wakeup is due at 2025-01-11 18:37:54.944620+05:00 (in 4.960387 seconds)
2025-01-11 18:37:51,078 executing <function connect.<locals>.connector at 0x7f1e57f04a40>
2025-01-11 18:37:51,110 operation <function connect.<locals>.connector at 0x7f1e57f04a40> completed
2025-01-11 18:37:51,111 executing functools.partial(<built-in method execute of sqlite3.Connection object at 0x7f1e580e1e40>, 'PRAGMA foreign_keys = ON', [])
2025-01-11 18:37:51,114 operation functools.partial(<built-in method execute of sqlite3.Connection object at 0x7f1e580e1e40>, 'PRAGMA foreign_keys = ON', []) completed
2025-01-11 18:37:51,121 executing functools.partial(<built-in method execute of sqlite3.Connection object at 0x7f1e580e1e40>, '\n            CREATE TABLE IF NOT EXISTS users (\n                chat_id INTEGER,\n                topic_id INTEGER,\n                user_name TEXT,\n                PRIMARY KEY (chat_id, topic_id)\n            )\n        ', [])
2025-01-11 18:37:51,126 operation functools.partial(<built-in method execute of sqlite3.Connection object at 0x7f1e580e1e40>, '\n            CREATE TABLE IF NOT EXISTS users (\n                chat_id INTEGER,\n                topic_id INTEGER,\n                user_name TEXT,\n                PRIMARY KEY (chat_id, topic_id)\n            )\n        ', []) completed
2025-01-11 18:37:51,129 executing functools.partial(<built-in method execute of sqlite3.Connection object at 0x7f1e580e1e40>, '\n            CREATE TABLE IF NOT EXISTS group_messages (\n                topic_id INTEGER,\n                message_id INTEGER,\n                local_id INTEGER,\n                PRIMARY KEY (topic_id, local_id)\n            )\n        ', [])
2025-01-11 18:37:51,129 operation functools.partial(<built-in method execute of sqlite3.Connection object at 0x7f1e580e1e40>, '\n            CREATE TABLE IF NOT EXISTS group_messages (\n                topic_id INTEGER,\n                message_id INTEGER,\n                local_id INTEGER,\n                PRIMARY KEY (topic_id, local_id)\n            )\n        ', []) completed
2025-01-11 18:37:51,129 executing functools.partial(<built-in method execute of sqlite3.Connection object at 0x7f1e580e1e40>, '\n            CREATE TABLE IF NOT EXISTS private_messages (\n                chat_id INTEGER,\n                message_id INTEGER,\n                local_id INTEGER,\n                PRIMARY KEY (chat_id, local_id)\n            )\n        ', [])
2025-01-11 18:37:51,129 operation functools.partial(<built-in method execute of sqlite3.Connection object at 0x7f1e580e1e40>, '\n            CREATE TABLE IF NOT EXISTS private_messages (\n                chat_id INTEGER,\n                message_id INTEGER,\n                local_id INTEGER,\n                PRIMARY KEY (chat_id, local_id)\n            )\n        ', []) completed
2025-01-11 18:37:51,129 executing functools.partial(<built-in method execute of sqlite3.Connection object at 0x7f1e580e1e40>, '\n            CREATE TABLE IF NOT EXISTS message_reactions (\n                chat_id INTEGER,\n                message_id INTEGER,\n                user_id INTEGER,\n                reaction TEXT,\n                PRIMARY KEY (chat_id, message_id, user_id)\n            )\n        ', [])
2025-01-11 18:37:51,130 operation functools.partial(<built-in method execute of sqlite3.Connection object at 0x7f1e580e1e40>, '\n            CREATE TABLE IF NOT EXISTS message_reactions (\n                chat_id INTEGER,\n                message_id INTEGER,\n                user_id INTEGER,\n                reaction TEXT,\n                PRIMARY KEY (chat_id, message_id, user_id)\n            )\n        ', []) completed
2025-01-11 18:37:51,130 executing functools.partial(<built-in method commit of sqlite3.Connection object at 0x7f1e580e1e40>)
2025-01-11 18:37:51,130 operation functools.partial(<built-in method commit of sqlite3.Connection object at 0x7f1e580e1e40>) completed
2025-01-11 18:37:51,134 executing functools.partial(<built-in method execute of sqlite3.Connection object at 0x7f1e580e1e40>, 'SELECT topic_id FROM users WHERE chat_id = ?', (5434361630,))
2025-01-11 18:37:51,137 operation functools.partial(<built-in method execute of sqlite3.Connection object at 0x7f1e580e1e40>, 'SELECT topic_id FROM users WHERE chat_id = ?', (5434361630,)) completed
2025-01-11 18:37:51,140 executing functools.partial(<built-in method fetchone of sqlite3.Cursor object at 0x7f1e57ea51c0>)
2025-01-11 18:37:51,141 operation functools.partial(<built-in method fetchone of sqlite3.Cursor object at 0x7f1e57ea51c0>) completed
2025-01-11 18:37:51,142 executing functools.partial(<built-in method close of sqlite3.Cursor object at 0x7f1e57ea51c0>)
2025-01-11 18:37:51,142 operation functools.partial(<built-in method close of sqlite3.Cursor object at 0x7f1e57ea51c0>) completed
2025-01-11 18:37:51,146 executing <function connect.<locals>.connector at 0x7f1e57f062a0>
2025-01-11 18:37:51,147 operation <function connect.<locals>.connector at 0x7f1e57f062a0> completed
2025-01-11 18:37:51,151 executing functools.partial(<built-in method execute of sqlite3.Connection object at 0x7f1e580e2200>, 'PRAGMA foreign_keys = ON', [])
2025-01-11 18:37:51,151 operation functools.partial(<built-in method execute of sqlite3.Connection object at 0x7f1e580e2200>, 'PRAGMA foreign_keys = ON', []) completed
2025-01-11 18:37:51,152 executing functools.partial(<built-in method execute of sqlite3.Connection object at 0x7f1e580e2200>, '\n            CREATE TABLE IF NOT EXISTS users (\n                chat_id INTEGER,\n                topic_id INTEGER,\n                user_name TEXT,\n                PRIMARY KEY (chat_id, topic_id)\n            )\n        ', [])
2025-01-11 18:37:51,156 operation functools.partial(<built-in method execute of sqlite3.Connection object at 0x7f1e580e2200>, '\n            CREATE TABLE IF NOT EXISTS users (\n                chat_id INTEGER,\n                topic_id INTEGER,\n                user_name TEXT,\n                PRIMARY KEY (chat_id, topic_id)\n            )\n        ', []) completed
2025-01-11 18:37:51,163 executing functools.partial(<built-in method execute of sqlite3.Connection object at 0x7f1e580e2200>, '\n            CREATE TABLE IF NOT EXISTS group_messages (\n                topic_id INTEGER,\n                message_id INTEGER,\n                local_id INTEGER,\n                PRIMARY KEY (topic_id, local_id)\n            )\n        ', [])
2025-01-11 18:37:51,164 operation functools.partial(<built-in method execute of sqlite3.Connection object at 0x7f1e580e2200>, '\n            CREATE TABLE IF NOT EXISTS group_messages (\n                topic_id INTEGER,\n                message_id INTEGER,\n                local_id INTEGER,\n                PRIMARY KEY (topic_id, local_id)\n            )\n        ', []) completed
2025-01-11 18:37:51,166 executing functools.partial(<built-in method execute of sqlite3.Connection object at 0x7f1e580e2200>, '\n            CREATE TABLE IF NOT EXISTS private_messages (\n                chat_id INTEGER,\n                message_id INTEGER,\n                local_id INTEGER,\n                PRIMARY KEY (chat_id, local_id)\n            )\n        ', [])
2025-01-11 18:37:51,167 operation functools.partial(<built-in method execute of sqlite3.Connection object at 0x7f1e580e2200>, '\n            CREATE TABLE IF NOT EXISTS private_messages (\n                chat_id INTEGER,\n                message_id INTEGER,\n                local_id INTEGER,\n                PRIMARY KEY (chat_id, local_id)\n            )\n        ', []) completed
2025-01-11 18:37:51,169 executing functools.partial(<built-in method commit of sqlite3.Connection object at 0x7f1e580e2200>)
2025-01-11 18:37:51,169 operation functools.partial(<built-in method commit of sqlite3.Connection object at 0x7f1e580e2200>) completed
2025-01-11 18:37:51,170 executing functools.partial(<built-in method execute of sqlite3.Connection object at 0x7f1e580e2200>, 'SELECT topic_id FROM users WHERE chat_id = ?', (5434361630,))
2025-01-11 18:37:51,171 operation functools.partial(<built-in method execute of sqlite3.Connection object at 0x7f1e580e2200>, 'SELECT topic_id FROM users WHERE chat_id = ?', (5434361630,)) completed
2025-01-11 18:37:51,172 executing functools.partial(<built-in method fetchone of sqlite3.Cursor object at 0x7f1e57ea4a40>)
2025-01-11 18:37:51,172 operation functools.partial(<built-in method fetchone of sqlite3.Cursor object at 0x7f1e57ea4a40>) completed
2025-01-11 18:37:51,173 executing functools.partial(<built-in method close of sqlite3.Cursor object at 0x7f1e57ea4a40>)
2025-01-11 18:37:51,173 operation functools.partial(<built-in method close of sqlite3.Cursor object at 0x7f1e57ea4a40>) completed
2025-01-11 18:37:51,542 executing functools.partial(<built-in method execute of sqlite3.Connection object at 0x7f1e580e2200>, 'SELECT topic_id FROM users WHERE chat_id = ?', (5434361630,))
2025-01-11 18:37:51,542 operation functools.partial(<built-in method execute of sqlite3.Connection object at 0x7f1e580e2200>, 'SELECT topic_id FROM users WHERE chat_id = ?', (5434361630,)) completed
2025-01-11 18:37:51,543 executing functools.partial(<built-in method fetchone of sqlite3.Cursor object at 0x7f1e57ea4a40>)
2025-01-11 18:37:51,543 operation functools.partial(<built-in method fetchone of sqlite3.Cursor object at 0x7f1e57ea4a40>) completed
2025-01-11 18:37:51,543 executing functools.partial(<built-in method close of sqlite3.Cursor object at 0x7f1e57ea4a40>)
2025-01-11 18:37:51,543 operation functools.partial(<built-in method close of sqlite3.Cursor object at 0x7f1e57ea4a40>) completed
2025-01-11 18:37:51,543 executing functools.partial(<built-in method execute of sqlite3.Connection object at 0x7f1e580e2200>, 'SELECT MAX(local_id) FROM group_messages WHERE topic_id = ?', (268,))
2025-01-11 18:37:51,544 operation functools.partial(<built-in method execute of sqlite3.Connection object at 0x7f1e580e2200>, 'SELECT MAX(local_id) FROM group_messages WHERE topic_id = ?', (268,)) completed
2025-01-11 18:37:51,544 executing functools.partial(<built-in method fetchone of sqlite3.Cursor object at 0x7f1e57ea4a40>)
2025-01-11 18:37:51,545 operation functools.partial(<built-in method fetchone of sqlite3.Cursor object at 0x7f1e57ea4a40>) completed
2025-01-11 18:37:51,545 executing functools.partial(<built-in method close of sqlite3.Cursor object at 0x7f1e57ea4a40>)
2025-01-11 18:37:51,545 operation functools.partial(<built-in method close of sqlite3.Cursor object at 0x7f1e57ea4a40>) completed
2025-01-11 18:37:51,545 executing functools.partial(<built-in method execute of sqlite3.Connection object at 0x7f1e580e2200>, '\n                    INSERT INTO group_messages (topic_id, message_id, local_id)\n                    VALUES (?, ?, ?)\n                ', (268, 1550, 1))
2025-01-11 18:37:51,546 operation functools.partial(<built-in method execute of sqlite3.Connection object at 0x7f1e580e2200>, '\n                    INSERT INTO group_messages (topic_id, message_id, local_id)\n                    VALUES (?, ?, ?)\n                ', (268, 1550, 1)) completed
2025-01-11 18:37:51,546 executing functools.partial(<built-in method execute of sqlite3.Connection object at 0x7f1e580e2200>, 'SELECT MAX(local_id) FROM private_messages WHERE chat_id = ?', (5434361630,))
2025-01-11 18:37:51,553 operation functools.partial(<built-in method execute of sqlite3.Connection object at 0x7f1e580e2200>, 'SELECT MAX(local_id) FROM private_messages WHERE chat_id = ?', (5434361630,)) completed
2025-01-11 18:37:51,554 executing functools.partial(<built-in method fetchone of sqlite3.Cursor object at 0x7f1e57e9b0c0>)
2025-01-11 18:37:51,555 operation functools.partial(<built-in method fetchone of sqlite3.Cursor object at 0x7f1e57e9b0c0>) completed
2025-01-11 18:37:51,555 executing functools.partial(<built-in method close of sqlite3.Cursor object at 0x7f1e57e9b0c0>)
2025-01-11 18:37:51,555 operation functools.partial(<built-in method close of sqlite3.Cursor object at 0x7f1e57e9b0c0>) completed
2025-01-11 18:37:51,557 executing functools.partial(<built-in method execute of sqlite3.Connection object at 0x7f1e580e2200>, '\n                    INSERT INTO private_messages (chat_id, message_id, local_id)\n                    VALUES (?, ?, ?)\n                ', (5434361630, 23460, 40))
2025-01-11 18:37:51,557 operation functools.partial(<built-in method execute of sqlite3.Connection object at 0x7f1e580e2200>, '\n                    INSERT INTO private_messages (chat_id, message_id, local_id)\n                    VALUES (?, ?, ?)\n                ', (5434361630, 23460, 40)) completed
2025-01-11 18:37:51,557 executing functools.partial(<built-in method commit of sqlite3.Connection object at 0x7f1e580e2200>)
2025-01-11 18:37:51,562 operation functools.partial(<built-in method commit of sqlite3.Connection object at 0x7f1e580e2200>) completed
2025-01-11 18:37:54,776 executing functools.partial(<built-in method execute of sqlite3.Connection object at 0x7f1e580e2200>, 'SELECT chat_id FROM users WHERE topic_id = ?', (268,))
2025-01-11 18:37:54,777 operation functools.partial(<built-in method execute of sqlite3.Connection object at 0x7f1e580e2200>, 'SELECT chat_id FROM users WHERE topic_id = ?', (268,)) completed
2025-01-11 18:37:54,777 executing functools.partial(<built-in method fetchone of sqlite3.Cursor object at 0x7f1e57e998c0>)
2025-01-11 18:37:54,777 operation functools.partial(<built-in method fetchone of sqlite3.Cursor object at 0x7f1e57e998c0>) completed
2025-01-11 18:37:54,777 executing functools.partial(<built-in method close of sqlite3.Cursor object at 0x7f1e57e998c0>)
2025-01-11 18:37:54,777 operation functools.partial(<built-in method close of sqlite3.Cursor object at 0x7f1e57e998c0>) completed
2025-01-11 18:37:54,946 Looking for jobs to run
2025-01-11 18:37:54,947 Next wakeup is due at 2025-01-11 18:37:59.944620+05:00 (in 4.997635 seconds)
2025-01-11 18:37:54,947 Running job "checker (trigger: interval[0:00:05], next run at: 2025-01-11 18:37:59 +05)" (scheduled at 2025-01-11 18:37:54.944620+05:00)
2025-01-11 18:37:54,947 Job "checker (trigger: interval[0:00:05], next run at: 2025-01-11 18:37:59 +05)" executed successfully
2025-01-11 18:37:55,059 executing functools.partial(<built-in method execute of sqlite3.Connection object at 0x7f1e580e2200>, 'SELECT chat_id FROM users WHERE topic_id = ?', (268,))
2025-01-11 18:37:55,059 operation functools.partial(<built-in method execute of sqlite3.Connection object at 0x7f1e580e2200>, 'SELECT chat_id FROM users WHERE topic_id = ?', (268,)) completed
2025-01-11 18:37:55,060 executing functools.partial(<built-in method fetchone of sqlite3.Cursor object at 0x7f1e57e998c0>)
2025-01-11 18:37:55,060 operation functools.partial(<built-in method fetchone of sqlite3.Cursor object at 0x7f1e57e998c0>) completed
2025-01-11 18:37:55,060 executing functools.partial(<built-in method close of sqlite3.Cursor object at 0x7f1e57e998c0>)
2025-01-11 18:37:55,060 operation functools.partial(<built-in method close of sqlite3.Cursor object at 0x7f1e57e998c0>) completed
2025-01-11 18:37:55,060 executing functools.partial(<built-in method execute of sqlite3.Connection object at 0x7f1e580e2200>, 'SELECT MAX(local_id) FROM private_messages WHERE chat_id = ?', (5434361630,))
2025-01-11 18:37:55,060 operation functools.partial(<built-in method execute of sqlite3.Connection object at 0x7f1e580e2200>, 'SELECT MAX(local_id) FROM private_messages WHERE chat_id = ?', (5434361630,)) completed
2025-01-11 18:37:55,060 executing functools.partial(<built-in method fetchone of sqlite3.Cursor object at 0x7f1e57e998c0>)
2025-01-11 18:37:55,060 operation functools.partial(<built-in method fetchone of sqlite3.Cursor object at 0x7f1e57e998c0>) completed
2025-01-11 18:37:55,060 executing functools.partial(<built-in method close of sqlite3.Cursor object at 0x7f1e57e998c0>)
2025-01-11 18:37:55,061 operation functools.partial(<built-in method close of sqlite3.Cursor object at 0x7f1e57e998c0>) completed
2025-01-11 18:37:55,061 executing functools.partial(<built-in method execute of sqlite3.Connection object at 0x7f1e580e2200>, '\n                    INSERT INTO private_messages (chat_id, message_id, local_id)\n                    VALUES (?, ?, ?)\n                ', (5434361630, 23461, 41))
2025-01-11 18:37:55,061 operation functools.partial(<built-in method execute of sqlite3.Connection object at 0x7f1e580e2200>, '\n                    INSERT INTO private_messages (chat_id, message_id, local_id)\n                    VALUES (?, ?, ?)\n                ', (5434361630, 23461, 41)) completed
2025-01-11 18:37:55,061 executing functools.partial(<built-in method execute of sqlite3.Connection object at 0x7f1e580e2200>, 'SELECT MAX(local_id) FROM group_messages WHERE topic_id = ?', (268,))
2025-01-11 18:37:55,061 operation functools.partial(<built-in method execute of sqlite3.Connection object at 0x7f1e580e2200>, 'SELECT MAX(local_id) FROM group_messages WHERE topic_id = ?', (268,)) completed
2025-01-11 18:37:55,061 executing functools.partial(<built-in method fetchone of sqlite3.Cursor object at 0x7f1e57e992c0>)
2025-01-11 18:37:55,061 operation functools.partial(<built-in method fetchone of sqlite3.Cursor object at 0x7f1e57e992c0>) completed
2025-01-11 18:37:55,061 executing functools.partial(<built-in method close of sqlite3.Cursor object at 0x7f1e57e992c0>)
2025-01-11 18:37:55,061 operation functools.partial(<built-in method close of sqlite3.Cursor object at 0x7f1e57e992c0>) completed
2025-01-11 18:37:55,067 executing functools.partial(<built-in method execute of sqlite3.Connection object at 0x7f1e580e2200>, '\n                    INSERT INTO group_messages (topic_id, message_id, local_id)\n                    VALUES (?, ?, ?)\n                ', (268, 1551, 2))
2025-01-11 18:37:55,068 operation functools.partial(<built-in method execute of sqlite3.Connection object at 0x7f1e580e2200>, '\n                    INSERT INTO group_messages (topic_id, message_id, local_id)\n                    VALUES (?, ?, ?)\n                ', (268, 1551, 2)) completed
2025-01-11 18:37:55,069 executing functools.partial(<built-in method commit of sqlite3.Connection object at 0x7f1e580e2200>)
2025-01-11 18:37:55,082 operation functools.partial(<built-in method commit of sqlite3.Connection object at 0x7f1e580e2200>) completed
2025-01-11 18:37:59,948 Looking for jobs to run
2025-01-11 18:37:59,949 Next wakeup is due at 2025-01-11 18:38:04.944620+05:00 (in 4.995174 seconds)
2025-01-11 18:37:59,949 Running job "checker (trigger: interval[0:00:05], next run at: 2025-01-11 18:38:04 +05)" (scheduled at 2025-01-11 18:37:59.944620+05:00)
2025-01-11 18:37:59,949 Job "checker (trigger: interval[0:00:05], next run at: 2025-01-11 18:38:04 +05)" executed successfully
2025-01-11 18:38:04,946 Looking for jobs to run
2025-01-11 18:38:04,947 Next wakeup is due at 2025-01-11 18:38:09.944620+05:00 (in 4.997188 seconds)
2025-01-11 18:38:04,947 Running job "checker (trigger: interval[0:00:05], next run at: 2025-01-11 18:38:09 +05)" (scheduled at 2025-01-11 18:38:04.944620+05:00)
2025-01-11 18:38:04,947 Job "checker (trigger: interval[0:00:05], next run at: 2025-01-11 18:38:09 +05)" executed successfully
2025-01-11 18:38:09,948 Looking for jobs to run
2025-01-11 18:38:09,948 Next wakeup is due at 2025-01-11 18:38:14.944620+05:00 (in 4.995950 seconds)
2025-01-11 18:38:09,948 Running job "checker (trigger: interval[0:00:05], next run at: 2025-01-11 18:38:14 +05)" (scheduled at 2025-01-11 18:38:09.944620+05:00)
2025-01-11 18:38:09,949 Job "checker (trigger: interval[0:00:05], next run at: 2025-01-11 18:38:14 +05)" executed successfully
2025-01-11 18:38:13,183 Infinity polling: polling exited
2025-01-11 18:38:13,183 Break infinity polling
