2024-12-31 23:42:45,977 Adding job tentatively -- it will be properly scheduled when the scheduler starts
2024-12-31 23:42:45,978 Added job "checker" to job store "default"
2024-12-31 23:42:45,978 Scheduler started
2024-12-31 23:42:45,980 Looking for jobs to run
2024-12-31 23:42:45,980 Next wakeup is due at 2024-12-31 23:42:50.977338+05:00 (in 4.996768 seconds)
2024-12-31 23:42:50,981 Looking for jobs to run
2024-12-31 23:42:50,981 Next wakeup is due at 2024-12-31 23:42:55.977338+05:00 (in 4.995660 seconds)
2024-12-31 23:42:50,982 Running job "checker (trigger: interval[0:00:05], next run at: 2024-12-31 23:42:55 +05)" (scheduled at 2024-12-31 23:42:50.977338+05:00)
2024-12-31 23:42:50,982 Job "checker (trigger: interval[0:00:05], next run at: 2024-12-31 23:42:55 +05)" executed successfully
2024-12-31 23:42:55,983 Looking for jobs to run
2024-12-31 23:42:55,983 Next wakeup is due at 2024-12-31 23:43:00.977338+05:00 (in 4.993533 seconds)
2024-12-31 23:42:55,984 Running job "checker (trigger: interval[0:00:05], next run at: 2024-12-31 23:43:00 +05)" (scheduled at 2024-12-31 23:42:55.977338+05:00)
2024-12-31 23:42:55,984 Job "checker (trigger: interval[0:00:05], next run at: 2024-12-31 23:43:00 +05)" executed successfully
2024-12-31 23:43:00,980 Looking for jobs to run
2024-12-31 23:43:00,980 Next wakeup is due at 2024-12-31 23:43:05.977338+05:00 (in 4.996666 seconds)
2024-12-31 23:43:00,981 Running job "checker (trigger: interval[0:00:05], next run at: 2024-12-31 23:43:05 +05)" (scheduled at 2024-12-31 23:43:00.977338+05:00)
2024-12-31 23:43:00,981 Job "checker (trigger: interval[0:00:05], next run at: 2024-12-31 23:43:05 +05)" executed successfully
2024-12-31 23:43:03,918 executing <function connect.<locals>.connector at 0x7f5b5e76f4c0>
2024-12-31 23:43:03,923 operation <function connect.<locals>.connector at 0x7f5b5e76f4c0> completed
2024-12-31 23:43:03,923 executing functools.partial(<built-in method execute of sqlite3.Connection object at 0x7f5b5e721e40>, 'SELECT topic_id FROM users WHERE chat_id = ?', (5434361630,))
2024-12-31 23:43:03,925 operation functools.partial(<built-in method execute of sqlite3.Connection object at 0x7f5b5e721e40>, 'SELECT topic_id FROM users WHERE chat_id = ?', (5434361630,)) completed
2024-12-31 23:43:03,926 executing functools.partial(<built-in method fetchone of sqlite3.Cursor object at 0x7f5b5e733f40>)
2024-12-31 23:43:03,926 operation functools.partial(<built-in method fetchone of sqlite3.Cursor object at 0x7f5b5e733f40>) completed
2024-12-31 23:43:03,926 executing functools.partial(<built-in method close of sqlite3.Cursor object at 0x7f5b5e733f40>)
2024-12-31 23:43:03,926 operation functools.partial(<built-in method close of sqlite3.Cursor object at 0x7f5b5e733f40>) completed
2024-12-31 23:43:03,926 executing <function connect.<locals>.connector at 0x7f5b5e76f6a0>
2024-12-31 23:43:03,927 operation <function connect.<locals>.connector at 0x7f5b5e76f6a0> completed
2024-12-31 23:43:03,927 executing functools.partial(<built-in method execute of sqlite3.Connection object at 0x7f5b5e722200>, 'PRAGMA foreign_keys = ON', [])
2024-12-31 23:43:03,927 operation functools.partial(<built-in method execute of sqlite3.Connection object at 0x7f5b5e722200>, 'PRAGMA foreign_keys = ON', []) completed
2024-12-31 23:43:03,927 executing functools.partial(<built-in method execute of sqlite3.Connection object at 0x7f5b5e722200>, '\n            CREATE TABLE IF NOT EXISTS users (\n                chat_id INTEGER,\n                topic_id INTEGER,\n                user_name TEXT,\n                PRIMARY KEY (chat_id, topic_id)\n            )\n        ', [])
2024-12-31 23:43:03,928 operation functools.partial(<built-in method execute of sqlite3.Connection object at 0x7f5b5e722200>, '\n            CREATE TABLE IF NOT EXISTS users (\n                chat_id INTEGER,\n                topic_id INTEGER,\n                user_name TEXT,\n                PRIMARY KEY (chat_id, topic_id)\n            )\n        ', []) completed
2024-12-31 23:43:03,928 executing functools.partial(<built-in method execute of sqlite3.Connection object at 0x7f5b5e722200>, '\n            CREATE TABLE IF NOT EXISTS group_messages (\n                topic_id INTEGER,\n                message_id INTEGER,\n                local_id INTEGER,\n                PRIMARY KEY (topic_id, local_id)\n            )\n        ', [])
2024-12-31 23:43:03,928 operation functools.partial(<built-in method execute of sqlite3.Connection object at 0x7f5b5e722200>, '\n            CREATE TABLE IF NOT EXISTS group_messages (\n                topic_id INTEGER,\n                message_id INTEGER,\n                local_id INTEGER,\n                PRIMARY KEY (topic_id, local_id)\n            )\n        ', []) completed
2024-12-31 23:43:03,928 executing functools.partial(<built-in method execute of sqlite3.Connection object at 0x7f5b5e722200>, '\n            CREATE TABLE IF NOT EXISTS private_messages (\n                chat_id INTEGER,\n                message_id INTEGER,\n                local_id INTEGER,\n                PRIMARY KEY (chat_id, local_id)\n            )\n        ', [])
2024-12-31 23:43:03,928 operation functools.partial(<built-in method execute of sqlite3.Connection object at 0x7f5b5e722200>, '\n            CREATE TABLE IF NOT EXISTS private_messages (\n                chat_id INTEGER,\n                message_id INTEGER,\n                local_id INTEGER,\n                PRIMARY KEY (chat_id, local_id)\n            )\n        ', []) completed
2024-12-31 23:43:03,928 executing functools.partial(<built-in method commit of sqlite3.Connection object at 0x7f5b5e722200>)
2024-12-31 23:43:03,928 operation functools.partial(<built-in method commit of sqlite3.Connection object at 0x7f5b5e722200>) completed
2024-12-31 23:43:03,929 executing functools.partial(<built-in method execute of sqlite3.Connection object at 0x7f5b5e722200>, 'SELECT topic_id FROM users WHERE chat_id = ? AND user_name = ?', (5434361630, 'yadgenn'))
2024-12-31 23:43:03,929 operation functools.partial(<built-in method execute of sqlite3.Connection object at 0x7f5b5e722200>, 'SELECT topic_id FROM users WHERE chat_id = ? AND user_name = ?', (5434361630, 'yadgenn')) completed
2024-12-31 23:43:03,929 executing functools.partial(<built-in method fetchone of sqlite3.Cursor object at 0x7f5b5e780840>)
2024-12-31 23:43:03,929 operation functools.partial(<built-in method fetchone of sqlite3.Cursor object at 0x7f5b5e780840>) completed
2024-12-31 23:43:03,930 executing functools.partial(<built-in method close of sqlite3.Cursor object at 0x7f5b5e780840>)
2024-12-31 23:43:03,930 operation functools.partial(<built-in method close of sqlite3.Cursor object at 0x7f5b5e780840>) completed
2024-12-31 23:43:05,978 Looking for jobs to run
2024-12-31 23:43:05,979 Next wakeup is due at 2024-12-31 23:43:10.977338+05:00 (in 4.998303 seconds)
2024-12-31 23:43:05,979 Running job "checker (trigger: interval[0:00:05], next run at: 2024-12-31 23:43:10 +05)" (scheduled at 2024-12-31 23:43:05.977338+05:00)
2024-12-31 23:43:05,979 Job "checker (trigger: interval[0:00:05], next run at: 2024-12-31 23:43:10 +05)" executed successfully
2024-12-31 23:43:06,150 executing functools.partial(<built-in method execute of sqlite3.Connection object at 0x7f5b5e722200>, 'SELECT topic_id FROM users WHERE chat_id = ?', (5434361630,))
2024-12-31 23:43:06,150 operation functools.partial(<built-in method execute of sqlite3.Connection object at 0x7f5b5e722200>, 'SELECT topic_id FROM users WHERE chat_id = ?', (5434361630,)) completed
2024-12-31 23:43:06,151 executing functools.partial(<built-in method fetchone of sqlite3.Cursor object at 0x7f5b5e780840>)
2024-12-31 23:43:06,151 operation functools.partial(<built-in method fetchone of sqlite3.Cursor object at 0x7f5b5e780840>) completed
2024-12-31 23:43:06,151 executing functools.partial(<built-in method close of sqlite3.Cursor object at 0x7f5b5e780840>)
2024-12-31 23:43:06,151 operation functools.partial(<built-in method close of sqlite3.Cursor object at 0x7f5b5e780840>) completed
2024-12-31 23:43:06,151 executing functools.partial(<built-in method execute of sqlite3.Connection object at 0x7f5b5e722200>, 'SELECT MAX(local_id) FROM group_messages WHERE topic_id = ?', (186,))
2024-12-31 23:43:06,151 operation functools.partial(<built-in method execute of sqlite3.Connection object at 0x7f5b5e722200>, 'SELECT MAX(local_id) FROM group_messages WHERE topic_id = ?', (186,)) completed
2024-12-31 23:43:06,151 executing functools.partial(<built-in method fetchone of sqlite3.Cursor object at 0x7f5b5e780840>)
2024-12-31 23:43:06,151 operation functools.partial(<built-in method fetchone of sqlite3.Cursor object at 0x7f5b5e780840>) completed
2024-12-31 23:43:06,152 executing functools.partial(<built-in method close of sqlite3.Cursor object at 0x7f5b5e780840>)
2024-12-31 23:43:06,152 operation functools.partial(<built-in method close of sqlite3.Cursor object at 0x7f5b5e780840>) completed
2024-12-31 23:43:06,152 executing functools.partial(<built-in method execute of sqlite3.Connection object at 0x7f5b5e722200>, '\n                    INSERT INTO group_messages (topic_id, message_id, local_id)\n                    VALUES (?, ?, ?)\n                ', (186, 1212, 235))
2024-12-31 23:43:06,152 operation functools.partial(<built-in method execute of sqlite3.Connection object at 0x7f5b5e722200>, '\n                    INSERT INTO group_messages (topic_id, message_id, local_id)\n                    VALUES (?, ?, ?)\n                ', (186, 1212, 235)) completed
2024-12-31 23:43:06,153 executing functools.partial(<built-in method execute of sqlite3.Connection object at 0x7f5b5e722200>, 'SELECT MAX(local_id) FROM private_messages WHERE chat_id = ?', (5434361630,))
2024-12-31 23:43:06,153 operation functools.partial(<built-in method execute of sqlite3.Connection object at 0x7f5b5e722200>, 'SELECT MAX(local_id) FROM private_messages WHERE chat_id = ?', (5434361630,)) completed
2024-12-31 23:43:06,153 executing functools.partial(<built-in method fetchone of sqlite3.Cursor object at 0x7f5b5e7817c0>)
2024-12-31 23:43:06,153 operation functools.partial(<built-in method fetchone of sqlite3.Cursor object at 0x7f5b5e7817c0>) completed
2024-12-31 23:43:06,153 executing functools.partial(<built-in method close of sqlite3.Cursor object at 0x7f5b5e7817c0>)
2024-12-31 23:43:06,153 operation functools.partial(<built-in method close of sqlite3.Cursor object at 0x7f5b5e7817c0>) completed
2024-12-31 23:43:06,159 executing functools.partial(<built-in method execute of sqlite3.Connection object at 0x7f5b5e722200>, '\n                    INSERT INTO private_messages (chat_id, message_id, local_id)\n                    VALUES (?, ?, ?)\n                ', (5434361630, 23003, 235))
2024-12-31 23:43:06,159 operation functools.partial(<built-in method execute of sqlite3.Connection object at 0x7f5b5e722200>, '\n                    INSERT INTO private_messages (chat_id, message_id, local_id)\n                    VALUES (?, ?, ?)\n                ', (5434361630, 23003, 235)) completed
2024-12-31 23:43:06,160 executing functools.partial(<built-in method commit of sqlite3.Connection object at 0x7f5b5e722200>)
2024-12-31 23:43:06,169 operation functools.partial(<built-in method commit of sqlite3.Connection object at 0x7f5b5e722200>) completed
2024-12-31 23:43:10,540 executing functools.partial(<built-in method execute of sqlite3.Connection object at 0x7f5b5e722200>, 'SELECT chat_id FROM users WHERE topic_id = ?', (186,))
2024-12-31 23:43:10,540 operation functools.partial(<built-in method execute of sqlite3.Connection object at 0x7f5b5e722200>, 'SELECT chat_id FROM users WHERE topic_id = ?', (186,)) completed
2024-12-31 23:43:10,540 executing functools.partial(<built-in method fetchone of sqlite3.Cursor object at 0x7f5b5e781dc0>)
2024-12-31 23:43:10,540 operation functools.partial(<built-in method fetchone of sqlite3.Cursor object at 0x7f5b5e781dc0>) completed
2024-12-31 23:43:10,541 executing functools.partial(<built-in method close of sqlite3.Cursor object at 0x7f5b5e781dc0>)
2024-12-31 23:43:10,541 operation functools.partial(<built-in method close of sqlite3.Cursor object at 0x7f5b5e781dc0>) completed
2024-12-31 23:43:10,957 executing functools.partial(<built-in method execute of sqlite3.Connection object at 0x7f5b5e722200>, 'SELECT chat_id FROM users WHERE topic_id = ?', (186,))
2024-12-31 23:43:10,957 operation functools.partial(<built-in method execute of sqlite3.Connection object at 0x7f5b5e722200>, 'SELECT chat_id FROM users WHERE topic_id = ?', (186,)) completed
2024-12-31 23:43:10,958 executing functools.partial(<built-in method fetchone of sqlite3.Cursor object at 0x7f5b5e781dc0>)
2024-12-31 23:43:10,958 operation functools.partial(<built-in method fetchone of sqlite3.Cursor object at 0x7f5b5e781dc0>) completed
2024-12-31 23:43:10,958 executing functools.partial(<built-in method close of sqlite3.Cursor object at 0x7f5b5e781dc0>)
2024-12-31 23:43:10,958 operation functools.partial(<built-in method close of sqlite3.Cursor object at 0x7f5b5e781dc0>) completed
2024-12-31 23:43:10,958 executing functools.partial(<built-in method execute of sqlite3.Connection object at 0x7f5b5e722200>, 'SELECT MAX(local_id) FROM private_messages WHERE chat_id = ?', (5434361630,))
2024-12-31 23:43:10,958 operation functools.partial(<built-in method execute of sqlite3.Connection object at 0x7f5b5e722200>, 'SELECT MAX(local_id) FROM private_messages WHERE chat_id = ?', (5434361630,)) completed
2024-12-31 23:43:10,959 executing functools.partial(<built-in method fetchone of sqlite3.Cursor object at 0x7f5b5e781dc0>)
2024-12-31 23:43:10,959 operation functools.partial(<built-in method fetchone of sqlite3.Cursor object at 0x7f5b5e781dc0>) completed
2024-12-31 23:43:10,959 executing functools.partial(<built-in method close of sqlite3.Cursor object at 0x7f5b5e781dc0>)
2024-12-31 23:43:10,959 operation functools.partial(<built-in method close of sqlite3.Cursor object at 0x7f5b5e781dc0>) completed
2024-12-31 23:43:10,959 executing functools.partial(<built-in method execute of sqlite3.Connection object at 0x7f5b5e722200>, '\n                    INSERT INTO private_messages (chat_id, message_id, local_id)\n                    VALUES (?, ?, ?)\n                ', (5434361630, 23004, 236))
2024-12-31 23:43:10,959 operation functools.partial(<built-in method execute of sqlite3.Connection object at 0x7f5b5e722200>, '\n                    INSERT INTO private_messages (chat_id, message_id, local_id)\n                    VALUES (?, ?, ?)\n                ', (5434361630, 23004, 236)) completed
2024-12-31 23:43:10,959 executing functools.partial(<built-in method execute of sqlite3.Connection object at 0x7f5b5e722200>, 'SELECT MAX(local_id) FROM group_messages WHERE topic_id = ?', (186,))
2024-12-31 23:43:10,959 operation functools.partial(<built-in method execute of sqlite3.Connection object at 0x7f5b5e722200>, 'SELECT MAX(local_id) FROM group_messages WHERE topic_id = ?', (186,)) completed
2024-12-31 23:43:10,960 executing functools.partial(<built-in method fetchone of sqlite3.Cursor object at 0x7f5b5e7820c0>)
2024-12-31 23:43:10,960 operation functools.partial(<built-in method fetchone of sqlite3.Cursor object at 0x7f5b5e7820c0>) completed
2024-12-31 23:43:10,960 executing functools.partial(<built-in method close of sqlite3.Cursor object at 0x7f5b5e7820c0>)
2024-12-31 23:43:10,960 operation functools.partial(<built-in method close of sqlite3.Cursor object at 0x7f5b5e7820c0>) completed
2024-12-31 23:43:10,960 executing functools.partial(<built-in method execute of sqlite3.Connection object at 0x7f5b5e722200>, '\n                    INSERT INTO group_messages (topic_id, message_id, local_id)\n                    VALUES (?, ?, ?)\n                ', (186, 1213, 236))
2024-12-31 23:43:10,960 operation functools.partial(<built-in method execute of sqlite3.Connection object at 0x7f5b5e722200>, '\n                    INSERT INTO group_messages (topic_id, message_id, local_id)\n                    VALUES (?, ?, ?)\n                ', (186, 1213, 236)) completed
2024-12-31 23:43:10,960 executing functools.partial(<built-in method commit of sqlite3.Connection object at 0x7f5b5e722200>)
2024-12-31 23:43:10,964 operation functools.partial(<built-in method commit of sqlite3.Connection object at 0x7f5b5e722200>) completed
2024-12-31 23:43:10,978 Looking for jobs to run
2024-12-31 23:43:10,979 Next wakeup is due at 2024-12-31 23:43:15.977338+05:00 (in 4.998165 seconds)
2024-12-31 23:43:10,979 Running job "checker (trigger: interval[0:00:05], next run at: 2024-12-31 23:43:15 +05)" (scheduled at 2024-12-31 23:43:10.977338+05:00)
2024-12-31 23:43:10,979 Job "checker (trigger: interval[0:00:05], next run at: 2024-12-31 23:43:15 +05)" executed successfully
2024-12-31 23:43:15,992 Looking for jobs to run
2024-12-31 23:43:16,000 Next wakeup is due at 2024-12-31 23:43:20.977338+05:00 (in 4.976616 seconds)
2024-12-31 23:43:16,001 Running job "checker (trigger: interval[0:00:05], next run at: 2024-12-31 23:43:20 +05)" (scheduled at 2024-12-31 23:43:15.977338+05:00)
2024-12-31 23:43:16,001 Job "checker (trigger: interval[0:00:05], next run at: 2024-12-31 23:43:20 +05)" executed successfully
2024-12-31 23:43:17,869 executing functools.partial(<built-in method execute of sqlite3.Connection object at 0x7f5b5e722200>, 'SELECT topic_id FROM users WHERE chat_id = ?', (5434361630,))
2024-12-31 23:43:17,874 operation functools.partial(<built-in method execute of sqlite3.Connection object at 0x7f5b5e722200>, 'SELECT topic_id FROM users WHERE chat_id = ?', (5434361630,)) completed
2024-12-31 23:43:17,875 executing functools.partial(<built-in method fetchone of sqlite3.Cursor object at 0x7f5b5e782340>)
2024-12-31 23:43:17,875 operation functools.partial(<built-in method fetchone of sqlite3.Cursor object at 0x7f5b5e782340>) completed
2024-12-31 23:43:17,876 executing functools.partial(<built-in method close of sqlite3.Cursor object at 0x7f5b5e782340>)
2024-12-31 23:43:17,876 operation functools.partial(<built-in method close of sqlite3.Cursor object at 0x7f5b5e782340>) completed
2024-12-31 23:43:17,876 executing functools.partial(<built-in method execute of sqlite3.Connection object at 0x7f5b5e722200>, 'SELECT local_id FROM private_messages WHERE chat_id = ? AND message_id = ?', (5434361630, 23004))
2024-12-31 23:43:17,877 operation functools.partial(<built-in method execute of sqlite3.Connection object at 0x7f5b5e722200>, 'SELECT local_id FROM private_messages WHERE chat_id = ? AND message_id = ?', (5434361630, 23004)) completed
2024-12-31 23:43:17,877 executing functools.partial(<built-in method fetchone of sqlite3.Cursor object at 0x7f5b5e782340>)
2024-12-31 23:43:17,877 operation functools.partial(<built-in method fetchone of sqlite3.Cursor object at 0x7f5b5e782340>) completed
2024-12-31 23:43:17,878 executing functools.partial(<built-in method execute of sqlite3.Connection object at 0x7f5b5e722200>, 'SELECT message_id FROM group_messages WHERE topic_id = ? AND local_id = ?', (186, 236))
2024-12-31 23:43:17,878 operation functools.partial(<built-in method execute of sqlite3.Connection object at 0x7f5b5e722200>, 'SELECT message_id FROM group_messages WHERE topic_id = ? AND local_id = ?', (186, 236)) completed
2024-12-31 23:43:17,878 executing functools.partial(<built-in method fetchone of sqlite3.Cursor object at 0x7f5b5e781840>)
2024-12-31 23:43:17,878 operation functools.partial(<built-in method fetchone of sqlite3.Cursor object at 0x7f5b5e781840>) completed
2024-12-31 23:43:17,878 executing functools.partial(<built-in method close of sqlite3.Cursor object at 0x7f5b5e781840>)
2024-12-31 23:43:17,879 operation functools.partial(<built-in method close of sqlite3.Cursor object at 0x7f5b5e781840>) completed
2024-12-31 23:43:17,879 executing functools.partial(<built-in method close of sqlite3.Cursor object at 0x7f5b5e782340>)
2024-12-31 23:43:17,879 operation functools.partial(<built-in method close of sqlite3.Cursor object at 0x7f5b5e782340>) completed
2024-12-31 23:43:18,550 executing <function connect.<locals>.connector at 0x7f5b5e76fa60>
2024-12-31 23:43:18,551 operation <function connect.<locals>.connector at 0x7f5b5e76fa60> completed
2024-12-31 23:43:18,552 executing functools.partial(<built-in method execute of sqlite3.Connection object at 0x7f5b5e7223e0>, 'SELECT topic_id FROM users WHERE chat_id = ?', (5434361630,))
2024-12-31 23:43:18,553 operation functools.partial(<built-in method execute of sqlite3.Connection object at 0x7f5b5e7223e0>, 'SELECT topic_id FROM users WHERE chat_id = ?', (5434361630,)) completed
2024-12-31 23:43:18,554 executing functools.partial(<built-in method fetchone of sqlite3.Cursor object at 0x7f5b5e781fc0>)
2024-12-31 23:43:18,554 operation functools.partial(<built-in method fetchone of sqlite3.Cursor object at 0x7f5b5e781fc0>) completed
2024-12-31 23:43:18,554 executing functools.partial(<built-in method close of sqlite3.Cursor object at 0x7f5b5e781fc0>)
2024-12-31 23:43:18,554 operation functools.partial(<built-in method close of sqlite3.Cursor object at 0x7f5b5e781fc0>) completed
2024-12-31 23:43:18,555 executing functools.partial(<built-in method execute of sqlite3.Connection object at 0x7f5b5e722200>, 'SELECT topic_id FROM users WHERE chat_id = ? AND user_name = ?', (5434361630, 'yadgenn'))
2024-12-31 23:43:18,555 operation functools.partial(<built-in method execute of sqlite3.Connection object at 0x7f5b5e722200>, 'SELECT topic_id FROM users WHERE chat_id = ? AND user_name = ?', (5434361630, 'yadgenn')) completed
2024-12-31 23:43:18,555 executing functools.partial(<built-in method fetchone of sqlite3.Cursor object at 0x7f5b5e782340>)
2024-12-31 23:43:18,555 operation functools.partial(<built-in method fetchone of sqlite3.Cursor object at 0x7f5b5e782340>) completed
2024-12-31 23:43:18,560 executing functools.partial(<built-in method close of sqlite3.Cursor object at 0x7f5b5e782340>)
2024-12-31 23:43:18,560 operation functools.partial(<built-in method close of sqlite3.Cursor object at 0x7f5b5e782340>) completed
2024-12-31 23:43:18,560 executing functools.partial(<built-in method execute of sqlite3.Connection object at 0x7f5b5e722200>, 'SELECT topic_id FROM users WHERE chat_id = ?', (5434361630,))
2024-12-31 23:43:18,560 operation functools.partial(<built-in method execute of sqlite3.Connection object at 0x7f5b5e722200>, 'SELECT topic_id FROM users WHERE chat_id = ?', (5434361630,)) completed
2024-12-31 23:43:18,565 executing functools.partial(<built-in method fetchone of sqlite3.Cursor object at 0x7f5b5e782340>)
2024-12-31 23:43:18,565 operation functools.partial(<built-in method fetchone of sqlite3.Cursor object at 0x7f5b5e782340>) completed
2024-12-31 23:43:18,570 executing functools.partial(<built-in method close of sqlite3.Cursor object at 0x7f5b5e782340>)
2024-12-31 23:43:18,570 operation functools.partial(<built-in method close of sqlite3.Cursor object at 0x7f5b5e782340>) completed
2024-12-31 23:43:18,571 executing functools.partial(<built-in method execute of sqlite3.Connection object at 0x7f5b5e722200>, 'SELECT local_id FROM private_messages WHERE chat_id = ? AND message_id = ?', (5434361630, 23004))
2024-12-31 23:43:18,572 operation functools.partial(<built-in method execute of sqlite3.Connection object at 0x7f5b5e722200>, 'SELECT local_id FROM private_messages WHERE chat_id = ? AND message_id = ?', (5434361630, 23004)) completed
2024-12-31 23:43:18,573 executing functools.partial(<built-in method fetchone of sqlite3.Cursor object at 0x7f5b5e782340>)
2024-12-31 23:43:18,573 operation functools.partial(<built-in method fetchone of sqlite3.Cursor object at 0x7f5b5e782340>) completed
2024-12-31 23:43:18,573 executing functools.partial(<built-in method execute of sqlite3.Connection object at 0x7f5b5e722200>, 'SELECT message_id FROM group_messages WHERE topic_id = ? AND local_id = ?', (186, 236))
2024-12-31 23:43:18,573 operation functools.partial(<built-in method execute of sqlite3.Connection object at 0x7f5b5e722200>, 'SELECT message_id FROM group_messages WHERE topic_id = ? AND local_id = ?', (186, 236)) completed
2024-12-31 23:43:18,573 executing functools.partial(<built-in method fetchone of sqlite3.Cursor object at 0x7f5b5e782a40>)
2024-12-31 23:43:18,573 operation functools.partial(<built-in method fetchone of sqlite3.Cursor object at 0x7f5b5e782a40>) completed
2024-12-31 23:43:18,573 executing functools.partial(<built-in method close of sqlite3.Cursor object at 0x7f5b5e782a40>)
2024-12-31 23:43:18,574 operation functools.partial(<built-in method close of sqlite3.Cursor object at 0x7f5b5e782a40>) completed
2024-12-31 23:43:18,574 executing functools.partial(<built-in method close of sqlite3.Cursor object at 0x7f5b5e782340>)
2024-12-31 23:43:18,574 operation functools.partial(<built-in method close of sqlite3.Cursor object at 0x7f5b5e782340>) completed
2024-12-31 23:43:19,121 executing functools.partial(<built-in method execute of sqlite3.Connection object at 0x7f5b5e722200>, 'SELECT topic_id FROM users WHERE chat_id = ?', (5434361630,))
2024-12-31 23:43:19,121 operation functools.partial(<built-in method execute of sqlite3.Connection object at 0x7f5b5e722200>, 'SELECT topic_id FROM users WHERE chat_id = ?', (5434361630,)) completed
2024-12-31 23:43:19,121 executing functools.partial(<built-in method fetchone of sqlite3.Cursor object at 0x7f5b5e782340>)
2024-12-31 23:43:19,121 operation functools.partial(<built-in method fetchone of sqlite3.Cursor object at 0x7f5b5e782340>) completed
2024-12-31 23:43:19,122 executing functools.partial(<built-in method close of sqlite3.Cursor object at 0x7f5b5e782340>)
2024-12-31 23:43:19,122 operation functools.partial(<built-in method close of sqlite3.Cursor object at 0x7f5b5e782340>) completed
2024-12-31 23:43:19,122 executing functools.partial(<built-in method execute of sqlite3.Connection object at 0x7f5b5e722200>, 'SELECT MAX(local_id) FROM group_messages WHERE topic_id = ?', (186,))
2024-12-31 23:43:19,122 operation functools.partial(<built-in method execute of sqlite3.Connection object at 0x7f5b5e722200>, 'SELECT MAX(local_id) FROM group_messages WHERE topic_id = ?', (186,)) completed
2024-12-31 23:43:19,122 executing functools.partial(<built-in method fetchone of sqlite3.Cursor object at 0x7f5b5e782340>)
2024-12-31 23:43:19,122 operation functools.partial(<built-in method fetchone of sqlite3.Cursor object at 0x7f5b5e782340>) completed
2024-12-31 23:43:19,122 executing functools.partial(<built-in method close of sqlite3.Cursor object at 0x7f5b5e782340>)
2024-12-31 23:43:19,122 operation functools.partial(<built-in method close of sqlite3.Cursor object at 0x7f5b5e782340>) completed
2024-12-31 23:43:19,123 executing functools.partial(<built-in method execute of sqlite3.Connection object at 0x7f5b5e722200>, '\n                    INSERT INTO group_messages (topic_id, message_id, local_id)\n                    VALUES (?, ?, ?)\n                ', (186, 1214, 237))
2024-12-31 23:43:19,123 operation functools.partial(<built-in method execute of sqlite3.Connection object at 0x7f5b5e722200>, '\n                    INSERT INTO group_messages (topic_id, message_id, local_id)\n                    VALUES (?, ?, ?)\n                ', (186, 1214, 237)) completed
2024-12-31 23:43:19,123 executing functools.partial(<built-in method execute of sqlite3.Connection object at 0x7f5b5e722200>, 'SELECT MAX(local_id) FROM private_messages WHERE chat_id = ?', (5434361630,))
2024-12-31 23:43:19,123 operation functools.partial(<built-in method execute of sqlite3.Connection object at 0x7f5b5e722200>, 'SELECT MAX(local_id) FROM private_messages WHERE chat_id = ?', (5434361630,)) completed
2024-12-31 23:43:19,124 executing functools.partial(<built-in method fetchone of sqlite3.Cursor object at 0x7f5b5e783240>)
2024-12-31 23:43:19,124 operation functools.partial(<built-in method fetchone of sqlite3.Cursor object at 0x7f5b5e783240>) completed
2024-12-31 23:43:19,124 executing functools.partial(<built-in method close of sqlite3.Cursor object at 0x7f5b5e783240>)
2024-12-31 23:43:19,124 operation functools.partial(<built-in method close of sqlite3.Cursor object at 0x7f5b5e783240>) completed
2024-12-31 23:43:19,124 executing functools.partial(<built-in method execute of sqlite3.Connection object at 0x7f5b5e722200>, '\n                    INSERT INTO private_messages (chat_id, message_id, local_id)\n                    VALUES (?, ?, ?)\n                ', (5434361630, 23005, 237))
2024-12-31 23:43:19,124 operation functools.partial(<built-in method execute of sqlite3.Connection object at 0x7f5b5e722200>, '\n                    INSERT INTO private_messages (chat_id, message_id, local_id)\n                    VALUES (?, ?, ?)\n                ', (5434361630, 23005, 237)) completed
2024-12-31 23:43:19,124 executing functools.partial(<built-in method commit of sqlite3.Connection object at 0x7f5b5e722200>)
2024-12-31 23:43:19,128 operation functools.partial(<built-in method commit of sqlite3.Connection object at 0x7f5b5e722200>) completed
2024-12-31 23:43:20,978 Looking for jobs to run
2024-12-31 23:43:20,982 Next wakeup is due at 2024-12-31 23:43:25.977338+05:00 (in 4.994728 seconds)
2024-12-31 23:43:20,984 Running job "checker (trigger: interval[0:00:05], next run at: 2024-12-31 23:43:25 +05)" (scheduled at 2024-12-31 23:43:20.977338+05:00)
2024-12-31 23:43:20,985 Job "checker (trigger: interval[0:00:05], next run at: 2024-12-31 23:43:25 +05)" executed successfully
2024-12-31 23:43:25,997 Looking for jobs to run
2024-12-31 23:43:26,004 Next wakeup is due at 2024-12-31 23:43:30.977338+05:00 (in 4.972957 seconds)
2024-12-31 23:43:26,006 Running job "checker (trigger: interval[0:00:05], next run at: 2024-12-31 23:43:30 +05)" (scheduled at 2024-12-31 23:43:25.977338+05:00)
2024-12-31 23:43:26,006 Job "checker (trigger: interval[0:00:05], next run at: 2024-12-31 23:43:30 +05)" executed successfully
2024-12-31 23:43:30,982 Looking for jobs to run
2024-12-31 23:43:30,983 Next wakeup is due at 2024-12-31 23:43:35.977338+05:00 (in 4.994172 seconds)
2024-12-31 23:43:30,983 Running job "checker (trigger: interval[0:00:05], next run at: 2024-12-31 23:43:35 +05)" (scheduled at 2024-12-31 23:43:30.977338+05:00)
2024-12-31 23:43:30,984 Job "checker (trigger: interval[0:00:05], next run at: 2024-12-31 23:43:35 +05)" executed successfully
2024-12-31 23:43:35,980 Looking for jobs to run
2024-12-31 23:43:35,983 Next wakeup is due at 2024-12-31 23:43:40.977338+05:00 (in 4.993936 seconds)
2024-12-31 23:43:35,983 Running job "checker (trigger: interval[0:00:05], next run at: 2024-12-31 23:43:40 +05)" (scheduled at 2024-12-31 23:43:35.977338+05:00)
2024-12-31 23:43:35,984 Job "checker (trigger: interval[0:00:05], next run at: 2024-12-31 23:43:40 +05)" executed successfully
2024-12-31 23:43:40,979 Looking for jobs to run
2024-12-31 23:43:40,980 Next wakeup is due at 2024-12-31 23:43:45.977338+05:00 (in 4.996485 seconds)
2024-12-31 23:43:40,981 Running job "checker (trigger: interval[0:00:05], next run at: 2024-12-31 23:43:45 +05)" (scheduled at 2024-12-31 23:43:40.977338+05:00)
2024-12-31 23:43:40,981 Job "checker (trigger: interval[0:00:05], next run at: 2024-12-31 23:43:45 +05)" executed successfully
2024-12-31 23:43:45,981 Looking for jobs to run
2024-12-31 23:43:45,986 Next wakeup is due at 2024-12-31 23:43:50.977338+05:00 (in 4.990405 seconds)
2024-12-31 23:43:45,987 Running job "checker (trigger: interval[0:00:05], next run at: 2024-12-31 23:43:50 +05)" (scheduled at 2024-12-31 23:43:45.977338+05:00)
2024-12-31 23:43:45,988 Job "checker (trigger: interval[0:00:05], next run at: 2024-12-31 23:43:50 +05)" executed successfully
2024-12-31 23:43:50,979 Looking for jobs to run
2024-12-31 23:43:50,980 Next wakeup is due at 2024-12-31 23:43:55.977338+05:00 (in 4.997238 seconds)
2024-12-31 23:43:50,981 Running job "checker (trigger: interval[0:00:05], next run at: 2024-12-31 23:43:55 +05)" (scheduled at 2024-12-31 23:43:50.977338+05:00)
2024-12-31 23:43:50,981 Job "checker (trigger: interval[0:00:05], next run at: 2024-12-31 23:43:55 +05)" executed successfully
2024-12-31 23:43:55,979 Looking for jobs to run
2024-12-31 23:43:55,980 Next wakeup is due at 2024-12-31 23:44:00.977338+05:00 (in 4.997238 seconds)
2024-12-31 23:43:55,980 Running job "checker (trigger: interval[0:00:05], next run at: 2024-12-31 23:44:00 +05)" (scheduled at 2024-12-31 23:43:55.977338+05:00)
2024-12-31 23:43:55,980 Job "checker (trigger: interval[0:00:05], next run at: 2024-12-31 23:44:00 +05)" executed successfully
2024-12-31 23:44:00,978 Looking for jobs to run
2024-12-31 23:44:00,979 Next wakeup is due at 2024-12-31 23:44:05.977338+05:00 (in 4.997378 seconds)
2024-12-31 23:44:00,981 Running job "checker (trigger: interval[0:00:05], next run at: 2024-12-31 23:44:05 +05)" (scheduled at 2024-12-31 23:44:00.977338+05:00)
2024-12-31 23:44:00,981 Job "checker (trigger: interval[0:00:05], next run at: 2024-12-31 23:44:05 +05)" executed successfully
2024-12-31 23:44:05,983 Looking for jobs to run
2024-12-31 23:44:05,984 Next wakeup is due at 2024-12-31 23:44:10.977338+05:00 (in 4.993153 seconds)
2024-12-31 23:44:05,984 Running job "checker (trigger: interval[0:00:05], next run at: 2024-12-31 23:44:10 +05)" (scheduled at 2024-12-31 23:44:05.977338+05:00)
2024-12-31 23:44:05,985 Job "checker (trigger: interval[0:00:05], next run at: 2024-12-31 23:44:10 +05)" executed successfully
2024-12-31 23:44:08,768 Infinity polling: polling exited
2024-12-31 23:44:08,773 Break infinity polling
