2025-01-06 23:00:23,029 Adding job tentatively -- it will be properly scheduled when the scheduler starts
2025-01-06 23:00:23,034 Added job "checker" to job store "default"
2025-01-06 23:00:23,034 Scheduler started
2025-01-06 23:00:23,045 Looking for jobs to run
2025-01-06 23:00:23,045 Next wakeup is due at 2025-01-06 23:00:28.028996+05:00 (in 4.983085 seconds)
2025-01-06 23:00:28,031 Looking for jobs to run
2025-01-06 23:00:28,032 Next wakeup is due at 2025-01-06 23:00:33.028996+05:00 (in 4.996508 seconds)
2025-01-06 23:00:28,032 Running job "checker (trigger: interval[0:00:05], next run at: 2025-01-06 23:00:33 +05)" (scheduled at 2025-01-06 23:00:28.028996+05:00)
2025-01-06 23:00:28,032 Job "checker (trigger: interval[0:00:05], next run at: 2025-01-06 23:00:33 +05)" executed successfully
2025-01-06 23:00:33,032 Looking for jobs to run
2025-01-06 23:00:33,032 Next wakeup is due at 2025-01-06 23:00:38.028996+05:00 (in 4.996299 seconds)
2025-01-06 23:00:33,033 Running job "checker (trigger: interval[0:00:05], next run at: 2025-01-06 23:00:38 +05)" (scheduled at 2025-01-06 23:00:33.028996+05:00)
2025-01-06 23:00:33,033 Job "checker (trigger: interval[0:00:05], next run at: 2025-01-06 23:00:38 +05)" executed successfully
2025-01-06 23:00:36,493 executing <function connect.<locals>.connector at 0x7f0597748860>
2025-01-06 23:00:36,500 operation <function connect.<locals>.connector at 0x7f0597748860> completed
2025-01-06 23:00:36,502 executing functools.partial(<built-in method execute of sqlite3.Connection object at 0x7f059792de40>, 'PRAGMA foreign_keys = ON', [])
2025-01-06 23:00:36,505 operation functools.partial(<built-in method execute of sqlite3.Connection object at 0x7f059792de40>, 'PRAGMA foreign_keys = ON', []) completed
2025-01-06 23:00:36,506 executing functools.partial(<built-in method execute of sqlite3.Connection object at 0x7f059792de40>, '\n                    CREATE TABLE IF NOT EXISTS users (\n                        chat_id INTEGER,\n                        topic_id INTEGER,\n                        user_name TEXT,\n                        PRIMARY KEY (chat_id, topic_id)\n                    )\n                ', [])
2025-01-06 23:00:36,507 operation functools.partial(<built-in method execute of sqlite3.Connection object at 0x7f059792de40>, '\n                    CREATE TABLE IF NOT EXISTS users (\n                        chat_id INTEGER,\n                        topic_id INTEGER,\n                        user_name TEXT,\n                        PRIMARY KEY (chat_id, topic_id)\n                    )\n                ', []) completed
2025-01-06 23:00:36,508 executing functools.partial(<built-in method execute of sqlite3.Connection object at 0x7f059792de40>, '\n                    CREATE TABLE IF NOT EXISTS group_messages (\n                        topic_id INTEGER,\n                        message_id INTEGER,\n                        local_id INTEGER,\n                        PRIMARY KEY (topic_id, local_id)\n                    )\n                ', [])
2025-01-06 23:00:36,508 operation functools.partial(<built-in method execute of sqlite3.Connection object at 0x7f059792de40>, '\n                    CREATE TABLE IF NOT EXISTS group_messages (\n                        topic_id INTEGER,\n                        message_id INTEGER,\n                        local_id INTEGER,\n                        PRIMARY KEY (topic_id, local_id)\n                    )\n                ', []) completed
2025-01-06 23:00:36,509 executing functools.partial(<built-in method execute of sqlite3.Connection object at 0x7f059792de40>, '\n                    CREATE TABLE IF NOT EXISTS private_messages (\n                        chat_id INTEGER,\n                        message_id INTEGER,\n                        local_id INTEGER,\n                        PRIMARY KEY (chat_id, local_id)\n                    )\n                ', [])
2025-01-06 23:00:36,509 operation functools.partial(<built-in method execute of sqlite3.Connection object at 0x7f059792de40>, '\n                    CREATE TABLE IF NOT EXISTS private_messages (\n                        chat_id INTEGER,\n                        message_id INTEGER,\n                        local_id INTEGER,\n                        PRIMARY KEY (chat_id, local_id)\n                    )\n                ', []) completed
2025-01-06 23:00:36,510 executing functools.partial(<built-in method commit of sqlite3.Connection object at 0x7f059792de40>)
2025-01-06 23:00:36,510 operation functools.partial(<built-in method commit of sqlite3.Connection object at 0x7f059792de40>) completed
2025-01-06 23:00:36,513 executing functools.partial(<built-in method execute of sqlite3.Connection object at 0x7f059792de40>, 'SELECT topic_id FROM users WHERE chat_id = ?', (5434361630,))
2025-01-06 23:00:36,513 operation functools.partial(<built-in method execute of sqlite3.Connection object at 0x7f059792de40>, 'SELECT topic_id FROM users WHERE chat_id = ?', (5434361630,)) completed
2025-01-06 23:00:36,514 executing functools.partial(<built-in method fetchone of sqlite3.Cursor object at 0x7f05976e8a40>)
2025-01-06 23:00:36,514 operation functools.partial(<built-in method fetchone of sqlite3.Cursor object at 0x7f05976e8a40>) completed
2025-01-06 23:00:36,515 executing functools.partial(<built-in method close of sqlite3.Cursor object at 0x7f05976e8a40>)
2025-01-06 23:00:36,515 operation functools.partial(<built-in method close of sqlite3.Cursor object at 0x7f05976e8a40>) completed
2025-01-06 23:00:36,519 executing <function connect.<locals>.connector at 0x7f059774a160>
2025-01-06 23:00:36,520 operation <function connect.<locals>.connector at 0x7f059774a160> completed
2025-01-06 23:00:36,522 executing functools.partial(<built-in method execute of sqlite3.Connection object at 0x7f059792e020>, 'PRAGMA foreign_keys = ON', [])
2025-01-06 23:00:36,524 operation functools.partial(<built-in method execute of sqlite3.Connection object at 0x7f059792e020>, 'PRAGMA foreign_keys = ON', []) completed
2025-01-06 23:00:36,525 executing functools.partial(<built-in method execute of sqlite3.Connection object at 0x7f059792e020>, '\n            CREATE TABLE IF NOT EXISTS users (\n                chat_id INTEGER,\n                topic_id INTEGER,\n                user_name TEXT,\n                PRIMARY KEY (chat_id, topic_id)\n            )\n        ', [])
2025-01-06 23:00:36,525 operation functools.partial(<built-in method execute of sqlite3.Connection object at 0x7f059792e020>, '\n            CREATE TABLE IF NOT EXISTS users (\n                chat_id INTEGER,\n                topic_id INTEGER,\n                user_name TEXT,\n                PRIMARY KEY (chat_id, topic_id)\n            )\n        ', []) completed
2025-01-06 23:00:36,526 executing functools.partial(<built-in method execute of sqlite3.Connection object at 0x7f059792e020>, '\n            CREATE TABLE IF NOT EXISTS group_messages (\n                topic_id INTEGER,\n                message_id INTEGER,\n                local_id INTEGER,\n                PRIMARY KEY (topic_id, local_id)\n            )\n        ', [])
2025-01-06 23:00:36,526 operation functools.partial(<built-in method execute of sqlite3.Connection object at 0x7f059792e020>, '\n            CREATE TABLE IF NOT EXISTS group_messages (\n                topic_id INTEGER,\n                message_id INTEGER,\n                local_id INTEGER,\n                PRIMARY KEY (topic_id, local_id)\n            )\n        ', []) completed
2025-01-06 23:00:36,527 executing functools.partial(<built-in method execute of sqlite3.Connection object at 0x7f059792e020>, '\n            CREATE TABLE IF NOT EXISTS private_messages (\n                chat_id INTEGER,\n                message_id INTEGER,\n                local_id INTEGER,\n                PRIMARY KEY (chat_id, local_id)\n            )\n        ', [])
2025-01-06 23:00:36,527 operation functools.partial(<built-in method execute of sqlite3.Connection object at 0x7f059792e020>, '\n            CREATE TABLE IF NOT EXISTS private_messages (\n                chat_id INTEGER,\n                message_id INTEGER,\n                local_id INTEGER,\n                PRIMARY KEY (chat_id, local_id)\n            )\n        ', []) completed
2025-01-06 23:00:36,529 executing functools.partial(<built-in method commit of sqlite3.Connection object at 0x7f059792e020>)
2025-01-06 23:00:36,529 operation functools.partial(<built-in method commit of sqlite3.Connection object at 0x7f059792e020>) completed
2025-01-06 23:00:36,530 executing functools.partial(<built-in method execute of sqlite3.Connection object at 0x7f059792e020>, 'SELECT chat_id, topic_id, user_name FROM users', [])
2025-01-06 23:00:36,531 operation functools.partial(<built-in method execute of sqlite3.Connection object at 0x7f059792e020>, 'SELECT chat_id, topic_id, user_name FROM users', []) completed
2025-01-06 23:00:36,531 executing functools.partial(<built-in method fetchall of sqlite3.Cursor object at 0x7f0597b053c0>)
2025-01-06 23:00:36,531 operation functools.partial(<built-in method fetchall of sqlite3.Cursor object at 0x7f0597b053c0>) completed
2025-01-06 23:00:36,532 executing functools.partial(<built-in method close of sqlite3.Cursor object at 0x7f0597b053c0>)
2025-01-06 23:00:36,532 operation functools.partial(<built-in method close of sqlite3.Cursor object at 0x7f0597b053c0>) completed
2025-01-06 23:00:38,030 Looking for jobs to run
2025-01-06 23:00:38,030 Next wakeup is due at 2025-01-06 23:00:43.028996+05:00 (in 4.998544 seconds)
2025-01-06 23:00:38,030 Running job "checker (trigger: interval[0:00:05], next run at: 2025-01-06 23:00:43 +05)" (scheduled at 2025-01-06 23:00:38.028996+05:00)
2025-01-06 23:00:38,030 Job "checker (trigger: interval[0:00:05], next run at: 2025-01-06 23:00:43 +05)" executed successfully
2025-01-06 23:00:40,506 executing <function connect.<locals>.connector at 0x7f0597748900>
2025-01-06 23:00:40,506 operation <function connect.<locals>.connector at 0x7f0597748900> completed
2025-01-06 23:00:40,506 executing functools.partial(<built-in method execute of sqlite3.Connection object at 0x7f059792f1f0>, 'PRAGMA foreign_keys = ON', [])
2025-01-06 23:00:40,507 operation functools.partial(<built-in method execute of sqlite3.Connection object at 0x7f059792f1f0>, 'PRAGMA foreign_keys = ON', []) completed
2025-01-06 23:00:40,507 executing functools.partial(<built-in method execute of sqlite3.Connection object at 0x7f059792f1f0>, '\n                    CREATE TABLE IF NOT EXISTS users (\n                        chat_id INTEGER,\n                        topic_id INTEGER,\n                        user_name TEXT,\n                        PRIMARY KEY (chat_id, topic_id)\n                    )\n                ', [])
2025-01-06 23:00:40,507 operation functools.partial(<built-in method execute of sqlite3.Connection object at 0x7f059792f1f0>, '\n                    CREATE TABLE IF NOT EXISTS users (\n                        chat_id INTEGER,\n                        topic_id INTEGER,\n                        user_name TEXT,\n                        PRIMARY KEY (chat_id, topic_id)\n                    )\n                ', []) completed
2025-01-06 23:00:40,511 executing functools.partial(<built-in method execute of sqlite3.Connection object at 0x7f059792f1f0>, '\n                    CREATE TABLE IF NOT EXISTS group_messages (\n                        topic_id INTEGER,\n                        message_id INTEGER,\n                        local_id INTEGER,\n                        PRIMARY KEY (topic_id, local_id)\n                    )\n                ', [])
2025-01-06 23:00:40,511 operation functools.partial(<built-in method execute of sqlite3.Connection object at 0x7f059792f1f0>, '\n                    CREATE TABLE IF NOT EXISTS group_messages (\n                        topic_id INTEGER,\n                        message_id INTEGER,\n                        local_id INTEGER,\n                        PRIMARY KEY (topic_id, local_id)\n                    )\n                ', []) completed
2025-01-06 23:00:40,511 executing functools.partial(<built-in method execute of sqlite3.Connection object at 0x7f059792f1f0>, '\n                    CREATE TABLE IF NOT EXISTS private_messages (\n                        chat_id INTEGER,\n                        message_id INTEGER,\n                        local_id INTEGER,\n                        PRIMARY KEY (chat_id, local_id)\n                    )\n                ', [])
2025-01-06 23:00:40,511 operation functools.partial(<built-in method execute of sqlite3.Connection object at 0x7f059792f1f0>, '\n                    CREATE TABLE IF NOT EXISTS private_messages (\n                        chat_id INTEGER,\n                        message_id INTEGER,\n                        local_id INTEGER,\n                        PRIMARY KEY (chat_id, local_id)\n                    )\n                ', []) completed
2025-01-06 23:00:40,511 executing functools.partial(<built-in method commit of sqlite3.Connection object at 0x7f059792f1f0>)
2025-01-06 23:00:40,511 operation functools.partial(<built-in method commit of sqlite3.Connection object at 0x7f059792f1f0>) completed
2025-01-06 23:00:40,512 executing functools.partial(<built-in method execute of sqlite3.Connection object at 0x7f059792f1f0>, 'SELECT topic_id FROM users WHERE chat_id = ?', (5434361630,))
2025-01-06 23:00:40,512 operation functools.partial(<built-in method execute of sqlite3.Connection object at 0x7f059792f1f0>, 'SELECT topic_id FROM users WHERE chat_id = ?', (5434361630,)) completed
2025-01-06 23:00:40,512 executing functools.partial(<built-in method fetchone of sqlite3.Cursor object at 0x7f05976defc0>)
2025-01-06 23:00:40,512 operation functools.partial(<built-in method fetchone of sqlite3.Cursor object at 0x7f05976defc0>) completed
2025-01-06 23:00:40,512 executing functools.partial(<built-in method close of sqlite3.Cursor object at 0x7f05976defc0>)
2025-01-06 23:00:40,512 operation functools.partial(<built-in method close of sqlite3.Cursor object at 0x7f05976defc0>) completed
2025-01-06 23:00:40,512 executing functools.partial(<built-in method execute of sqlite3.Connection object at 0x7f059792e020>, 'SELECT topic_id FROM users WHERE chat_id = ? AND user_name = ?', (5434361630, 'yadgenn'))
2025-01-06 23:00:40,512 operation functools.partial(<built-in method execute of sqlite3.Connection object at 0x7f059792e020>, 'SELECT topic_id FROM users WHERE chat_id = ? AND user_name = ?', (5434361630, 'yadgenn')) completed
2025-01-06 23:00:40,513 executing functools.partial(<built-in method fetchone of sqlite3.Cursor object at 0x7f0597b053c0>)
2025-01-06 23:00:40,513 operation functools.partial(<built-in method fetchone of sqlite3.Cursor object at 0x7f0597b053c0>) completed
2025-01-06 23:00:40,513 executing functools.partial(<built-in method close of sqlite3.Cursor object at 0x7f0597b053c0>)
2025-01-06 23:00:40,513 operation functools.partial(<built-in method close of sqlite3.Cursor object at 0x7f0597b053c0>) completed
2025-01-06 23:00:40,886 executing functools.partial(<built-in method execute of sqlite3.Connection object at 0x7f059792e020>, 'SELECT chat_id FROM users WHERE topic_id = ?', (1484,))
2025-01-06 23:00:40,886 operation functools.partial(<built-in method execute of sqlite3.Connection object at 0x7f059792e020>, 'SELECT chat_id FROM users WHERE topic_id = ?', (1484,)) completed
2025-01-06 23:00:40,887 executing functools.partial(<built-in method fetchone of sqlite3.Cursor object at 0x7f0597b053c0>)
2025-01-06 23:00:40,887 operation functools.partial(<built-in method fetchone of sqlite3.Cursor object at 0x7f0597b053c0>) completed
2025-01-06 23:00:40,887 executing functools.partial(<built-in method execute of sqlite3.Connection object at 0x7f059792e020>, 'DELETE FROM private_messages WHERE chat_id = ?', (5434361630,))
2025-01-06 23:00:40,888 operation functools.partial(<built-in method execute of sqlite3.Connection object at 0x7f059792e020>, 'DELETE FROM private_messages WHERE chat_id = ?', (5434361630,)) completed
2025-01-06 23:00:40,888 executing functools.partial(<built-in method close of sqlite3.Cursor object at 0x7f0597b053c0>)
2025-01-06 23:00:40,888 operation functools.partial(<built-in method close of sqlite3.Cursor object at 0x7f0597b053c0>) completed
2025-01-06 23:00:40,889 executing functools.partial(<built-in method execute of sqlite3.Connection object at 0x7f059792e020>, 'DELETE FROM group_messages WHERE topic_id = ?', (1484,))
2025-01-06 23:00:40,889 operation functools.partial(<built-in method execute of sqlite3.Connection object at 0x7f059792e020>, 'DELETE FROM group_messages WHERE topic_id = ?', (1484,)) completed
2025-01-06 23:00:40,889 executing functools.partial(<built-in method commit of sqlite3.Connection object at 0x7f059792e020>)
2025-01-06 23:00:40,895 operation functools.partial(<built-in method commit of sqlite3.Connection object at 0x7f059792e020>) completed
2025-01-06 23:00:41,411 executing functools.partial(<built-in method execute of sqlite3.Connection object at 0x7f059792e020>, '\n            UPDATE users \n            SET topic_id = ? \n            WHERE chat_id = ?\n        ', (1488, 5434361630))
2025-01-06 23:00:41,412 operation functools.partial(<built-in method execute of sqlite3.Connection object at 0x7f059792e020>, '\n            UPDATE users \n            SET topic_id = ? \n            WHERE chat_id = ?\n        ', (1488, 5434361630)) completed
2025-01-06 23:00:41,412 executing functools.partial(<built-in method commit of sqlite3.Connection object at 0x7f059792e020>)
2025-01-06 23:00:41,416 operation functools.partial(<built-in method commit of sqlite3.Connection object at 0x7f059792e020>) completed
2025-01-06 23:00:41,416 executing functools.partial(<built-in method execute of sqlite3.Connection object at 0x7f059792e020>, 'SELECT topic_id FROM users WHERE chat_id = ? AND user_name = ?', (5434361630, 'yadgenn'))
2025-01-06 23:00:41,416 operation functools.partial(<built-in method execute of sqlite3.Connection object at 0x7f059792e020>, 'SELECT topic_id FROM users WHERE chat_id = ? AND user_name = ?', (5434361630, 'yadgenn')) completed
2025-01-06 23:00:41,417 executing functools.partial(<built-in method fetchone of sqlite3.Cursor object at 0x7f05976dc5c0>)
2025-01-06 23:00:41,417 operation functools.partial(<built-in method fetchone of sqlite3.Cursor object at 0x7f05976dc5c0>) completed
2025-01-06 23:00:41,417 executing functools.partial(<built-in method close of sqlite3.Cursor object at 0x7f05976dc5c0>)
2025-01-06 23:00:41,417 operation functools.partial(<built-in method close of sqlite3.Cursor object at 0x7f05976dc5c0>) completed
2025-01-06 23:00:41,816 executing functools.partial(<built-in method execute of sqlite3.Connection object at 0x7f059792e020>, 'SELECT topic_id FROM users WHERE chat_id = ?', (5434361630,))
2025-01-06 23:00:41,816 operation functools.partial(<built-in method execute of sqlite3.Connection object at 0x7f059792e020>, 'SELECT topic_id FROM users WHERE chat_id = ?', (5434361630,)) completed
2025-01-06 23:00:41,816 executing functools.partial(<built-in method fetchone of sqlite3.Cursor object at 0x7f05976dc5c0>)
2025-01-06 23:00:41,817 operation functools.partial(<built-in method fetchone of sqlite3.Cursor object at 0x7f05976dc5c0>) completed
2025-01-06 23:00:41,817 executing functools.partial(<built-in method close of sqlite3.Cursor object at 0x7f05976dc5c0>)
2025-01-06 23:00:41,817 operation functools.partial(<built-in method close of sqlite3.Cursor object at 0x7f05976dc5c0>) completed
2025-01-06 23:00:41,817 executing functools.partial(<built-in method execute of sqlite3.Connection object at 0x7f059792e020>, 'SELECT MAX(local_id) FROM group_messages WHERE topic_id = ?', (1488,))
2025-01-06 23:00:41,817 operation functools.partial(<built-in method execute of sqlite3.Connection object at 0x7f059792e020>, 'SELECT MAX(local_id) FROM group_messages WHERE topic_id = ?', (1488,)) completed
2025-01-06 23:00:41,817 executing functools.partial(<built-in method fetchone of sqlite3.Cursor object at 0x7f05976dc5c0>)
2025-01-06 23:00:41,817 operation functools.partial(<built-in method fetchone of sqlite3.Cursor object at 0x7f05976dc5c0>) completed
2025-01-06 23:00:41,817 executing functools.partial(<built-in method close of sqlite3.Cursor object at 0x7f05976dc5c0>)
2025-01-06 23:00:41,817 operation functools.partial(<built-in method close of sqlite3.Cursor object at 0x7f05976dc5c0>) completed
2025-01-06 23:00:41,817 executing functools.partial(<built-in method execute of sqlite3.Connection object at 0x7f059792e020>, '\n                    INSERT INTO group_messages (topic_id, message_id, local_id)\n                    VALUES (?, ?, ?)\n                ', (1488, 1489, 1))
2025-01-06 23:00:41,818 operation functools.partial(<built-in method execute of sqlite3.Connection object at 0x7f059792e020>, '\n                    INSERT INTO group_messages (topic_id, message_id, local_id)\n                    VALUES (?, ?, ?)\n                ', (1488, 1489, 1)) completed
2025-01-06 23:00:41,818 executing functools.partial(<built-in method execute of sqlite3.Connection object at 0x7f059792e020>, 'SELECT MAX(local_id) FROM private_messages WHERE chat_id = ?', (5434361630,))
2025-01-06 23:00:41,818 operation functools.partial(<built-in method execute of sqlite3.Connection object at 0x7f059792e020>, 'SELECT MAX(local_id) FROM private_messages WHERE chat_id = ?', (5434361630,)) completed
2025-01-06 23:00:41,818 executing functools.partial(<built-in method fetchone of sqlite3.Cursor object at 0x7f05976d53c0>)
2025-01-06 23:00:41,818 operation functools.partial(<built-in method fetchone of sqlite3.Cursor object at 0x7f05976d53c0>) completed
2025-01-06 23:00:41,818 executing functools.partial(<built-in method close of sqlite3.Cursor object at 0x7f05976d53c0>)
2025-01-06 23:00:41,818 operation functools.partial(<built-in method close of sqlite3.Cursor object at 0x7f05976d53c0>) completed
2025-01-06 23:00:41,818 executing functools.partial(<built-in method execute of sqlite3.Connection object at 0x7f059792e020>, '\n                    INSERT INTO private_messages (chat_id, message_id, local_id)\n                    VALUES (?, ?, ?)\n                ', (5434361630, 23394, 1))
2025-01-06 23:00:41,818 operation functools.partial(<built-in method execute of sqlite3.Connection object at 0x7f059792e020>, '\n                    INSERT INTO private_messages (chat_id, message_id, local_id)\n                    VALUES (?, ?, ?)\n                ', (5434361630, 23394, 1)) completed
2025-01-06 23:00:41,819 executing functools.partial(<built-in method commit of sqlite3.Connection object at 0x7f059792e020>)
2025-01-06 23:00:41,823 operation functools.partial(<built-in method commit of sqlite3.Connection object at 0x7f059792e020>) completed
2025-01-06 23:00:43,030 Looking for jobs to run
2025-01-06 23:00:43,031 Next wakeup is due at 2025-01-06 23:00:48.028996+05:00 (in 4.997721 seconds)
2025-01-06 23:00:43,031 Running job "checker (trigger: interval[0:00:05], next run at: 2025-01-06 23:00:48 +05)" (scheduled at 2025-01-06 23:00:43.028996+05:00)
2025-01-06 23:00:43,031 Job "checker (trigger: interval[0:00:05], next run at: 2025-01-06 23:00:48 +05)" executed successfully
2025-01-06 23:00:48,031 Looking for jobs to run
2025-01-06 23:00:48,032 Next wakeup is due at 2025-01-06 23:00:53.028996+05:00 (in 4.996818 seconds)
2025-01-06 23:00:48,032 Running job "checker (trigger: interval[0:00:05], next run at: 2025-01-06 23:00:53 +05)" (scheduled at 2025-01-06 23:00:48.028996+05:00)
2025-01-06 23:00:48,032 Job "checker (trigger: interval[0:00:05], next run at: 2025-01-06 23:00:53 +05)" executed successfully
2025-01-06 23:00:53,035 Looking for jobs to run
2025-01-06 23:00:53,035 Next wakeup is due at 2025-01-06 23:00:58.028996+05:00 (in 4.993696 seconds)
2025-01-06 23:00:53,035 Running job "checker (trigger: interval[0:00:05], next run at: 2025-01-06 23:00:58 +05)" (scheduled at 2025-01-06 23:00:53.028996+05:00)
2025-01-06 23:00:53,035 Job "checker (trigger: interval[0:00:05], next run at: 2025-01-06 23:00:58 +05)" executed successfully
2025-01-06 23:00:58,031 Looking for jobs to run
2025-01-06 23:00:58,032 Next wakeup is due at 2025-01-06 23:01:03.028996+05:00 (in 4.996846 seconds)
2025-01-06 23:00:58,032 Running job "checker (trigger: interval[0:00:05], next run at: 2025-01-06 23:01:03 +05)" (scheduled at 2025-01-06 23:00:58.028996+05:00)
2025-01-06 23:00:58,032 Job "checker (trigger: interval[0:00:05], next run at: 2025-01-06 23:01:03 +05)" executed successfully
2025-01-06 23:00:58,735 Infinity polling: polling exited
2025-01-06 23:00:58,736 Break infinity polling
