2025-01-11 17:02:47,161 Adding job tentatively -- it will be properly scheduled when the scheduler starts
2025-01-11 17:02:47,163 Added job "checker" to job store "default"
2025-01-11 17:02:47,163 Scheduler started
2025-01-11 17:02:47,165 Looking for jobs to run
2025-01-11 17:02:47,165 Next wakeup is due at 2025-01-11 17:02:52.161123+05:00 (in 4.995649 seconds)
2025-01-11 17:02:52,162 Looking for jobs to run
2025-01-11 17:02:52,163 Next wakeup is due at 2025-01-11 17:02:57.161123+05:00 (in 4.998006 seconds)
2025-01-11 17:02:52,163 Running job "checker (trigger: interval[0:00:05], next run at: 2025-01-11 17:02:57 +05)" (scheduled at 2025-01-11 17:02:52.161123+05:00)
2025-01-11 17:02:52,163 Job "checker (trigger: interval[0:00:05], next run at: 2025-01-11 17:02:57 +05)" executed successfully
2025-01-11 17:02:57,166 Looking for jobs to run
2025-01-11 17:02:57,167 Next wakeup is due at 2025-01-11 17:03:02.161123+05:00 (in 4.994044 seconds)
2025-01-11 17:02:57,167 Running job "checker (trigger: interval[0:00:05], next run at: 2025-01-11 17:03:02 +05)" (scheduled at 2025-01-11 17:02:57.161123+05:00)
2025-01-11 17:02:57,167 Job "checker (trigger: interval[0:00:05], next run at: 2025-01-11 17:03:02 +05)" executed successfully
2025-01-11 17:03:02,162 Looking for jobs to run
2025-01-11 17:03:02,163 Next wakeup is due at 2025-01-11 17:03:07.161123+05:00 (in 4.997860 seconds)
2025-01-11 17:03:02,163 Running job "checker (trigger: interval[0:00:05], next run at: 2025-01-11 17:03:07 +05)" (scheduled at 2025-01-11 17:03:02.161123+05:00)
2025-01-11 17:03:02,163 Job "checker (trigger: interval[0:00:05], next run at: 2025-01-11 17:03:07 +05)" executed successfully
2025-01-11 17:03:07,164 Looking for jobs to run
2025-01-11 17:03:07,164 Next wakeup is due at 2025-01-11 17:03:12.161123+05:00 (in 4.996423 seconds)
2025-01-11 17:03:07,164 Running job "checker (trigger: interval[0:00:05], next run at: 2025-01-11 17:03:12 +05)" (scheduled at 2025-01-11 17:03:07.161123+05:00)
2025-01-11 17:03:07,164 Job "checker (trigger: interval[0:00:05], next run at: 2025-01-11 17:03:12 +05)" executed successfully
2025-01-11 17:03:12,166 Looking for jobs to run
2025-01-11 17:03:12,167 Next wakeup is due at 2025-01-11 17:03:17.161123+05:00 (in 4.993856 seconds)
2025-01-11 17:03:12,167 Running job "checker (trigger: interval[0:00:05], next run at: 2025-01-11 17:03:17 +05)" (scheduled at 2025-01-11 17:03:12.161123+05:00)
2025-01-11 17:03:12,167 Job "checker (trigger: interval[0:00:05], next run at: 2025-01-11 17:03:17 +05)" executed successfully
2025-01-11 17:03:17,166 Looking for jobs to run
2025-01-11 17:03:17,167 Next wakeup is due at 2025-01-11 17:03:22.161123+05:00 (in 4.994077 seconds)
2025-01-11 17:03:17,167 Running job "checker (trigger: interval[0:00:05], next run at: 2025-01-11 17:03:22 +05)" (scheduled at 2025-01-11 17:03:17.161123+05:00)
2025-01-11 17:03:17,167 Job "checker (trigger: interval[0:00:05], next run at: 2025-01-11 17:03:22 +05)" executed successfully
2025-01-11 17:03:22,164 Looking for jobs to run
2025-01-11 17:03:22,164 Next wakeup is due at 2025-01-11 17:03:27.161123+05:00 (in 4.996411 seconds)
2025-01-11 17:03:22,164 Running job "checker (trigger: interval[0:00:05], next run at: 2025-01-11 17:03:27 +05)" (scheduled at 2025-01-11 17:03:22.161123+05:00)
2025-01-11 17:03:22,164 Job "checker (trigger: interval[0:00:05], next run at: 2025-01-11 17:03:27 +05)" executed successfully
2025-01-11 17:03:27,164 Looking for jobs to run
2025-01-11 17:03:27,164 Next wakeup is due at 2025-01-11 17:03:32.161123+05:00 (in 4.996461 seconds)
2025-01-11 17:03:27,164 Running job "checker (trigger: interval[0:00:05], next run at: 2025-01-11 17:03:32 +05)" (scheduled at 2025-01-11 17:03:27.161123+05:00)
2025-01-11 17:03:27,165 Job "checker (trigger: interval[0:00:05], next run at: 2025-01-11 17:03:32 +05)" executed successfully
2025-01-11 17:03:32,162 Looking for jobs to run
2025-01-11 17:03:32,163 Next wakeup is due at 2025-01-11 17:03:37.161123+05:00 (in 4.998035 seconds)
2025-01-11 17:03:32,163 Running job "checker (trigger: interval[0:00:05], next run at: 2025-01-11 17:03:37 +05)" (scheduled at 2025-01-11 17:03:32.161123+05:00)
2025-01-11 17:03:32,163 Job "checker (trigger: interval[0:00:05], next run at: 2025-01-11 17:03:37 +05)" executed successfully
2025-01-11 17:03:37,166 Looking for jobs to run
2025-01-11 17:03:37,167 Next wakeup is due at 2025-01-11 17:03:42.161123+05:00 (in 4.994096 seconds)
2025-01-11 17:03:37,167 Running job "checker (trigger: interval[0:00:05], next run at: 2025-01-11 17:03:42 +05)" (scheduled at 2025-01-11 17:03:37.161123+05:00)
2025-01-11 17:03:37,167 Job "checker (trigger: interval[0:00:05], next run at: 2025-01-11 17:03:42 +05)" executed successfully
2025-01-11 17:03:42,170 Looking for jobs to run
2025-01-11 17:03:42,171 Next wakeup is due at 2025-01-11 17:03:47.161123+05:00 (in 4.990087 seconds)
2025-01-11 17:03:42,171 Running job "checker (trigger: interval[0:00:05], next run at: 2025-01-11 17:03:47 +05)" (scheduled at 2025-01-11 17:03:42.161123+05:00)
2025-01-11 17:03:42,171 Job "checker (trigger: interval[0:00:05], next run at: 2025-01-11 17:03:47 +05)" executed successfully
2025-01-11 17:03:47,162 Looking for jobs to run
2025-01-11 17:03:47,163 Next wakeup is due at 2025-01-11 17:03:52.161123+05:00 (in 4.998095 seconds)
2025-01-11 17:03:47,163 Running job "checker (trigger: interval[0:00:05], next run at: 2025-01-11 17:03:52 +05)" (scheduled at 2025-01-11 17:03:47.161123+05:00)
2025-01-11 17:03:47,163 Job "checker (trigger: interval[0:00:05], next run at: 2025-01-11 17:03:52 +05)" executed successfully
2025-01-11 17:03:52,164 Looking for jobs to run
2025-01-11 17:03:52,165 Next wakeup is due at 2025-01-11 17:03:57.161123+05:00 (in 4.995907 seconds)
2025-01-11 17:03:52,165 Running job "checker (trigger: interval[0:00:05], next run at: 2025-01-11 17:03:57 +05)" (scheduled at 2025-01-11 17:03:52.161123+05:00)
2025-01-11 17:03:52,165 Job "checker (trigger: interval[0:00:05], next run at: 2025-01-11 17:03:57 +05)" executed successfully
2025-01-11 17:03:57,166 Looking for jobs to run
2025-01-11 17:03:57,166 Next wakeup is due at 2025-01-11 17:04:02.161123+05:00 (in 4.994151 seconds)
2025-01-11 17:03:57,167 Running job "checker (trigger: interval[0:00:05], next run at: 2025-01-11 17:04:02 +05)" (scheduled at 2025-01-11 17:03:57.161123+05:00)
2025-01-11 17:03:57,167 Job "checker (trigger: interval[0:00:05], next run at: 2025-01-11 17:04:02 +05)" executed successfully
2025-01-11 17:04:02,166 Looking for jobs to run
2025-01-11 17:04:02,166 Next wakeup is due at 2025-01-11 17:04:07.161123+05:00 (in 4.994431 seconds)
2025-01-11 17:04:02,167 Running job "checker (trigger: interval[0:00:05], next run at: 2025-01-11 17:04:07 +05)" (scheduled at 2025-01-11 17:04:02.161123+05:00)
2025-01-11 17:04:02,167 Job "checker (trigger: interval[0:00:05], next run at: 2025-01-11 17:04:07 +05)" executed successfully
2025-01-11 17:04:07,163 Looking for jobs to run
2025-01-11 17:04:07,163 Next wakeup is due at 2025-01-11 17:04:12.161123+05:00 (in 4.997363 seconds)
2025-01-11 17:04:07,163 Running job "checker (trigger: interval[0:00:05], next run at: 2025-01-11 17:04:12 +05)" (scheduled at 2025-01-11 17:04:07.161123+05:00)
2025-01-11 17:04:07,164 Job "checker (trigger: interval[0:00:05], next run at: 2025-01-11 17:04:12 +05)" executed successfully
2025-01-11 17:04:12,162 Looking for jobs to run
2025-01-11 17:04:12,163 Next wakeup is due at 2025-01-11 17:04:17.161123+05:00 (in 4.997838 seconds)
2025-01-11 17:04:12,163 Running job "checker (trigger: interval[0:00:05], next run at: 2025-01-11 17:04:17 +05)" (scheduled at 2025-01-11 17:04:12.161123+05:00)
2025-01-11 17:04:12,163 Job "checker (trigger: interval[0:00:05], next run at: 2025-01-11 17:04:17 +05)" executed successfully
2025-01-11 17:04:17,166 Looking for jobs to run
2025-01-11 17:04:17,167 Next wakeup is due at 2025-01-11 17:04:22.161123+05:00 (in 4.993891 seconds)
2025-01-11 17:04:17,167 Running job "checker (trigger: interval[0:00:05], next run at: 2025-01-11 17:04:22 +05)" (scheduled at 2025-01-11 17:04:17.161123+05:00)
2025-01-11 17:04:17,167 Job "checker (trigger: interval[0:00:05], next run at: 2025-01-11 17:04:22 +05)" executed successfully
2025-01-11 17:04:22,166 Looking for jobs to run
2025-01-11 17:04:22,167 Next wakeup is due at 2025-01-11 17:04:27.161123+05:00 (in 4.994056 seconds)
2025-01-11 17:04:22,167 Running job "checker (trigger: interval[0:00:05], next run at: 2025-01-11 17:04:27 +05)" (scheduled at 2025-01-11 17:04:22.161123+05:00)
2025-01-11 17:04:22,167 Job "checker (trigger: interval[0:00:05], next run at: 2025-01-11 17:04:27 +05)" executed successfully
2025-01-11 17:04:27,164 Looking for jobs to run
2025-01-11 17:04:27,164 Next wakeup is due at 2025-01-11 17:04:32.161123+05:00 (in 4.996606 seconds)
2025-01-11 17:04:27,164 Running job "checker (trigger: interval[0:00:05], next run at: 2025-01-11 17:04:32 +05)" (scheduled at 2025-01-11 17:04:27.161123+05:00)
2025-01-11 17:04:27,165 Job "checker (trigger: interval[0:00:05], next run at: 2025-01-11 17:04:32 +05)" executed successfully
2025-01-11 17:04:32,162 Looking for jobs to run
2025-01-11 17:04:32,163 Next wakeup is due at 2025-01-11 17:04:37.161123+05:00 (in 4.997881 seconds)
2025-01-11 17:04:32,163 Running job "checker (trigger: interval[0:00:05], next run at: 2025-01-11 17:04:37 +05)" (scheduled at 2025-01-11 17:04:32.161123+05:00)
2025-01-11 17:04:32,164 Job "checker (trigger: interval[0:00:05], next run at: 2025-01-11 17:04:37 +05)" executed successfully
2025-01-11 17:04:37,166 Looking for jobs to run
2025-01-11 17:04:37,167 Next wakeup is due at 2025-01-11 17:04:42.161123+05:00 (in 4.994076 seconds)
2025-01-11 17:04:37,167 Running job "checker (trigger: interval[0:00:05], next run at: 2025-01-11 17:04:42 +05)" (scheduled at 2025-01-11 17:04:37.161123+05:00)
2025-01-11 17:04:37,167 Job "checker (trigger: interval[0:00:05], next run at: 2025-01-11 17:04:42 +05)" executed successfully
2025-01-11 17:04:42,166 Looking for jobs to run
2025-01-11 17:04:42,166 Next wakeup is due at 2025-01-11 17:04:47.161123+05:00 (in 4.994409 seconds)
2025-01-11 17:04:42,166 Running job "checker (trigger: interval[0:00:05], next run at: 2025-01-11 17:04:47 +05)" (scheduled at 2025-01-11 17:04:42.161123+05:00)
2025-01-11 17:04:42,166 Job "checker (trigger: interval[0:00:05], next run at: 2025-01-11 17:04:47 +05)" executed successfully
2025-01-11 17:04:47,162 Looking for jobs to run
2025-01-11 17:04:47,163 Next wakeup is due at 2025-01-11 17:04:52.161123+05:00 (in 4.997864 seconds)
2025-01-11 17:04:47,163 Running job "checker (trigger: interval[0:00:05], next run at: 2025-01-11 17:04:52 +05)" (scheduled at 2025-01-11 17:04:47.161123+05:00)
2025-01-11 17:04:47,163 Job "checker (trigger: interval[0:00:05], next run at: 2025-01-11 17:04:52 +05)" executed successfully
2025-01-11 17:04:52,162 Looking for jobs to run
2025-01-11 17:04:52,163 Next wakeup is due at 2025-01-11 17:04:57.161123+05:00 (in 4.998089 seconds)
2025-01-11 17:04:52,163 Running job "checker (trigger: interval[0:00:05], next run at: 2025-01-11 17:04:57 +05)" (scheduled at 2025-01-11 17:04:52.161123+05:00)
2025-01-11 17:04:52,163 Job "checker (trigger: interval[0:00:05], next run at: 2025-01-11 17:04:57 +05)" executed successfully
2025-01-11 17:04:57,162 Looking for jobs to run
2025-01-11 17:04:57,163 Next wakeup is due at 2025-01-11 17:05:02.161123+05:00 (in 4.998053 seconds)
2025-01-11 17:04:57,163 Running job "checker (trigger: interval[0:00:05], next run at: 2025-01-11 17:05:02 +05)" (scheduled at 2025-01-11 17:04:57.161123+05:00)
2025-01-11 17:04:57,163 Job "checker (trigger: interval[0:00:05], next run at: 2025-01-11 17:05:02 +05)" executed successfully
2025-01-11 17:05:02,164 Looking for jobs to run
2025-01-11 17:05:02,165 Next wakeup is due at 2025-01-11 17:05:07.161123+05:00 (in 4.996006 seconds)
2025-01-11 17:05:02,165 Running job "checker (trigger: interval[0:00:05], next run at: 2025-01-11 17:05:07 +05)" (scheduled at 2025-01-11 17:05:02.161123+05:00)
2025-01-11 17:05:02,165 Job "checker (trigger: interval[0:00:05], next run at: 2025-01-11 17:05:07 +05)" executed successfully
2025-01-11 17:05:07,165 Looking for jobs to run
2025-01-11 17:05:07,165 Next wakeup is due at 2025-01-11 17:05:12.161123+05:00 (in 4.995305 seconds)
2025-01-11 17:05:07,165 Running job "checker (trigger: interval[0:00:05], next run at: 2025-01-11 17:05:12 +05)" (scheduled at 2025-01-11 17:05:07.161123+05:00)
2025-01-11 17:05:07,166 Job "checker (trigger: interval[0:00:05], next run at: 2025-01-11 17:05:12 +05)" executed successfully
2025-01-11 17:05:09,746 executing <function connect.<locals>.connector at 0x7f759c41df80>
2025-01-11 17:05:09,750 operation <function connect.<locals>.connector at 0x7f759c41df80> completed
2025-01-11 17:05:09,750 executing functools.partial(<built-in method execute of sqlite3.Connection object at 0x7f759c602020>, 'PRAGMA foreign_keys = ON', [])
2025-01-11 17:05:09,752 operation functools.partial(<built-in method execute of sqlite3.Connection object at 0x7f759c602020>, 'PRAGMA foreign_keys = ON', []) completed
2025-01-11 17:05:09,752 executing functools.partial(<built-in method execute of sqlite3.Connection object at 0x7f759c602020>, '\n            CREATE TABLE IF NOT EXISTS users (\n                chat_id INTEGER,\n                topic_id INTEGER,\n                user_name TEXT,\n                PRIMARY KEY (chat_id, topic_id)\n            )\n        ', [])
2025-01-11 17:05:09,753 operation functools.partial(<built-in method execute of sqlite3.Connection object at 0x7f759c602020>, '\n            CREATE TABLE IF NOT EXISTS users (\n                chat_id INTEGER,\n                topic_id INTEGER,\n                user_name TEXT,\n                PRIMARY KEY (chat_id, topic_id)\n            )\n        ', []) completed
2025-01-11 17:05:09,753 executing functools.partial(<built-in method execute of sqlite3.Connection object at 0x7f759c602020>, '\n            CREATE TABLE IF NOT EXISTS group_messages (\n                topic_id INTEGER,\n                message_id INTEGER,\n                local_id INTEGER,\n                PRIMARY KEY (topic_id, local_id)\n            )\n        ', [])
2025-01-11 17:05:09,754 operation functools.partial(<built-in method execute of sqlite3.Connection object at 0x7f759c602020>, '\n            CREATE TABLE IF NOT EXISTS group_messages (\n                topic_id INTEGER,\n                message_id INTEGER,\n                local_id INTEGER,\n                PRIMARY KEY (topic_id, local_id)\n            )\n        ', []) completed
2025-01-11 17:05:09,754 executing functools.partial(<built-in method execute of sqlite3.Connection object at 0x7f759c602020>, '\n            CREATE TABLE IF NOT EXISTS private_messages (\n                chat_id INTEGER,\n                message_id INTEGER,\n                local_id INTEGER,\n                PRIMARY KEY (chat_id, local_id)\n            )\n        ', [])
2025-01-11 17:05:09,754 operation functools.partial(<built-in method execute of sqlite3.Connection object at 0x7f759c602020>, '\n            CREATE TABLE IF NOT EXISTS private_messages (\n                chat_id INTEGER,\n                message_id INTEGER,\n                local_id INTEGER,\n                PRIMARY KEY (chat_id, local_id)\n            )\n        ', []) completed
2025-01-11 17:05:09,754 executing functools.partial(<built-in method execute of sqlite3.Connection object at 0x7f759c602020>, '\n            CREATE TABLE IF NOT EXISTS message_reactions (\n                chat_id INTEGER,\n                message_id INTEGER,\n                user_id INTEGER,\n                reaction TEXT,\n                PRIMARY KEY (chat_id, message_id, user_id)\n            )\n        ', [])
2025-01-11 17:05:09,754 operation functools.partial(<built-in method execute of sqlite3.Connection object at 0x7f759c602020>, '\n            CREATE TABLE IF NOT EXISTS message_reactions (\n                chat_id INTEGER,\n                message_id INTEGER,\n                user_id INTEGER,\n                reaction TEXT,\n                PRIMARY KEY (chat_id, message_id, user_id)\n            )\n        ', []) completed
2025-01-11 17:05:09,754 executing functools.partial(<built-in method commit of sqlite3.Connection object at 0x7f759c602020>)
2025-01-11 17:05:09,754 operation functools.partial(<built-in method commit of sqlite3.Connection object at 0x7f759c602020>) completed
2025-01-11 17:05:09,754 executing functools.partial(<built-in method execute of sqlite3.Connection object at 0x7f759c602020>, 'SELECT topic_id FROM users WHERE chat_id = ?', (5434361630,))
2025-01-11 17:05:09,755 operation functools.partial(<built-in method execute of sqlite3.Connection object at 0x7f759c602020>, 'SELECT topic_id FROM users WHERE chat_id = ?', (5434361630,)) completed
2025-01-11 17:05:09,755 executing functools.partial(<built-in method fetchone of sqlite3.Cursor object at 0x7f759c3bd640>)
2025-01-11 17:05:09,755 operation functools.partial(<built-in method fetchone of sqlite3.Cursor object at 0x7f759c3bd640>) completed
2025-01-11 17:05:09,755 executing functools.partial(<built-in method close of sqlite3.Cursor object at 0x7f759c3bd640>)
2025-01-11 17:05:09,755 operation functools.partial(<built-in method close of sqlite3.Cursor object at 0x7f759c3bd640>) completed
2025-01-11 17:05:09,756 executing <function connect.<locals>.connector at 0x7f759c41ca40>
2025-01-11 17:05:09,756 operation <function connect.<locals>.connector at 0x7f759c41ca40> completed
2025-01-11 17:05:09,756 executing functools.partial(<built-in method execute of sqlite3.Connection object at 0x7f759c601b70>, 'PRAGMA foreign_keys = ON', [])
2025-01-11 17:05:09,756 operation functools.partial(<built-in method execute of sqlite3.Connection object at 0x7f759c601b70>, 'PRAGMA foreign_keys = ON', []) completed
2025-01-11 17:05:09,756 executing functools.partial(<built-in method execute of sqlite3.Connection object at 0x7f759c601b70>, '\n            CREATE TABLE IF NOT EXISTS users (\n                chat_id INTEGER,\n                topic_id INTEGER,\n                user_name TEXT,\n                PRIMARY KEY (chat_id, topic_id)\n            )\n        ', [])
2025-01-11 17:05:09,757 operation functools.partial(<built-in method execute of sqlite3.Connection object at 0x7f759c601b70>, '\n            CREATE TABLE IF NOT EXISTS users (\n                chat_id INTEGER,\n                topic_id INTEGER,\n                user_name TEXT,\n                PRIMARY KEY (chat_id, topic_id)\n            )\n        ', []) completed
2025-01-11 17:05:09,757 executing functools.partial(<built-in method execute of sqlite3.Connection object at 0x7f759c601b70>, '\n            CREATE TABLE IF NOT EXISTS group_messages (\n                topic_id INTEGER,\n                message_id INTEGER,\n                local_id INTEGER,\n                PRIMARY KEY (topic_id, local_id)\n            )\n        ', [])
2025-01-11 17:05:09,757 operation functools.partial(<built-in method execute of sqlite3.Connection object at 0x7f759c601b70>, '\n            CREATE TABLE IF NOT EXISTS group_messages (\n                topic_id INTEGER,\n                message_id INTEGER,\n                local_id INTEGER,\n                PRIMARY KEY (topic_id, local_id)\n            )\n        ', []) completed
2025-01-11 17:05:09,757 executing functools.partial(<built-in method execute of sqlite3.Connection object at 0x7f759c601b70>, '\n            CREATE TABLE IF NOT EXISTS private_messages (\n                chat_id INTEGER,\n                message_id INTEGER,\n                local_id INTEGER,\n                PRIMARY KEY (chat_id, local_id)\n            )\n        ', [])
2025-01-11 17:05:09,757 operation functools.partial(<built-in method execute of sqlite3.Connection object at 0x7f759c601b70>, '\n            CREATE TABLE IF NOT EXISTS private_messages (\n                chat_id INTEGER,\n                message_id INTEGER,\n                local_id INTEGER,\n                PRIMARY KEY (chat_id, local_id)\n            )\n        ', []) completed
2025-01-11 17:05:09,757 executing functools.partial(<built-in method commit of sqlite3.Connection object at 0x7f759c601b70>)
2025-01-11 17:05:09,758 operation functools.partial(<built-in method commit of sqlite3.Connection object at 0x7f759c601b70>) completed
2025-01-11 17:05:09,758 executing functools.partial(<built-in method execute of sqlite3.Connection object at 0x7f759c601b70>, 'SELECT topic_id FROM users WHERE chat_id = ? AND user_name = ?', (5434361630, 'yadgenn'))
2025-01-11 17:05:09,758 operation functools.partial(<built-in method execute of sqlite3.Connection object at 0x7f759c601b70>, 'SELECT topic_id FROM users WHERE chat_id = ? AND user_name = ?', (5434361630, 'yadgenn')) completed
2025-01-11 17:05:09,758 executing functools.partial(<built-in method fetchone of sqlite3.Cursor object at 0x7f759c3b2140>)
2025-01-11 17:05:09,758 operation functools.partial(<built-in method fetchone of sqlite3.Cursor object at 0x7f759c3b2140>) completed
2025-01-11 17:05:09,759 executing functools.partial(<built-in method close of sqlite3.Cursor object at 0x7f759c3b2140>)
2025-01-11 17:05:09,759 operation functools.partial(<built-in method close of sqlite3.Cursor object at 0x7f759c3b2140>) completed
2025-01-11 17:05:10,728 executing functools.partial(<built-in method execute of sqlite3.Connection object at 0x7f759c601b70>, 'SELECT topic_id FROM users WHERE chat_id = ?', (5434361630,))
2025-01-11 17:05:10,728 operation functools.partial(<built-in method execute of sqlite3.Connection object at 0x7f759c601b70>, 'SELECT topic_id FROM users WHERE chat_id = ?', (5434361630,)) completed
2025-01-11 17:05:10,728 executing functools.partial(<built-in method fetchone of sqlite3.Cursor object at 0x7f759c3b2140>)
2025-01-11 17:05:10,728 operation functools.partial(<built-in method fetchone of sqlite3.Cursor object at 0x7f759c3b2140>) completed
2025-01-11 17:05:10,729 executing functools.partial(<built-in method close of sqlite3.Cursor object at 0x7f759c3b2140>)
2025-01-11 17:05:10,729 operation functools.partial(<built-in method close of sqlite3.Cursor object at 0x7f759c3b2140>) completed
2025-01-11 17:05:10,729 executing functools.partial(<built-in method execute of sqlite3.Connection object at 0x7f759c601b70>, 'SELECT MAX(local_id) FROM group_messages WHERE topic_id = ?', (1488,))
2025-01-11 17:05:10,729 operation functools.partial(<built-in method execute of sqlite3.Connection object at 0x7f759c601b70>, 'SELECT MAX(local_id) FROM group_messages WHERE topic_id = ?', (1488,)) completed
2025-01-11 17:05:10,729 executing functools.partial(<built-in method fetchone of sqlite3.Cursor object at 0x7f759c3b2140>)
2025-01-11 17:05:10,729 operation functools.partial(<built-in method fetchone of sqlite3.Cursor object at 0x7f759c3b2140>) completed
2025-01-11 17:05:10,730 executing functools.partial(<built-in method close of sqlite3.Cursor object at 0x7f759c3b2140>)
2025-01-11 17:05:10,730 operation functools.partial(<built-in method close of sqlite3.Cursor object at 0x7f759c3b2140>) completed
2025-01-11 17:05:10,730 executing functools.partial(<built-in method execute of sqlite3.Connection object at 0x7f759c601b70>, '\n                    INSERT INTO group_messages (topic_id, message_id, local_id)\n                    VALUES (?, ?, ?)\n                ', (1488, 1540, 30))
2025-01-11 17:05:10,730 operation functools.partial(<built-in method execute of sqlite3.Connection object at 0x7f759c601b70>, '\n                    INSERT INTO group_messages (topic_id, message_id, local_id)\n                    VALUES (?, ?, ?)\n                ', (1488, 1540, 30)) completed
2025-01-11 17:05:10,731 executing functools.partial(<built-in method execute of sqlite3.Connection object at 0x7f759c601b70>, 'SELECT MAX(local_id) FROM private_messages WHERE chat_id = ?', (5434361630,))
2025-01-11 17:05:10,731 operation functools.partial(<built-in method execute of sqlite3.Connection object at 0x7f759c601b70>, 'SELECT MAX(local_id) FROM private_messages WHERE chat_id = ?', (5434361630,)) completed
2025-01-11 17:05:10,731 executing functools.partial(<built-in method fetchone of sqlite3.Cursor object at 0x7f759c3b1040>)
2025-01-11 17:05:10,731 operation functools.partial(<built-in method fetchone of sqlite3.Cursor object at 0x7f759c3b1040>) completed
2025-01-11 17:05:10,732 executing functools.partial(<built-in method close of sqlite3.Cursor object at 0x7f759c3b1040>)
2025-01-11 17:05:10,732 operation functools.partial(<built-in method close of sqlite3.Cursor object at 0x7f759c3b1040>) completed
2025-01-11 17:05:10,732 executing functools.partial(<built-in method execute of sqlite3.Connection object at 0x7f759c601b70>, '\n                    INSERT INTO private_messages (chat_id, message_id, local_id)\n                    VALUES (?, ?, ?)\n                ', (5434361630, 23439, 30))
2025-01-11 17:05:10,732 operation functools.partial(<built-in method execute of sqlite3.Connection object at 0x7f759c601b70>, '\n                    INSERT INTO private_messages (chat_id, message_id, local_id)\n                    VALUES (?, ?, ?)\n                ', (5434361630, 23439, 30)) completed
2025-01-11 17:05:10,732 executing functools.partial(<built-in method commit of sqlite3.Connection object at 0x7f759c601b70>)
2025-01-11 17:05:10,736 operation functools.partial(<built-in method commit of sqlite3.Connection object at 0x7f759c601b70>) completed
2025-01-11 17:05:12,162 Looking for jobs to run
2025-01-11 17:05:12,163 Next wakeup is due at 2025-01-11 17:05:17.161123+05:00 (in 4.998016 seconds)
2025-01-11 17:05:12,163 Running job "checker (trigger: interval[0:00:05], next run at: 2025-01-11 17:05:17 +05)" (scheduled at 2025-01-11 17:05:12.161123+05:00)
2025-01-11 17:05:12,163 Job "checker (trigger: interval[0:00:05], next run at: 2025-01-11 17:05:17 +05)" executed successfully
2025-01-11 17:05:17,165 Looking for jobs to run
2025-01-11 17:05:17,165 Next wakeup is due at 2025-01-11 17:05:22.161123+05:00 (in 4.995538 seconds)
2025-01-11 17:05:17,165 Running job "checker (trigger: interval[0:00:05], next run at: 2025-01-11 17:05:22 +05)" (scheduled at 2025-01-11 17:05:17.161123+05:00)
2025-01-11 17:05:17,165 Job "checker (trigger: interval[0:00:05], next run at: 2025-01-11 17:05:22 +05)" executed successfully
2025-01-11 17:05:22,166 Looking for jobs to run
2025-01-11 17:05:22,167 Next wakeup is due at 2025-01-11 17:05:27.161123+05:00 (in 4.994127 seconds)
2025-01-11 17:05:22,167 Running job "checker (trigger: interval[0:00:05], next run at: 2025-01-11 17:05:27 +05)" (scheduled at 2025-01-11 17:05:22.161123+05:00)
2025-01-11 17:05:22,167 Job "checker (trigger: interval[0:00:05], next run at: 2025-01-11 17:05:27 +05)" executed successfully
2025-01-11 17:05:27,164 Looking for jobs to run
2025-01-11 17:05:27,164 Next wakeup is due at 2025-01-11 17:05:32.161123+05:00 (in 4.996185 seconds)
2025-01-11 17:05:27,165 Running job "checker (trigger: interval[0:00:05], next run at: 2025-01-11 17:05:32 +05)" (scheduled at 2025-01-11 17:05:27.161123+05:00)
2025-01-11 17:05:27,165 Job "checker (trigger: interval[0:00:05], next run at: 2025-01-11 17:05:32 +05)" executed successfully
2025-01-11 17:05:32,162 Looking for jobs to run
2025-01-11 17:05:32,163 Next wakeup is due at 2025-01-11 17:05:37.161123+05:00 (in 4.998062 seconds)
2025-01-11 17:05:32,163 Running job "checker (trigger: interval[0:00:05], next run at: 2025-01-11 17:05:37 +05)" (scheduled at 2025-01-11 17:05:32.161123+05:00)
2025-01-11 17:05:32,163 Job "checker (trigger: interval[0:00:05], next run at: 2025-01-11 17:05:37 +05)" executed successfully
2025-01-11 17:05:37,165 Looking for jobs to run
2025-01-11 17:05:37,165 Next wakeup is due at 2025-01-11 17:05:42.161123+05:00 (in 4.995694 seconds)
2025-01-11 17:05:37,165 Running job "checker (trigger: interval[0:00:05], next run at: 2025-01-11 17:05:42 +05)" (scheduled at 2025-01-11 17:05:37.161123+05:00)
2025-01-11 17:05:37,165 Job "checker (trigger: interval[0:00:05], next run at: 2025-01-11 17:05:42 +05)" executed successfully
2025-01-11 17:05:42,163 Looking for jobs to run
2025-01-11 17:05:42,164 Next wakeup is due at 2025-01-11 17:05:47.161123+05:00 (in 4.996944 seconds)
2025-01-11 17:05:42,164 Running job "checker (trigger: interval[0:00:05], next run at: 2025-01-11 17:05:47 +05)" (scheduled at 2025-01-11 17:05:42.161123+05:00)
2025-01-11 17:05:42,164 Job "checker (trigger: interval[0:00:05], next run at: 2025-01-11 17:05:47 +05)" executed successfully
2025-01-11 17:05:47,166 Looking for jobs to run
2025-01-11 17:05:47,167 Next wakeup is due at 2025-01-11 17:05:52.161123+05:00 (in 4.993893 seconds)
2025-01-11 17:05:47,167 Running job "checker (trigger: interval[0:00:05], next run at: 2025-01-11 17:05:52 +05)" (scheduled at 2025-01-11 17:05:47.161123+05:00)
2025-01-11 17:05:47,167 Job "checker (trigger: interval[0:00:05], next run at: 2025-01-11 17:05:52 +05)" executed successfully
2025-01-11 17:05:52,162 Looking for jobs to run
2025-01-11 17:05:52,163 Next wakeup is due at 2025-01-11 17:05:57.161123+05:00 (in 4.998133 seconds)
2025-01-11 17:05:52,163 Running job "checker (trigger: interval[0:00:05], next run at: 2025-01-11 17:05:57 +05)" (scheduled at 2025-01-11 17:05:52.161123+05:00)
2025-01-11 17:05:52,163 Job "checker (trigger: interval[0:00:05], next run at: 2025-01-11 17:05:57 +05)" executed successfully
2025-01-11 17:05:57,165 Looking for jobs to run
2025-01-11 17:05:57,165 Next wakeup is due at 2025-01-11 17:06:02.161123+05:00 (in 4.995632 seconds)
2025-01-11 17:05:57,165 Running job "checker (trigger: interval[0:00:05], next run at: 2025-01-11 17:06:02 +05)" (scheduled at 2025-01-11 17:05:57.161123+05:00)
2025-01-11 17:05:57,166 Job "checker (trigger: interval[0:00:05], next run at: 2025-01-11 17:06:02 +05)" executed successfully
2025-01-11 17:06:02,164 Looking for jobs to run
2025-01-11 17:06:02,164 Next wakeup is due at 2025-01-11 17:06:07.161123+05:00 (in 4.996835 seconds)
2025-01-11 17:06:02,164 Running job "checker (trigger: interval[0:00:05], next run at: 2025-01-11 17:06:07 +05)" (scheduled at 2025-01-11 17:06:02.161123+05:00)
2025-01-11 17:06:02,164 Job "checker (trigger: interval[0:00:05], next run at: 2025-01-11 17:06:07 +05)" executed successfully
2025-01-11 17:06:07,162 Looking for jobs to run
2025-01-11 17:06:07,163 Next wakeup is due at 2025-01-11 17:06:12.161123+05:00 (in 4.997857 seconds)
2025-01-11 17:06:07,163 Running job "checker (trigger: interval[0:00:05], next run at: 2025-01-11 17:06:12 +05)" (scheduled at 2025-01-11 17:06:07.161123+05:00)
2025-01-11 17:06:07,163 Job "checker (trigger: interval[0:00:05], next run at: 2025-01-11 17:06:12 +05)" executed successfully
2025-01-11 17:06:12,163 Looking for jobs to run
2025-01-11 17:06:12,163 Next wakeup is due at 2025-01-11 17:06:17.161123+05:00 (in 4.997483 seconds)
2025-01-11 17:06:12,163 Running job "checker (trigger: interval[0:00:05], next run at: 2025-01-11 17:06:17 +05)" (scheduled at 2025-01-11 17:06:12.161123+05:00)
2025-01-11 17:06:12,164 Job "checker (trigger: interval[0:00:05], next run at: 2025-01-11 17:06:17 +05)" executed successfully
2025-01-11 17:06:17,166 Looking for jobs to run
2025-01-11 17:06:17,166 Next wakeup is due at 2025-01-11 17:06:22.161123+05:00 (in 4.994187 seconds)
2025-01-11 17:06:17,167 Running job "checker (trigger: interval[0:00:05], next run at: 2025-01-11 17:06:22 +05)" (scheduled at 2025-01-11 17:06:17.161123+05:00)
2025-01-11 17:06:17,167 Job "checker (trigger: interval[0:00:05], next run at: 2025-01-11 17:06:22 +05)" executed successfully
2025-01-11 17:06:22,162 Looking for jobs to run
2025-01-11 17:06:22,163 Next wakeup is due at 2025-01-11 17:06:27.161123+05:00 (in 4.998076 seconds)
2025-01-11 17:06:22,163 Running job "checker (trigger: interval[0:00:05], next run at: 2025-01-11 17:06:27 +05)" (scheduled at 2025-01-11 17:06:22.161123+05:00)
2025-01-11 17:06:22,163 Job "checker (trigger: interval[0:00:05], next run at: 2025-01-11 17:06:27 +05)" executed successfully
2025-01-11 17:06:27,162 Looking for jobs to run
2025-01-11 17:06:27,163 Next wakeup is due at 2025-01-11 17:06:32.161123+05:00 (in 4.997834 seconds)
2025-01-11 17:06:27,163 Running job "checker (trigger: interval[0:00:05], next run at: 2025-01-11 17:06:32 +05)" (scheduled at 2025-01-11 17:06:27.161123+05:00)
2025-01-11 17:06:27,163 Job "checker (trigger: interval[0:00:05], next run at: 2025-01-11 17:06:32 +05)" executed successfully
2025-01-11 17:06:32,162 Looking for jobs to run
2025-01-11 17:06:32,163 Next wakeup is due at 2025-01-11 17:06:37.161123+05:00 (in 4.998088 seconds)
2025-01-11 17:06:32,163 Running job "checker (trigger: interval[0:00:05], next run at: 2025-01-11 17:06:37 +05)" (scheduled at 2025-01-11 17:06:32.161123+05:00)
2025-01-11 17:06:32,163 Job "checker (trigger: interval[0:00:05], next run at: 2025-01-11 17:06:37 +05)" executed successfully
2025-01-11 17:06:37,164 Looking for jobs to run
2025-01-11 17:06:37,165 Next wakeup is due at 2025-01-11 17:06:42.161123+05:00 (in 4.995878 seconds)
2025-01-11 17:06:37,165 Running job "checker (trigger: interval[0:00:05], next run at: 2025-01-11 17:06:42 +05)" (scheduled at 2025-01-11 17:06:37.161123+05:00)
2025-01-11 17:06:37,165 Job "checker (trigger: interval[0:00:05], next run at: 2025-01-11 17:06:42 +05)" executed successfully
2025-01-11 17:06:42,167 Looking for jobs to run
2025-01-11 17:06:42,167 Next wakeup is due at 2025-01-11 17:06:47.161123+05:00 (in 4.993487 seconds)
2025-01-11 17:06:42,167 Running job "checker (trigger: interval[0:00:05], next run at: 2025-01-11 17:06:47 +05)" (scheduled at 2025-01-11 17:06:42.161123+05:00)
2025-01-11 17:06:42,168 Job "checker (trigger: interval[0:00:05], next run at: 2025-01-11 17:06:47 +05)" executed successfully
2025-01-11 17:06:47,163 Looking for jobs to run
2025-01-11 17:06:47,163 Next wakeup is due at 2025-01-11 17:06:52.161123+05:00 (in 4.997194 seconds)
2025-01-11 17:06:47,164 Running job "checker (trigger: interval[0:00:05], next run at: 2025-01-11 17:06:52 +05)" (scheduled at 2025-01-11 17:06:47.161123+05:00)
2025-01-11 17:06:47,164 Job "checker (trigger: interval[0:00:05], next run at: 2025-01-11 17:06:52 +05)" executed successfully
2025-01-11 17:06:52,162 Looking for jobs to run
2025-01-11 17:06:52,163 Next wakeup is due at 2025-01-11 17:06:57.161123+05:00 (in 4.997739 seconds)
2025-01-11 17:06:52,163 Running job "checker (trigger: interval[0:00:05], next run at: 2025-01-11 17:06:57 +05)" (scheduled at 2025-01-11 17:06:52.161123+05:00)
2025-01-11 17:06:52,164 Job "checker (trigger: interval[0:00:05], next run at: 2025-01-11 17:06:57 +05)" executed successfully
2025-01-11 17:06:57,167 Looking for jobs to run
2025-01-11 17:06:57,167 Next wakeup is due at 2025-01-11 17:07:02.161123+05:00 (in 4.993443 seconds)
2025-01-11 17:06:57,167 Running job "checker (trigger: interval[0:00:05], next run at: 2025-01-11 17:07:02 +05)" (scheduled at 2025-01-11 17:06:57.161123+05:00)
2025-01-11 17:06:57,168 Job "checker (trigger: interval[0:00:05], next run at: 2025-01-11 17:07:02 +05)" executed successfully
2025-01-11 17:07:02,166 Looking for jobs to run
2025-01-11 17:07:02,167 Next wakeup is due at 2025-01-11 17:07:07.161123+05:00 (in 4.994066 seconds)
2025-01-11 17:07:02,167 Running job "checker (trigger: interval[0:00:05], next run at: 2025-01-11 17:07:07 +05)" (scheduled at 2025-01-11 17:07:02.161123+05:00)
2025-01-11 17:07:02,167 Job "checker (trigger: interval[0:00:05], next run at: 2025-01-11 17:07:07 +05)" executed successfully
2025-01-11 17:07:07,163 Looking for jobs to run
2025-01-11 17:07:07,163 Next wakeup is due at 2025-01-11 17:07:12.161123+05:00 (in 4.997154 seconds)
2025-01-11 17:07:07,164 Running job "checker (trigger: interval[0:00:05], next run at: 2025-01-11 17:07:12 +05)" (scheduled at 2025-01-11 17:07:07.161123+05:00)
2025-01-11 17:07:07,164 Job "checker (trigger: interval[0:00:05], next run at: 2025-01-11 17:07:12 +05)" executed successfully
2025-01-11 17:07:12,163 Looking for jobs to run
2025-01-11 17:07:12,163 Next wakeup is due at 2025-01-11 17:07:17.161123+05:00 (in 4.997460 seconds)
2025-01-11 17:07:12,163 Running job "checker (trigger: interval[0:00:05], next run at: 2025-01-11 17:07:17 +05)" (scheduled at 2025-01-11 17:07:12.161123+05:00)
2025-01-11 17:07:12,164 Job "checker (trigger: interval[0:00:05], next run at: 2025-01-11 17:07:17 +05)" executed successfully
2025-01-11 17:07:17,163 Looking for jobs to run
2025-01-11 17:07:17,163 Next wakeup is due at 2025-01-11 17:07:22.161123+05:00 (in 4.997562 seconds)
2025-01-11 17:07:17,163 Running job "checker (trigger: interval[0:00:05], next run at: 2025-01-11 17:07:22 +05)" (scheduled at 2025-01-11 17:07:17.161123+05:00)
2025-01-11 17:07:17,164 Job "checker (trigger: interval[0:00:05], next run at: 2025-01-11 17:07:22 +05)" executed successfully
2025-01-11 17:07:22,166 Looking for jobs to run
2025-01-11 17:07:22,166 Next wakeup is due at 2025-01-11 17:07:27.161123+05:00 (in 4.994466 seconds)
2025-01-11 17:07:22,166 Running job "checker (trigger: interval[0:00:05], next run at: 2025-01-11 17:07:27 +05)" (scheduled at 2025-01-11 17:07:22.161123+05:00)
2025-01-11 17:07:22,167 Job "checker (trigger: interval[0:00:05], next run at: 2025-01-11 17:07:27 +05)" executed successfully
2025-01-11 17:07:27,164 Looking for jobs to run
2025-01-11 17:07:27,164 Next wakeup is due at 2025-01-11 17:07:32.161123+05:00 (in 4.996643 seconds)
2025-01-11 17:07:27,164 Running job "checker (trigger: interval[0:00:05], next run at: 2025-01-11 17:07:32 +05)" (scheduled at 2025-01-11 17:07:27.161123+05:00)
2025-01-11 17:07:27,165 Job "checker (trigger: interval[0:00:05], next run at: 2025-01-11 17:07:32 +05)" executed successfully
2025-01-11 17:07:32,162 Looking for jobs to run
2025-01-11 17:07:32,163 Next wakeup is due at 2025-01-11 17:07:37.161123+05:00 (in 4.998041 seconds)
2025-01-11 17:07:32,163 Running job "checker (trigger: interval[0:00:05], next run at: 2025-01-11 17:07:37 +05)" (scheduled at 2025-01-11 17:07:32.161123+05:00)
2025-01-11 17:07:32,163 Job "checker (trigger: interval[0:00:05], next run at: 2025-01-11 17:07:37 +05)" executed successfully
2025-01-11 17:07:37,165 Looking for jobs to run
2025-01-11 17:07:37,165 Next wakeup is due at 2025-01-11 17:07:42.161123+05:00 (in 4.995620 seconds)
2025-01-11 17:07:37,165 Running job "checker (trigger: interval[0:00:05], next run at: 2025-01-11 17:07:42 +05)" (scheduled at 2025-01-11 17:07:37.161123+05:00)
2025-01-11 17:07:37,165 Job "checker (trigger: interval[0:00:05], next run at: 2025-01-11 17:07:42 +05)" executed successfully
2025-01-11 17:07:42,164 Looking for jobs to run
2025-01-11 17:07:42,164 Next wakeup is due at 2025-01-11 17:07:47.161123+05:00 (in 4.996676 seconds)
2025-01-11 17:07:42,164 Running job "checker (trigger: interval[0:00:05], next run at: 2025-01-11 17:07:47 +05)" (scheduled at 2025-01-11 17:07:42.161123+05:00)
2025-01-11 17:07:42,164 Job "checker (trigger: interval[0:00:05], next run at: 2025-01-11 17:07:47 +05)" executed successfully
2025-01-11 17:07:47,163 Looking for jobs to run
2025-01-11 17:07:47,164 Next wakeup is due at 2025-01-11 17:07:52.161123+05:00 (in 4.996998 seconds)
2025-01-11 17:07:47,164 Running job "checker (trigger: interval[0:00:05], next run at: 2025-01-11 17:07:52 +05)" (scheduled at 2025-01-11 17:07:47.161123+05:00)
2025-01-11 17:07:47,164 Job "checker (trigger: interval[0:00:05], next run at: 2025-01-11 17:07:52 +05)" executed successfully
2025-01-11 17:07:52,162 Looking for jobs to run
2025-01-11 17:07:52,163 Next wakeup is due at 2025-01-11 17:07:57.161123+05:00 (in 4.998088 seconds)
2025-01-11 17:07:52,163 Running job "checker (trigger: interval[0:00:05], next run at: 2025-01-11 17:07:57 +05)" (scheduled at 2025-01-11 17:07:52.161123+05:00)
2025-01-11 17:07:52,163 Job "checker (trigger: interval[0:00:05], next run at: 2025-01-11 17:07:57 +05)" executed successfully
2025-01-11 17:07:57,165 Looking for jobs to run
2025-01-11 17:07:57,166 Next wakeup is due at 2025-01-11 17:08:02.161123+05:00 (in 4.994945 seconds)
2025-01-11 17:07:57,166 Running job "checker (trigger: interval[0:00:05], next run at: 2025-01-11 17:08:02 +05)" (scheduled at 2025-01-11 17:07:57.161123+05:00)
2025-01-11 17:07:57,166 Job "checker (trigger: interval[0:00:05], next run at: 2025-01-11 17:08:02 +05)" executed successfully
2025-01-11 17:08:02,167 Looking for jobs to run
2025-01-11 17:08:02,167 Next wakeup is due at 2025-01-11 17:08:07.161123+05:00 (in 4.993394 seconds)
2025-01-11 17:08:02,168 Running job "checker (trigger: interval[0:00:05], next run at: 2025-01-11 17:08:07 +05)" (scheduled at 2025-01-11 17:08:02.161123+05:00)
2025-01-11 17:08:02,168 Job "checker (trigger: interval[0:00:05], next run at: 2025-01-11 17:08:07 +05)" executed successfully
2025-01-11 17:08:07,163 Looking for jobs to run
2025-01-11 17:08:07,163 Next wakeup is due at 2025-01-11 17:08:12.161123+05:00 (in 4.997435 seconds)
2025-01-11 17:08:07,163 Running job "checker (trigger: interval[0:00:05], next run at: 2025-01-11 17:08:12 +05)" (scheduled at 2025-01-11 17:08:07.161123+05:00)
2025-01-11 17:08:07,164 Job "checker (trigger: interval[0:00:05], next run at: 2025-01-11 17:08:12 +05)" executed successfully
2025-01-11 17:08:12,162 Looking for jobs to run
2025-01-11 17:08:12,163 Next wakeup is due at 2025-01-11 17:08:17.161123+05:00 (in 4.997823 seconds)
2025-01-11 17:08:12,163 Running job "checker (trigger: interval[0:00:05], next run at: 2025-01-11 17:08:17 +05)" (scheduled at 2025-01-11 17:08:12.161123+05:00)
2025-01-11 17:08:12,163 Job "checker (trigger: interval[0:00:05], next run at: 2025-01-11 17:08:17 +05)" executed successfully
2025-01-11 17:08:17,167 Looking for jobs to run
2025-01-11 17:08:17,167 Next wakeup is due at 2025-01-11 17:08:22.161123+05:00 (in 4.993651 seconds)
2025-01-11 17:08:17,167 Running job "checker (trigger: interval[0:00:05], next run at: 2025-01-11 17:08:22 +05)" (scheduled at 2025-01-11 17:08:17.161123+05:00)
2025-01-11 17:08:17,167 Job "checker (trigger: interval[0:00:05], next run at: 2025-01-11 17:08:22 +05)" executed successfully
2025-01-11 17:08:22,166 Looking for jobs to run
2025-01-11 17:08:22,167 Next wakeup is due at 2025-01-11 17:08:27.161123+05:00 (in 4.994046 seconds)
2025-01-11 17:08:22,167 Running job "checker (trigger: interval[0:00:05], next run at: 2025-01-11 17:08:27 +05)" (scheduled at 2025-01-11 17:08:22.161123+05:00)
2025-01-11 17:08:22,167 Job "checker (trigger: interval[0:00:05], next run at: 2025-01-11 17:08:27 +05)" executed successfully
2025-01-11 17:08:27,163 Looking for jobs to run
2025-01-11 17:08:27,164 Next wakeup is due at 2025-01-11 17:08:32.161123+05:00 (in 4.996887 seconds)
2025-01-11 17:08:27,164 Running job "checker (trigger: interval[0:00:05], next run at: 2025-01-11 17:08:32 +05)" (scheduled at 2025-01-11 17:08:27.161123+05:00)
2025-01-11 17:08:27,164 Job "checker (trigger: interval[0:00:05], next run at: 2025-01-11 17:08:32 +05)" executed successfully
2025-01-11 17:08:32,162 Looking for jobs to run
2025-01-11 17:08:32,163 Next wakeup is due at 2025-01-11 17:08:37.161123+05:00 (in 4.997906 seconds)
2025-01-11 17:08:32,163 Running job "checker (trigger: interval[0:00:05], next run at: 2025-01-11 17:08:37 +05)" (scheduled at 2025-01-11 17:08:32.161123+05:00)
2025-01-11 17:08:32,163 Job "checker (trigger: interval[0:00:05], next run at: 2025-01-11 17:08:37 +05)" executed successfully
2025-01-11 17:08:37,167 Looking for jobs to run
2025-01-11 17:08:37,167 Next wakeup is due at 2025-01-11 17:08:42.161123+05:00 (in 4.993161 seconds)
2025-01-11 17:08:37,168 Running job "checker (trigger: interval[0:00:05], next run at: 2025-01-11 17:08:42 +05)" (scheduled at 2025-01-11 17:08:37.161123+05:00)
2025-01-11 17:08:37,168 Job "checker (trigger: interval[0:00:05], next run at: 2025-01-11 17:08:42 +05)" executed successfully
2025-01-11 17:08:42,166 Looking for jobs to run
2025-01-11 17:08:42,167 Next wakeup is due at 2025-01-11 17:08:47.161123+05:00 (in 4.993827 seconds)
2025-01-11 17:08:42,167 Running job "checker (trigger: interval[0:00:05], next run at: 2025-01-11 17:08:47 +05)" (scheduled at 2025-01-11 17:08:42.161123+05:00)
2025-01-11 17:08:42,168 Job "checker (trigger: interval[0:00:05], next run at: 2025-01-11 17:08:47 +05)" executed successfully
2025-01-11 17:08:47,164 Looking for jobs to run
2025-01-11 17:08:47,164 Next wakeup is due at 2025-01-11 17:08:52.161123+05:00 (in 4.996257 seconds)
2025-01-11 17:08:47,165 Running job "checker (trigger: interval[0:00:05], next run at: 2025-01-11 17:08:52 +05)" (scheduled at 2025-01-11 17:08:47.161123+05:00)
2025-01-11 17:08:47,165 Job "checker (trigger: interval[0:00:05], next run at: 2025-01-11 17:08:52 +05)" executed successfully
2025-01-11 17:08:52,162 Looking for jobs to run
2025-01-11 17:08:52,163 Next wakeup is due at 2025-01-11 17:08:57.161123+05:00 (in 4.997760 seconds)
2025-01-11 17:08:52,163 Running job "checker (trigger: interval[0:00:05], next run at: 2025-01-11 17:08:57 +05)" (scheduled at 2025-01-11 17:08:52.161123+05:00)
2025-01-11 17:08:52,163 Job "checker (trigger: interval[0:00:05], next run at: 2025-01-11 17:08:57 +05)" executed successfully
2025-01-11 17:08:57,167 Looking for jobs to run
2025-01-11 17:08:57,167 Next wakeup is due at 2025-01-11 17:09:02.161123+05:00 (in 4.993702 seconds)
2025-01-11 17:08:57,167 Running job "checker (trigger: interval[0:00:05], next run at: 2025-01-11 17:09:02 +05)" (scheduled at 2025-01-11 17:08:57.161123+05:00)
2025-01-11 17:08:57,167 Job "checker (trigger: interval[0:00:05], next run at: 2025-01-11 17:09:02 +05)" executed successfully
2025-01-11 17:09:02,166 Looking for jobs to run
2025-01-11 17:09:02,167 Next wakeup is due at 2025-01-11 17:09:07.161123+05:00 (in 4.993847 seconds)
2025-01-11 17:09:02,167 Running job "checker (trigger: interval[0:00:05], next run at: 2025-01-11 17:09:07 +05)" (scheduled at 2025-01-11 17:09:02.161123+05:00)
2025-01-11 17:09:02,167 Job "checker (trigger: interval[0:00:05], next run at: 2025-01-11 17:09:07 +05)" executed successfully
2025-01-11 17:09:07,163 Looking for jobs to run
2025-01-11 17:09:07,164 Next wakeup is due at 2025-01-11 17:09:12.161123+05:00 (in 4.996982 seconds)
2025-01-11 17:09:07,164 Running job "checker (trigger: interval[0:00:05], next run at: 2025-01-11 17:09:12 +05)" (scheduled at 2025-01-11 17:09:07.161123+05:00)
2025-01-11 17:09:07,164 Job "checker (trigger: interval[0:00:05], next run at: 2025-01-11 17:09:12 +05)" executed successfully
2025-01-11 17:09:12,163 Looking for jobs to run
2025-01-11 17:09:12,164 Next wakeup is due at 2025-01-11 17:09:17.161123+05:00 (in 4.997126 seconds)
2025-01-11 17:09:12,164 Running job "checker (trigger: interval[0:00:05], next run at: 2025-01-11 17:09:17 +05)" (scheduled at 2025-01-11 17:09:12.161123+05:00)
2025-01-11 17:09:12,164 Job "checker (trigger: interval[0:00:05], next run at: 2025-01-11 17:09:17 +05)" executed successfully
2025-01-11 17:09:17,165 Looking for jobs to run
2025-01-11 17:09:17,165 Next wakeup is due at 2025-01-11 17:09:22.161123+05:00 (in 4.995669 seconds)
2025-01-11 17:09:17,165 Running job "checker (trigger: interval[0:00:05], next run at: 2025-01-11 17:09:22 +05)" (scheduled at 2025-01-11 17:09:17.161123+05:00)
2025-01-11 17:09:17,165 Job "checker (trigger: interval[0:00:05], next run at: 2025-01-11 17:09:22 +05)" executed successfully
2025-01-11 17:09:22,166 Looking for jobs to run
2025-01-11 17:09:22,167 Next wakeup is due at 2025-01-11 17:09:27.161123+05:00 (in 4.993920 seconds)
2025-01-11 17:09:22,167 Running job "checker (trigger: interval[0:00:05], next run at: 2025-01-11 17:09:27 +05)" (scheduled at 2025-01-11 17:09:22.161123+05:00)
2025-01-11 17:09:22,167 Job "checker (trigger: interval[0:00:05], next run at: 2025-01-11 17:09:27 +05)" executed successfully
2025-01-11 17:09:27,162 Looking for jobs to run
2025-01-11 17:09:27,162 Next wakeup is due at 2025-01-11 17:09:32.161123+05:00 (in 4.998318 seconds)
2025-01-11 17:09:27,162 Running job "checker (trigger: interval[0:00:05], next run at: 2025-01-11 17:09:32 +05)" (scheduled at 2025-01-11 17:09:27.161123+05:00)
2025-01-11 17:09:27,163 Job "checker (trigger: interval[0:00:05], next run at: 2025-01-11 17:09:32 +05)" executed successfully
2025-01-11 17:09:32,162 Looking for jobs to run
2025-01-11 17:09:32,163 Next wakeup is due at 2025-01-11 17:09:37.161123+05:00 (in 4.997775 seconds)
2025-01-11 17:09:32,163 Running job "checker (trigger: interval[0:00:05], next run at: 2025-01-11 17:09:37 +05)" (scheduled at 2025-01-11 17:09:32.161123+05:00)
2025-01-11 17:09:32,163 Job "checker (trigger: interval[0:00:05], next run at: 2025-01-11 17:09:37 +05)" executed successfully
2025-01-11 17:09:37,167 Looking for jobs to run
2025-01-11 17:09:37,167 Next wakeup is due at 2025-01-11 17:09:42.161123+05:00 (in 4.993514 seconds)
2025-01-11 17:09:37,167 Running job "checker (trigger: interval[0:00:05], next run at: 2025-01-11 17:09:42 +05)" (scheduled at 2025-01-11 17:09:37.161123+05:00)
2025-01-11 17:09:37,167 Job "checker (trigger: interval[0:00:05], next run at: 2025-01-11 17:09:42 +05)" executed successfully
2025-01-11 17:09:42,166 Looking for jobs to run
2025-01-11 17:09:42,167 Next wakeup is due at 2025-01-11 17:09:47.161123+05:00 (in 4.993944 seconds)
2025-01-11 17:09:42,167 Running job "checker (trigger: interval[0:00:05], next run at: 2025-01-11 17:09:47 +05)" (scheduled at 2025-01-11 17:09:42.161123+05:00)
2025-01-11 17:09:42,167 Job "checker (trigger: interval[0:00:05], next run at: 2025-01-11 17:09:47 +05)" executed successfully
2025-01-11 17:09:47,161 Looking for jobs to run
2025-01-11 17:09:47,161 Next wakeup is due at 2025-01-11 17:09:52.161123+05:00 (in 4.999184 seconds)
2025-01-11 17:09:47,162 Running job "checker (trigger: interval[0:00:05], next run at: 2025-01-11 17:09:52 +05)" (scheduled at 2025-01-11 17:09:47.161123+05:00)
2025-01-11 17:09:47,162 Job "checker (trigger: interval[0:00:05], next run at: 2025-01-11 17:09:52 +05)" executed successfully
2025-01-11 17:09:52,162 Looking for jobs to run
2025-01-11 17:09:52,162 Next wakeup is due at 2025-01-11 17:09:57.161123+05:00 (in 4.998778 seconds)
2025-01-11 17:09:52,162 Running job "checker (trigger: interval[0:00:05], next run at: 2025-01-11 17:09:57 +05)" (scheduled at 2025-01-11 17:09:52.161123+05:00)
2025-01-11 17:09:52,162 Job "checker (trigger: interval[0:00:05], next run at: 2025-01-11 17:09:57 +05)" executed successfully
2025-01-11 17:09:57,167 Looking for jobs to run
2025-01-11 17:09:57,167 Next wakeup is due at 2025-01-11 17:10:02.161123+05:00 (in 4.993551 seconds)
2025-01-11 17:09:57,167 Running job "checker (trigger: interval[0:00:05], next run at: 2025-01-11 17:10:02 +05)" (scheduled at 2025-01-11 17:09:57.161123+05:00)
2025-01-11 17:09:57,167 Job "checker (trigger: interval[0:00:05], next run at: 2025-01-11 17:10:02 +05)" executed successfully
2025-01-11 17:10:02,166 Looking for jobs to run
2025-01-11 17:10:02,167 Next wakeup is due at 2025-01-11 17:10:07.161123+05:00 (in 4.994069 seconds)
2025-01-11 17:10:02,167 Running job "checker (trigger: interval[0:00:05], next run at: 2025-01-11 17:10:07 +05)" (scheduled at 2025-01-11 17:10:02.161123+05:00)
2025-01-11 17:10:02,167 Job "checker (trigger: interval[0:00:05], next run at: 2025-01-11 17:10:07 +05)" executed successfully
2025-01-11 17:10:07,161 Looking for jobs to run
2025-01-11 17:10:07,162 Next wakeup is due at 2025-01-11 17:10:12.161123+05:00 (in 4.998958 seconds)
2025-01-11 17:10:07,162 Running job "checker (trigger: interval[0:00:05], next run at: 2025-01-11 17:10:12 +05)" (scheduled at 2025-01-11 17:10:07.161123+05:00)
2025-01-11 17:10:07,163 Job "checker (trigger: interval[0:00:05], next run at: 2025-01-11 17:10:12 +05)" executed successfully
2025-01-11 17:10:12,162 Looking for jobs to run
2025-01-11 17:10:12,163 Next wakeup is due at 2025-01-11 17:10:17.161123+05:00 (in 4.997884 seconds)
2025-01-11 17:10:12,163 Running job "checker (trigger: interval[0:00:05], next run at: 2025-01-11 17:10:17 +05)" (scheduled at 2025-01-11 17:10:12.161123+05:00)
2025-01-11 17:10:12,163 Job "checker (trigger: interval[0:00:05], next run at: 2025-01-11 17:10:17 +05)" executed successfully
2025-01-11 17:10:17,166 Looking for jobs to run
2025-01-11 17:10:17,167 Next wakeup is due at 2025-01-11 17:10:22.161123+05:00 (in 4.993868 seconds)
2025-01-11 17:10:17,167 Running job "checker (trigger: interval[0:00:05], next run at: 2025-01-11 17:10:22 +05)" (scheduled at 2025-01-11 17:10:17.161123+05:00)
2025-01-11 17:10:17,167 Job "checker (trigger: interval[0:00:05], next run at: 2025-01-11 17:10:22 +05)" executed successfully
2025-01-11 17:10:22,166 Looking for jobs to run
2025-01-11 17:10:22,167 Next wakeup is due at 2025-01-11 17:10:27.161123+05:00 (in 4.993948 seconds)
2025-01-11 17:10:22,167 Running job "checker (trigger: interval[0:00:05], next run at: 2025-01-11 17:10:27 +05)" (scheduled at 2025-01-11 17:10:22.161123+05:00)
2025-01-11 17:10:22,167 Job "checker (trigger: interval[0:00:05], next run at: 2025-01-11 17:10:27 +05)" executed successfully
2025-01-11 17:10:27,161 Looking for jobs to run
2025-01-11 17:10:27,162 Next wakeup is due at 2025-01-11 17:10:32.161123+05:00 (in 4.999028 seconds)
2025-01-11 17:10:27,162 Running job "checker (trigger: interval[0:00:05], next run at: 2025-01-11 17:10:32 +05)" (scheduled at 2025-01-11 17:10:27.161123+05:00)
2025-01-11 17:10:27,162 Job "checker (trigger: interval[0:00:05], next run at: 2025-01-11 17:10:32 +05)" executed successfully
2025-01-11 17:10:32,162 Looking for jobs to run
2025-01-11 17:10:32,163 Next wakeup is due at 2025-01-11 17:10:37.161123+05:00 (in 4.998000 seconds)
2025-01-11 17:10:32,163 Running job "checker (trigger: interval[0:00:05], next run at: 2025-01-11 17:10:37 +05)" (scheduled at 2025-01-11 17:10:32.161123+05:00)
2025-01-11 17:10:32,163 Job "checker (trigger: interval[0:00:05], next run at: 2025-01-11 17:10:37 +05)" executed successfully
2025-01-11 17:10:37,166 Looking for jobs to run
2025-01-11 17:10:37,167 Next wakeup is due at 2025-01-11 17:10:42.161123+05:00 (in 4.994010 seconds)
2025-01-11 17:10:37,167 Running job "checker (trigger: interval[0:00:05], next run at: 2025-01-11 17:10:42 +05)" (scheduled at 2025-01-11 17:10:37.161123+05:00)
2025-01-11 17:10:37,167 Job "checker (trigger: interval[0:00:05], next run at: 2025-01-11 17:10:42 +05)" executed successfully
2025-01-11 17:10:42,163 Looking for jobs to run
2025-01-11 17:10:42,163 Next wakeup is due at 2025-01-11 17:10:47.161123+05:00 (in 4.997691 seconds)
2025-01-11 17:10:42,163 Running job "checker (trigger: interval[0:00:05], next run at: 2025-01-11 17:10:47 +05)" (scheduled at 2025-01-11 17:10:42.161123+05:00)
2025-01-11 17:10:42,163 Job "checker (trigger: interval[0:00:05], next run at: 2025-01-11 17:10:47 +05)" executed successfully
2025-01-11 17:10:47,162 Looking for jobs to run
2025-01-11 17:10:47,162 Next wakeup is due at 2025-01-11 17:10:52.161123+05:00 (in 4.998284 seconds)
2025-01-11 17:10:47,163 Running job "checker (trigger: interval[0:00:05], next run at: 2025-01-11 17:10:52 +05)" (scheduled at 2025-01-11 17:10:47.161123+05:00)
2025-01-11 17:10:47,163 Job "checker (trigger: interval[0:00:05], next run at: 2025-01-11 17:10:52 +05)" executed successfully
2025-01-11 17:10:52,162 Looking for jobs to run
2025-01-11 17:10:52,162 Next wakeup is due at 2025-01-11 17:10:57.161123+05:00 (in 4.998406 seconds)
2025-01-11 17:10:52,162 Running job "checker (trigger: interval[0:00:05], next run at: 2025-01-11 17:10:57 +05)" (scheduled at 2025-01-11 17:10:52.161123+05:00)
2025-01-11 17:10:52,163 Job "checker (trigger: interval[0:00:05], next run at: 2025-01-11 17:10:57 +05)" executed successfully
2025-01-11 17:10:57,166 Looking for jobs to run
2025-01-11 17:10:57,167 Next wakeup is due at 2025-01-11 17:11:02.161123+05:00 (in 4.994097 seconds)
2025-01-11 17:10:57,167 Running job "checker (trigger: interval[0:00:05], next run at: 2025-01-11 17:11:02 +05)" (scheduled at 2025-01-11 17:10:57.161123+05:00)
2025-01-11 17:10:57,167 Job "checker (trigger: interval[0:00:05], next run at: 2025-01-11 17:11:02 +05)" executed successfully
2025-01-11 17:11:02,165 Looking for jobs to run
2025-01-11 17:11:02,165 Next wakeup is due at 2025-01-11 17:11:07.161123+05:00 (in 4.995477 seconds)
2025-01-11 17:11:02,165 Running job "checker (trigger: interval[0:00:05], next run at: 2025-01-11 17:11:07 +05)" (scheduled at 2025-01-11 17:11:02.161123+05:00)
2025-01-11 17:11:02,165 Job "checker (trigger: interval[0:00:05], next run at: 2025-01-11 17:11:07 +05)" executed successfully
2025-01-11 17:11:07,161 Looking for jobs to run
2025-01-11 17:11:07,162 Next wakeup is due at 2025-01-11 17:11:12.161123+05:00 (in 4.998808 seconds)
2025-01-11 17:11:07,162 Running job "checker (trigger: interval[0:00:05], next run at: 2025-01-11 17:11:12 +05)" (scheduled at 2025-01-11 17:11:07.161123+05:00)
2025-01-11 17:11:07,162 Job "checker (trigger: interval[0:00:05], next run at: 2025-01-11 17:11:12 +05)" executed successfully
2025-01-11 17:11:09,442 Infinity polling: polling exited
2025-01-11 17:11:09,442 Break infinity polling
