2024-12-31 23:45:48,328 Adding job tentatively -- it will be properly scheduled when the scheduler starts
2024-12-31 23:45:48,337 Added job "checker" to job store "default"
2024-12-31 23:45:48,337 Scheduler started
2024-12-31 23:45:48,352 Looking for jobs to run
2024-12-31 23:45:48,353 Next wakeup is due at 2024-12-31 23:45:53.328653+05:00 (in 4.975515 seconds)
2024-12-31 23:45:50,533 executing <function connect.<locals>.connector at 0x7f55683da020>
2024-12-31 23:45:50,538 operation <function connect.<locals>.connector at 0x7f55683da020> completed
2024-12-31 23:45:50,538 executing functools.partial(<built-in method execute of sqlite3.Connection object at 0x7f5568391e40>, 'SELECT topic_id FROM users WHERE chat_id = ?', (5434361630,))
2024-12-31 23:45:50,540 operation functools.partial(<built-in method execute of sqlite3.Connection object at 0x7f5568391e40>, 'SELECT topic_id FROM users WHERE chat_id = ?', (5434361630,)) completed
2024-12-31 23:45:50,541 executing functools.partial(<built-in method fetchone of sqlite3.Cursor object at 0x7f55683a3f40>)
2024-12-31 23:45:50,541 operation functools.partial(<built-in method fetchone of sqlite3.Cursor object at 0x7f55683a3f40>) completed
2024-12-31 23:45:50,541 executing functools.partial(<built-in method close of sqlite3.Cursor object at 0x7f55683a3f40>)
2024-12-31 23:45:50,541 operation functools.partial(<built-in method close of sqlite3.Cursor object at 0x7f55683a3f40>) completed
2024-12-31 23:45:50,541 executing <function connect.<locals>.connector at 0x7f55683db4c0>
2024-12-31 23:45:50,541 operation <function connect.<locals>.connector at 0x7f55683db4c0> completed
2024-12-31 23:45:50,541 executing functools.partial(<built-in method execute of sqlite3.Connection object at 0x7f5568392200>, 'PRAGMA foreign_keys = ON', [])
2024-12-31 23:45:50,542 operation functools.partial(<built-in method execute of sqlite3.Connection object at 0x7f5568392200>, 'PRAGMA foreign_keys = ON', []) completed
2024-12-31 23:45:50,542 executing functools.partial(<built-in method execute of sqlite3.Connection object at 0x7f5568392200>, '\n            CREATE TABLE IF NOT EXISTS users (\n                chat_id INTEGER,\n                topic_id INTEGER,\n                user_name TEXT,\n                PRIMARY KEY (chat_id, topic_id)\n            )\n        ', [])
2024-12-31 23:45:50,542 operation functools.partial(<built-in method execute of sqlite3.Connection object at 0x7f5568392200>, '\n            CREATE TABLE IF NOT EXISTS users (\n                chat_id INTEGER,\n                topic_id INTEGER,\n                user_name TEXT,\n                PRIMARY KEY (chat_id, topic_id)\n            )\n        ', []) completed
2024-12-31 23:45:50,542 executing functools.partial(<built-in method execute of sqlite3.Connection object at 0x7f5568392200>, '\n            CREATE TABLE IF NOT EXISTS group_messages (\n                topic_id INTEGER,\n                message_id INTEGER,\n                local_id INTEGER,\n                PRIMARY KEY (topic_id, local_id)\n            )\n        ', [])
2024-12-31 23:45:50,542 operation functools.partial(<built-in method execute of sqlite3.Connection object at 0x7f5568392200>, '\n            CREATE TABLE IF NOT EXISTS group_messages (\n                topic_id INTEGER,\n                message_id INTEGER,\n                local_id INTEGER,\n                PRIMARY KEY (topic_id, local_id)\n            )\n        ', []) completed
2024-12-31 23:45:50,542 executing functools.partial(<built-in method execute of sqlite3.Connection object at 0x7f5568392200>, '\n            CREATE TABLE IF NOT EXISTS private_messages (\n                chat_id INTEGER,\n                message_id INTEGER,\n                local_id INTEGER,\n                PRIMARY KEY (chat_id, local_id)\n            )\n        ', [])
2024-12-31 23:45:50,542 operation functools.partial(<built-in method execute of sqlite3.Connection object at 0x7f5568392200>, '\n            CREATE TABLE IF NOT EXISTS private_messages (\n                chat_id INTEGER,\n                message_id INTEGER,\n                local_id INTEGER,\n                PRIMARY KEY (chat_id, local_id)\n            )\n        ', []) completed
2024-12-31 23:45:50,542 executing functools.partial(<built-in method commit of sqlite3.Connection object at 0x7f5568392200>)
2024-12-31 23:45:50,542 operation functools.partial(<built-in method commit of sqlite3.Connection object at 0x7f5568392200>) completed
2024-12-31 23:45:50,543 executing functools.partial(<built-in method execute of sqlite3.Connection object at 0x7f5568392200>, 'SELECT topic_id FROM users WHERE chat_id = ? AND user_name = ?', (5434361630, 'yadgenn'))
2024-12-31 23:45:50,543 operation functools.partial(<built-in method execute of sqlite3.Connection object at 0x7f5568392200>, 'SELECT topic_id FROM users WHERE chat_id = ? AND user_name = ?', (5434361630, 'yadgenn')) completed
2024-12-31 23:45:50,543 executing functools.partial(<built-in method fetchone of sqlite3.Cursor object at 0x7f55683f07c0>)
2024-12-31 23:45:50,543 operation functools.partial(<built-in method fetchone of sqlite3.Cursor object at 0x7f55683f07c0>) completed
2024-12-31 23:45:50,543 executing functools.partial(<built-in method close of sqlite3.Cursor object at 0x7f55683f07c0>)
2024-12-31 23:45:50,543 operation functools.partial(<built-in method close of sqlite3.Cursor object at 0x7f55683f07c0>) completed
2024-12-31 23:45:53,329 Looking for jobs to run
2024-12-31 23:45:53,330 Next wakeup is due at 2024-12-31 23:45:58.328653+05:00 (in 4.998366 seconds)
2024-12-31 23:45:53,330 Running job "checker (trigger: interval[0:00:05], next run at: 2024-12-31 23:45:58 +05)" (scheduled at 2024-12-31 23:45:53.328653+05:00)
2024-12-31 23:45:53,330 Job "checker (trigger: interval[0:00:05], next run at: 2024-12-31 23:45:58 +05)" executed successfully
2024-12-31 23:45:58,331 Looking for jobs to run
2024-12-31 23:45:58,332 Next wakeup is due at 2024-12-31 23:46:03.328653+05:00 (in 4.996658 seconds)
2024-12-31 23:45:58,332 Running job "checker (trigger: interval[0:00:05], next run at: 2024-12-31 23:46:03 +05)" (scheduled at 2024-12-31 23:45:58.328653+05:00)
2024-12-31 23:45:58,332 Job "checker (trigger: interval[0:00:05], next run at: 2024-12-31 23:46:03 +05)" executed successfully
2024-12-31 23:46:03,331 Looking for jobs to run
2024-12-31 23:46:03,332 Next wakeup is due at 2024-12-31 23:46:08.328653+05:00 (in 4.996261 seconds)
2024-12-31 23:46:03,332 Running job "checker (trigger: interval[0:00:05], next run at: 2024-12-31 23:46:08 +05)" (scheduled at 2024-12-31 23:46:03.328653+05:00)
2024-12-31 23:46:03,332 Job "checker (trigger: interval[0:00:05], next run at: 2024-12-31 23:46:08 +05)" executed successfully
2024-12-31 23:46:08,331 Looking for jobs to run
2024-12-31 23:46:08,332 Next wakeup is due at 2024-12-31 23:46:13.328653+05:00 (in 4.996280 seconds)
2024-12-31 23:46:08,332 Running job "checker (trigger: interval[0:00:05], next run at: 2024-12-31 23:46:13 +05)" (scheduled at 2024-12-31 23:46:08.328653+05:00)
2024-12-31 23:46:08,332 Job "checker (trigger: interval[0:00:05], next run at: 2024-12-31 23:46:13 +05)" executed successfully
2024-12-31 23:46:13,330 Looking for jobs to run
2024-12-31 23:46:13,330 Next wakeup is due at 2024-12-31 23:46:18.328653+05:00 (in 4.997961 seconds)
2024-12-31 23:46:13,331 Running job "checker (trigger: interval[0:00:05], next run at: 2024-12-31 23:46:18 +05)" (scheduled at 2024-12-31 23:46:13.328653+05:00)
2024-12-31 23:46:13,331 Job "checker (trigger: interval[0:00:05], next run at: 2024-12-31 23:46:18 +05)" executed successfully
2024-12-31 23:46:18,331 Looking for jobs to run
2024-12-31 23:46:18,331 Next wakeup is due at 2024-12-31 23:46:23.328653+05:00 (in 4.996680 seconds)
2024-12-31 23:46:18,332 Running job "checker (trigger: interval[0:00:05], next run at: 2024-12-31 23:46:23 +05)" (scheduled at 2024-12-31 23:46:18.328653+05:00)
2024-12-31 23:46:18,332 Job "checker (trigger: interval[0:00:05], next run at: 2024-12-31 23:46:23 +05)" executed successfully
2024-12-31 23:46:23,331 Looking for jobs to run
2024-12-31 23:46:23,334 Next wakeup is due at 2024-12-31 23:46:28.328653+05:00 (in 4.994603 seconds)
2024-12-31 23:46:23,334 Running job "checker (trigger: interval[0:00:05], next run at: 2024-12-31 23:46:28 +05)" (scheduled at 2024-12-31 23:46:23.328653+05:00)
2024-12-31 23:46:23,335 Job "checker (trigger: interval[0:00:05], next run at: 2024-12-31 23:46:28 +05)" executed successfully
2024-12-31 23:46:28,333 Looking for jobs to run
2024-12-31 23:46:28,337 Next wakeup is due at 2024-12-31 23:46:33.328653+05:00 (in 4.991194 seconds)
2024-12-31 23:46:28,338 Running job "checker (trigger: interval[0:00:05], next run at: 2024-12-31 23:46:33 +05)" (scheduled at 2024-12-31 23:46:28.328653+05:00)
2024-12-31 23:46:28,339 Job "checker (trigger: interval[0:00:05], next run at: 2024-12-31 23:46:33 +05)" executed successfully
2024-12-31 23:46:33,331 Looking for jobs to run
2024-12-31 23:46:33,332 Next wakeup is due at 2024-12-31 23:46:38.328653+05:00 (in 4.996563 seconds)
2024-12-31 23:46:33,332 Running job "checker (trigger: interval[0:00:05], next run at: 2024-12-31 23:46:38 +05)" (scheduled at 2024-12-31 23:46:33.328653+05:00)
2024-12-31 23:46:33,332 Job "checker (trigger: interval[0:00:05], next run at: 2024-12-31 23:46:38 +05)" executed successfully
2024-12-31 23:46:38,331 Looking for jobs to run
2024-12-31 23:46:38,332 Next wakeup is due at 2024-12-31 23:46:43.328653+05:00 (in 4.996077 seconds)
2024-12-31 23:46:38,332 Running job "checker (trigger: interval[0:00:05], next run at: 2024-12-31 23:46:43 +05)" (scheduled at 2024-12-31 23:46:38.328653+05:00)
2024-12-31 23:46:38,333 Job "checker (trigger: interval[0:00:05], next run at: 2024-12-31 23:46:43 +05)" executed successfully
2024-12-31 23:46:43,334 Looking for jobs to run
2024-12-31 23:46:43,334 Next wakeup is due at 2024-12-31 23:46:48.328653+05:00 (in 4.993834 seconds)
2024-12-31 23:46:43,335 Running job "checker (trigger: interval[0:00:05], next run at: 2024-12-31 23:46:48 +05)" (scheduled at 2024-12-31 23:46:43.328653+05:00)
2024-12-31 23:46:43,335 Job "checker (trigger: interval[0:00:05], next run at: 2024-12-31 23:46:48 +05)" executed successfully
2024-12-31 23:46:48,332 Looking for jobs to run
2024-12-31 23:46:48,334 Next wakeup is due at 2024-12-31 23:46:53.328653+05:00 (in 4.994004 seconds)
2024-12-31 23:46:48,334 Running job "checker (trigger: interval[0:00:05], next run at: 2024-12-31 23:46:53 +05)" (scheduled at 2024-12-31 23:46:48.328653+05:00)
2024-12-31 23:46:48,334 Job "checker (trigger: interval[0:00:05], next run at: 2024-12-31 23:46:53 +05)" executed successfully
2024-12-31 23:46:53,331 Looking for jobs to run
2024-12-31 23:46:53,332 Next wakeup is due at 2024-12-31 23:46:58.328653+05:00 (in 4.996658 seconds)
2024-12-31 23:46:53,332 Running job "checker (trigger: interval[0:00:05], next run at: 2024-12-31 23:46:58 +05)" (scheduled at 2024-12-31 23:46:53.328653+05:00)
2024-12-31 23:46:53,332 Job "checker (trigger: interval[0:00:05], next run at: 2024-12-31 23:46:58 +05)" executed successfully
2024-12-31 23:46:58,335 Looking for jobs to run
2024-12-31 23:46:58,337 Next wakeup is due at 2024-12-31 23:47:03.328653+05:00 (in 4.990931 seconds)
2024-12-31 23:46:58,338 Running job "checker (trigger: interval[0:00:05], next run at: 2024-12-31 23:47:03 +05)" (scheduled at 2024-12-31 23:46:58.328653+05:00)
2024-12-31 23:46:58,338 Job "checker (trigger: interval[0:00:05], next run at: 2024-12-31 23:47:03 +05)" executed successfully
2024-12-31 23:47:03,335 Looking for jobs to run
2024-12-31 23:47:03,336 Next wakeup is due at 2024-12-31 23:47:08.328653+05:00 (in 4.992497 seconds)
2024-12-31 23:47:03,336 Running job "checker (trigger: interval[0:00:05], next run at: 2024-12-31 23:47:08 +05)" (scheduled at 2024-12-31 23:47:03.328653+05:00)
2024-12-31 23:47:03,336 Job "checker (trigger: interval[0:00:05], next run at: 2024-12-31 23:47:08 +05)" executed successfully
2024-12-31 23:47:08,330 Looking for jobs to run
2024-12-31 23:47:08,331 Next wakeup is due at 2024-12-31 23:47:13.328653+05:00 (in 4.997633 seconds)
2024-12-31 23:47:08,331 Running job "checker (trigger: interval[0:00:05], next run at: 2024-12-31 23:47:13 +05)" (scheduled at 2024-12-31 23:47:08.328653+05:00)
2024-12-31 23:47:08,331 Job "checker (trigger: interval[0:00:05], next run at: 2024-12-31 23:47:13 +05)" executed successfully
2024-12-31 23:47:13,330 Looking for jobs to run
2024-12-31 23:47:13,331 Next wakeup is due at 2024-12-31 23:47:18.328653+05:00 (in 4.997311 seconds)
2024-12-31 23:47:13,331 Running job "checker (trigger: interval[0:00:05], next run at: 2024-12-31 23:47:18 +05)" (scheduled at 2024-12-31 23:47:13.328653+05:00)
2024-12-31 23:47:13,331 Job "checker (trigger: interval[0:00:05], next run at: 2024-12-31 23:47:18 +05)" executed successfully
2024-12-31 23:47:18,333 Looking for jobs to run
2024-12-31 23:47:18,333 Next wakeup is due at 2024-12-31 23:47:23.328653+05:00 (in 4.994806 seconds)
2024-12-31 23:47:18,334 Running job "checker (trigger: interval[0:00:05], next run at: 2024-12-31 23:47:23 +05)" (scheduled at 2024-12-31 23:47:18.328653+05:00)
2024-12-31 23:47:18,334 Job "checker (trigger: interval[0:00:05], next run at: 2024-12-31 23:47:23 +05)" executed successfully
2024-12-31 23:47:23,331 Looking for jobs to run
2024-12-31 23:47:23,332 Next wakeup is due at 2024-12-31 23:47:28.328653+05:00 (in 4.996584 seconds)
2024-12-31 23:47:23,332 Running job "checker (trigger: interval[0:00:05], next run at: 2024-12-31 23:47:28 +05)" (scheduled at 2024-12-31 23:47:23.328653+05:00)
2024-12-31 23:47:23,332 Job "checker (trigger: interval[0:00:05], next run at: 2024-12-31 23:47:28 +05)" executed successfully
2024-12-31 23:47:28,331 Looking for jobs to run
2024-12-31 23:47:28,331 Next wakeup is due at 2024-12-31 23:47:33.328653+05:00 (in 4.996981 seconds)
2024-12-31 23:47:28,331 Running job "checker (trigger: interval[0:00:05], next run at: 2024-12-31 23:47:33 +05)" (scheduled at 2024-12-31 23:47:28.328653+05:00)
2024-12-31 23:47:28,332 Job "checker (trigger: interval[0:00:05], next run at: 2024-12-31 23:47:33 +05)" executed successfully
2024-12-31 23:47:33,329 Looking for jobs to run
2024-12-31 23:47:33,330 Next wakeup is due at 2024-12-31 23:47:38.328653+05:00 (in 4.998443 seconds)
2024-12-31 23:47:33,330 Running job "checker (trigger: interval[0:00:05], next run at: 2024-12-31 23:47:38 +05)" (scheduled at 2024-12-31 23:47:33.328653+05:00)
2024-12-31 23:47:33,330 Job "checker (trigger: interval[0:00:05], next run at: 2024-12-31 23:47:38 +05)" executed successfully
2024-12-31 23:47:38,331 Looking for jobs to run
2024-12-31 23:47:38,332 Next wakeup is due at 2024-12-31 23:47:43.328653+05:00 (in 4.995792 seconds)
2024-12-31 23:47:38,333 Running job "checker (trigger: interval[0:00:05], next run at: 2024-12-31 23:47:43 +05)" (scheduled at 2024-12-31 23:47:38.328653+05:00)
2024-12-31 23:47:38,333 Job "checker (trigger: interval[0:00:05], next run at: 2024-12-31 23:47:43 +05)" executed successfully
2024-12-31 23:47:43,331 Looking for jobs to run
2024-12-31 23:47:43,332 Next wakeup is due at 2024-12-31 23:47:48.328653+05:00 (in 4.995942 seconds)
2024-12-31 23:47:43,332 Running job "checker (trigger: interval[0:00:05], next run at: 2024-12-31 23:47:48 +05)" (scheduled at 2024-12-31 23:47:43.328653+05:00)
2024-12-31 23:47:43,333 Job "checker (trigger: interval[0:00:05], next run at: 2024-12-31 23:47:48 +05)" executed successfully
2024-12-31 23:47:48,330 Looking for jobs to run
2024-12-31 23:47:48,330 Next wakeup is due at 2024-12-31 23:47:53.328653+05:00 (in 4.997773 seconds)
2024-12-31 23:47:48,331 Running job "checker (trigger: interval[0:00:05], next run at: 2024-12-31 23:47:53 +05)" (scheduled at 2024-12-31 23:47:48.328653+05:00)
2024-12-31 23:47:48,331 Job "checker (trigger: interval[0:00:05], next run at: 2024-12-31 23:47:53 +05)" executed successfully
2024-12-31 23:47:53,330 Looking for jobs to run
2024-12-31 23:47:53,331 Next wakeup is due at 2024-12-31 23:47:58.328653+05:00 (in 4.997498 seconds)
2024-12-31 23:47:53,331 Running job "checker (trigger: interval[0:00:05], next run at: 2024-12-31 23:47:58 +05)" (scheduled at 2024-12-31 23:47:53.328653+05:00)
2024-12-31 23:47:53,331 Job "checker (trigger: interval[0:00:05], next run at: 2024-12-31 23:47:58 +05)" executed successfully
2024-12-31 23:47:58,331 Looking for jobs to run
2024-12-31 23:47:58,332 Next wakeup is due at 2024-12-31 23:48:03.328653+05:00 (in 4.995732 seconds)
2024-12-31 23:47:58,333 Running job "checker (trigger: interval[0:00:05], next run at: 2024-12-31 23:48:03 +05)" (scheduled at 2024-12-31 23:47:58.328653+05:00)
2024-12-31 23:47:58,334 Job "checker (trigger: interval[0:00:05], next run at: 2024-12-31 23:48:03 +05)" executed successfully
2024-12-31 23:48:03,331 Looking for jobs to run
2024-12-31 23:48:03,331 Next wakeup is due at 2024-12-31 23:48:08.328653+05:00 (in 4.996704 seconds)
2024-12-31 23:48:03,332 Running job "checker (trigger: interval[0:00:05], next run at: 2024-12-31 23:48:08 +05)" (scheduled at 2024-12-31 23:48:03.328653+05:00)
2024-12-31 23:48:03,332 Job "checker (trigger: interval[0:00:05], next run at: 2024-12-31 23:48:08 +05)" executed successfully
2024-12-31 23:48:08,333 Looking for jobs to run
2024-12-31 23:48:08,334 Next wakeup is due at 2024-12-31 23:48:13.328653+05:00 (in 4.994629 seconds)
2024-12-31 23:48:08,334 Running job "checker (trigger: interval[0:00:05], next run at: 2024-12-31 23:48:13 +05)" (scheduled at 2024-12-31 23:48:08.328653+05:00)
2024-12-31 23:48:08,334 Job "checker (trigger: interval[0:00:05], next run at: 2024-12-31 23:48:13 +05)" executed successfully
2024-12-31 23:48:13,329 Looking for jobs to run
2024-12-31 23:48:13,331 Next wakeup is due at 2024-12-31 23:48:18.328653+05:00 (in 4.997338 seconds)
2024-12-31 23:48:13,331 Running job "checker (trigger: interval[0:00:05], next run at: 2024-12-31 23:48:18 +05)" (scheduled at 2024-12-31 23:48:13.328653+05:00)
2024-12-31 23:48:13,331 Job "checker (trigger: interval[0:00:05], next run at: 2024-12-31 23:48:18 +05)" executed successfully
2024-12-31 23:48:18,332 Looking for jobs to run
2024-12-31 23:48:18,332 Next wakeup is due at 2024-12-31 23:48:23.328653+05:00 (in 4.996188 seconds)
2024-12-31 23:48:18,332 Running job "checker (trigger: interval[0:00:05], next run at: 2024-12-31 23:48:23 +05)" (scheduled at 2024-12-31 23:48:18.328653+05:00)
2024-12-31 23:48:18,333 Job "checker (trigger: interval[0:00:05], next run at: 2024-12-31 23:48:23 +05)" executed successfully
2024-12-31 23:48:23,333 Looking for jobs to run
2024-12-31 23:48:23,334 Next wakeup is due at 2024-12-31 23:48:28.328653+05:00 (in 4.994389 seconds)
2024-12-31 23:48:23,334 Running job "checker (trigger: interval[0:00:05], next run at: 2024-12-31 23:48:28 +05)" (scheduled at 2024-12-31 23:48:23.328653+05:00)
2024-12-31 23:48:23,334 Job "checker (trigger: interval[0:00:05], next run at: 2024-12-31 23:48:28 +05)" executed successfully
2024-12-31 23:48:28,331 Looking for jobs to run
2024-12-31 23:48:28,332 Next wakeup is due at 2024-12-31 23:48:33.328653+05:00 (in 4.996450 seconds)
2024-12-31 23:48:28,332 Running job "checker (trigger: interval[0:00:05], next run at: 2024-12-31 23:48:33 +05)" (scheduled at 2024-12-31 23:48:28.328653+05:00)
2024-12-31 23:48:28,332 Job "checker (trigger: interval[0:00:05], next run at: 2024-12-31 23:48:33 +05)" executed successfully
2024-12-31 23:48:33,331 Looking for jobs to run
2024-12-31 23:48:33,332 Next wakeup is due at 2024-12-31 23:48:38.328653+05:00 (in 4.996271 seconds)
2024-12-31 23:48:33,332 Running job "checker (trigger: interval[0:00:05], next run at: 2024-12-31 23:48:38 +05)" (scheduled at 2024-12-31 23:48:33.328653+05:00)
2024-12-31 23:48:33,332 Job "checker (trigger: interval[0:00:05], next run at: 2024-12-31 23:48:38 +05)" executed successfully
2024-12-31 23:48:38,331 Looking for jobs to run
2024-12-31 23:48:38,332 Next wakeup is due at 2024-12-31 23:48:43.328653+05:00 (in 4.996483 seconds)
2024-12-31 23:48:38,332 Running job "checker (trigger: interval[0:00:05], next run at: 2024-12-31 23:48:43 +05)" (scheduled at 2024-12-31 23:48:38.328653+05:00)
2024-12-31 23:48:38,333 Job "checker (trigger: interval[0:00:05], next run at: 2024-12-31 23:48:43 +05)" executed successfully
2024-12-31 23:48:43,331 Looking for jobs to run
2024-12-31 23:48:43,333 Next wakeup is due at 2024-12-31 23:48:48.328653+05:00 (in 4.995403 seconds)
2024-12-31 23:48:43,333 Running job "checker (trigger: interval[0:00:05], next run at: 2024-12-31 23:48:48 +05)" (scheduled at 2024-12-31 23:48:43.328653+05:00)
2024-12-31 23:48:43,333 Job "checker (trigger: interval[0:00:05], next run at: 2024-12-31 23:48:48 +05)" executed successfully
2024-12-31 23:48:48,333 Looking for jobs to run
2024-12-31 23:48:48,334 Next wakeup is due at 2024-12-31 23:48:53.328653+05:00 (in 4.993688 seconds)
2024-12-31 23:48:48,335 Running job "checker (trigger: interval[0:00:05], next run at: 2024-12-31 23:48:53 +05)" (scheduled at 2024-12-31 23:48:48.328653+05:00)
2024-12-31 23:48:48,335 Job "checker (trigger: interval[0:00:05], next run at: 2024-12-31 23:48:53 +05)" executed successfully
2024-12-31 23:48:53,332 Looking for jobs to run
2024-12-31 23:48:53,332 Next wakeup is due at 2024-12-31 23:48:58.328653+05:00 (in 4.996180 seconds)
2024-12-31 23:48:53,333 Running job "checker (trigger: interval[0:00:05], next run at: 2024-12-31 23:48:58 +05)" (scheduled at 2024-12-31 23:48:53.328653+05:00)
2024-12-31 23:48:53,333 Job "checker (trigger: interval[0:00:05], next run at: 2024-12-31 23:48:58 +05)" executed successfully
2024-12-31 23:48:58,331 Looking for jobs to run
2024-12-31 23:48:58,332 Next wakeup is due at 2024-12-31 23:49:03.328653+05:00 (in 4.996591 seconds)
2024-12-31 23:48:58,332 Running job "checker (trigger: interval[0:00:05], next run at: 2024-12-31 23:49:03 +05)" (scheduled at 2024-12-31 23:48:58.328653+05:00)
2024-12-31 23:48:58,332 Job "checker (trigger: interval[0:00:05], next run at: 2024-12-31 23:49:03 +05)" executed successfully
2024-12-31 23:49:03,333 Looking for jobs to run
2024-12-31 23:49:03,333 Next wakeup is due at 2024-12-31 23:49:08.328653+05:00 (in 4.995123 seconds)
2024-12-31 23:49:03,333 Running job "checker (trigger: interval[0:00:05], next run at: 2024-12-31 23:49:08 +05)" (scheduled at 2024-12-31 23:49:03.328653+05:00)
2024-12-31 23:49:03,334 Job "checker (trigger: interval[0:00:05], next run at: 2024-12-31 23:49:08 +05)" executed successfully
2024-12-31 23:49:08,331 Looking for jobs to run
2024-12-31 23:49:08,332 Next wakeup is due at 2024-12-31 23:49:13.328653+05:00 (in 4.996523 seconds)
2024-12-31 23:49:08,332 Running job "checker (trigger: interval[0:00:05], next run at: 2024-12-31 23:49:13 +05)" (scheduled at 2024-12-31 23:49:08.328653+05:00)
2024-12-31 23:49:08,332 Job "checker (trigger: interval[0:00:05], next run at: 2024-12-31 23:49:13 +05)" executed successfully
2024-12-31 23:49:13,331 Looking for jobs to run
2024-12-31 23:49:13,332 Next wakeup is due at 2024-12-31 23:49:18.328653+05:00 (in 4.996572 seconds)
2024-12-31 23:49:13,332 Running job "checker (trigger: interval[0:00:05], next run at: 2024-12-31 23:49:18 +05)" (scheduled at 2024-12-31 23:49:13.328653+05:00)
2024-12-31 23:49:13,332 Job "checker (trigger: interval[0:00:05], next run at: 2024-12-31 23:49:18 +05)" executed successfully
2024-12-31 23:49:18,331 Looking for jobs to run
2024-12-31 23:49:18,332 Next wakeup is due at 2024-12-31 23:49:23.328653+05:00 (in 4.996104 seconds)
2024-12-31 23:49:18,332 Running job "checker (trigger: interval[0:00:05], next run at: 2024-12-31 23:49:23 +05)" (scheduled at 2024-12-31 23:49:18.328653+05:00)
2024-12-31 23:49:18,333 Job "checker (trigger: interval[0:00:05], next run at: 2024-12-31 23:49:23 +05)" executed successfully
2024-12-31 23:49:23,331 Looking for jobs to run
2024-12-31 23:49:23,333 Next wakeup is due at 2024-12-31 23:49:28.328653+05:00 (in 4.995540 seconds)
2024-12-31 23:49:23,333 Running job "checker (trigger: interval[0:00:05], next run at: 2024-12-31 23:49:28 +05)" (scheduled at 2024-12-31 23:49:23.328653+05:00)
2024-12-31 23:49:23,333 Job "checker (trigger: interval[0:00:05], next run at: 2024-12-31 23:49:28 +05)" executed successfully
2024-12-31 23:49:28,331 Looking for jobs to run
2024-12-31 23:49:28,331 Next wakeup is due at 2024-12-31 23:49:33.328653+05:00 (in 4.996708 seconds)
2024-12-31 23:49:28,332 Running job "checker (trigger: interval[0:00:05], next run at: 2024-12-31 23:49:33 +05)" (scheduled at 2024-12-31 23:49:28.328653+05:00)
2024-12-31 23:49:28,332 Job "checker (trigger: interval[0:00:05], next run at: 2024-12-31 23:49:33 +05)" executed successfully
2024-12-31 23:49:33,331 Looking for jobs to run
2024-12-31 23:49:33,332 Next wakeup is due at 2024-12-31 23:49:38.328653+05:00 (in 4.995708 seconds)
2024-12-31 23:49:33,333 Running job "checker (trigger: interval[0:00:05], next run at: 2024-12-31 23:49:38 +05)" (scheduled at 2024-12-31 23:49:33.328653+05:00)
2024-12-31 23:49:33,333 Job "checker (trigger: interval[0:00:05], next run at: 2024-12-31 23:49:38 +05)" executed successfully
2024-12-31 23:49:38,333 Looking for jobs to run
2024-12-31 23:49:38,334 Next wakeup is due at 2024-12-31 23:49:43.328653+05:00 (in 4.994281 seconds)
2024-12-31 23:49:38,334 Running job "checker (trigger: interval[0:00:05], next run at: 2024-12-31 23:49:43 +05)" (scheduled at 2024-12-31 23:49:38.328653+05:00)
2024-12-31 23:49:38,334 Job "checker (trigger: interval[0:00:05], next run at: 2024-12-31 23:49:43 +05)" executed successfully
2024-12-31 23:49:43,331 Looking for jobs to run
2024-12-31 23:49:43,331 Next wakeup is due at 2024-12-31 23:49:48.328653+05:00 (in 4.996680 seconds)
2024-12-31 23:49:43,332 Running job "checker (trigger: interval[0:00:05], next run at: 2024-12-31 23:49:48 +05)" (scheduled at 2024-12-31 23:49:43.328653+05:00)
2024-12-31 23:49:43,332 Job "checker (trigger: interval[0:00:05], next run at: 2024-12-31 23:49:48 +05)" executed successfully
2024-12-31 23:49:48,331 Looking for jobs to run
2024-12-31 23:49:48,332 Next wakeup is due at 2024-12-31 23:49:53.328653+05:00 (in 4.996384 seconds)
2024-12-31 23:49:48,333 Running job "checker (trigger: interval[0:00:05], next run at: 2024-12-31 23:49:53 +05)" (scheduled at 2024-12-31 23:49:48.328653+05:00)
2024-12-31 23:49:48,333 Job "checker (trigger: interval[0:00:05], next run at: 2024-12-31 23:49:53 +05)" executed successfully
2024-12-31 23:49:53,334 Looking for jobs to run
2024-12-31 23:49:53,335 Next wakeup is due at 2024-12-31 23:49:58.328653+05:00 (in 4.992717 seconds)
2024-12-31 23:49:53,336 Running job "checker (trigger: interval[0:00:05], next run at: 2024-12-31 23:49:58 +05)" (scheduled at 2024-12-31 23:49:53.328653+05:00)
2024-12-31 23:49:53,336 Job "checker (trigger: interval[0:00:05], next run at: 2024-12-31 23:49:58 +05)" executed successfully
2024-12-31 23:49:58,331 Looking for jobs to run
2024-12-31 23:49:58,332 Next wakeup is due at 2024-12-31 23:50:03.328653+05:00 (in 4.996415 seconds)
2024-12-31 23:49:58,332 Running job "checker (trigger: interval[0:00:05], next run at: 2024-12-31 23:50:03 +05)" (scheduled at 2024-12-31 23:49:58.328653+05:00)
2024-12-31 23:49:58,332 Job "checker (trigger: interval[0:00:05], next run at: 2024-12-31 23:50:03 +05)" executed successfully
2024-12-31 23:50:03,331 Looking for jobs to run
2024-12-31 23:50:03,331 Next wakeup is due at 2024-12-31 23:50:08.328653+05:00 (in 4.996711 seconds)
2024-12-31 23:50:03,332 Running job "checker (trigger: interval[0:00:05], next run at: 2024-12-31 23:50:08 +05)" (scheduled at 2024-12-31 23:50:03.328653+05:00)
2024-12-31 23:50:03,332 Job "checker (trigger: interval[0:00:05], next run at: 2024-12-31 23:50:08 +05)" executed successfully
2024-12-31 23:50:08,332 Looking for jobs to run
2024-12-31 23:50:08,332 Next wakeup is due at 2024-12-31 23:50:13.328653+05:00 (in 4.996035 seconds)
2024-12-31 23:50:08,332 Running job "checker (trigger: interval[0:00:05], next run at: 2024-12-31 23:50:13 +05)" (scheduled at 2024-12-31 23:50:08.328653+05:00)
2024-12-31 23:50:08,333 Job "checker (trigger: interval[0:00:05], next run at: 2024-12-31 23:50:13 +05)" executed successfully
2024-12-31 23:50:13,331 Looking for jobs to run
2024-12-31 23:50:13,332 Next wakeup is due at 2024-12-31 23:50:18.328653+05:00 (in 4.996092 seconds)
2024-12-31 23:50:13,332 Running job "checker (trigger: interval[0:00:05], next run at: 2024-12-31 23:50:18 +05)" (scheduled at 2024-12-31 23:50:13.328653+05:00)
2024-12-31 23:50:13,332 Job "checker (trigger: interval[0:00:05], next run at: 2024-12-31 23:50:18 +05)" executed successfully
2024-12-31 23:50:18,331 Looking for jobs to run
2024-12-31 23:50:18,333 Next wakeup is due at 2024-12-31 23:50:23.328653+05:00 (in 4.995309 seconds)
2024-12-31 23:50:18,333 Running job "checker (trigger: interval[0:00:05], next run at: 2024-12-31 23:50:23 +05)" (scheduled at 2024-12-31 23:50:18.328653+05:00)
2024-12-31 23:50:18,333 Job "checker (trigger: interval[0:00:05], next run at: 2024-12-31 23:50:23 +05)" executed successfully
2024-12-31 23:50:23,331 Looking for jobs to run
2024-12-31 23:50:23,332 Next wakeup is due at 2024-12-31 23:50:28.328653+05:00 (in 4.996433 seconds)
2024-12-31 23:50:23,332 Running job "checker (trigger: interval[0:00:05], next run at: 2024-12-31 23:50:28 +05)" (scheduled at 2024-12-31 23:50:23.328653+05:00)
2024-12-31 23:50:23,332 Job "checker (trigger: interval[0:00:05], next run at: 2024-12-31 23:50:28 +05)" executed successfully
2024-12-31 23:50:28,331 Looking for jobs to run
2024-12-31 23:50:28,332 Next wakeup is due at 2024-12-31 23:50:33.328653+05:00 (in 4.996540 seconds)
2024-12-31 23:50:28,332 Running job "checker (trigger: interval[0:00:05], next run at: 2024-12-31 23:50:33 +05)" (scheduled at 2024-12-31 23:50:28.328653+05:00)
2024-12-31 23:50:28,332 Job "checker (trigger: interval[0:00:05], next run at: 2024-12-31 23:50:33 +05)" executed successfully
2024-12-31 23:50:33,331 Looking for jobs to run
2024-12-31 23:50:33,332 Next wakeup is due at 2024-12-31 23:50:38.328653+05:00 (in 4.996673 seconds)
2024-12-31 23:50:33,333 Running job "checker (trigger: interval[0:00:05], next run at: 2024-12-31 23:50:38 +05)" (scheduled at 2024-12-31 23:50:33.328653+05:00)
2024-12-31 23:50:33,333 Job "checker (trigger: interval[0:00:05], next run at: 2024-12-31 23:50:38 +05)" executed successfully
2024-12-31 23:50:38,331 Looking for jobs to run
2024-12-31 23:50:38,332 Next wakeup is due at 2024-12-31 23:50:43.328653+05:00 (in 4.996451 seconds)
2024-12-31 23:50:38,332 Running job "checker (trigger: interval[0:00:05], next run at: 2024-12-31 23:50:43 +05)" (scheduled at 2024-12-31 23:50:38.328653+05:00)
2024-12-31 23:50:38,332 Job "checker (trigger: interval[0:00:05], next run at: 2024-12-31 23:50:43 +05)" executed successfully
2024-12-31 23:50:43,331 Looking for jobs to run
2024-12-31 23:50:43,332 Next wakeup is due at 2024-12-31 23:50:48.328653+05:00 (in 4.996357 seconds)
2024-12-31 23:50:43,332 Running job "checker (trigger: interval[0:00:05], next run at: 2024-12-31 23:50:48 +05)" (scheduled at 2024-12-31 23:50:43.328653+05:00)
2024-12-31 23:50:43,332 Job "checker (trigger: interval[0:00:05], next run at: 2024-12-31 23:50:48 +05)" executed successfully
2024-12-31 23:50:48,331 Looking for jobs to run
2024-12-31 23:50:48,332 Next wakeup is due at 2024-12-31 23:50:53.328653+05:00 (in 4.996608 seconds)
2024-12-31 23:50:48,332 Running job "checker (trigger: interval[0:00:05], next run at: 2024-12-31 23:50:53 +05)" (scheduled at 2024-12-31 23:50:48.328653+05:00)
2024-12-31 23:50:48,332 Job "checker (trigger: interval[0:00:05], next run at: 2024-12-31 23:50:53 +05)" executed successfully
2024-12-31 23:50:53,337 Looking for jobs to run
2024-12-31 23:50:53,344 Next wakeup is due at 2024-12-31 23:50:58.328653+05:00 (in 4.984673 seconds)
2024-12-31 23:50:53,344 Running job "checker (trigger: interval[0:00:05], next run at: 2024-12-31 23:50:58 +05)" (scheduled at 2024-12-31 23:50:53.328653+05:00)
2024-12-31 23:50:53,344 Job "checker (trigger: interval[0:00:05], next run at: 2024-12-31 23:50:58 +05)" executed successfully
2024-12-31 23:50:58,332 Looking for jobs to run
2024-12-31 23:50:58,332 Next wakeup is due at 2024-12-31 23:51:03.328653+05:00 (in 4.996040 seconds)
2024-12-31 23:50:58,332 Running job "checker (trigger: interval[0:00:05], next run at: 2024-12-31 23:51:03 +05)" (scheduled at 2024-12-31 23:50:58.328653+05:00)
2024-12-31 23:50:58,332 Job "checker (trigger: interval[0:00:05], next run at: 2024-12-31 23:51:03 +05)" executed successfully
2024-12-31 23:51:03,332 Looking for jobs to run
2024-12-31 23:51:03,334 Next wakeup is due at 2024-12-31 23:51:08.328653+05:00 (in 4.994364 seconds)
2024-12-31 23:51:03,334 Running job "checker (trigger: interval[0:00:05], next run at: 2024-12-31 23:51:08 +05)" (scheduled at 2024-12-31 23:51:03.328653+05:00)
2024-12-31 23:51:03,334 Job "checker (trigger: interval[0:00:05], next run at: 2024-12-31 23:51:08 +05)" executed successfully
2024-12-31 23:51:08,331 Looking for jobs to run
2024-12-31 23:51:08,331 Next wakeup is due at 2024-12-31 23:51:13.328653+05:00 (in 4.996683 seconds)
2024-12-31 23:51:08,332 Running job "checker (trigger: interval[0:00:05], next run at: 2024-12-31 23:51:13 +05)" (scheduled at 2024-12-31 23:51:08.328653+05:00)
2024-12-31 23:51:08,332 Job "checker (trigger: interval[0:00:05], next run at: 2024-12-31 23:51:13 +05)" executed successfully
2024-12-31 23:51:13,331 Looking for jobs to run
2024-12-31 23:51:13,331 Next wakeup is due at 2024-12-31 23:51:18.328653+05:00 (in 4.996720 seconds)
2024-12-31 23:51:13,332 Running job "checker (trigger: interval[0:00:05], next run at: 2024-12-31 23:51:18 +05)" (scheduled at 2024-12-31 23:51:13.328653+05:00)
2024-12-31 23:51:13,332 Job "checker (trigger: interval[0:00:05], next run at: 2024-12-31 23:51:18 +05)" executed successfully
2024-12-31 23:51:18,331 Looking for jobs to run
2024-12-31 23:51:18,332 Next wakeup is due at 2024-12-31 23:51:23.328653+05:00 (in 4.995980 seconds)
2024-12-31 23:51:18,332 Running job "checker (trigger: interval[0:00:05], next run at: 2024-12-31 23:51:23 +05)" (scheduled at 2024-12-31 23:51:18.328653+05:00)
2024-12-31 23:51:18,333 Job "checker (trigger: interval[0:00:05], next run at: 2024-12-31 23:51:23 +05)" executed successfully
2024-12-31 23:51:23,332 Looking for jobs to run
2024-12-31 23:51:23,332 Next wakeup is due at 2024-12-31 23:51:28.328653+05:00 (in 4.996040 seconds)
2024-12-31 23:51:23,332 Running job "checker (trigger: interval[0:00:05], next run at: 2024-12-31 23:51:28 +05)" (scheduled at 2024-12-31 23:51:23.328653+05:00)
2024-12-31 23:51:23,332 Job "checker (trigger: interval[0:00:05], next run at: 2024-12-31 23:51:28 +05)" executed successfully
2024-12-31 23:51:28,331 Looking for jobs to run
2024-12-31 23:51:28,331 Next wakeup is due at 2024-12-31 23:51:33.328653+05:00 (in 4.996702 seconds)
2024-12-31 23:51:28,332 Running job "checker (trigger: interval[0:00:05], next run at: 2024-12-31 23:51:33 +05)" (scheduled at 2024-12-31 23:51:28.328653+05:00)
2024-12-31 23:51:28,332 Job "checker (trigger: interval[0:00:05], next run at: 2024-12-31 23:51:33 +05)" executed successfully
2024-12-31 23:51:33,331 Looking for jobs to run
2024-12-31 23:51:33,332 Next wakeup is due at 2024-12-31 23:51:38.328653+05:00 (in 4.996235 seconds)
2024-12-31 23:51:33,332 Running job "checker (trigger: interval[0:00:05], next run at: 2024-12-31 23:51:38 +05)" (scheduled at 2024-12-31 23:51:33.328653+05:00)
2024-12-31 23:51:33,332 Job "checker (trigger: interval[0:00:05], next run at: 2024-12-31 23:51:38 +05)" executed successfully
2024-12-31 23:51:38,331 Looking for jobs to run
2024-12-31 23:51:38,331 Next wakeup is due at 2024-12-31 23:51:43.328653+05:00 (in 4.996698 seconds)
2024-12-31 23:51:38,332 Running job "checker (trigger: interval[0:00:05], next run at: 2024-12-31 23:51:43 +05)" (scheduled at 2024-12-31 23:51:38.328653+05:00)
2024-12-31 23:51:38,332 Job "checker (trigger: interval[0:00:05], next run at: 2024-12-31 23:51:43 +05)" executed successfully
2024-12-31 23:51:43,333 Looking for jobs to run
2024-12-31 23:51:43,333 Next wakeup is due at 2024-12-31 23:51:48.328653+05:00 (in 4.994848 seconds)
2024-12-31 23:51:43,333 Running job "checker (trigger: interval[0:00:05], next run at: 2024-12-31 23:51:48 +05)" (scheduled at 2024-12-31 23:51:43.328653+05:00)
2024-12-31 23:51:43,334 Job "checker (trigger: interval[0:00:05], next run at: 2024-12-31 23:51:48 +05)" executed successfully
2024-12-31 23:51:48,334 Looking for jobs to run
2024-12-31 23:51:48,336 Next wakeup is due at 2024-12-31 23:51:53.328653+05:00 (in 4.992667 seconds)
2024-12-31 23:51:48,336 Running job "checker (trigger: interval[0:00:05], next run at: 2024-12-31 23:51:53 +05)" (scheduled at 2024-12-31 23:51:48.328653+05:00)
2024-12-31 23:51:48,336 Job "checker (trigger: interval[0:00:05], next run at: 2024-12-31 23:51:53 +05)" executed successfully
2024-12-31 23:51:53,331 Looking for jobs to run
2024-12-31 23:51:53,332 Next wakeup is due at 2024-12-31 23:51:58.328653+05:00 (in 4.995830 seconds)
2024-12-31 23:51:53,333 Running job "checker (trigger: interval[0:00:05], next run at: 2024-12-31 23:51:58 +05)" (scheduled at 2024-12-31 23:51:53.328653+05:00)
2024-12-31 23:51:53,333 Job "checker (trigger: interval[0:00:05], next run at: 2024-12-31 23:51:58 +05)" executed successfully
2024-12-31 23:51:58,331 Looking for jobs to run
2024-12-31 23:51:58,332 Next wakeup is due at 2024-12-31 23:52:03.328653+05:00 (in 4.995700 seconds)
2024-12-31 23:51:58,333 Running job "checker (trigger: interval[0:00:05], next run at: 2024-12-31 23:52:03 +05)" (scheduled at 2024-12-31 23:51:58.328653+05:00)
2024-12-31 23:51:58,333 Job "checker (trigger: interval[0:00:05], next run at: 2024-12-31 23:52:03 +05)" executed successfully
2024-12-31 23:52:03,195 Infinity polling: polling exited
2024-12-31 23:52:03,198 Break infinity polling
