2025-01-06 15:56:13,614 Adding job tentatively -- it will be properly scheduled when the scheduler starts
2025-01-06 15:56:13,614 Added job "checker" to job store "default"
2025-01-06 15:56:13,614 Scheduler started
2025-01-06 15:56:13,620 Looking for jobs to run
2025-01-06 15:56:13,621 Next wakeup is due at 2025-01-06 15:56:18.613898+05:00 (in 4.992902 seconds)
2025-01-06 15:56:18,616 Looking for jobs to run
2025-01-06 15:56:18,617 Next wakeup is due at 2025-01-06 15:56:23.613898+05:00 (in 4.996727 seconds)
2025-01-06 15:56:18,617 Running job "checker (trigger: interval[0:00:05], next run at: 2025-01-06 15:56:23 +05)" (scheduled at 2025-01-06 15:56:18.613898+05:00)
2025-01-06 15:56:18,617 Job "checker (trigger: interval[0:00:05], next run at: 2025-01-06 15:56:23 +05)" executed successfully
2025-01-06 15:56:23,616 Looking for jobs to run
2025-01-06 15:56:23,617 Next wakeup is due at 2025-01-06 15:56:28.613898+05:00 (in 4.996873 seconds)
2025-01-06 15:56:23,617 Running job "checker (trigger: interval[0:00:05], next run at: 2025-01-06 15:56:28 +05)" (scheduled at 2025-01-06 15:56:23.613898+05:00)
2025-01-06 15:56:23,617 Job "checker (trigger: interval[0:00:05], next run at: 2025-01-06 15:56:28 +05)" executed successfully
2025-01-06 15:56:28,618 Looking for jobs to run
2025-01-06 15:56:28,618 Next wakeup is due at 2025-01-06 15:56:33.613898+05:00 (in 4.995299 seconds)
2025-01-06 15:56:28,618 Running job "checker (trigger: interval[0:00:05], next run at: 2025-01-06 15:56:33 +05)" (scheduled at 2025-01-06 15:56:28.613898+05:00)
2025-01-06 15:56:28,618 Job "checker (trigger: interval[0:00:05], next run at: 2025-01-06 15:56:33 +05)" executed successfully
2025-01-06 15:56:33,616 Looking for jobs to run
2025-01-06 15:56:33,616 Next wakeup is due at 2025-01-06 15:56:38.613898+05:00 (in 4.996981 seconds)
2025-01-06 15:56:33,617 Running job "checker (trigger: interval[0:00:05], next run at: 2025-01-06 15:56:38 +05)" (scheduled at 2025-01-06 15:56:33.613898+05:00)
2025-01-06 15:56:33,617 Job "checker (trigger: interval[0:00:05], next run at: 2025-01-06 15:56:38 +05)" executed successfully
2025-01-06 15:56:38,616 Looking for jobs to run
2025-01-06 15:56:38,616 Next wakeup is due at 2025-01-06 15:56:43.613898+05:00 (in 4.997040 seconds)
2025-01-06 15:56:38,617 Running job "checker (trigger: interval[0:00:05], next run at: 2025-01-06 15:56:43 +05)" (scheduled at 2025-01-06 15:56:38.613898+05:00)
2025-01-06 15:56:38,617 Job "checker (trigger: interval[0:00:05], next run at: 2025-01-06 15:56:43 +05)" executed successfully
2025-01-06 15:56:43,618 Looking for jobs to run
2025-01-06 15:56:43,619 Next wakeup is due at 2025-01-06 15:56:48.613898+05:00 (in 4.994604 seconds)
2025-01-06 15:56:43,619 Running job "checker (trigger: interval[0:00:05], next run at: 2025-01-06 15:56:48 +05)" (scheduled at 2025-01-06 15:56:43.613898+05:00)
2025-01-06 15:56:43,619 Job "checker (trigger: interval[0:00:05], next run at: 2025-01-06 15:56:48 +05)" executed successfully
2025-01-06 15:56:48,616 Looking for jobs to run
2025-01-06 15:56:48,616 Next wakeup is due at 2025-01-06 15:56:53.613898+05:00 (in 4.996996 seconds)
2025-01-06 15:56:48,617 Running job "checker (trigger: interval[0:00:05], next run at: 2025-01-06 15:56:53 +05)" (scheduled at 2025-01-06 15:56:48.613898+05:00)
2025-01-06 15:56:48,617 Job "checker (trigger: interval[0:00:05], next run at: 2025-01-06 15:56:53 +05)" executed successfully
2025-01-06 15:56:53,616 Looking for jobs to run
2025-01-06 15:56:53,617 Next wakeup is due at 2025-01-06 15:56:58.613898+05:00 (in 4.996744 seconds)
2025-01-06 15:56:53,617 Running job "checker (trigger: interval[0:00:05], next run at: 2025-01-06 15:56:58 +05)" (scheduled at 2025-01-06 15:56:53.613898+05:00)
2025-01-06 15:56:53,617 Job "checker (trigger: interval[0:00:05], next run at: 2025-01-06 15:56:58 +05)" executed successfully
2025-01-06 15:56:57,130 executing <function connect.<locals>.connector at 0x7f48a5603880>
2025-01-06 15:56:57,133 operation <function connect.<locals>.connector at 0x7f48a5603880> completed
2025-01-06 15:56:57,134 executing functools.partial(<built-in method execute of sqlite3.Connection object at 0x7f48a55be5c0>, 'SELECT topic_id FROM users WHERE chat_id = ?', (5434361630,))
2025-01-06 15:56:57,137 operation functools.partial(<built-in method execute of sqlite3.Connection object at 0x7f48a55be5c0>, 'SELECT topic_id FROM users WHERE chat_id = ?', (5434361630,)) completed
2025-01-06 15:56:57,137 executing functools.partial(<built-in method fetchone of sqlite3.Cursor object at 0x7f48a56140c0>)
2025-01-06 15:56:57,137 operation functools.partial(<built-in method fetchone of sqlite3.Cursor object at 0x7f48a56140c0>) completed
2025-01-06 15:56:57,138 executing functools.partial(<built-in method close of sqlite3.Cursor object at 0x7f48a56140c0>)
2025-01-06 15:56:57,138 operation functools.partial(<built-in method close of sqlite3.Cursor object at 0x7f48a56140c0>) completed
2025-01-06 15:56:57,139 executing <function connect.<locals>.connector at 0x7f48a5602200>
2025-01-06 15:56:57,139 operation <function connect.<locals>.connector at 0x7f48a5602200> completed
2025-01-06 15:56:57,139 executing functools.partial(<built-in method execute of sqlite3.Connection object at 0x7f48a55be980>, 'PRAGMA foreign_keys = ON', [])
2025-01-06 15:56:57,139 operation functools.partial(<built-in method execute of sqlite3.Connection object at 0x7f48a55be980>, 'PRAGMA foreign_keys = ON', []) completed
2025-01-06 15:56:57,140 executing functools.partial(<built-in method execute of sqlite3.Connection object at 0x7f48a55be980>, '\n            CREATE TABLE IF NOT EXISTS users (\n                chat_id INTEGER,\n                topic_id INTEGER,\n                user_name TEXT,\n                PRIMARY KEY (chat_id, topic_id)\n            )\n        ', [])
2025-01-06 15:56:57,140 operation functools.partial(<built-in method execute of sqlite3.Connection object at 0x7f48a55be980>, '\n            CREATE TABLE IF NOT EXISTS users (\n                chat_id INTEGER,\n                topic_id INTEGER,\n                user_name TEXT,\n                PRIMARY KEY (chat_id, topic_id)\n            )\n        ', []) completed
2025-01-06 15:56:57,140 executing functools.partial(<built-in method execute of sqlite3.Connection object at 0x7f48a55be980>, '\n            CREATE TABLE IF NOT EXISTS group_messages (\n                topic_id INTEGER,\n                message_id INTEGER,\n                local_id INTEGER,\n                PRIMARY KEY (topic_id, local_id)\n            )\n        ', [])
2025-01-06 15:56:57,140 operation functools.partial(<built-in method execute of sqlite3.Connection object at 0x7f48a55be980>, '\n            CREATE TABLE IF NOT EXISTS group_messages (\n                topic_id INTEGER,\n                message_id INTEGER,\n                local_id INTEGER,\n                PRIMARY KEY (topic_id, local_id)\n            )\n        ', []) completed
2025-01-06 15:56:57,141 executing functools.partial(<built-in method execute of sqlite3.Connection object at 0x7f48a55be980>, '\n            CREATE TABLE IF NOT EXISTS private_messages (\n                chat_id INTEGER,\n                message_id INTEGER,\n                local_id INTEGER,\n                PRIMARY KEY (chat_id, local_id)\n            )\n        ', [])
2025-01-06 15:56:57,141 operation functools.partial(<built-in method execute of sqlite3.Connection object at 0x7f48a55be980>, '\n            CREATE TABLE IF NOT EXISTS private_messages (\n                chat_id INTEGER,\n                message_id INTEGER,\n                local_id INTEGER,\n                PRIMARY KEY (chat_id, local_id)\n            )\n        ', []) completed
2025-01-06 15:56:57,141 executing functools.partial(<built-in method commit of sqlite3.Connection object at 0x7f48a55be980>)
2025-01-06 15:56:57,141 operation functools.partial(<built-in method commit of sqlite3.Connection object at 0x7f48a55be980>) completed
2025-01-06 15:56:57,141 executing functools.partial(<built-in method execute of sqlite3.Connection object at 0x7f48a55be980>, 'SELECT topic_id FROM users WHERE chat_id = ? AND user_name = ?', (5434361630, 'yadgenn'))
2025-01-06 15:56:57,142 operation functools.partial(<built-in method execute of sqlite3.Connection object at 0x7f48a55be980>, 'SELECT topic_id FROM users WHERE chat_id = ? AND user_name = ?', (5434361630, 'yadgenn')) completed
2025-01-06 15:56:57,142 executing functools.partial(<built-in method fetchone of sqlite3.Cursor object at 0x7f48a56149c0>)
2025-01-06 15:56:57,142 operation functools.partial(<built-in method fetchone of sqlite3.Cursor object at 0x7f48a56149c0>) completed
2025-01-06 15:56:57,142 executing functools.partial(<built-in method close of sqlite3.Cursor object at 0x7f48a56149c0>)
2025-01-06 15:56:57,142 operation functools.partial(<built-in method close of sqlite3.Cursor object at 0x7f48a56149c0>) completed
2025-01-06 15:56:58,615 Looking for jobs to run
2025-01-06 15:56:58,615 Next wakeup is due at 2025-01-06 15:57:03.613898+05:00 (in 4.998379 seconds)
2025-01-06 15:56:58,615 Running job "checker (trigger: interval[0:00:05], next run at: 2025-01-06 15:57:03 +05)" (scheduled at 2025-01-06 15:56:58.613898+05:00)
2025-01-06 15:56:58,615 Job "checker (trigger: interval[0:00:05], next run at: 2025-01-06 15:57:03 +05)" executed successfully
2025-01-06 15:56:59,115 executing functools.partial(<built-in method execute of sqlite3.Connection object at 0x7f48a55be980>, 'SELECT topic_id FROM users WHERE chat_id = ?', (5434361630,))
2025-01-06 15:56:59,115 operation functools.partial(<built-in method execute of sqlite3.Connection object at 0x7f48a55be980>, 'SELECT topic_id FROM users WHERE chat_id = ?', (5434361630,)) completed
2025-01-06 15:56:59,115 executing functools.partial(<built-in method fetchone of sqlite3.Cursor object at 0x7f48a56149c0>)
2025-01-06 15:56:59,115 operation functools.partial(<built-in method fetchone of sqlite3.Cursor object at 0x7f48a56149c0>) completed
2025-01-06 15:56:59,115 executing functools.partial(<built-in method close of sqlite3.Cursor object at 0x7f48a56149c0>)
2025-01-06 15:56:59,116 operation functools.partial(<built-in method close of sqlite3.Cursor object at 0x7f48a56149c0>) completed
2025-01-06 15:56:59,116 executing functools.partial(<built-in method execute of sqlite3.Connection object at 0x7f48a55be980>, 'SELECT MAX(local_id) FROM group_messages WHERE topic_id = ?', (186,))
2025-01-06 15:56:59,116 operation functools.partial(<built-in method execute of sqlite3.Connection object at 0x7f48a55be980>, 'SELECT MAX(local_id) FROM group_messages WHERE topic_id = ?', (186,)) completed
2025-01-06 15:56:59,116 executing functools.partial(<built-in method fetchone of sqlite3.Cursor object at 0x7f48a56149c0>)
2025-01-06 15:56:59,116 operation functools.partial(<built-in method fetchone of sqlite3.Cursor object at 0x7f48a56149c0>) completed
2025-01-06 15:56:59,116 executing functools.partial(<built-in method close of sqlite3.Cursor object at 0x7f48a56149c0>)
2025-01-06 15:56:59,116 operation functools.partial(<built-in method close of sqlite3.Cursor object at 0x7f48a56149c0>) completed
2025-01-06 15:56:59,116 executing functools.partial(<built-in method execute of sqlite3.Connection object at 0x7f48a55be980>, '\n                    INSERT INTO group_messages (topic_id, message_id, local_id)\n                    VALUES (?, ?, ?)\n                ', (186, 1330, 349))
2025-01-06 15:56:59,117 operation functools.partial(<built-in method execute of sqlite3.Connection object at 0x7f48a55be980>, '\n                    INSERT INTO group_messages (topic_id, message_id, local_id)\n                    VALUES (?, ?, ?)\n                ', (186, 1330, 349)) completed
2025-01-06 15:56:59,117 executing functools.partial(<built-in method execute of sqlite3.Connection object at 0x7f48a55be980>, 'SELECT MAX(local_id) FROM private_messages WHERE chat_id = ?', (5434361630,))
2025-01-06 15:56:59,117 operation functools.partial(<built-in method execute of sqlite3.Connection object at 0x7f48a55be980>, 'SELECT MAX(local_id) FROM private_messages WHERE chat_id = ?', (5434361630,)) completed
2025-01-06 15:56:59,117 executing functools.partial(<built-in method fetchone of sqlite3.Cursor object at 0x7f48a5615740>)
2025-01-06 15:56:59,118 operation functools.partial(<built-in method fetchone of sqlite3.Cursor object at 0x7f48a5615740>) completed
2025-01-06 15:56:59,118 executing functools.partial(<built-in method close of sqlite3.Cursor object at 0x7f48a5615740>)
2025-01-06 15:56:59,118 operation functools.partial(<built-in method close of sqlite3.Cursor object at 0x7f48a5615740>) completed
2025-01-06 15:56:59,118 executing functools.partial(<built-in method execute of sqlite3.Connection object at 0x7f48a55be980>, '\n                    INSERT INTO private_messages (chat_id, message_id, local_id)\n                    VALUES (?, ?, ?)\n                ', (5434361630, 23184, 349))
2025-01-06 15:56:59,118 operation functools.partial(<built-in method execute of sqlite3.Connection object at 0x7f48a55be980>, '\n                    INSERT INTO private_messages (chat_id, message_id, local_id)\n                    VALUES (?, ?, ?)\n                ', (5434361630, 23184, 349)) completed
2025-01-06 15:56:59,118 executing functools.partial(<built-in method commit of sqlite3.Connection object at 0x7f48a55be980>)
2025-01-06 15:56:59,122 operation functools.partial(<built-in method commit of sqlite3.Connection object at 0x7f48a55be980>) completed
2025-01-06 15:57:03,618 Looking for jobs to run
2025-01-06 15:57:03,619 Next wakeup is due at 2025-01-06 15:57:08.613898+05:00 (in 4.994634 seconds)
2025-01-06 15:57:03,619 Running job "checker (trigger: interval[0:00:05], next run at: 2025-01-06 15:57:08 +05)" (scheduled at 2025-01-06 15:57:03.613898+05:00)
2025-01-06 15:57:03,619 Job "checker (trigger: interval[0:00:05], next run at: 2025-01-06 15:57:08 +05)" executed successfully
2025-01-06 15:57:08,618 Looking for jobs to run
2025-01-06 15:57:08,619 Next wakeup is due at 2025-01-06 15:57:13.613898+05:00 (in 4.994229 seconds)
2025-01-06 15:57:08,619 Running job "checker (trigger: interval[0:00:05], next run at: 2025-01-06 15:57:13 +05)" (scheduled at 2025-01-06 15:57:08.613898+05:00)
2025-01-06 15:57:08,620 Job "checker (trigger: interval[0:00:05], next run at: 2025-01-06 15:57:13 +05)" executed successfully
2025-01-06 15:57:13,615 Looking for jobs to run
2025-01-06 15:57:13,616 Next wakeup is due at 2025-01-06 15:57:18.613898+05:00 (in 4.997417 seconds)
2025-01-06 15:57:13,616 Running job "checker (trigger: interval[0:00:05], next run at: 2025-01-06 15:57:18 +05)" (scheduled at 2025-01-06 15:57:13.613898+05:00)
2025-01-06 15:57:13,616 Job "checker (trigger: interval[0:00:05], next run at: 2025-01-06 15:57:18 +05)" executed successfully
2025-01-06 15:57:18,616 Looking for jobs to run
2025-01-06 15:57:18,616 Next wakeup is due at 2025-01-06 15:57:23.613898+05:00 (in 4.997213 seconds)
2025-01-06 15:57:18,616 Running job "checker (trigger: interval[0:00:05], next run at: 2025-01-06 15:57:23 +05)" (scheduled at 2025-01-06 15:57:18.613898+05:00)
2025-01-06 15:57:18,617 Job "checker (trigger: interval[0:00:05], next run at: 2025-01-06 15:57:23 +05)" executed successfully
2025-01-06 15:57:23,355 Infinity polling: polling exited
2025-01-06 15:57:23,356 Break infinity polling
