2025-01-06 14:25:47,046 Adding job tentatively -- it will be properly scheduled when the scheduler starts
2025-01-06 14:25:47,047 Added job "checker" to job store "default"
2025-01-06 14:25:47,048 Scheduler started
2025-01-06 14:25:47,061 Looking for jobs to run
2025-01-06 14:25:47,061 Next wakeup is due at 2025-01-06 14:25:52.046286+05:00 (in 4.984357 seconds)
2025-01-06 14:25:52,049 Looking for jobs to run
2025-01-06 14:25:52,050 Next wakeup is due at 2025-01-06 14:25:57.046286+05:00 (in 4.996046 seconds)
2025-01-06 14:25:52,050 Running job "checker (trigger: interval[0:00:05], next run at: 2025-01-06 14:25:57 +05)" (scheduled at 2025-01-06 14:25:52.046286+05:00)
2025-01-06 14:25:52,050 Job "checker (trigger: interval[0:00:05], next run at: 2025-01-06 14:25:57 +05)" executed successfully
2025-01-06 14:25:57,049 Looking for jobs to run
2025-01-06 14:25:57,050 Next wakeup is due at 2025-01-06 14:26:02.046286+05:00 (in 4.995988 seconds)
2025-01-06 14:25:57,050 Running job "checker (trigger: interval[0:00:05], next run at: 2025-01-06 14:26:02 +05)" (scheduled at 2025-01-06 14:25:57.046286+05:00)
2025-01-06 14:25:57,050 Job "checker (trigger: interval[0:00:05], next run at: 2025-01-06 14:26:02 +05)" executed successfully
2025-01-06 14:26:02,049 Looking for jobs to run
2025-01-06 14:26:02,050 Next wakeup is due at 2025-01-06 14:26:07.046286+05:00 (in 4.996181 seconds)
2025-01-06 14:26:02,050 Running job "checker (trigger: interval[0:00:05], next run at: 2025-01-06 14:26:07 +05)" (scheduled at 2025-01-06 14:26:02.046286+05:00)
2025-01-06 14:26:02,050 Job "checker (trigger: interval[0:00:05], next run at: 2025-01-06 14:26:07 +05)" executed successfully
2025-01-06 14:26:07,049 Looking for jobs to run
2025-01-06 14:26:07,050 Next wakeup is due at 2025-01-06 14:26:12.046286+05:00 (in 4.996166 seconds)
2025-01-06 14:26:07,050 Running job "checker (trigger: interval[0:00:05], next run at: 2025-01-06 14:26:12 +05)" (scheduled at 2025-01-06 14:26:07.046286+05:00)
2025-01-06 14:26:07,050 Job "checker (trigger: interval[0:00:05], next run at: 2025-01-06 14:26:12 +05)" executed successfully
2025-01-06 14:26:12,049 Looking for jobs to run
2025-01-06 14:26:12,050 Next wakeup is due at 2025-01-06 14:26:17.046286+05:00 (in 4.996061 seconds)
2025-01-06 14:26:12,050 Running job "checker (trigger: interval[0:00:05], next run at: 2025-01-06 14:26:17 +05)" (scheduled at 2025-01-06 14:26:12.046286+05:00)
2025-01-06 14:26:12,050 Job "checker (trigger: interval[0:00:05], next run at: 2025-01-06 14:26:17 +05)" executed successfully
2025-01-06 14:26:17,049 Looking for jobs to run
2025-01-06 14:26:17,050 Next wakeup is due at 2025-01-06 14:26:22.046286+05:00 (in 4.995851 seconds)
2025-01-06 14:26:17,050 Running job "checker (trigger: interval[0:00:05], next run at: 2025-01-06 14:26:22 +05)" (scheduled at 2025-01-06 14:26:17.046286+05:00)
2025-01-06 14:26:17,050 Job "checker (trigger: interval[0:00:05], next run at: 2025-01-06 14:26:22 +05)" executed successfully
2025-01-06 14:26:22,049 Looking for jobs to run
2025-01-06 14:26:22,050 Next wakeup is due at 2025-01-06 14:26:27.046286+05:00 (in 4.996183 seconds)
2025-01-06 14:26:22,050 Running job "checker (trigger: interval[0:00:05], next run at: 2025-01-06 14:26:27 +05)" (scheduled at 2025-01-06 14:26:22.046286+05:00)
2025-01-06 14:26:22,050 Job "checker (trigger: interval[0:00:05], next run at: 2025-01-06 14:26:27 +05)" executed successfully
2025-01-06 14:26:27,049 Looking for jobs to run
2025-01-06 14:26:27,050 Next wakeup is due at 2025-01-06 14:26:32.046286+05:00 (in 4.996122 seconds)
2025-01-06 14:26:27,050 Running job "checker (trigger: interval[0:00:05], next run at: 2025-01-06 14:26:32 +05)" (scheduled at 2025-01-06 14:26:27.046286+05:00)
2025-01-06 14:26:27,050 Job "checker (trigger: interval[0:00:05], next run at: 2025-01-06 14:26:32 +05)" executed successfully
2025-01-06 14:26:32,051 Looking for jobs to run
2025-01-06 14:26:32,051 Next wakeup is due at 2025-01-06 14:26:37.046286+05:00 (in 4.994846 seconds)
2025-01-06 14:26:32,051 Running job "checker (trigger: interval[0:00:05], next run at: 2025-01-06 14:26:37 +05)" (scheduled at 2025-01-06 14:26:32.046286+05:00)
2025-01-06 14:26:32,051 Job "checker (trigger: interval[0:00:05], next run at: 2025-01-06 14:26:37 +05)" executed successfully
2025-01-06 14:26:37,050 Looking for jobs to run
2025-01-06 14:26:37,050 Next wakeup is due at 2025-01-06 14:26:42.046286+05:00 (in 4.995742 seconds)
2025-01-06 14:26:37,050 Running job "checker (trigger: interval[0:00:05], next run at: 2025-01-06 14:26:42 +05)" (scheduled at 2025-01-06 14:26:37.046286+05:00)
2025-01-06 14:26:37,051 Job "checker (trigger: interval[0:00:05], next run at: 2025-01-06 14:26:42 +05)" executed successfully
2025-01-06 14:26:42,050 Looking for jobs to run
2025-01-06 14:26:42,051 Next wakeup is due at 2025-01-06 14:26:47.046286+05:00 (in 4.995055 seconds)
2025-01-06 14:26:42,051 Running job "checker (trigger: interval[0:00:05], next run at: 2025-01-06 14:26:47 +05)" (scheduled at 2025-01-06 14:26:42.046286+05:00)
2025-01-06 14:26:42,051 Job "checker (trigger: interval[0:00:05], next run at: 2025-01-06 14:26:47 +05)" executed successfully
2025-01-06 14:26:43,829 executing <function connect.<locals>.connector at 0x7f6eee2c60c0>
2025-01-06 14:26:43,840 operation <function connect.<locals>.connector at 0x7f6eee2c60c0> completed
2025-01-06 14:26:43,841 executing functools.partial(<built-in method execute of sqlite3.Connection object at 0x7f6eee27e4d0>, 'SELECT topic_id FROM users WHERE chat_id = ?', (5434361630,))
2025-01-06 14:26:43,843 operation functools.partial(<built-in method execute of sqlite3.Connection object at 0x7f6eee27e4d0>, 'SELECT topic_id FROM users WHERE chat_id = ?', (5434361630,)) completed
2025-01-06 14:26:43,843 executing functools.partial(<built-in method fetchone of sqlite3.Cursor object at 0x7f6eee2dc040>)
2025-01-06 14:26:43,843 operation functools.partial(<built-in method fetchone of sqlite3.Cursor object at 0x7f6eee2dc040>) completed
2025-01-06 14:26:43,843 executing functools.partial(<built-in method close of sqlite3.Cursor object at 0x7f6eee2dc040>)
2025-01-06 14:26:43,843 operation functools.partial(<built-in method close of sqlite3.Cursor object at 0x7f6eee2dc040>) completed
2025-01-06 14:26:43,849 executing <function connect.<locals>.connector at 0x7f6eee2c7740>
2025-01-06 14:26:43,850 operation <function connect.<locals>.connector at 0x7f6eee2c7740> completed
2025-01-06 14:26:43,850 executing functools.partial(<built-in method execute of sqlite3.Connection object at 0x7f6eee27e890>, 'PRAGMA foreign_keys = ON', [])
2025-01-06 14:26:43,850 operation functools.partial(<built-in method execute of sqlite3.Connection object at 0x7f6eee27e890>, 'PRAGMA foreign_keys = ON', []) completed
2025-01-06 14:26:43,850 executing functools.partial(<built-in method execute of sqlite3.Connection object at 0x7f6eee27e890>, '\n            CREATE TABLE IF NOT EXISTS users (\n                chat_id INTEGER,\n                topic_id INTEGER,\n                user_name TEXT,\n                PRIMARY KEY (chat_id, topic_id)\n            )\n        ', [])
2025-01-06 14:26:43,851 operation functools.partial(<built-in method execute of sqlite3.Connection object at 0x7f6eee27e890>, '\n            CREATE TABLE IF NOT EXISTS users (\n                chat_id INTEGER,\n                topic_id INTEGER,\n                user_name TEXT,\n                PRIMARY KEY (chat_id, topic_id)\n            )\n        ', []) completed
2025-01-06 14:26:43,851 executing functools.partial(<built-in method execute of sqlite3.Connection object at 0x7f6eee27e890>, '\n            CREATE TABLE IF NOT EXISTS group_messages (\n                topic_id INTEGER,\n                message_id INTEGER,\n                local_id INTEGER,\n                PRIMARY KEY (topic_id, local_id)\n            )\n        ', [])
2025-01-06 14:26:43,851 operation functools.partial(<built-in method execute of sqlite3.Connection object at 0x7f6eee27e890>, '\n            CREATE TABLE IF NOT EXISTS group_messages (\n                topic_id INTEGER,\n                message_id INTEGER,\n                local_id INTEGER,\n                PRIMARY KEY (topic_id, local_id)\n            )\n        ', []) completed
2025-01-06 14:26:43,851 executing functools.partial(<built-in method execute of sqlite3.Connection object at 0x7f6eee27e890>, '\n            CREATE TABLE IF NOT EXISTS private_messages (\n                chat_id INTEGER,\n                message_id INTEGER,\n                local_id INTEGER,\n                PRIMARY KEY (chat_id, local_id)\n            )\n        ', [])
2025-01-06 14:26:43,852 operation functools.partial(<built-in method execute of sqlite3.Connection object at 0x7f6eee27e890>, '\n            CREATE TABLE IF NOT EXISTS private_messages (\n                chat_id INTEGER,\n                message_id INTEGER,\n                local_id INTEGER,\n                PRIMARY KEY (chat_id, local_id)\n            )\n        ', []) completed
2025-01-06 14:26:43,852 executing functools.partial(<built-in method commit of sqlite3.Connection object at 0x7f6eee27e890>)
2025-01-06 14:26:43,852 operation functools.partial(<built-in method commit of sqlite3.Connection object at 0x7f6eee27e890>) completed
2025-01-06 14:26:43,852 executing functools.partial(<built-in method execute of sqlite3.Connection object at 0x7f6eee27e890>, 'SELECT topic_id FROM users WHERE chat_id = ? AND user_name = ?', (5434361630, 'yadgenn'))
2025-01-06 14:26:43,852 operation functools.partial(<built-in method execute of sqlite3.Connection object at 0x7f6eee27e890>, 'SELECT topic_id FROM users WHERE chat_id = ? AND user_name = ?', (5434361630, 'yadgenn')) completed
2025-01-06 14:26:43,852 executing functools.partial(<built-in method fetchone of sqlite3.Cursor object at 0x7f6eee2dc8c0>)
2025-01-06 14:26:43,852 operation functools.partial(<built-in method fetchone of sqlite3.Cursor object at 0x7f6eee2dc8c0>) completed
2025-01-06 14:26:43,857 executing functools.partial(<built-in method close of sqlite3.Cursor object at 0x7f6eee2dc8c0>)
2025-01-06 14:26:43,857 operation functools.partial(<built-in method close of sqlite3.Cursor object at 0x7f6eee2dc8c0>) completed
2025-01-06 14:26:44,838 executing functools.partial(<built-in method execute of sqlite3.Connection object at 0x7f6eee27e890>, 'SELECT topic_id FROM users WHERE chat_id = ?', (5434361630,))
2025-01-06 14:26:44,838 operation functools.partial(<built-in method execute of sqlite3.Connection object at 0x7f6eee27e890>, 'SELECT topic_id FROM users WHERE chat_id = ?', (5434361630,)) completed
2025-01-06 14:26:44,838 executing functools.partial(<built-in method fetchone of sqlite3.Cursor object at 0x7f6eee2dc8c0>)
2025-01-06 14:26:44,838 operation functools.partial(<built-in method fetchone of sqlite3.Cursor object at 0x7f6eee2dc8c0>) completed
2025-01-06 14:26:44,839 executing functools.partial(<built-in method close of sqlite3.Cursor object at 0x7f6eee2dc8c0>)
2025-01-06 14:26:44,839 operation functools.partial(<built-in method close of sqlite3.Cursor object at 0x7f6eee2dc8c0>) completed
2025-01-06 14:26:44,839 executing functools.partial(<built-in method execute of sqlite3.Connection object at 0x7f6eee27e890>, 'SELECT MAX(local_id) FROM group_messages WHERE topic_id = ?', (186,))
2025-01-06 14:26:44,839 operation functools.partial(<built-in method execute of sqlite3.Connection object at 0x7f6eee27e890>, 'SELECT MAX(local_id) FROM group_messages WHERE topic_id = ?', (186,)) completed
2025-01-06 14:26:44,840 executing functools.partial(<built-in method fetchone of sqlite3.Cursor object at 0x7f6eee2dc8c0>)
2025-01-06 14:26:44,840 operation functools.partial(<built-in method fetchone of sqlite3.Cursor object at 0x7f6eee2dc8c0>) completed
2025-01-06 14:26:44,840 executing functools.partial(<built-in method close of sqlite3.Cursor object at 0x7f6eee2dc8c0>)
2025-01-06 14:26:44,840 operation functools.partial(<built-in method close of sqlite3.Cursor object at 0x7f6eee2dc8c0>) completed
2025-01-06 14:26:44,840 executing functools.partial(<built-in method execute of sqlite3.Connection object at 0x7f6eee27e890>, '\n                    INSERT INTO group_messages (topic_id, message_id, local_id)\n                    VALUES (?, ?, ?)\n                ', (186, 1220, 243))
2025-01-06 14:26:44,841 operation functools.partial(<built-in method execute of sqlite3.Connection object at 0x7f6eee27e890>, '\n                    INSERT INTO group_messages (topic_id, message_id, local_id)\n                    VALUES (?, ?, ?)\n                ', (186, 1220, 243)) completed
2025-01-06 14:26:44,842 executing functools.partial(<built-in method execute of sqlite3.Connection object at 0x7f6eee27e890>, 'SELECT MAX(local_id) FROM private_messages WHERE chat_id = ?', (5434361630,))
2025-01-06 14:26:44,842 operation functools.partial(<built-in method execute of sqlite3.Connection object at 0x7f6eee27e890>, 'SELECT MAX(local_id) FROM private_messages WHERE chat_id = ?', (5434361630,)) completed
2025-01-06 14:26:44,842 executing functools.partial(<built-in method fetchone of sqlite3.Cursor object at 0x7f6eee2dda40>)
2025-01-06 14:26:44,842 operation functools.partial(<built-in method fetchone of sqlite3.Cursor object at 0x7f6eee2dda40>) completed
2025-01-06 14:26:44,842 executing functools.partial(<built-in method close of sqlite3.Cursor object at 0x7f6eee2dda40>)
2025-01-06 14:26:44,842 operation functools.partial(<built-in method close of sqlite3.Cursor object at 0x7f6eee2dda40>) completed
2025-01-06 14:26:44,843 executing functools.partial(<built-in method execute of sqlite3.Connection object at 0x7f6eee27e890>, '\n                    INSERT INTO private_messages (chat_id, message_id, local_id)\n                    VALUES (?, ?, ?)\n                ', (5434361630, 23025, 243))
2025-01-06 14:26:44,843 operation functools.partial(<built-in method execute of sqlite3.Connection object at 0x7f6eee27e890>, '\n                    INSERT INTO private_messages (chat_id, message_id, local_id)\n                    VALUES (?, ?, ?)\n                ', (5434361630, 23025, 243)) completed
2025-01-06 14:26:44,845 executing functools.partial(<built-in method commit of sqlite3.Connection object at 0x7f6eee27e890>)
2025-01-06 14:26:44,848 operation functools.partial(<built-in method commit of sqlite3.Connection object at 0x7f6eee27e890>) completed
2025-01-06 14:26:47,049 Looking for jobs to run
2025-01-06 14:26:47,049 Next wakeup is due at 2025-01-06 14:26:52.046286+05:00 (in 4.996403 seconds)
2025-01-06 14:26:47,050 Running job "checker (trigger: interval[0:00:05], next run at: 2025-01-06 14:26:52 +05)" (scheduled at 2025-01-06 14:26:47.046286+05:00)
2025-01-06 14:26:47,050 Job "checker (trigger: interval[0:00:05], next run at: 2025-01-06 14:26:52 +05)" executed successfully
2025-01-06 14:26:52,049 Looking for jobs to run
2025-01-06 14:26:52,050 Next wakeup is due at 2025-01-06 14:26:57.046286+05:00 (in 4.995962 seconds)
2025-01-06 14:26:52,050 Running job "checker (trigger: interval[0:00:05], next run at: 2025-01-06 14:26:57 +05)" (scheduled at 2025-01-06 14:26:52.046286+05:00)
2025-01-06 14:26:52,051 Job "checker (trigger: interval[0:00:05], next run at: 2025-01-06 14:26:57 +05)" executed successfully
2025-01-06 14:26:57,051 Looking for jobs to run
2025-01-06 14:26:57,051 Next wakeup is due at 2025-01-06 14:27:02.046286+05:00 (in 4.994529 seconds)
2025-01-06 14:26:57,052 Running job "checker (trigger: interval[0:00:05], next run at: 2025-01-06 14:27:02 +05)" (scheduled at 2025-01-06 14:26:57.046286+05:00)
2025-01-06 14:26:57,052 Job "checker (trigger: interval[0:00:05], next run at: 2025-01-06 14:27:02 +05)" executed successfully
2025-01-06 14:27:02,049 Looking for jobs to run
2025-01-06 14:27:02,050 Next wakeup is due at 2025-01-06 14:27:07.046286+05:00 (in 4.996234 seconds)
2025-01-06 14:27:02,050 Running job "checker (trigger: interval[0:00:05], next run at: 2025-01-06 14:27:07 +05)" (scheduled at 2025-01-06 14:27:02.046286+05:00)
2025-01-06 14:27:02,050 Job "checker (trigger: interval[0:00:05], next run at: 2025-01-06 14:27:07 +05)" executed successfully
2025-01-06 14:27:07,049 Looking for jobs to run
2025-01-06 14:27:07,050 Next wakeup is due at 2025-01-06 14:27:12.046286+05:00 (in 4.996187 seconds)
2025-01-06 14:27:07,050 Running job "checker (trigger: interval[0:00:05], next run at: 2025-01-06 14:27:12 +05)" (scheduled at 2025-01-06 14:27:07.046286+05:00)
2025-01-06 14:27:07,051 Job "checker (trigger: interval[0:00:05], next run at: 2025-01-06 14:27:12 +05)" executed successfully
2025-01-06 14:27:12,049 Looking for jobs to run
2025-01-06 14:27:12,051 Next wakeup is due at 2025-01-06 14:27:17.046286+05:00 (in 4.995083 seconds)
2025-01-06 14:27:12,051 Running job "checker (trigger: interval[0:00:05], next run at: 2025-01-06 14:27:17 +05)" (scheduled at 2025-01-06 14:27:12.046286+05:00)
2025-01-06 14:27:12,051 Job "checker (trigger: interval[0:00:05], next run at: 2025-01-06 14:27:17 +05)" executed successfully
2025-01-06 14:27:17,047 Looking for jobs to run
2025-01-06 14:27:17,047 Next wakeup is due at 2025-01-06 14:27:22.046286+05:00 (in 4.998430 seconds)
2025-01-06 14:27:17,048 Running job "checker (trigger: interval[0:00:05], next run at: 2025-01-06 14:27:22 +05)" (scheduled at 2025-01-06 14:27:17.046286+05:00)
2025-01-06 14:27:17,048 Job "checker (trigger: interval[0:00:05], next run at: 2025-01-06 14:27:22 +05)" executed successfully
2025-01-06 14:27:22,049 Looking for jobs to run
2025-01-06 14:27:22,050 Next wakeup is due at 2025-01-06 14:27:27.046286+05:00 (in 4.995530 seconds)
2025-01-06 14:27:22,050 Running job "checker (trigger: interval[0:00:05], next run at: 2025-01-06 14:27:27 +05)" (scheduled at 2025-01-06 14:27:22.046286+05:00)
2025-01-06 14:27:22,051 Job "checker (trigger: interval[0:00:05], next run at: 2025-01-06 14:27:27 +05)" executed successfully
2025-01-06 14:27:27,049 Looking for jobs to run
2025-01-06 14:27:27,050 Next wakeup is due at 2025-01-06 14:27:32.046286+05:00 (in 4.995659 seconds)
2025-01-06 14:27:27,050 Running job "checker (trigger: interval[0:00:05], next run at: 2025-01-06 14:27:32 +05)" (scheduled at 2025-01-06 14:27:27.046286+05:00)
2025-01-06 14:27:27,050 Job "checker (trigger: interval[0:00:05], next run at: 2025-01-06 14:27:32 +05)" executed successfully
2025-01-06 14:27:32,050 Looking for jobs to run
2025-01-06 14:27:32,051 Next wakeup is due at 2025-01-06 14:27:37.046286+05:00 (in 4.994943 seconds)
2025-01-06 14:27:32,051 Running job "checker (trigger: interval[0:00:05], next run at: 2025-01-06 14:27:37 +05)" (scheduled at 2025-01-06 14:27:32.046286+05:00)
2025-01-06 14:27:32,051 Job "checker (trigger: interval[0:00:05], next run at: 2025-01-06 14:27:37 +05)" executed successfully
2025-01-06 14:27:37,049 Looking for jobs to run
2025-01-06 14:27:37,050 Next wakeup is due at 2025-01-06 14:27:42.046286+05:00 (in 4.995766 seconds)
2025-01-06 14:27:37,050 Running job "checker (trigger: interval[0:00:05], next run at: 2025-01-06 14:27:42 +05)" (scheduled at 2025-01-06 14:27:37.046286+05:00)
2025-01-06 14:27:37,051 Job "checker (trigger: interval[0:00:05], next run at: 2025-01-06 14:27:42 +05)" executed successfully
2025-01-06 14:27:42,049 Looking for jobs to run
2025-01-06 14:27:42,050 Next wakeup is due at 2025-01-06 14:27:47.046286+05:00 (in 4.996258 seconds)
2025-01-06 14:27:42,050 Running job "checker (trigger: interval[0:00:05], next run at: 2025-01-06 14:27:47 +05)" (scheduled at 2025-01-06 14:27:42.046286+05:00)
2025-01-06 14:27:42,050 Job "checker (trigger: interval[0:00:05], next run at: 2025-01-06 14:27:47 +05)" executed successfully
2025-01-06 14:27:47,050 Looking for jobs to run
2025-01-06 14:27:47,050 Next wakeup is due at 2025-01-06 14:27:52.046286+05:00 (in 4.995628 seconds)
2025-01-06 14:27:47,051 Running job "checker (trigger: interval[0:00:05], next run at: 2025-01-06 14:27:52 +05)" (scheduled at 2025-01-06 14:27:47.046286+05:00)
2025-01-06 14:27:47,051 Job "checker (trigger: interval[0:00:05], next run at: 2025-01-06 14:27:52 +05)" executed successfully
2025-01-06 14:27:52,050 Looking for jobs to run
2025-01-06 14:27:52,051 Next wakeup is due at 2025-01-06 14:27:57.046286+05:00 (in 4.995007 seconds)
2025-01-06 14:27:52,051 Running job "checker (trigger: interval[0:00:05], next run at: 2025-01-06 14:27:57 +05)" (scheduled at 2025-01-06 14:27:52.046286+05:00)
2025-01-06 14:27:52,051 Job "checker (trigger: interval[0:00:05], next run at: 2025-01-06 14:27:57 +05)" executed successfully
2025-01-06 14:27:57,049 Looking for jobs to run
2025-01-06 14:27:57,050 Next wakeup is due at 2025-01-06 14:28:02.046286+05:00 (in 4.995514 seconds)
2025-01-06 14:27:57,051 Running job "checker (trigger: interval[0:00:05], next run at: 2025-01-06 14:28:02 +05)" (scheduled at 2025-01-06 14:27:57.046286+05:00)
2025-01-06 14:27:57,051 Job "checker (trigger: interval[0:00:05], next run at: 2025-01-06 14:28:02 +05)" executed successfully
2025-01-06 14:28:02,050 Looking for jobs to run
2025-01-06 14:28:02,052 Next wakeup is due at 2025-01-06 14:28:07.046286+05:00 (in 4.993949 seconds)
2025-01-06 14:28:02,052 Running job "checker (trigger: interval[0:00:05], next run at: 2025-01-06 14:28:07 +05)" (scheduled at 2025-01-06 14:28:02.046286+05:00)
2025-01-06 14:28:02,052 Job "checker (trigger: interval[0:00:05], next run at: 2025-01-06 14:28:07 +05)" executed successfully
2025-01-06 14:28:07,049 Looking for jobs to run
2025-01-06 14:28:07,050 Next wakeup is due at 2025-01-06 14:28:12.046286+05:00 (in 4.995967 seconds)
2025-01-06 14:28:07,050 Running job "checker (trigger: interval[0:00:05], next run at: 2025-01-06 14:28:12 +05)" (scheduled at 2025-01-06 14:28:07.046286+05:00)
2025-01-06 14:28:07,051 Job "checker (trigger: interval[0:00:05], next run at: 2025-01-06 14:28:12 +05)" executed successfully
2025-01-06 14:28:12,051 Looking for jobs to run
2025-01-06 14:28:12,053 Next wakeup is due at 2025-01-06 14:28:17.046286+05:00 (in 4.992450 seconds)
2025-01-06 14:28:12,054 Running job "checker (trigger: interval[0:00:05], next run at: 2025-01-06 14:28:17 +05)" (scheduled at 2025-01-06 14:28:12.046286+05:00)
2025-01-06 14:28:12,055 Job "checker (trigger: interval[0:00:05], next run at: 2025-01-06 14:28:17 +05)" executed successfully
2025-01-06 14:28:17,049 Looking for jobs to run
2025-01-06 14:28:17,050 Next wakeup is due at 2025-01-06 14:28:22.046286+05:00 (in 4.995881 seconds)
2025-01-06 14:28:17,050 Running job "checker (trigger: interval[0:00:05], next run at: 2025-01-06 14:28:22 +05)" (scheduled at 2025-01-06 14:28:17.046286+05:00)
2025-01-06 14:28:17,050 Job "checker (trigger: interval[0:00:05], next run at: 2025-01-06 14:28:22 +05)" executed successfully
2025-01-06 14:28:22,049 Looking for jobs to run
2025-01-06 14:28:22,050 Next wakeup is due at 2025-01-06 14:28:27.046286+05:00 (in 4.996212 seconds)
2025-01-06 14:28:22,050 Running job "checker (trigger: interval[0:00:05], next run at: 2025-01-06 14:28:27 +05)" (scheduled at 2025-01-06 14:28:22.046286+05:00)
2025-01-06 14:28:22,050 Job "checker (trigger: interval[0:00:05], next run at: 2025-01-06 14:28:27 +05)" executed successfully
2025-01-06 14:28:27,048 Looking for jobs to run
2025-01-06 14:28:27,049 Next wakeup is due at 2025-01-06 14:28:32.046286+05:00 (in 4.996672 seconds)
2025-01-06 14:28:27,049 Running job "checker (trigger: interval[0:00:05], next run at: 2025-01-06 14:28:32 +05)" (scheduled at 2025-01-06 14:28:27.046286+05:00)
2025-01-06 14:28:27,050 Job "checker (trigger: interval[0:00:05], next run at: 2025-01-06 14:28:32 +05)" executed successfully
2025-01-06 14:28:32,049 Looking for jobs to run
2025-01-06 14:28:32,055 Next wakeup is due at 2025-01-06 14:28:37.046286+05:00 (in 4.990396 seconds)
2025-01-06 14:28:32,056 Running job "checker (trigger: interval[0:00:05], next run at: 2025-01-06 14:28:37 +05)" (scheduled at 2025-01-06 14:28:32.046286+05:00)
2025-01-06 14:28:32,056 Job "checker (trigger: interval[0:00:05], next run at: 2025-01-06 14:28:37 +05)" executed successfully
2025-01-06 14:28:37,049 Looking for jobs to run
2025-01-06 14:28:37,050 Next wakeup is due at 2025-01-06 14:28:42.046286+05:00 (in 4.995764 seconds)
2025-01-06 14:28:37,050 Running job "checker (trigger: interval[0:00:05], next run at: 2025-01-06 14:28:42 +05)" (scheduled at 2025-01-06 14:28:37.046286+05:00)
2025-01-06 14:28:37,051 Job "checker (trigger: interval[0:00:05], next run at: 2025-01-06 14:28:42 +05)" executed successfully
2025-01-06 14:28:42,048 Looking for jobs to run
2025-01-06 14:28:42,048 Next wakeup is due at 2025-01-06 14:28:47.046286+05:00 (in 4.997501 seconds)
2025-01-06 14:28:42,048 Running job "checker (trigger: interval[0:00:05], next run at: 2025-01-06 14:28:47 +05)" (scheduled at 2025-01-06 14:28:42.046286+05:00)
2025-01-06 14:28:42,049 Job "checker (trigger: interval[0:00:05], next run at: 2025-01-06 14:28:47 +05)" executed successfully
2025-01-06 14:28:47,049 Looking for jobs to run
2025-01-06 14:28:47,049 Next wakeup is due at 2025-01-06 14:28:52.046286+05:00 (in 4.996734 seconds)
2025-01-06 14:28:47,049 Running job "checker (trigger: interval[0:00:05], next run at: 2025-01-06 14:28:52 +05)" (scheduled at 2025-01-06 14:28:47.046286+05:00)
2025-01-06 14:28:47,049 Job "checker (trigger: interval[0:00:05], next run at: 2025-01-06 14:28:52 +05)" executed successfully
2025-01-06 14:28:52,049 Looking for jobs to run
2025-01-06 14:28:52,050 Next wakeup is due at 2025-01-06 14:28:57.046286+05:00 (in 4.996190 seconds)
2025-01-06 14:28:52,050 Running job "checker (trigger: interval[0:00:05], next run at: 2025-01-06 14:28:57 +05)" (scheduled at 2025-01-06 14:28:52.046286+05:00)
2025-01-06 14:28:52,050 Job "checker (trigger: interval[0:00:05], next run at: 2025-01-06 14:28:57 +05)" executed successfully
2025-01-06 14:28:57,049 Looking for jobs to run
2025-01-06 14:28:57,050 Next wakeup is due at 2025-01-06 14:29:02.046286+05:00 (in 4.995848 seconds)
2025-01-06 14:28:57,050 Running job "checker (trigger: interval[0:00:05], next run at: 2025-01-06 14:29:02 +05)" (scheduled at 2025-01-06 14:28:57.046286+05:00)
2025-01-06 14:28:57,050 Job "checker (trigger: interval[0:00:05], next run at: 2025-01-06 14:29:02 +05)" executed successfully
2025-01-06 14:29:02,048 Looking for jobs to run
2025-01-06 14:29:02,049 Next wakeup is due at 2025-01-06 14:29:07.046286+05:00 (in 4.997183 seconds)
2025-01-06 14:29:02,049 Running job "checker (trigger: interval[0:00:05], next run at: 2025-01-06 14:29:07 +05)" (scheduled at 2025-01-06 14:29:02.046286+05:00)
2025-01-06 14:29:02,049 Job "checker (trigger: interval[0:00:05], next run at: 2025-01-06 14:29:07 +05)" executed successfully
2025-01-06 14:29:07,048 Looking for jobs to run
2025-01-06 14:29:07,049 Next wakeup is due at 2025-01-06 14:29:12.046286+05:00 (in 4.996505 seconds)
2025-01-06 14:29:07,050 Running job "checker (trigger: interval[0:00:05], next run at: 2025-01-06 14:29:12 +05)" (scheduled at 2025-01-06 14:29:07.046286+05:00)
2025-01-06 14:29:07,050 Job "checker (trigger: interval[0:00:05], next run at: 2025-01-06 14:29:12 +05)" executed successfully
2025-01-06 14:29:12,049 Looking for jobs to run
2025-01-06 14:29:12,050 Next wakeup is due at 2025-01-06 14:29:17.046286+05:00 (in 4.995708 seconds)
2025-01-06 14:29:12,050 Running job "checker (trigger: interval[0:00:05], next run at: 2025-01-06 14:29:17 +05)" (scheduled at 2025-01-06 14:29:12.046286+05:00)
2025-01-06 14:29:12,051 Job "checker (trigger: interval[0:00:05], next run at: 2025-01-06 14:29:17 +05)" executed successfully
2025-01-06 14:29:17,051 Looking for jobs to run
2025-01-06 14:29:17,051 Next wakeup is due at 2025-01-06 14:29:22.046286+05:00 (in 4.994875 seconds)
2025-01-06 14:29:17,051 Running job "checker (trigger: interval[0:00:05], next run at: 2025-01-06 14:29:22 +05)" (scheduled at 2025-01-06 14:29:17.046286+05:00)
2025-01-06 14:29:17,051 Job "checker (trigger: interval[0:00:05], next run at: 2025-01-06 14:29:22 +05)" executed successfully
2025-01-06 14:29:22,048 Looking for jobs to run
2025-01-06 14:29:22,048 Next wakeup is due at 2025-01-06 14:29:27.046286+05:00 (in 4.997429 seconds)
2025-01-06 14:29:22,049 Running job "checker (trigger: interval[0:00:05], next run at: 2025-01-06 14:29:27 +05)" (scheduled at 2025-01-06 14:29:22.046286+05:00)
2025-01-06 14:29:22,049 Job "checker (trigger: interval[0:00:05], next run at: 2025-01-06 14:29:27 +05)" executed successfully
2025-01-06 14:29:27,048 Looking for jobs to run
2025-01-06 14:29:27,049 Next wakeup is due at 2025-01-06 14:29:32.046286+05:00 (in 4.997083 seconds)
2025-01-06 14:29:27,049 Running job "checker (trigger: interval[0:00:05], next run at: 2025-01-06 14:29:32 +05)" (scheduled at 2025-01-06 14:29:27.046286+05:00)
2025-01-06 14:29:27,049 Job "checker (trigger: interval[0:00:05], next run at: 2025-01-06 14:29:32 +05)" executed successfully
2025-01-06 14:29:32,049 Looking for jobs to run
2025-01-06 14:29:32,050 Next wakeup is due at 2025-01-06 14:29:37.046286+05:00 (in 4.995844 seconds)
2025-01-06 14:29:32,051 Running job "checker (trigger: interval[0:00:05], next run at: 2025-01-06 14:29:37 +05)" (scheduled at 2025-01-06 14:29:32.046286+05:00)
2025-01-06 14:29:32,051 Job "checker (trigger: interval[0:00:05], next run at: 2025-01-06 14:29:37 +05)" executed successfully
2025-01-06 14:29:37,049 Looking for jobs to run
2025-01-06 14:29:37,050 Next wakeup is due at 2025-01-06 14:29:42.046286+05:00 (in 4.996137 seconds)
2025-01-06 14:29:37,050 Running job "checker (trigger: interval[0:00:05], next run at: 2025-01-06 14:29:42 +05)" (scheduled at 2025-01-06 14:29:37.046286+05:00)
2025-01-06 14:29:37,050 Job "checker (trigger: interval[0:00:05], next run at: 2025-01-06 14:29:42 +05)" executed successfully
2025-01-06 14:29:42,048 Looking for jobs to run
2025-01-06 14:29:42,049 Next wakeup is due at 2025-01-06 14:29:47.046286+05:00 (in 4.996513 seconds)
2025-01-06 14:29:42,050 Running job "checker (trigger: interval[0:00:05], next run at: 2025-01-06 14:29:47 +05)" (scheduled at 2025-01-06 14:29:42.046286+05:00)
2025-01-06 14:29:42,050 Job "checker (trigger: interval[0:00:05], next run at: 2025-01-06 14:29:47 +05)" executed successfully
2025-01-06 14:29:47,048 Looking for jobs to run
2025-01-06 14:29:47,048 Next wakeup is due at 2025-01-06 14:29:52.046286+05:00 (in 4.997725 seconds)
2025-01-06 14:29:47,048 Running job "checker (trigger: interval[0:00:05], next run at: 2025-01-06 14:29:52 +05)" (scheduled at 2025-01-06 14:29:47.046286+05:00)
2025-01-06 14:29:47,048 Job "checker (trigger: interval[0:00:05], next run at: 2025-01-06 14:29:52 +05)" executed successfully
2025-01-06 14:29:52,049 Looking for jobs to run
2025-01-06 14:29:52,050 Next wakeup is due at 2025-01-06 14:29:57.046286+05:00 (in 4.996213 seconds)
2025-01-06 14:29:52,050 Running job "checker (trigger: interval[0:00:05], next run at: 2025-01-06 14:29:57 +05)" (scheduled at 2025-01-06 14:29:52.046286+05:00)
2025-01-06 14:29:52,050 Job "checker (trigger: interval[0:00:05], next run at: 2025-01-06 14:29:57 +05)" executed successfully
2025-01-06 14:29:57,047 Looking for jobs to run
2025-01-06 14:29:57,048 Next wakeup is due at 2025-01-06 14:30:02.046286+05:00 (in 4.997967 seconds)
2025-01-06 14:29:57,048 Running job "checker (trigger: interval[0:00:05], next run at: 2025-01-06 14:30:02 +05)" (scheduled at 2025-01-06 14:29:57.046286+05:00)
2025-01-06 14:29:57,048 Job "checker (trigger: interval[0:00:05], next run at: 2025-01-06 14:30:02 +05)" executed successfully
2025-01-06 14:30:02,049 Looking for jobs to run
2025-01-06 14:30:02,049 Next wakeup is due at 2025-01-06 14:30:07.046286+05:00 (in 4.996830 seconds)
2025-01-06 14:30:02,049 Running job "checker (trigger: interval[0:00:05], next run at: 2025-01-06 14:30:07 +05)" (scheduled at 2025-01-06 14:30:02.046286+05:00)
2025-01-06 14:30:02,050 Job "checker (trigger: interval[0:00:05], next run at: 2025-01-06 14:30:07 +05)" executed successfully
2025-01-06 14:30:07,047 Looking for jobs to run
2025-01-06 14:30:07,048 Next wakeup is due at 2025-01-06 14:30:12.046286+05:00 (in 4.998191 seconds)
2025-01-06 14:30:07,048 Running job "checker (trigger: interval[0:00:05], next run at: 2025-01-06 14:30:12 +05)" (scheduled at 2025-01-06 14:30:07.046286+05:00)
2025-01-06 14:30:07,048 Job "checker (trigger: interval[0:00:05], next run at: 2025-01-06 14:30:12 +05)" executed successfully
2025-01-06 14:30:12,051 Looking for jobs to run
2025-01-06 14:30:12,051 Next wakeup is due at 2025-01-06 14:30:17.046286+05:00 (in 4.994945 seconds)
2025-01-06 14:30:12,051 Running job "checker (trigger: interval[0:00:05], next run at: 2025-01-06 14:30:17 +05)" (scheduled at 2025-01-06 14:30:12.046286+05:00)
2025-01-06 14:30:12,051 Job "checker (trigger: interval[0:00:05], next run at: 2025-01-06 14:30:17 +05)" executed successfully
2025-01-06 14:30:17,050 Looking for jobs to run
2025-01-06 14:30:17,050 Next wakeup is due at 2025-01-06 14:30:22.046286+05:00 (in 4.995562 seconds)
2025-01-06 14:30:17,050 Running job "checker (trigger: interval[0:00:05], next run at: 2025-01-06 14:30:22 +05)" (scheduled at 2025-01-06 14:30:17.046286+05:00)
2025-01-06 14:30:17,051 Job "checker (trigger: interval[0:00:05], next run at: 2025-01-06 14:30:22 +05)" executed successfully
2025-01-06 14:30:22,047 Looking for jobs to run
2025-01-06 14:30:22,047 Next wakeup is due at 2025-01-06 14:30:27.046286+05:00 (in 4.998475 seconds)
2025-01-06 14:30:22,047 Running job "checker (trigger: interval[0:00:05], next run at: 2025-01-06 14:30:27 +05)" (scheduled at 2025-01-06 14:30:22.046286+05:00)
2025-01-06 14:30:22,048 Job "checker (trigger: interval[0:00:05], next run at: 2025-01-06 14:30:27 +05)" executed successfully
2025-01-06 14:30:27,048 Looking for jobs to run
2025-01-06 14:30:27,048 Next wakeup is due at 2025-01-06 14:30:32.046286+05:00 (in 4.997855 seconds)
2025-01-06 14:30:27,048 Running job "checker (trigger: interval[0:00:05], next run at: 2025-01-06 14:30:32 +05)" (scheduled at 2025-01-06 14:30:27.046286+05:00)
2025-01-06 14:30:27,048 Job "checker (trigger: interval[0:00:05], next run at: 2025-01-06 14:30:32 +05)" executed successfully
2025-01-06 14:30:32,049 Looking for jobs to run
2025-01-06 14:30:32,050 Next wakeup is due at 2025-01-06 14:30:37.046286+05:00 (in 4.995912 seconds)
2025-01-06 14:30:32,050 Running job "checker (trigger: interval[0:00:05], next run at: 2025-01-06 14:30:37 +05)" (scheduled at 2025-01-06 14:30:32.046286+05:00)
2025-01-06 14:30:32,050 Job "checker (trigger: interval[0:00:05], next run at: 2025-01-06 14:30:37 +05)" executed successfully
2025-01-06 14:30:37,049 Looking for jobs to run
2025-01-06 14:30:37,050 Next wakeup is due at 2025-01-06 14:30:42.046286+05:00 (in 4.995824 seconds)
2025-01-06 14:30:37,050 Running job "checker (trigger: interval[0:00:05], next run at: 2025-01-06 14:30:42 +05)" (scheduled at 2025-01-06 14:30:37.046286+05:00)
2025-01-06 14:30:37,051 Job "checker (trigger: interval[0:00:05], next run at: 2025-01-06 14:30:42 +05)" executed successfully
2025-01-06 14:30:42,048 Looking for jobs to run
2025-01-06 14:30:42,048 Next wakeup is due at 2025-01-06 14:30:47.046286+05:00 (in 4.997688 seconds)
2025-01-06 14:30:42,048 Running job "checker (trigger: interval[0:00:05], next run at: 2025-01-06 14:30:47 +05)" (scheduled at 2025-01-06 14:30:42.046286+05:00)
2025-01-06 14:30:42,048 Job "checker (trigger: interval[0:00:05], next run at: 2025-01-06 14:30:47 +05)" executed successfully
2025-01-06 14:30:47,047 Looking for jobs to run
2025-01-06 14:30:47,048 Next wakeup is due at 2025-01-06 14:30:52.046286+05:00 (in 4.998112 seconds)
2025-01-06 14:30:47,048 Running job "checker (trigger: interval[0:00:05], next run at: 2025-01-06 14:30:52 +05)" (scheduled at 2025-01-06 14:30:47.046286+05:00)
2025-01-06 14:30:47,049 Job "checker (trigger: interval[0:00:05], next run at: 2025-01-06 14:30:52 +05)" executed successfully
2025-01-06 14:30:52,050 Looking for jobs to run
2025-01-06 14:30:52,051 Next wakeup is due at 2025-01-06 14:30:57.046286+05:00 (in 4.995183 seconds)
2025-01-06 14:30:52,051 Running job "checker (trigger: interval[0:00:05], next run at: 2025-01-06 14:30:57 +05)" (scheduled at 2025-01-06 14:30:52.046286+05:00)
2025-01-06 14:30:52,051 Job "checker (trigger: interval[0:00:05], next run at: 2025-01-06 14:30:57 +05)" executed successfully
2025-01-06 14:30:57,049 Looking for jobs to run
2025-01-06 14:30:57,050 Next wakeup is due at 2025-01-06 14:31:02.046286+05:00 (in 4.995634 seconds)
2025-01-06 14:30:57,050 Running job "checker (trigger: interval[0:00:05], next run at: 2025-01-06 14:31:02 +05)" (scheduled at 2025-01-06 14:30:57.046286+05:00)
2025-01-06 14:30:57,051 Job "checker (trigger: interval[0:00:05], next run at: 2025-01-06 14:31:02 +05)" executed successfully
2025-01-06 14:31:02,047 Looking for jobs to run
2025-01-06 14:31:02,048 Next wakeup is due at 2025-01-06 14:31:07.046286+05:00 (in 4.998282 seconds)
2025-01-06 14:31:02,090 Running job "checker (trigger: interval[0:00:05], next run at: 2025-01-06 14:31:07 +05)" (scheduled at 2025-01-06 14:31:02.046286+05:00)
2025-01-06 14:31:02,090 Job "checker (trigger: interval[0:00:05], next run at: 2025-01-06 14:31:07 +05)" executed successfully
2025-01-06 14:31:07,047 Looking for jobs to run
2025-01-06 14:31:07,048 Next wakeup is due at 2025-01-06 14:31:12.046286+05:00 (in 4.998134 seconds)
2025-01-06 14:31:07,048 Running job "checker (trigger: interval[0:00:05], next run at: 2025-01-06 14:31:12 +05)" (scheduled at 2025-01-06 14:31:07.046286+05:00)
2025-01-06 14:31:07,048 Job "checker (trigger: interval[0:00:05], next run at: 2025-01-06 14:31:12 +05)" executed successfully
2025-01-06 14:31:12,049 Looking for jobs to run
2025-01-06 14:31:12,050 Next wakeup is due at 2025-01-06 14:31:17.046286+05:00 (in 4.995988 seconds)
2025-01-06 14:31:12,050 Running job "checker (trigger: interval[0:00:05], next run at: 2025-01-06 14:31:17 +05)" (scheduled at 2025-01-06 14:31:12.046286+05:00)
2025-01-06 14:31:12,050 Job "checker (trigger: interval[0:00:05], next run at: 2025-01-06 14:31:17 +05)" executed successfully
2025-01-06 14:31:17,049 Looking for jobs to run
2025-01-06 14:31:17,050 Next wakeup is due at 2025-01-06 14:31:22.046286+05:00 (in 4.995974 seconds)
2025-01-06 14:31:17,051 Running job "checker (trigger: interval[0:00:05], next run at: 2025-01-06 14:31:22 +05)" (scheduled at 2025-01-06 14:31:17.046286+05:00)
2025-01-06 14:31:17,051 Job "checker (trigger: interval[0:00:05], next run at: 2025-01-06 14:31:22 +05)" executed successfully
2025-01-06 14:31:22,047 Looking for jobs to run
2025-01-06 14:31:22,048 Next wakeup is due at 2025-01-06 14:31:27.046286+05:00 (in 4.998212 seconds)
2025-01-06 14:31:22,048 Running job "checker (trigger: interval[0:00:05], next run at: 2025-01-06 14:31:27 +05)" (scheduled at 2025-01-06 14:31:22.046286+05:00)
2025-01-06 14:31:22,048 Job "checker (trigger: interval[0:00:05], next run at: 2025-01-06 14:31:27 +05)" executed successfully
2025-01-06 14:31:27,048 Looking for jobs to run
2025-01-06 14:31:27,049 Next wakeup is due at 2025-01-06 14:31:32.046286+05:00 (in 4.996427 seconds)
2025-01-06 14:31:27,050 Running job "checker (trigger: interval[0:00:05], next run at: 2025-01-06 14:31:32 +05)" (scheduled at 2025-01-06 14:31:27.046286+05:00)
2025-01-06 14:31:27,050 Job "checker (trigger: interval[0:00:05], next run at: 2025-01-06 14:31:32 +05)" executed successfully
2025-01-06 14:31:31,987 executing <function connect.<locals>.connector at 0x7f6eee2c7ce0>
2025-01-06 14:31:31,994 operation <function connect.<locals>.connector at 0x7f6eee2c7ce0> completed
2025-01-06 14:31:31,995 executing functools.partial(<built-in method execute of sqlite3.Connection object at 0x7f6eee27e110>, 'SELECT topic_id FROM users WHERE chat_id = ?', (5434361630,))
2025-01-06 14:31:31,998 operation functools.partial(<built-in method execute of sqlite3.Connection object at 0x7f6eee27e110>, 'SELECT topic_id FROM users WHERE chat_id = ?', (5434361630,)) completed
2025-01-06 14:31:32,005 executing functools.partial(<built-in method fetchone of sqlite3.Cursor object at 0x7f6eee2ddb40>)
2025-01-06 14:31:32,006 operation functools.partial(<built-in method fetchone of sqlite3.Cursor object at 0x7f6eee2ddb40>) completed
2025-01-06 14:31:32,007 executing functools.partial(<built-in method close of sqlite3.Cursor object at 0x7f6eee2ddb40>)
2025-01-06 14:31:32,007 operation functools.partial(<built-in method close of sqlite3.Cursor object at 0x7f6eee2ddb40>) completed
2025-01-06 14:31:32,019 executing functools.partial(<built-in method execute of sqlite3.Connection object at 0x7f6eee27e890>, 'SELECT topic_id FROM users WHERE chat_id = ? AND user_name = ?', (5434361630, 'yadgenn'))
2025-01-06 14:31:32,021 operation functools.partial(<built-in method execute of sqlite3.Connection object at 0x7f6eee27e890>, 'SELECT topic_id FROM users WHERE chat_id = ? AND user_name = ?', (5434361630, 'yadgenn')) completed
2025-01-06 14:31:32,021 executing functools.partial(<built-in method fetchone of sqlite3.Cursor object at 0x7f6eee2deac0>)
2025-01-06 14:31:32,021 operation functools.partial(<built-in method fetchone of sqlite3.Cursor object at 0x7f6eee2deac0>) completed
2025-01-06 14:31:32,021 executing functools.partial(<built-in method close of sqlite3.Cursor object at 0x7f6eee2deac0>)
2025-01-06 14:31:32,021 operation functools.partial(<built-in method close of sqlite3.Cursor object at 0x7f6eee2deac0>) completed
2025-01-06 14:31:32,022 executing functools.partial(<built-in method execute of sqlite3.Connection object at 0x7f6eee27e890>, 'SELECT chat_id, topic_id, user_name FROM users', [])
2025-01-06 14:31:32,022 operation functools.partial(<built-in method execute of sqlite3.Connection object at 0x7f6eee27e890>, 'SELECT chat_id, topic_id, user_name FROM users', []) completed
2025-01-06 14:31:32,022 executing functools.partial(<built-in method fetchall of sqlite3.Cursor object at 0x7f6eee2deac0>)
2025-01-06 14:31:32,022 operation functools.partial(<built-in method fetchall of sqlite3.Cursor object at 0x7f6eee2deac0>) completed
2025-01-06 14:31:32,022 executing functools.partial(<built-in method close of sqlite3.Cursor object at 0x7f6eee2deac0>)
2025-01-06 14:31:32,022 operation functools.partial(<built-in method close of sqlite3.Cursor object at 0x7f6eee2deac0>) completed
2025-01-06 14:31:32,047 Looking for jobs to run
2025-01-06 14:31:32,048 Next wakeup is due at 2025-01-06 14:31:37.046286+05:00 (in 4.998265 seconds)
2025-01-06 14:31:32,048 Running job "checker (trigger: interval[0:00:05], next run at: 2025-01-06 14:31:37 +05)" (scheduled at 2025-01-06 14:31:32.046286+05:00)
2025-01-06 14:31:32,049 Job "checker (trigger: interval[0:00:05], next run at: 2025-01-06 14:31:37 +05)" executed successfully
2025-01-06 14:31:37,049 Looking for jobs to run
2025-01-06 14:31:37,050 Next wakeup is due at 2025-01-06 14:31:42.046286+05:00 (in 4.995871 seconds)
2025-01-06 14:31:37,050 Running job "checker (trigger: interval[0:00:05], next run at: 2025-01-06 14:31:42 +05)" (scheduled at 2025-01-06 14:31:37.046286+05:00)
2025-01-06 14:31:37,051 Job "checker (trigger: interval[0:00:05], next run at: 2025-01-06 14:31:42 +05)" executed successfully
2025-01-06 14:31:42,047 Looking for jobs to run
2025-01-06 14:31:42,047 Next wakeup is due at 2025-01-06 14:31:47.046286+05:00 (in 4.998443 seconds)
2025-01-06 14:31:42,048 Running job "checker (trigger: interval[0:00:05], next run at: 2025-01-06 14:31:47 +05)" (scheduled at 2025-01-06 14:31:42.046286+05:00)
2025-01-06 14:31:42,048 Job "checker (trigger: interval[0:00:05], next run at: 2025-01-06 14:31:47 +05)" executed successfully
2025-01-06 14:31:47,050 Looking for jobs to run
2025-01-06 14:31:47,051 Next wakeup is due at 2025-01-06 14:31:52.046286+05:00 (in 4.994944 seconds)
2025-01-06 14:31:47,051 Running job "checker (trigger: interval[0:00:05], next run at: 2025-01-06 14:31:52 +05)" (scheduled at 2025-01-06 14:31:47.046286+05:00)
2025-01-06 14:31:47,051 Job "checker (trigger: interval[0:00:05], next run at: 2025-01-06 14:31:52 +05)" executed successfully
2025-01-06 14:31:52,049 Looking for jobs to run
2025-01-06 14:31:52,051 Next wakeup is due at 2025-01-06 14:31:57.046286+05:00 (in 4.994840 seconds)
2025-01-06 14:31:52,051 Running job "checker (trigger: interval[0:00:05], next run at: 2025-01-06 14:31:57 +05)" (scheduled at 2025-01-06 14:31:52.046286+05:00)
2025-01-06 14:31:52,052 Job "checker (trigger: interval[0:00:05], next run at: 2025-01-06 14:31:57 +05)" executed successfully
2025-01-06 14:31:57,050 Looking for jobs to run
2025-01-06 14:31:57,051 Next wakeup is due at 2025-01-06 14:32:02.046286+05:00 (in 4.994347 seconds)
2025-01-06 14:31:57,052 Running job "checker (trigger: interval[0:00:05], next run at: 2025-01-06 14:32:02 +05)" (scheduled at 2025-01-06 14:31:57.046286+05:00)
2025-01-06 14:31:57,052 Job "checker (trigger: interval[0:00:05], next run at: 2025-01-06 14:32:02 +05)" executed successfully
2025-01-06 14:31:59,605 executing <function connect.<locals>.connector at 0x7f6eee2c7b00>
2025-01-06 14:31:59,605 operation <function connect.<locals>.connector at 0x7f6eee2c7b00> completed
2025-01-06 14:31:59,605 executing functools.partial(<built-in method execute of sqlite3.Connection object at 0x7f6eee27ea70>, 'SELECT topic_id FROM users WHERE chat_id = ?', (5434361630,))
2025-01-06 14:31:59,606 operation functools.partial(<built-in method execute of sqlite3.Connection object at 0x7f6eee27ea70>, 'SELECT topic_id FROM users WHERE chat_id = ?', (5434361630,)) completed
2025-01-06 14:31:59,606 executing functools.partial(<built-in method fetchone of sqlite3.Cursor object at 0x7f6eee2dee40>)
2025-01-06 14:31:59,606 operation functools.partial(<built-in method fetchone of sqlite3.Cursor object at 0x7f6eee2dee40>) completed
2025-01-06 14:31:59,607 executing functools.partial(<built-in method close of sqlite3.Cursor object at 0x7f6eee2dee40>)
2025-01-06 14:31:59,607 operation functools.partial(<built-in method close of sqlite3.Cursor object at 0x7f6eee2dee40>) completed
2025-01-06 14:31:59,608 executing functools.partial(<built-in method execute of sqlite3.Connection object at 0x7f6eee27e890>, 'SELECT topic_id FROM users WHERE chat_id = ? AND user_name = ?', (5434361630, 'yadgenn'))
2025-01-06 14:31:59,608 operation functools.partial(<built-in method execute of sqlite3.Connection object at 0x7f6eee27e890>, 'SELECT topic_id FROM users WHERE chat_id = ? AND user_name = ?', (5434361630, 'yadgenn')) completed
2025-01-06 14:31:59,608 executing functools.partial(<built-in method fetchone of sqlite3.Cursor object at 0x7f6eee2deac0>)
2025-01-06 14:31:59,608 operation functools.partial(<built-in method fetchone of sqlite3.Cursor object at 0x7f6eee2deac0>) completed
2025-01-06 14:31:59,608 executing functools.partial(<built-in method close of sqlite3.Cursor object at 0x7f6eee2deac0>)
2025-01-06 14:31:59,608 operation functools.partial(<built-in method close of sqlite3.Cursor object at 0x7f6eee2deac0>) completed
2025-01-06 14:32:00,401 executing functools.partial(<built-in method execute of sqlite3.Connection object at 0x7f6eee27e890>, 'SELECT topic_id FROM users WHERE chat_id = ?', (5434361630,))
2025-01-06 14:32:00,401 operation functools.partial(<built-in method execute of sqlite3.Connection object at 0x7f6eee27e890>, 'SELECT topic_id FROM users WHERE chat_id = ?', (5434361630,)) completed
2025-01-06 14:32:00,402 executing functools.partial(<built-in method fetchone of sqlite3.Cursor object at 0x7f6eee2deac0>)
2025-01-06 14:32:00,402 operation functools.partial(<built-in method fetchone of sqlite3.Cursor object at 0x7f6eee2deac0>) completed
2025-01-06 14:32:00,402 executing functools.partial(<built-in method close of sqlite3.Cursor object at 0x7f6eee2deac0>)
2025-01-06 14:32:00,402 operation functools.partial(<built-in method close of sqlite3.Cursor object at 0x7f6eee2deac0>) completed
2025-01-06 14:32:00,402 executing functools.partial(<built-in method execute of sqlite3.Connection object at 0x7f6eee27e890>, 'SELECT MAX(local_id) FROM group_messages WHERE topic_id = ?', (186,))
2025-01-06 14:32:00,403 operation functools.partial(<built-in method execute of sqlite3.Connection object at 0x7f6eee27e890>, 'SELECT MAX(local_id) FROM group_messages WHERE topic_id = ?', (186,)) completed
2025-01-06 14:32:00,403 executing functools.partial(<built-in method fetchone of sqlite3.Cursor object at 0x7f6eee2deac0>)
2025-01-06 14:32:00,403 operation functools.partial(<built-in method fetchone of sqlite3.Cursor object at 0x7f6eee2deac0>) completed
2025-01-06 14:32:00,403 executing functools.partial(<built-in method close of sqlite3.Cursor object at 0x7f6eee2deac0>)
2025-01-06 14:32:00,403 operation functools.partial(<built-in method close of sqlite3.Cursor object at 0x7f6eee2deac0>) completed
2025-01-06 14:32:00,403 executing functools.partial(<built-in method execute of sqlite3.Connection object at 0x7f6eee27e890>, '\n                    INSERT INTO group_messages (topic_id, message_id, local_id)\n                    VALUES (?, ?, ?)\n                ', (186, 1221, 244))
2025-01-06 14:32:00,404 operation functools.partial(<built-in method execute of sqlite3.Connection object at 0x7f6eee27e890>, '\n                    INSERT INTO group_messages (topic_id, message_id, local_id)\n                    VALUES (?, ?, ?)\n                ', (186, 1221, 244)) completed
2025-01-06 14:32:00,405 executing functools.partial(<built-in method execute of sqlite3.Connection object at 0x7f6eee27e890>, 'SELECT MAX(local_id) FROM private_messages WHERE chat_id = ?', (5434361630,))
2025-01-06 14:32:00,406 operation functools.partial(<built-in method execute of sqlite3.Connection object at 0x7f6eee27e890>, 'SELECT MAX(local_id) FROM private_messages WHERE chat_id = ?', (5434361630,)) completed
2025-01-06 14:32:00,406 executing functools.partial(<built-in method fetchone of sqlite3.Cursor object at 0x7f6eee2df8c0>)
2025-01-06 14:32:00,406 operation functools.partial(<built-in method fetchone of sqlite3.Cursor object at 0x7f6eee2df8c0>) completed
2025-01-06 14:32:00,406 executing functools.partial(<built-in method close of sqlite3.Cursor object at 0x7f6eee2df8c0>)
2025-01-06 14:32:00,406 operation functools.partial(<built-in method close of sqlite3.Cursor object at 0x7f6eee2df8c0>) completed
2025-01-06 14:32:00,406 executing functools.partial(<built-in method execute of sqlite3.Connection object at 0x7f6eee27e890>, '\n                    INSERT INTO private_messages (chat_id, message_id, local_id)\n                    VALUES (?, ?, ?)\n                ', (5434361630, 23028, 244))
2025-01-06 14:32:00,407 operation functools.partial(<built-in method execute of sqlite3.Connection object at 0x7f6eee27e890>, '\n                    INSERT INTO private_messages (chat_id, message_id, local_id)\n                    VALUES (?, ?, ?)\n                ', (5434361630, 23028, 244)) completed
2025-01-06 14:32:00,407 executing functools.partial(<built-in method commit of sqlite3.Connection object at 0x7f6eee27e890>)
2025-01-06 14:32:00,412 operation functools.partial(<built-in method commit of sqlite3.Connection object at 0x7f6eee27e890>) completed
2025-01-06 14:32:02,048 Looking for jobs to run
2025-01-06 14:32:02,048 Next wakeup is due at 2025-01-06 14:32:07.046286+05:00 (in 4.997372 seconds)
2025-01-06 14:32:02,049 Running job "checker (trigger: interval[0:00:05], next run at: 2025-01-06 14:32:07 +05)" (scheduled at 2025-01-06 14:32:02.046286+05:00)
2025-01-06 14:32:02,049 Job "checker (trigger: interval[0:00:05], next run at: 2025-01-06 14:32:07 +05)" executed successfully
2025-01-06 14:32:07,049 Looking for jobs to run
2025-01-06 14:32:07,050 Next wakeup is due at 2025-01-06 14:32:12.046286+05:00 (in 4.996111 seconds)
2025-01-06 14:32:07,050 Running job "checker (trigger: interval[0:00:05], next run at: 2025-01-06 14:32:12 +05)" (scheduled at 2025-01-06 14:32:07.046286+05:00)
2025-01-06 14:32:07,050 Job "checker (trigger: interval[0:00:05], next run at: 2025-01-06 14:32:12 +05)" executed successfully
2025-01-06 14:32:08,823 executing <function connect.<locals>.connector at 0x7f6eee2c7f60>
2025-01-06 14:32:08,823 operation <function connect.<locals>.connector at 0x7f6eee2c7f60> completed
2025-01-06 14:32:08,824 executing functools.partial(<built-in method execute of sqlite3.Connection object at 0x7f6eee27f6a0>, 'SELECT topic_id FROM users WHERE chat_id = ?', (5434361630,))
2025-01-06 14:32:08,824 operation functools.partial(<built-in method execute of sqlite3.Connection object at 0x7f6eee27f6a0>, 'SELECT topic_id FROM users WHERE chat_id = ?', (5434361630,)) completed
2025-01-06 14:32:08,825 executing functools.partial(<built-in method fetchone of sqlite3.Cursor object at 0x7f6eee2df7c0>)
2025-01-06 14:32:08,825 operation functools.partial(<built-in method fetchone of sqlite3.Cursor object at 0x7f6eee2df7c0>) completed
2025-01-06 14:32:08,825 executing functools.partial(<built-in method close of sqlite3.Cursor object at 0x7f6eee2df7c0>)
2025-01-06 14:32:08,825 operation functools.partial(<built-in method close of sqlite3.Cursor object at 0x7f6eee2df7c0>) completed
2025-01-06 14:32:08,827 executing functools.partial(<built-in method execute of sqlite3.Connection object at 0x7f6eee27e890>, 'SELECT topic_id FROM users WHERE chat_id = ? AND user_name = ?', (5434361630, 'yadgenn'))
2025-01-06 14:32:08,827 operation functools.partial(<built-in method execute of sqlite3.Connection object at 0x7f6eee27e890>, 'SELECT topic_id FROM users WHERE chat_id = ? AND user_name = ?', (5434361630, 'yadgenn')) completed
2025-01-06 14:32:08,827 executing functools.partial(<built-in method fetchone of sqlite3.Cursor object at 0x7f6eee2dfdc0>)
2025-01-06 14:32:08,827 operation functools.partial(<built-in method fetchone of sqlite3.Cursor object at 0x7f6eee2dfdc0>) completed
2025-01-06 14:32:08,828 executing functools.partial(<built-in method close of sqlite3.Cursor object at 0x7f6eee2dfdc0>)
2025-01-06 14:32:08,828 operation functools.partial(<built-in method close of sqlite3.Cursor object at 0x7f6eee2dfdc0>) completed
2025-01-06 14:32:08,828 executing functools.partial(<built-in method execute of sqlite3.Connection object at 0x7f6eee27e890>, 'SELECT chat_id, topic_id, user_name FROM users', [])
2025-01-06 14:32:08,828 operation functools.partial(<built-in method execute of sqlite3.Connection object at 0x7f6eee27e890>, 'SELECT chat_id, topic_id, user_name FROM users', []) completed
2025-01-06 14:32:08,828 executing functools.partial(<built-in method fetchall of sqlite3.Cursor object at 0x7f6eee2dfdc0>)
2025-01-06 14:32:08,828 operation functools.partial(<built-in method fetchall of sqlite3.Cursor object at 0x7f6eee2dfdc0>) completed
2025-01-06 14:32:08,828 executing functools.partial(<built-in method close of sqlite3.Cursor object at 0x7f6eee2dfdc0>)
2025-01-06 14:32:08,828 operation functools.partial(<built-in method close of sqlite3.Cursor object at 0x7f6eee2dfdc0>) completed
2025-01-06 14:32:12,050 Looking for jobs to run
2025-01-06 14:32:12,051 Next wakeup is due at 2025-01-06 14:32:17.046286+05:00 (in 4.995259 seconds)
2025-01-06 14:32:12,051 Running job "checker (trigger: interval[0:00:05], next run at: 2025-01-06 14:32:17 +05)" (scheduled at 2025-01-06 14:32:12.046286+05:00)
2025-01-06 14:32:12,051 Job "checker (trigger: interval[0:00:05], next run at: 2025-01-06 14:32:17 +05)" executed successfully
2025-01-06 14:32:17,048 Looking for jobs to run
2025-01-06 14:32:17,049 Next wakeup is due at 2025-01-06 14:32:22.046286+05:00 (in 4.997152 seconds)
2025-01-06 14:32:17,049 Running job "checker (trigger: interval[0:00:05], next run at: 2025-01-06 14:32:22 +05)" (scheduled at 2025-01-06 14:32:17.046286+05:00)
2025-01-06 14:32:17,049 Job "checker (trigger: interval[0:00:05], next run at: 2025-01-06 14:32:22 +05)" executed successfully
2025-01-06 14:32:22,049 Looking for jobs to run
2025-01-06 14:32:22,050 Next wakeup is due at 2025-01-06 14:32:27.046286+05:00 (in 4.995590 seconds)
2025-01-06 14:32:22,050 Running job "checker (trigger: interval[0:00:05], next run at: 2025-01-06 14:32:27 +05)" (scheduled at 2025-01-06 14:32:22.046286+05:00)
2025-01-06 14:32:22,051 Job "checker (trigger: interval[0:00:05], next run at: 2025-01-06 14:32:27 +05)" executed successfully
2025-01-06 14:32:27,051 Looking for jobs to run
2025-01-06 14:32:27,052 Next wakeup is due at 2025-01-06 14:32:32.046286+05:00 (in 4.994234 seconds)
2025-01-06 14:32:27,052 Running job "checker (trigger: interval[0:00:05], next run at: 2025-01-06 14:32:32 +05)" (scheduled at 2025-01-06 14:32:27.046286+05:00)
2025-01-06 14:32:27,052 Job "checker (trigger: interval[0:00:05], next run at: 2025-01-06 14:32:32 +05)" executed successfully
2025-01-06 14:32:32,047 Looking for jobs to run
2025-01-06 14:32:32,048 Next wakeup is due at 2025-01-06 14:32:37.046286+05:00 (in 4.997935 seconds)
2025-01-06 14:32:32,048 Running job "checker (trigger: interval[0:00:05], next run at: 2025-01-06 14:32:37 +05)" (scheduled at 2025-01-06 14:32:32.046286+05:00)
2025-01-06 14:32:32,048 Job "checker (trigger: interval[0:00:05], next run at: 2025-01-06 14:32:37 +05)" executed successfully
2025-01-06 14:32:37,051 Looking for jobs to run
2025-01-06 14:32:37,052 Next wakeup is due at 2025-01-06 14:32:42.046286+05:00 (in 4.993463 seconds)
2025-01-06 14:32:37,053 Running job "checker (trigger: interval[0:00:05], next run at: 2025-01-06 14:32:42 +05)" (scheduled at 2025-01-06 14:32:37.046286+05:00)
2025-01-06 14:32:37,053 Job "checker (trigger: interval[0:00:05], next run at: 2025-01-06 14:32:42 +05)" executed successfully
2025-01-06 14:32:42,052 Looking for jobs to run
2025-01-06 14:32:42,052 Next wakeup is due at 2025-01-06 14:32:47.046286+05:00 (in 4.993684 seconds)
2025-01-06 14:32:42,052 Running job "checker (trigger: interval[0:00:05], next run at: 2025-01-06 14:32:47 +05)" (scheduled at 2025-01-06 14:32:42.046286+05:00)
2025-01-06 14:32:42,053 Job "checker (trigger: interval[0:00:05], next run at: 2025-01-06 14:32:47 +05)" executed successfully
2025-01-06 14:32:47,050 Looking for jobs to run
2025-01-06 14:32:47,051 Next wakeup is due at 2025-01-06 14:32:52.046286+05:00 (in 4.994661 seconds)
2025-01-06 14:32:47,052 Running job "checker (trigger: interval[0:00:05], next run at: 2025-01-06 14:32:52 +05)" (scheduled at 2025-01-06 14:32:47.046286+05:00)
2025-01-06 14:32:47,052 Job "checker (trigger: interval[0:00:05], next run at: 2025-01-06 14:32:52 +05)" executed successfully
2025-01-06 14:32:48,202 executing <function connect.<locals>.connector at 0x7f6eee2f40e0>
2025-01-06 14:32:48,209 operation <function connect.<locals>.connector at 0x7f6eee2f40e0> completed
2025-01-06 14:32:48,210 executing functools.partial(<built-in method execute of sqlite3.Connection object at 0x7f6eee27f010>, 'SELECT topic_id FROM users WHERE chat_id = ?', (7875501711,))
2025-01-06 14:32:48,215 operation functools.partial(<built-in method execute of sqlite3.Connection object at 0x7f6eee27f010>, 'SELECT topic_id FROM users WHERE chat_id = ?', (7875501711,)) completed
2025-01-06 14:32:48,216 executing functools.partial(<built-in method fetchone of sqlite3.Cursor object at 0x7f6eee28ff40>)
2025-01-06 14:32:48,216 operation functools.partial(<built-in method fetchone of sqlite3.Cursor object at 0x7f6eee28ff40>) completed
2025-01-06 14:32:48,216 executing functools.partial(<built-in method close of sqlite3.Cursor object at 0x7f6eee28ff40>)
2025-01-06 14:32:48,216 operation functools.partial(<built-in method close of sqlite3.Cursor object at 0x7f6eee28ff40>) completed
2025-01-06 14:32:52,049 Looking for jobs to run
2025-01-06 14:32:52,050 Next wakeup is due at 2025-01-06 14:32:57.046286+05:00 (in 4.996213 seconds)
2025-01-06 14:32:52,050 Running job "checker (trigger: interval[0:00:05], next run at: 2025-01-06 14:32:57 +05)" (scheduled at 2025-01-06 14:32:52.046286+05:00)
2025-01-06 14:32:52,050 Job "checker (trigger: interval[0:00:05], next run at: 2025-01-06 14:32:57 +05)" executed successfully
2025-01-06 14:32:57,050 Looking for jobs to run
2025-01-06 14:32:57,051 Next wakeup is due at 2025-01-06 14:33:02.046286+05:00 (in 4.995287 seconds)
2025-01-06 14:32:57,051 Running job "checker (trigger: interval[0:00:05], next run at: 2025-01-06 14:33:02 +05)" (scheduled at 2025-01-06 14:32:57.046286+05:00)
2025-01-06 14:32:57,051 Job "checker (trigger: interval[0:00:05], next run at: 2025-01-06 14:33:02 +05)" executed successfully
2025-01-06 14:33:02,047 Looking for jobs to run
2025-01-06 14:33:02,047 Next wakeup is due at 2025-01-06 14:33:07.046286+05:00 (in 4.998594 seconds)
2025-01-06 14:33:02,048 Running job "checker (trigger: interval[0:00:05], next run at: 2025-01-06 14:33:07 +05)" (scheduled at 2025-01-06 14:33:02.046286+05:00)
2025-01-06 14:33:02,048 Job "checker (trigger: interval[0:00:05], next run at: 2025-01-06 14:33:07 +05)" executed successfully
2025-01-06 14:33:07,049 Looking for jobs to run
2025-01-06 14:33:07,050 Next wakeup is due at 2025-01-06 14:33:12.046286+05:00 (in 4.996080 seconds)
2025-01-06 14:33:07,050 Running job "checker (trigger: interval[0:00:05], next run at: 2025-01-06 14:33:12 +05)" (scheduled at 2025-01-06 14:33:07.046286+05:00)
2025-01-06 14:33:07,050 Job "checker (trigger: interval[0:00:05], next run at: 2025-01-06 14:33:12 +05)" executed successfully
2025-01-06 14:33:12,049 Looking for jobs to run
2025-01-06 14:33:12,050 Next wakeup is due at 2025-01-06 14:33:17.046286+05:00 (in 4.995577 seconds)
2025-01-06 14:33:12,050 Running job "checker (trigger: interval[0:00:05], next run at: 2025-01-06 14:33:17 +05)" (scheduled at 2025-01-06 14:33:12.046286+05:00)
2025-01-06 14:33:12,051 Job "checker (trigger: interval[0:00:05], next run at: 2025-01-06 14:33:17 +05)" executed successfully
2025-01-06 14:33:17,051 Looking for jobs to run
2025-01-06 14:33:17,052 Next wakeup is due at 2025-01-06 14:33:22.046286+05:00 (in 4.993908 seconds)
2025-01-06 14:33:17,052 Running job "checker (trigger: interval[0:00:05], next run at: 2025-01-06 14:33:22 +05)" (scheduled at 2025-01-06 14:33:17.046286+05:00)
2025-01-06 14:33:17,052 Job "checker (trigger: interval[0:00:05], next run at: 2025-01-06 14:33:22 +05)" executed successfully
2025-01-06 14:33:22,047 Looking for jobs to run
2025-01-06 14:33:22,047 Next wakeup is due at 2025-01-06 14:33:27.046286+05:00 (in 4.998473 seconds)
2025-01-06 14:33:22,047 Running job "checker (trigger: interval[0:00:05], next run at: 2025-01-06 14:33:27 +05)" (scheduled at 2025-01-06 14:33:22.046286+05:00)
2025-01-06 14:33:22,048 Job "checker (trigger: interval[0:00:05], next run at: 2025-01-06 14:33:27 +05)" executed successfully
2025-01-06 14:33:27,052 Looking for jobs to run
2025-01-06 14:33:27,052 Next wakeup is due at 2025-01-06 14:33:32.046286+05:00 (in 4.993717 seconds)
2025-01-06 14:33:27,053 Running job "checker (trigger: interval[0:00:05], next run at: 2025-01-06 14:33:32 +05)" (scheduled at 2025-01-06 14:33:27.046286+05:00)
2025-01-06 14:33:27,053 Job "checker (trigger: interval[0:00:05], next run at: 2025-01-06 14:33:32 +05)" executed successfully
2025-01-06 14:33:32,051 Looking for jobs to run
2025-01-06 14:33:32,051 Next wakeup is due at 2025-01-06 14:33:37.046286+05:00 (in 4.994908 seconds)
2025-01-06 14:33:32,051 Running job "checker (trigger: interval[0:00:05], next run at: 2025-01-06 14:33:37 +05)" (scheduled at 2025-01-06 14:33:32.046286+05:00)
2025-01-06 14:33:32,051 Job "checker (trigger: interval[0:00:05], next run at: 2025-01-06 14:33:37 +05)" executed successfully
2025-01-06 14:33:37,049 Looking for jobs to run
2025-01-06 14:33:37,050 Next wakeup is due at 2025-01-06 14:33:42.046286+05:00 (in 4.996172 seconds)
2025-01-06 14:33:37,050 Running job "checker (trigger: interval[0:00:05], next run at: 2025-01-06 14:33:42 +05)" (scheduled at 2025-01-06 14:33:37.046286+05:00)
2025-01-06 14:33:37,050 Job "checker (trigger: interval[0:00:05], next run at: 2025-01-06 14:33:42 +05)" executed successfully
2025-01-06 14:33:42,046 Looking for jobs to run
2025-01-06 14:33:42,047 Next wakeup is due at 2025-01-06 14:33:47.046286+05:00 (in 4.999089 seconds)
2025-01-06 14:33:42,047 Running job "checker (trigger: interval[0:00:05], next run at: 2025-01-06 14:33:47 +05)" (scheduled at 2025-01-06 14:33:42.046286+05:00)
2025-01-06 14:33:42,047 Job "checker (trigger: interval[0:00:05], next run at: 2025-01-06 14:33:47 +05)" executed successfully
2025-01-06 14:33:47,051 Looking for jobs to run
2025-01-06 14:33:47,051 Next wakeup is due at 2025-01-06 14:33:52.046286+05:00 (in 4.994587 seconds)
2025-01-06 14:33:47,051 Running job "checker (trigger: interval[0:00:05], next run at: 2025-01-06 14:33:52 +05)" (scheduled at 2025-01-06 14:33:47.046286+05:00)
2025-01-06 14:33:47,051 Job "checker (trigger: interval[0:00:05], next run at: 2025-01-06 14:33:52 +05)" executed successfully
2025-01-06 14:33:52,052 Looking for jobs to run
2025-01-06 14:33:52,052 Next wakeup is due at 2025-01-06 14:33:57.046286+05:00 (in 4.993540 seconds)
2025-01-06 14:33:52,052 Running job "checker (trigger: interval[0:00:05], next run at: 2025-01-06 14:33:57 +05)" (scheduled at 2025-01-06 14:33:52.046286+05:00)
2025-01-06 14:33:52,053 Job "checker (trigger: interval[0:00:05], next run at: 2025-01-06 14:33:57 +05)" executed successfully
2025-01-06 14:33:57,052 Looking for jobs to run
2025-01-06 14:33:57,052 Next wakeup is due at 2025-01-06 14:34:02.046286+05:00 (in 4.993773 seconds)
2025-01-06 14:33:57,052 Running job "checker (trigger: interval[0:00:05], next run at: 2025-01-06 14:34:02 +05)" (scheduled at 2025-01-06 14:33:57.046286+05:00)
2025-01-06 14:33:57,052 Job "checker (trigger: interval[0:00:05], next run at: 2025-01-06 14:34:02 +05)" executed successfully
2025-01-06 14:34:02,049 Looking for jobs to run
2025-01-06 14:34:02,050 Next wakeup is due at 2025-01-06 14:34:07.046286+05:00 (in 4.996140 seconds)
2025-01-06 14:34:02,050 Running job "checker (trigger: interval[0:00:05], next run at: 2025-01-06 14:34:07 +05)" (scheduled at 2025-01-06 14:34:02.046286+05:00)
2025-01-06 14:34:02,050 Job "checker (trigger: interval[0:00:05], next run at: 2025-01-06 14:34:07 +05)" executed successfully
2025-01-06 14:34:03,924 Infinity polling: polling exited
2025-01-06 14:34:03,926 Break infinity polling
