2025-01-06 16:25:57,243 Adding job tentatively -- it will be properly scheduled when the scheduler starts
2025-01-06 16:25:57,245 Added job "checker" to job store "default"
2025-01-06 16:25:57,245 Scheduler started
2025-01-06 16:25:57,257 Looking for jobs to run
2025-01-06 16:25:57,257 Next wakeup is due at 2025-01-06 16:26:02.243395+05:00 (in 4.985944 seconds)
2025-01-06 16:26:00,056 executing <function connect.<locals>.connector at 0x7f985eaea020>
2025-01-06 16:26:00,061 operation <function connect.<locals>.connector at 0x7f985eaea020> completed
2025-01-06 16:26:00,061 executing functools.partial(<built-in method execute of sqlite3.Connection object at 0x7f985ea99e40>, 'SELECT topic_id FROM users WHERE chat_id = ?', (5434361630,))
2025-01-06 16:26:00,064 operation functools.partial(<built-in method execute of sqlite3.Connection object at 0x7f985ea99e40>, 'SELECT topic_id FROM users WHERE chat_id = ?', (5434361630,)) completed
2025-01-06 16:26:00,065 executing functools.partial(<built-in method fetchone of sqlite3.Cursor object at 0x7f985eaaff40>)
2025-01-06 16:26:00,065 operation functools.partial(<built-in method fetchone of sqlite3.Cursor object at 0x7f985eaaff40>) completed
2025-01-06 16:26:00,065 executing functools.partial(<built-in method close of sqlite3.Cursor object at 0x7f985eaaff40>)
2025-01-06 16:26:00,065 operation functools.partial(<built-in method close of sqlite3.Cursor object at 0x7f985eaaff40>) completed
2025-01-06 16:26:00,066 executing <function connect.<locals>.connector at 0x7f985eaeb4c0>
2025-01-06 16:26:00,066 operation <function connect.<locals>.connector at 0x7f985eaeb4c0> completed
2025-01-06 16:26:00,068 executing functools.partial(<built-in method execute of sqlite3.Connection object at 0x7f985ea9a200>, 'PRAGMA foreign_keys = ON', [])
2025-01-06 16:26:00,069 operation functools.partial(<built-in method execute of sqlite3.Connection object at 0x7f985ea9a200>, 'PRAGMA foreign_keys = ON', []) completed
2025-01-06 16:26:00,070 executing functools.partial(<built-in method execute of sqlite3.Connection object at 0x7f985ea9a200>, '\n            CREATE TABLE IF NOT EXISTS users (\n                chat_id INTEGER,\n                topic_id INTEGER,\n                user_name TEXT,\n                PRIMARY KEY (chat_id, topic_id)\n            )\n        ', [])
2025-01-06 16:26:00,070 operation functools.partial(<built-in method execute of sqlite3.Connection object at 0x7f985ea9a200>, '\n            CREATE TABLE IF NOT EXISTS users (\n                chat_id INTEGER,\n                topic_id INTEGER,\n                user_name TEXT,\n                PRIMARY KEY (chat_id, topic_id)\n            )\n        ', []) completed
2025-01-06 16:26:00,070 executing functools.partial(<built-in method execute of sqlite3.Connection object at 0x7f985ea9a200>, '\n            CREATE TABLE IF NOT EXISTS group_messages (\n                topic_id INTEGER,\n                message_id INTEGER,\n                local_id INTEGER,\n                PRIMARY KEY (topic_id, local_id)\n            )\n        ', [])
2025-01-06 16:26:00,070 operation functools.partial(<built-in method execute of sqlite3.Connection object at 0x7f985ea9a200>, '\n            CREATE TABLE IF NOT EXISTS group_messages (\n                topic_id INTEGER,\n                message_id INTEGER,\n                local_id INTEGER,\n                PRIMARY KEY (topic_id, local_id)\n            )\n        ', []) completed
2025-01-06 16:26:00,071 executing functools.partial(<built-in method execute of sqlite3.Connection object at 0x7f985ea9a200>, '\n            CREATE TABLE IF NOT EXISTS private_messages (\n                chat_id INTEGER,\n                message_id INTEGER,\n                local_id INTEGER,\n                PRIMARY KEY (chat_id, local_id)\n            )\n        ', [])
2025-01-06 16:26:00,071 operation functools.partial(<built-in method execute of sqlite3.Connection object at 0x7f985ea9a200>, '\n            CREATE TABLE IF NOT EXISTS private_messages (\n                chat_id INTEGER,\n                message_id INTEGER,\n                local_id INTEGER,\n                PRIMARY KEY (chat_id, local_id)\n            )\n        ', []) completed
2025-01-06 16:26:00,071 executing functools.partial(<built-in method commit of sqlite3.Connection object at 0x7f985ea9a200>)
2025-01-06 16:26:00,071 operation functools.partial(<built-in method commit of sqlite3.Connection object at 0x7f985ea9a200>) completed
2025-01-06 16:26:00,071 executing functools.partial(<built-in method execute of sqlite3.Connection object at 0x7f985ea9a200>, 'SELECT topic_id FROM users WHERE chat_id = ? AND user_name = ?', (5434361630, 'yadgenn'))
2025-01-06 16:26:00,072 operation functools.partial(<built-in method execute of sqlite3.Connection object at 0x7f985ea9a200>, 'SELECT topic_id FROM users WHERE chat_id = ? AND user_name = ?', (5434361630, 'yadgenn')) completed
2025-01-06 16:26:00,072 executing functools.partial(<built-in method fetchone of sqlite3.Cursor object at 0x7f985eafc7c0>)
2025-01-06 16:26:00,072 operation functools.partial(<built-in method fetchone of sqlite3.Cursor object at 0x7f985eafc7c0>) completed
2025-01-06 16:26:00,072 executing functools.partial(<built-in method close of sqlite3.Cursor object at 0x7f985eafc7c0>)
2025-01-06 16:26:00,072 operation functools.partial(<built-in method close of sqlite3.Cursor object at 0x7f985eafc7c0>) completed
2025-01-06 16:26:01,772 executing functools.partial(<built-in method execute of sqlite3.Connection object at 0x7f985ea9a200>, 'SELECT topic_id FROM users WHERE chat_id = ?', (5434361630,))
2025-01-06 16:26:01,773 operation functools.partial(<built-in method execute of sqlite3.Connection object at 0x7f985ea9a200>, 'SELECT topic_id FROM users WHERE chat_id = ?', (5434361630,)) completed
2025-01-06 16:26:01,773 executing functools.partial(<built-in method fetchone of sqlite3.Cursor object at 0x7f985eafc7c0>)
2025-01-06 16:26:01,773 operation functools.partial(<built-in method fetchone of sqlite3.Cursor object at 0x7f985eafc7c0>) completed
2025-01-06 16:26:01,773 executing functools.partial(<built-in method close of sqlite3.Cursor object at 0x7f985eafc7c0>)
2025-01-06 16:26:01,773 operation functools.partial(<built-in method close of sqlite3.Cursor object at 0x7f985eafc7c0>) completed
2025-01-06 16:26:01,773 executing functools.partial(<built-in method execute of sqlite3.Connection object at 0x7f985ea9a200>, 'SELECT MAX(local_id) FROM group_messages WHERE topic_id = ?', (186,))
2025-01-06 16:26:01,774 operation functools.partial(<built-in method execute of sqlite3.Connection object at 0x7f985ea9a200>, 'SELECT MAX(local_id) FROM group_messages WHERE topic_id = ?', (186,)) completed
2025-01-06 16:26:01,774 executing functools.partial(<built-in method fetchone of sqlite3.Cursor object at 0x7f985eafc7c0>)
2025-01-06 16:26:01,774 operation functools.partial(<built-in method fetchone of sqlite3.Cursor object at 0x7f985eafc7c0>) completed
2025-01-06 16:26:01,775 executing functools.partial(<built-in method close of sqlite3.Cursor object at 0x7f985eafc7c0>)
2025-01-06 16:26:01,775 operation functools.partial(<built-in method close of sqlite3.Cursor object at 0x7f985eafc7c0>) completed
2025-01-06 16:26:01,775 executing functools.partial(<built-in method execute of sqlite3.Connection object at 0x7f985ea9a200>, '\n                    INSERT INTO group_messages (topic_id, message_id, local_id)\n                    VALUES (?, ?, ?)\n                ', (186, 1360, 367))
2025-01-06 16:26:01,776 operation functools.partial(<built-in method execute of sqlite3.Connection object at 0x7f985ea9a200>, '\n                    INSERT INTO group_messages (topic_id, message_id, local_id)\n                    VALUES (?, ?, ?)\n                ', (186, 1360, 367)) completed
2025-01-06 16:26:01,776 executing functools.partial(<built-in method execute of sqlite3.Connection object at 0x7f985ea9a200>, 'SELECT MAX(local_id) FROM private_messages WHERE chat_id = ?', (5434361630,))
2025-01-06 16:26:01,776 operation functools.partial(<built-in method execute of sqlite3.Connection object at 0x7f985ea9a200>, 'SELECT MAX(local_id) FROM private_messages WHERE chat_id = ?', (5434361630,)) completed
2025-01-06 16:26:01,777 executing functools.partial(<built-in method fetchone of sqlite3.Cursor object at 0x7f985eafd8c0>)
2025-01-06 16:26:01,777 operation functools.partial(<built-in method fetchone of sqlite3.Cursor object at 0x7f985eafd8c0>) completed
2025-01-06 16:26:01,777 executing functools.partial(<built-in method close of sqlite3.Cursor object at 0x7f985eafd8c0>)
2025-01-06 16:26:01,777 operation functools.partial(<built-in method close of sqlite3.Cursor object at 0x7f985eafd8c0>) completed
2025-01-06 16:26:01,777 executing functools.partial(<built-in method execute of sqlite3.Connection object at 0x7f985ea9a200>, '\n                    INSERT INTO private_messages (chat_id, message_id, local_id)\n                    VALUES (?, ?, ?)\n                ', (5434361630, 23210, 367))
2025-01-06 16:26:01,777 operation functools.partial(<built-in method execute of sqlite3.Connection object at 0x7f985ea9a200>, '\n                    INSERT INTO private_messages (chat_id, message_id, local_id)\n                    VALUES (?, ?, ?)\n                ', (5434361630, 23210, 367)) completed
2025-01-06 16:26:01,778 executing functools.partial(<built-in method commit of sqlite3.Connection object at 0x7f985ea9a200>)
2025-01-06 16:26:01,783 operation functools.partial(<built-in method commit of sqlite3.Connection object at 0x7f985ea9a200>) completed
2025-01-06 16:26:02,244 Looking for jobs to run
2025-01-06 16:26:02,244 Next wakeup is due at 2025-01-06 16:26:07.243395+05:00 (in 4.998756 seconds)
2025-01-06 16:26:02,244 Running job "checker (trigger: interval[0:00:05], next run at: 2025-01-06 16:26:07 +05)" (scheduled at 2025-01-06 16:26:02.243395+05:00)
2025-01-06 16:26:02,245 Job "checker (trigger: interval[0:00:05], next run at: 2025-01-06 16:26:07 +05)" executed successfully
2025-01-06 16:26:07,248 Looking for jobs to run
2025-01-06 16:26:07,248 Next wakeup is due at 2025-01-06 16:26:12.243395+05:00 (in 4.994513 seconds)
2025-01-06 16:26:07,249 Running job "checker (trigger: interval[0:00:05], next run at: 2025-01-06 16:26:12 +05)" (scheduled at 2025-01-06 16:26:07.243395+05:00)
2025-01-06 16:26:07,249 Job "checker (trigger: interval[0:00:05], next run at: 2025-01-06 16:26:12 +05)" executed successfully
2025-01-06 16:26:08,723 executing functools.partial(<built-in method execute of sqlite3.Connection object at 0x7f985ea9a200>, 'SELECT topic_id FROM users WHERE chat_id = ?', (5434361630,))
2025-01-06 16:26:08,723 operation functools.partial(<built-in method execute of sqlite3.Connection object at 0x7f985ea9a200>, 'SELECT topic_id FROM users WHERE chat_id = ?', (5434361630,)) completed
2025-01-06 16:26:08,723 executing functools.partial(<built-in method fetchone of sqlite3.Cursor object at 0x7f985eafcbc0>)
2025-01-06 16:26:08,723 operation functools.partial(<built-in method fetchone of sqlite3.Cursor object at 0x7f985eafcbc0>) completed
2025-01-06 16:26:08,723 executing functools.partial(<built-in method close of sqlite3.Cursor object at 0x7f985eafcbc0>)
2025-01-06 16:26:08,724 operation functools.partial(<built-in method close of sqlite3.Cursor object at 0x7f985eafcbc0>) completed
2025-01-06 16:26:08,724 executing functools.partial(<built-in method execute of sqlite3.Connection object at 0x7f985ea9a200>, 'SELECT local_id FROM private_messages WHERE chat_id = ? AND message_id = ?', (5434361630, 23210))
2025-01-06 16:26:08,725 operation functools.partial(<built-in method execute of sqlite3.Connection object at 0x7f985ea9a200>, 'SELECT local_id FROM private_messages WHERE chat_id = ? AND message_id = ?', (5434361630, 23210)) completed
2025-01-06 16:26:08,725 executing functools.partial(<built-in method fetchone of sqlite3.Cursor object at 0x7f985eafcbc0>)
2025-01-06 16:26:08,725 operation functools.partial(<built-in method fetchone of sqlite3.Cursor object at 0x7f985eafcbc0>) completed
2025-01-06 16:26:08,725 executing functools.partial(<built-in method execute of sqlite3.Connection object at 0x7f985ea9a200>, 'SELECT message_id FROM group_messages WHERE topic_id = ? AND local_id = ?', (186, 367))
2025-01-06 16:26:08,725 operation functools.partial(<built-in method execute of sqlite3.Connection object at 0x7f985ea9a200>, 'SELECT message_id FROM group_messages WHERE topic_id = ? AND local_id = ?', (186, 367)) completed
2025-01-06 16:26:08,726 executing functools.partial(<built-in method fetchone of sqlite3.Cursor object at 0x7f985eafdac0>)
2025-01-06 16:26:08,726 operation functools.partial(<built-in method fetchone of sqlite3.Cursor object at 0x7f985eafdac0>) completed
2025-01-06 16:26:08,726 executing functools.partial(<built-in method close of sqlite3.Cursor object at 0x7f985eafdac0>)
2025-01-06 16:26:08,726 operation functools.partial(<built-in method close of sqlite3.Cursor object at 0x7f985eafdac0>) completed
2025-01-06 16:26:08,726 executing functools.partial(<built-in method close of sqlite3.Cursor object at 0x7f985eafcbc0>)
2025-01-06 16:26:08,726 operation functools.partial(<built-in method close of sqlite3.Cursor object at 0x7f985eafcbc0>) completed
2025-01-06 16:26:12,248 Looking for jobs to run
2025-01-06 16:26:12,249 Next wakeup is due at 2025-01-06 16:26:17.243395+05:00 (in 4.993723 seconds)
2025-01-06 16:26:12,250 Running job "checker (trigger: interval[0:00:05], next run at: 2025-01-06 16:26:17 +05)" (scheduled at 2025-01-06 16:26:12.243395+05:00)
2025-01-06 16:26:12,250 Job "checker (trigger: interval[0:00:05], next run at: 2025-01-06 16:26:17 +05)" executed successfully
2025-01-06 16:26:17,247 Looking for jobs to run
2025-01-06 16:26:17,247 Next wakeup is due at 2025-01-06 16:26:22.243395+05:00 (in 4.995975 seconds)
2025-01-06 16:26:17,247 Running job "checker (trigger: interval[0:00:05], next run at: 2025-01-06 16:26:22 +05)" (scheduled at 2025-01-06 16:26:17.243395+05:00)
2025-01-06 16:26:17,247 Job "checker (trigger: interval[0:00:05], next run at: 2025-01-06 16:26:22 +05)" executed successfully
2025-01-06 16:26:22,248 Looking for jobs to run
2025-01-06 16:26:22,248 Next wakeup is due at 2025-01-06 16:26:27.243395+05:00 (in 4.994537 seconds)
2025-01-06 16:26:22,249 Running job "checker (trigger: interval[0:00:05], next run at: 2025-01-06 16:26:27 +05)" (scheduled at 2025-01-06 16:26:22.243395+05:00)
2025-01-06 16:26:22,249 Job "checker (trigger: interval[0:00:05], next run at: 2025-01-06 16:26:27 +05)" executed successfully
2025-01-06 16:26:22,654 executing functools.partial(<built-in method execute of sqlite3.Connection object at 0x7f985ea9a200>, 'SELECT topic_id FROM users WHERE chat_id = ?', (5434361630,))
2025-01-06 16:26:22,656 operation functools.partial(<built-in method execute of sqlite3.Connection object at 0x7f985ea9a200>, 'SELECT topic_id FROM users WHERE chat_id = ?', (5434361630,)) completed
2025-01-06 16:26:22,656 executing functools.partial(<built-in method fetchone of sqlite3.Cursor object at 0x7f985eafcbc0>)
2025-01-06 16:26:22,656 operation functools.partial(<built-in method fetchone of sqlite3.Cursor object at 0x7f985eafcbc0>) completed
2025-01-06 16:26:22,656 executing functools.partial(<built-in method close of sqlite3.Cursor object at 0x7f985eafcbc0>)
2025-01-06 16:26:22,656 operation functools.partial(<built-in method close of sqlite3.Cursor object at 0x7f985eafcbc0>) completed
2025-01-06 16:26:22,657 executing functools.partial(<built-in method execute of sqlite3.Connection object at 0x7f985ea9a200>, 'SELECT local_id FROM private_messages WHERE chat_id = ? AND message_id = ?', (5434361630, 23210))
2025-01-06 16:26:22,657 operation functools.partial(<built-in method execute of sqlite3.Connection object at 0x7f985ea9a200>, 'SELECT local_id FROM private_messages WHERE chat_id = ? AND message_id = ?', (5434361630, 23210)) completed
2025-01-06 16:26:22,657 executing functools.partial(<built-in method fetchone of sqlite3.Cursor object at 0x7f985eafcbc0>)
2025-01-06 16:26:22,657 operation functools.partial(<built-in method fetchone of sqlite3.Cursor object at 0x7f985eafcbc0>) completed
2025-01-06 16:26:22,657 executing functools.partial(<built-in method execute of sqlite3.Connection object at 0x7f985ea9a200>, 'SELECT message_id FROM group_messages WHERE topic_id = ? AND local_id = ?', (186, 367))
2025-01-06 16:26:22,658 operation functools.partial(<built-in method execute of sqlite3.Connection object at 0x7f985ea9a200>, 'SELECT message_id FROM group_messages WHERE topic_id = ? AND local_id = ?', (186, 367)) completed
2025-01-06 16:26:22,658 executing functools.partial(<built-in method fetchone of sqlite3.Cursor object at 0x7f985eafe540>)
2025-01-06 16:26:22,658 operation functools.partial(<built-in method fetchone of sqlite3.Cursor object at 0x7f985eafe540>) completed
2025-01-06 16:26:22,658 executing functools.partial(<built-in method close of sqlite3.Cursor object at 0x7f985eafe540>)
2025-01-06 16:26:22,658 operation functools.partial(<built-in method close of sqlite3.Cursor object at 0x7f985eafe540>) completed
2025-01-06 16:26:22,658 executing functools.partial(<built-in method close of sqlite3.Cursor object at 0x7f985eafcbc0>)
2025-01-06 16:26:22,658 operation functools.partial(<built-in method close of sqlite3.Cursor object at 0x7f985eafcbc0>) completed
2025-01-06 16:26:27,248 Looking for jobs to run
2025-01-06 16:26:27,248 Next wakeup is due at 2025-01-06 16:26:32.243395+05:00 (in 4.994820 seconds)
2025-01-06 16:26:27,248 Running job "checker (trigger: interval[0:00:05], next run at: 2025-01-06 16:26:32 +05)" (scheduled at 2025-01-06 16:26:27.243395+05:00)
2025-01-06 16:26:27,249 Job "checker (trigger: interval[0:00:05], next run at: 2025-01-06 16:26:32 +05)" executed successfully
2025-01-06 16:26:32,247 Looking for jobs to run
2025-01-06 16:26:32,247 Next wakeup is due at 2025-01-06 16:26:37.243395+05:00 (in 4.995722 seconds)
2025-01-06 16:26:32,247 Running job "checker (trigger: interval[0:00:05], next run at: 2025-01-06 16:26:37 +05)" (scheduled at 2025-01-06 16:26:32.243395+05:00)
2025-01-06 16:26:32,248 Job "checker (trigger: interval[0:00:05], next run at: 2025-01-06 16:26:37 +05)" executed successfully
2025-01-06 16:26:34,323 executing functools.partial(<built-in method execute of sqlite3.Connection object at 0x7f985ea9a200>, 'SELECT chat_id FROM users WHERE topic_id = ?', (186,))
2025-01-06 16:26:34,324 operation functools.partial(<built-in method execute of sqlite3.Connection object at 0x7f985ea9a200>, 'SELECT chat_id FROM users WHERE topic_id = ?', (186,)) completed
2025-01-06 16:26:34,324 executing functools.partial(<built-in method fetchone of sqlite3.Cursor object at 0x7f985eafcbc0>)
2025-01-06 16:26:34,324 operation functools.partial(<built-in method fetchone of sqlite3.Cursor object at 0x7f985eafcbc0>) completed
2025-01-06 16:26:34,325 executing functools.partial(<built-in method close of sqlite3.Cursor object at 0x7f985eafcbc0>)
2025-01-06 16:26:34,325 operation functools.partial(<built-in method close of sqlite3.Cursor object at 0x7f985eafcbc0>) completed
2025-01-06 16:26:34,681 executing functools.partial(<built-in method execute of sqlite3.Connection object at 0x7f985ea9a200>, 'SELECT chat_id FROM users WHERE topic_id = ?', (186,))
2025-01-06 16:26:34,682 operation functools.partial(<built-in method execute of sqlite3.Connection object at 0x7f985ea9a200>, 'SELECT chat_id FROM users WHERE topic_id = ?', (186,)) completed
2025-01-06 16:26:34,682 executing functools.partial(<built-in method fetchone of sqlite3.Cursor object at 0x7f985eafcbc0>)
2025-01-06 16:26:34,682 operation functools.partial(<built-in method fetchone of sqlite3.Cursor object at 0x7f985eafcbc0>) completed
2025-01-06 16:26:34,682 executing functools.partial(<built-in method close of sqlite3.Cursor object at 0x7f985eafcbc0>)
2025-01-06 16:26:34,682 operation functools.partial(<built-in method close of sqlite3.Cursor object at 0x7f985eafcbc0>) completed
2025-01-06 16:26:34,682 executing functools.partial(<built-in method execute of sqlite3.Connection object at 0x7f985ea9a200>, 'SELECT MAX(local_id) FROM private_messages WHERE chat_id = ?', (5434361630,))
2025-01-06 16:26:34,683 operation functools.partial(<built-in method execute of sqlite3.Connection object at 0x7f985ea9a200>, 'SELECT MAX(local_id) FROM private_messages WHERE chat_id = ?', (5434361630,)) completed
2025-01-06 16:26:34,683 executing functools.partial(<built-in method fetchone of sqlite3.Cursor object at 0x7f985eafcbc0>)
2025-01-06 16:26:34,683 operation functools.partial(<built-in method fetchone of sqlite3.Cursor object at 0x7f985eafcbc0>) completed
2025-01-06 16:26:34,683 executing functools.partial(<built-in method close of sqlite3.Cursor object at 0x7f985eafcbc0>)
2025-01-06 16:26:34,683 operation functools.partial(<built-in method close of sqlite3.Cursor object at 0x7f985eafcbc0>) completed
2025-01-06 16:26:34,683 executing functools.partial(<built-in method execute of sqlite3.Connection object at 0x7f985ea9a200>, '\n                    INSERT INTO private_messages (chat_id, message_id, local_id)\n                    VALUES (?, ?, ?)\n                ', (5434361630, 23213, 368))
2025-01-06 16:26:34,687 operation functools.partial(<built-in method execute of sqlite3.Connection object at 0x7f985ea9a200>, '\n                    INSERT INTO private_messages (chat_id, message_id, local_id)\n                    VALUES (?, ?, ?)\n                ', (5434361630, 23213, 368)) completed
2025-01-06 16:26:34,687 executing functools.partial(<built-in method execute of sqlite3.Connection object at 0x7f985ea9a200>, 'SELECT MAX(local_id) FROM group_messages WHERE topic_id = ?', (186,))
2025-01-06 16:26:34,688 operation functools.partial(<built-in method execute of sqlite3.Connection object at 0x7f985ea9a200>, 'SELECT MAX(local_id) FROM group_messages WHERE topic_id = ?', (186,)) completed
2025-01-06 16:26:34,688 executing functools.partial(<built-in method fetchone of sqlite3.Cursor object at 0x7f985eaff0c0>)
2025-01-06 16:26:34,688 operation functools.partial(<built-in method fetchone of sqlite3.Cursor object at 0x7f985eaff0c0>) completed
2025-01-06 16:26:34,688 executing functools.partial(<built-in method close of sqlite3.Cursor object at 0x7f985eaff0c0>)
2025-01-06 16:26:34,688 operation functools.partial(<built-in method close of sqlite3.Cursor object at 0x7f985eaff0c0>) completed
2025-01-06 16:26:34,688 executing functools.partial(<built-in method execute of sqlite3.Connection object at 0x7f985ea9a200>, '\n                    INSERT INTO group_messages (topic_id, message_id, local_id)\n                    VALUES (?, ?, ?)\n                ', (186, 1361, 368))
2025-01-06 16:26:34,688 operation functools.partial(<built-in method execute of sqlite3.Connection object at 0x7f985ea9a200>, '\n                    INSERT INTO group_messages (topic_id, message_id, local_id)\n                    VALUES (?, ?, ?)\n                ', (186, 1361, 368)) completed
2025-01-06 16:26:34,690 executing functools.partial(<built-in method commit of sqlite3.Connection object at 0x7f985ea9a200>)
2025-01-06 16:26:34,696 operation functools.partial(<built-in method commit of sqlite3.Connection object at 0x7f985ea9a200>) completed
2025-01-06 16:26:37,246 Looking for jobs to run
2025-01-06 16:26:37,247 Next wakeup is due at 2025-01-06 16:26:42.243395+05:00 (in 4.996252 seconds)
2025-01-06 16:26:37,247 Running job "checker (trigger: interval[0:00:05], next run at: 2025-01-06 16:26:42 +05)" (scheduled at 2025-01-06 16:26:37.243395+05:00)
2025-01-06 16:26:37,247 Job "checker (trigger: interval[0:00:05], next run at: 2025-01-06 16:26:42 +05)" executed successfully
2025-01-06 16:26:40,271 executing functools.partial(<built-in method execute of sqlite3.Connection object at 0x7f985ea9a200>, 'SELECT chat_id FROM users WHERE topic_id = ?', (186,))
2025-01-06 16:26:40,271 operation functools.partial(<built-in method execute of sqlite3.Connection object at 0x7f985ea9a200>, 'SELECT chat_id FROM users WHERE topic_id = ?', (186,)) completed
2025-01-06 16:26:40,271 executing functools.partial(<built-in method fetchone of sqlite3.Cursor object at 0x7f985eafe9c0>)
2025-01-06 16:26:40,271 operation functools.partial(<built-in method fetchone of sqlite3.Cursor object at 0x7f985eafe9c0>) completed
2025-01-06 16:26:40,272 executing functools.partial(<built-in method close of sqlite3.Cursor object at 0x7f985eafe9c0>)
2025-01-06 16:26:40,272 operation functools.partial(<built-in method close of sqlite3.Cursor object at 0x7f985eafe9c0>) completed
2025-01-06 16:26:40,272 executing functools.partial(<built-in method execute of sqlite3.Connection object at 0x7f985ea9a200>, 'SELECT local_id FROM group_messages WHERE topic_id = ? AND message_id = ?', (186, 1361))
2025-01-06 16:26:40,273 operation functools.partial(<built-in method execute of sqlite3.Connection object at 0x7f985ea9a200>, 'SELECT local_id FROM group_messages WHERE topic_id = ? AND message_id = ?', (186, 1361)) completed
2025-01-06 16:26:40,273 executing functools.partial(<built-in method fetchone of sqlite3.Cursor object at 0x7f985eafe9c0>)
2025-01-06 16:26:40,273 operation functools.partial(<built-in method fetchone of sqlite3.Cursor object at 0x7f985eafe9c0>) completed
2025-01-06 16:26:40,274 executing functools.partial(<built-in method execute of sqlite3.Connection object at 0x7f985ea9a200>, 'SELECT chat_id FROM users WHERE topic_id = ?', (186,))
2025-01-06 16:26:40,274 operation functools.partial(<built-in method execute of sqlite3.Connection object at 0x7f985ea9a200>, 'SELECT chat_id FROM users WHERE topic_id = ?', (186,)) completed
2025-01-06 16:26:40,274 executing functools.partial(<built-in method fetchone of sqlite3.Cursor object at 0x7f985eafc1c0>)
2025-01-06 16:26:40,274 operation functools.partial(<built-in method fetchone of sqlite3.Cursor object at 0x7f985eafc1c0>) completed
2025-01-06 16:26:40,274 executing functools.partial(<built-in method close of sqlite3.Cursor object at 0x7f985eafc1c0>)
2025-01-06 16:26:40,274 operation functools.partial(<built-in method close of sqlite3.Cursor object at 0x7f985eafc1c0>) completed
2025-01-06 16:26:40,274 executing functools.partial(<built-in method execute of sqlite3.Connection object at 0x7f985ea9a200>, 'SELECT message_id FROM private_messages WHERE chat_id = ? AND local_id = ?', (5434361630, 368))
2025-01-06 16:26:40,275 operation functools.partial(<built-in method execute of sqlite3.Connection object at 0x7f985ea9a200>, 'SELECT message_id FROM private_messages WHERE chat_id = ? AND local_id = ?', (5434361630, 368)) completed
2025-01-06 16:26:40,275 executing functools.partial(<built-in method fetchone of sqlite3.Cursor object at 0x7f985eafc1c0>)
2025-01-06 16:26:40,275 operation functools.partial(<built-in method fetchone of sqlite3.Cursor object at 0x7f985eafc1c0>) completed
2025-01-06 16:26:40,275 executing functools.partial(<built-in method close of sqlite3.Cursor object at 0x7f985eafc1c0>)
2025-01-06 16:26:40,275 operation functools.partial(<built-in method close of sqlite3.Cursor object at 0x7f985eafc1c0>) completed
2025-01-06 16:26:40,276 executing functools.partial(<built-in method close of sqlite3.Cursor object at 0x7f985eafe9c0>)
2025-01-06 16:26:40,276 operation functools.partial(<built-in method close of sqlite3.Cursor object at 0x7f985eafe9c0>) completed
2025-01-06 16:26:42,246 Looking for jobs to run
2025-01-06 16:26:42,246 Next wakeup is due at 2025-01-06 16:26:47.243395+05:00 (in 4.997005 seconds)
2025-01-06 16:26:42,246 Running job "checker (trigger: interval[0:00:05], next run at: 2025-01-06 16:26:47 +05)" (scheduled at 2025-01-06 16:26:42.243395+05:00)
2025-01-06 16:26:42,246 Job "checker (trigger: interval[0:00:05], next run at: 2025-01-06 16:26:47 +05)" executed successfully
2025-01-06 16:26:47,244 Looking for jobs to run
2025-01-06 16:26:47,244 Next wakeup is due at 2025-01-06 16:26:52.243395+05:00 (in 4.998629 seconds)
2025-01-06 16:26:47,244 Running job "checker (trigger: interval[0:00:05], next run at: 2025-01-06 16:26:52 +05)" (scheduled at 2025-01-06 16:26:47.243395+05:00)
2025-01-06 16:26:47,245 Job "checker (trigger: interval[0:00:05], next run at: 2025-01-06 16:26:52 +05)" executed successfully
2025-01-06 16:26:52,254 Looking for jobs to run
2025-01-06 16:26:52,255 Next wakeup is due at 2025-01-06 16:26:57.243395+05:00 (in 4.988308 seconds)
2025-01-06 16:26:52,255 Running job "checker (trigger: interval[0:00:05], next run at: 2025-01-06 16:26:57 +05)" (scheduled at 2025-01-06 16:26:52.243395+05:00)
2025-01-06 16:26:52,255 Job "checker (trigger: interval[0:00:05], next run at: 2025-01-06 16:26:57 +05)" executed successfully
2025-01-06 16:26:54,793 Infinity polling: polling exited
2025-01-06 16:26:54,793 Break infinity polling
