2025-01-06 21:44:48,462 Adding job tentatively -- it will be properly scheduled when the scheduler starts
2025-01-06 21:44:48,464 Added job "checker" to job store "default"
2025-01-06 21:44:48,465 Scheduler started
2025-01-06 21:44:48,474 Looking for jobs to run
2025-01-06 21:44:48,475 Next wakeup is due at 2025-01-06 21:44:53.462139+05:00 (in 4.986945 seconds)
2025-01-06 21:44:53,465 Looking for jobs to run
2025-01-06 21:44:53,465 Next wakeup is due at 2025-01-06 21:44:58.462139+05:00 (in 4.996388 seconds)
2025-01-06 21:44:53,466 Running job "checker (trigger: interval[0:00:05], next run at: 2025-01-06 21:44:58 +05)" (scheduled at 2025-01-06 21:44:53.462139+05:00)
2025-01-06 21:44:53,466 Job "checker (trigger: interval[0:00:05], next run at: 2025-01-06 21:44:58 +05)" executed successfully
2025-01-06 21:44:58,467 Looking for jobs to run
2025-01-06 21:44:58,469 Next wakeup is due at 2025-01-06 21:45:03.462139+05:00 (in 4.992691 seconds)
2025-01-06 21:44:58,469 Running job "checker (trigger: interval[0:00:05], next run at: 2025-01-06 21:45:03 +05)" (scheduled at 2025-01-06 21:44:58.462139+05:00)
2025-01-06 21:44:58,469 Job "checker (trigger: interval[0:00:05], next run at: 2025-01-06 21:45:03 +05)" executed successfully
2025-01-06 21:44:59,542 executing <function connect.<locals>.connector at 0x7f87c4bb8900>
2025-01-06 21:44:59,551 operation <function connect.<locals>.connector at 0x7f87c4bb8900> completed
2025-01-06 21:44:59,552 executing functools.partial(<built-in method execute of sqlite3.Connection object at 0x7f87c4d95e40>, 'PRAGMA foreign_keys = ON', [])
2025-01-06 21:44:59,559 operation functools.partial(<built-in method execute of sqlite3.Connection object at 0x7f87c4d95e40>, 'PRAGMA foreign_keys = ON', []) completed
2025-01-06 21:44:59,560 executing functools.partial(<built-in method execute of sqlite3.Connection object at 0x7f87c4d95e40>, '\n                    CREATE TABLE IF NOT EXISTS users (\n                        chat_id INTEGER,\n                        topic_id INTEGER,\n                        user_name TEXT,\n                        PRIMARY KEY (chat_id, topic_id)\n                    )\n                ', [])
2025-01-06 21:44:59,561 operation functools.partial(<built-in method execute of sqlite3.Connection object at 0x7f87c4d95e40>, '\n                    CREATE TABLE IF NOT EXISTS users (\n                        chat_id INTEGER,\n                        topic_id INTEGER,\n                        user_name TEXT,\n                        PRIMARY KEY (chat_id, topic_id)\n                    )\n                ', []) completed
2025-01-06 21:44:59,563 executing functools.partial(<built-in method execute of sqlite3.Connection object at 0x7f87c4d95e40>, '\n                    CREATE TABLE IF NOT EXISTS group_messages (\n                        topic_id INTEGER,\n                        message_id INTEGER,\n                        local_id INTEGER,\n                        PRIMARY KEY (topic_id, local_id)\n                    )\n                ', [])
2025-01-06 21:44:59,563 operation functools.partial(<built-in method execute of sqlite3.Connection object at 0x7f87c4d95e40>, '\n                    CREATE TABLE IF NOT EXISTS group_messages (\n                        topic_id INTEGER,\n                        message_id INTEGER,\n                        local_id INTEGER,\n                        PRIMARY KEY (topic_id, local_id)\n                    )\n                ', []) completed
2025-01-06 21:44:59,564 executing functools.partial(<built-in method execute of sqlite3.Connection object at 0x7f87c4d95e40>, '\n                    CREATE TABLE IF NOT EXISTS private_messages (\n                        chat_id INTEGER,\n                        message_id INTEGER,\n                        local_id INTEGER,\n                        PRIMARY KEY (chat_id, local_id)\n                    )\n                ', [])
2025-01-06 21:44:59,564 operation functools.partial(<built-in method execute of sqlite3.Connection object at 0x7f87c4d95e40>, '\n                    CREATE TABLE IF NOT EXISTS private_messages (\n                        chat_id INTEGER,\n                        message_id INTEGER,\n                        local_id INTEGER,\n                        PRIMARY KEY (chat_id, local_id)\n                    )\n                ', []) completed
2025-01-06 21:44:59,565 executing functools.partial(<built-in method commit of sqlite3.Connection object at 0x7f87c4d95e40>)
2025-01-06 21:44:59,565 operation functools.partial(<built-in method commit of sqlite3.Connection object at 0x7f87c4d95e40>) completed
2025-01-06 21:44:59,566 executing functools.partial(<built-in method execute of sqlite3.Connection object at 0x7f87c4d95e40>, 'SELECT topic_id FROM users WHERE chat_id = ?', (5434361630,))
2025-01-06 21:44:59,566 operation functools.partial(<built-in method execute of sqlite3.Connection object at 0x7f87c4d95e40>, 'SELECT topic_id FROM users WHERE chat_id = ?', (5434361630,)) completed
2025-01-06 21:44:59,566 executing functools.partial(<built-in method fetchone of sqlite3.Cursor object at 0x7f87c4b58a40>)
2025-01-06 21:44:59,566 operation functools.partial(<built-in method fetchone of sqlite3.Cursor object at 0x7f87c4b58a40>) completed
2025-01-06 21:44:59,567 executing functools.partial(<built-in method close of sqlite3.Cursor object at 0x7f87c4b58a40>)
2025-01-06 21:44:59,567 operation functools.partial(<built-in method close of sqlite3.Cursor object at 0x7f87c4b58a40>) completed
2025-01-06 21:44:59,568 executing <function connect.<locals>.connector at 0x7f87c4bba200>
2025-01-06 21:44:59,568 operation <function connect.<locals>.connector at 0x7f87c4bba200> completed
2025-01-06 21:44:59,569 executing functools.partial(<built-in method execute of sqlite3.Connection object at 0x7f87c4d96020>, 'PRAGMA foreign_keys = ON', [])
2025-01-06 21:44:59,569 operation functools.partial(<built-in method execute of sqlite3.Connection object at 0x7f87c4d96020>, 'PRAGMA foreign_keys = ON', []) completed
2025-01-06 21:44:59,569 executing functools.partial(<built-in method execute of sqlite3.Connection object at 0x7f87c4d96020>, '\n            CREATE TABLE IF NOT EXISTS users (\n                chat_id INTEGER,\n                topic_id INTEGER,\n                user_name TEXT,\n                PRIMARY KEY (chat_id, topic_id)\n            )\n        ', [])
2025-01-06 21:44:59,569 operation functools.partial(<built-in method execute of sqlite3.Connection object at 0x7f87c4d96020>, '\n            CREATE TABLE IF NOT EXISTS users (\n                chat_id INTEGER,\n                topic_id INTEGER,\n                user_name TEXT,\n                PRIMARY KEY (chat_id, topic_id)\n            )\n        ', []) completed
2025-01-06 21:44:59,569 executing functools.partial(<built-in method execute of sqlite3.Connection object at 0x7f87c4d96020>, '\n            CREATE TABLE IF NOT EXISTS group_messages (\n                topic_id INTEGER,\n                message_id INTEGER,\n                local_id INTEGER,\n                PRIMARY KEY (topic_id, local_id)\n            )\n        ', [])
2025-01-06 21:44:59,570 operation functools.partial(<built-in method execute of sqlite3.Connection object at 0x7f87c4d96020>, '\n            CREATE TABLE IF NOT EXISTS group_messages (\n                topic_id INTEGER,\n                message_id INTEGER,\n                local_id INTEGER,\n                PRIMARY KEY (topic_id, local_id)\n            )\n        ', []) completed
2025-01-06 21:44:59,570 executing functools.partial(<built-in method execute of sqlite3.Connection object at 0x7f87c4d96020>, '\n            CREATE TABLE IF NOT EXISTS private_messages (\n                chat_id INTEGER,\n                message_id INTEGER,\n                local_id INTEGER,\n                PRIMARY KEY (chat_id, local_id)\n            )\n        ', [])
2025-01-06 21:44:59,570 operation functools.partial(<built-in method execute of sqlite3.Connection object at 0x7f87c4d96020>, '\n            CREATE TABLE IF NOT EXISTS private_messages (\n                chat_id INTEGER,\n                message_id INTEGER,\n                local_id INTEGER,\n                PRIMARY KEY (chat_id, local_id)\n            )\n        ', []) completed
2025-01-06 21:44:59,570 executing functools.partial(<built-in method commit of sqlite3.Connection object at 0x7f87c4d96020>)
2025-01-06 21:44:59,570 operation functools.partial(<built-in method commit of sqlite3.Connection object at 0x7f87c4d96020>) completed
2025-01-06 21:44:59,571 executing functools.partial(<built-in method execute of sqlite3.Connection object at 0x7f87c4d96020>, 'SELECT topic_id FROM users WHERE chat_id = ? AND user_name = ?', (5434361630, 'yadgenn'))
2025-01-06 21:44:59,571 operation functools.partial(<built-in method execute of sqlite3.Connection object at 0x7f87c4d96020>, 'SELECT topic_id FROM users WHERE chat_id = ? AND user_name = ?', (5434361630, 'yadgenn')) completed
2025-01-06 21:44:59,571 executing functools.partial(<built-in method fetchone of sqlite3.Cursor object at 0x7f87c4b59040>)
2025-01-06 21:44:59,571 operation functools.partial(<built-in method fetchone of sqlite3.Cursor object at 0x7f87c4b59040>) completed
2025-01-06 21:44:59,572 executing functools.partial(<built-in method close of sqlite3.Cursor object at 0x7f87c4b59040>)
2025-01-06 21:44:59,572 operation functools.partial(<built-in method close of sqlite3.Cursor object at 0x7f87c4b59040>) completed
2025-01-06 21:44:59,919 executing functools.partial(<built-in method execute of sqlite3.Connection object at 0x7f87c4d96020>, 'SELECT chat_id FROM users WHERE topic_id = ?', (1479,))
2025-01-06 21:44:59,920 operation functools.partial(<built-in method execute of sqlite3.Connection object at 0x7f87c4d96020>, 'SELECT chat_id FROM users WHERE topic_id = ?', (1479,)) completed
2025-01-06 21:44:59,920 executing functools.partial(<built-in method fetchone of sqlite3.Cursor object at 0x7f87c4b59040>)
2025-01-06 21:44:59,920 operation functools.partial(<built-in method fetchone of sqlite3.Cursor object at 0x7f87c4b59040>) completed
2025-01-06 21:44:59,920 executing functools.partial(<built-in method execute of sqlite3.Connection object at 0x7f87c4d96020>, 'DELETE FROM private_messages WHERE chat_id = ?', (5434361630,))
2025-01-06 21:44:59,920 operation functools.partial(<built-in method execute of sqlite3.Connection object at 0x7f87c4d96020>, 'DELETE FROM private_messages WHERE chat_id = ?', (5434361630,)) completed
2025-01-06 21:44:59,921 executing functools.partial(<built-in method close of sqlite3.Cursor object at 0x7f87c4b59040>)
2025-01-06 21:44:59,921 operation functools.partial(<built-in method close of sqlite3.Cursor object at 0x7f87c4b59040>) completed
2025-01-06 21:44:59,921 executing functools.partial(<built-in method execute of sqlite3.Connection object at 0x7f87c4d96020>, 'DELETE FROM group_messages WHERE topic_id = ?', (1479,))
2025-01-06 21:44:59,921 operation functools.partial(<built-in method execute of sqlite3.Connection object at 0x7f87c4d96020>, 'DELETE FROM group_messages WHERE topic_id = ?', (1479,)) completed
2025-01-06 21:44:59,921 executing functools.partial(<built-in method commit of sqlite3.Connection object at 0x7f87c4d96020>)
2025-01-06 21:44:59,925 operation functools.partial(<built-in method commit of sqlite3.Connection object at 0x7f87c4d96020>) completed
2025-01-06 21:45:00,279 executing functools.partial(<built-in method execute of sqlite3.Connection object at 0x7f87c4d96020>, '\n            UPDATE users \n            SET topic_id = ? \n            WHERE chat_id = ?\n        ', (1481, 5434361630))
2025-01-06 21:45:00,281 operation functools.partial(<built-in method execute of sqlite3.Connection object at 0x7f87c4d96020>, '\n            UPDATE users \n            SET topic_id = ? \n            WHERE chat_id = ?\n        ', (1481, 5434361630)) completed
2025-01-06 21:45:00,282 executing functools.partial(<built-in method commit of sqlite3.Connection object at 0x7f87c4d96020>)
2025-01-06 21:45:00,286 operation functools.partial(<built-in method commit of sqlite3.Connection object at 0x7f87c4d96020>) completed
2025-01-06 21:45:00,287 executing functools.partial(<built-in method execute of sqlite3.Connection object at 0x7f87c4d96020>, 'SELECT topic_id FROM users WHERE chat_id = ? AND user_name = ?', (5434361630, 'yadgenn'))
2025-01-06 21:45:00,288 operation functools.partial(<built-in method execute of sqlite3.Connection object at 0x7f87c4d96020>, 'SELECT topic_id FROM users WHERE chat_id = ? AND user_name = ?', (5434361630, 'yadgenn')) completed
2025-01-06 21:45:00,288 executing functools.partial(<built-in method fetchone of sqlite3.Cursor object at 0x7f87c4b4f4c0>)
2025-01-06 21:45:00,288 operation functools.partial(<built-in method fetchone of sqlite3.Cursor object at 0x7f87c4b4f4c0>) completed
2025-01-06 21:45:00,288 executing functools.partial(<built-in method close of sqlite3.Cursor object at 0x7f87c4b4f4c0>)
2025-01-06 21:45:00,288 operation functools.partial(<built-in method close of sqlite3.Cursor object at 0x7f87c4b4f4c0>) completed
2025-01-06 21:45:00,560 executing functools.partial(<built-in method execute of sqlite3.Connection object at 0x7f87c4d96020>, 'SELECT topic_id FROM users WHERE chat_id = ?', (5434361630,))
2025-01-06 21:45:00,561 operation functools.partial(<built-in method execute of sqlite3.Connection object at 0x7f87c4d96020>, 'SELECT topic_id FROM users WHERE chat_id = ?', (5434361630,)) completed
2025-01-06 21:45:00,561 executing functools.partial(<built-in method fetchone of sqlite3.Cursor object at 0x7f87c4b4f4c0>)
2025-01-06 21:45:00,561 operation functools.partial(<built-in method fetchone of sqlite3.Cursor object at 0x7f87c4b4f4c0>) completed
2025-01-06 21:45:00,561 executing functools.partial(<built-in method close of sqlite3.Cursor object at 0x7f87c4b4f4c0>)
2025-01-06 21:45:00,561 operation functools.partial(<built-in method close of sqlite3.Cursor object at 0x7f87c4b4f4c0>) completed
2025-01-06 21:45:00,561 executing functools.partial(<built-in method execute of sqlite3.Connection object at 0x7f87c4d96020>, 'SELECT MAX(local_id) FROM group_messages WHERE topic_id = ?', (1481,))
2025-01-06 21:45:00,562 operation functools.partial(<built-in method execute of sqlite3.Connection object at 0x7f87c4d96020>, 'SELECT MAX(local_id) FROM group_messages WHERE topic_id = ?', (1481,)) completed
2025-01-06 21:45:00,562 executing functools.partial(<built-in method fetchone of sqlite3.Cursor object at 0x7f87c4b4f4c0>)
2025-01-06 21:45:00,562 operation functools.partial(<built-in method fetchone of sqlite3.Cursor object at 0x7f87c4b4f4c0>) completed
2025-01-06 21:45:00,562 executing functools.partial(<built-in method close of sqlite3.Cursor object at 0x7f87c4b4f4c0>)
2025-01-06 21:45:00,562 operation functools.partial(<built-in method close of sqlite3.Cursor object at 0x7f87c4b4f4c0>) completed
2025-01-06 21:45:00,562 executing functools.partial(<built-in method execute of sqlite3.Connection object at 0x7f87c4d96020>, '\n                    INSERT INTO group_messages (topic_id, message_id, local_id)\n                    VALUES (?, ?, ?)\n                ', (1481, 1482, 1))
2025-01-06 21:45:00,563 operation functools.partial(<built-in method execute of sqlite3.Connection object at 0x7f87c4d96020>, '\n                    INSERT INTO group_messages (topic_id, message_id, local_id)\n                    VALUES (?, ?, ?)\n                ', (1481, 1482, 1)) completed
2025-01-06 21:45:00,566 executing functools.partial(<built-in method execute of sqlite3.Connection object at 0x7f87c4d96020>, 'SELECT MAX(local_id) FROM private_messages WHERE chat_id = ?', (5434361630,))
2025-01-06 21:45:00,569 operation functools.partial(<built-in method execute of sqlite3.Connection object at 0x7f87c4d96020>, 'SELECT MAX(local_id) FROM private_messages WHERE chat_id = ?', (5434361630,)) completed
2025-01-06 21:45:00,570 executing functools.partial(<built-in method fetchone of sqlite3.Cursor object at 0x7f87c4b4cbc0>)
2025-01-06 21:45:00,570 operation functools.partial(<built-in method fetchone of sqlite3.Cursor object at 0x7f87c4b4cbc0>) completed
2025-01-06 21:45:00,570 executing functools.partial(<built-in method close of sqlite3.Cursor object at 0x7f87c4b4cbc0>)
2025-01-06 21:45:00,570 operation functools.partial(<built-in method close of sqlite3.Cursor object at 0x7f87c4b4cbc0>) completed
2025-01-06 21:45:00,570 executing functools.partial(<built-in method execute of sqlite3.Connection object at 0x7f87c4d96020>, '\n                    INSERT INTO private_messages (chat_id, message_id, local_id)\n                    VALUES (?, ?, ?)\n                ', (5434361630, 23387, 1))
2025-01-06 21:45:00,571 operation functools.partial(<built-in method execute of sqlite3.Connection object at 0x7f87c4d96020>, '\n                    INSERT INTO private_messages (chat_id, message_id, local_id)\n                    VALUES (?, ?, ?)\n                ', (5434361630, 23387, 1)) completed
2025-01-06 21:45:00,572 executing functools.partial(<built-in method commit of sqlite3.Connection object at 0x7f87c4d96020>)
2025-01-06 21:45:00,581 operation functools.partial(<built-in method commit of sqlite3.Connection object at 0x7f87c4d96020>) completed
2025-01-06 21:45:03,464 Looking for jobs to run
2025-01-06 21:45:03,465 Next wakeup is due at 2025-01-06 21:45:08.462139+05:00 (in 4.996653 seconds)
2025-01-06 21:45:03,465 Running job "checker (trigger: interval[0:00:05], next run at: 2025-01-06 21:45:08 +05)" (scheduled at 2025-01-06 21:45:03.462139+05:00)
2025-01-06 21:45:03,465 Job "checker (trigger: interval[0:00:05], next run at: 2025-01-06 21:45:08 +05)" executed successfully
2025-01-06 21:45:08,465 Looking for jobs to run
2025-01-06 21:45:08,466 Next wakeup is due at 2025-01-06 21:45:13.462139+05:00 (in 4.996085 seconds)
2025-01-06 21:45:08,466 Running job "checker (trigger: interval[0:00:05], next run at: 2025-01-06 21:45:13 +05)" (scheduled at 2025-01-06 21:45:08.462139+05:00)
2025-01-06 21:45:08,466 Job "checker (trigger: interval[0:00:05], next run at: 2025-01-06 21:45:13 +05)" executed successfully
2025-01-06 21:45:13,466 Looking for jobs to run
2025-01-06 21:45:13,467 Next wakeup is due at 2025-01-06 21:45:18.462139+05:00 (in 4.994920 seconds)
2025-01-06 21:45:13,467 Running job "checker (trigger: interval[0:00:05], next run at: 2025-01-06 21:45:18 +05)" (scheduled at 2025-01-06 21:45:13.462139+05:00)
2025-01-06 21:45:13,467 Job "checker (trigger: interval[0:00:05], next run at: 2025-01-06 21:45:18 +05)" executed successfully
2025-01-06 21:45:13,549 executing functools.partial(<built-in method execute of sqlite3.Connection object at 0x7f87c4d96020>, 'SELECT topic_id FROM group_messages WHERE message_id = ?', (1482,))
2025-01-06 21:45:13,550 operation functools.partial(<built-in method execute of sqlite3.Connection object at 0x7f87c4d96020>, 'SELECT topic_id FROM group_messages WHERE message_id = ?', (1482,)) completed
2025-01-06 21:45:13,551 executing functools.partial(<built-in method fetchone of sqlite3.Cursor object at 0x7f87c4b4cb40>)
2025-01-06 21:45:13,551 operation functools.partial(<built-in method fetchone of sqlite3.Cursor object at 0x7f87c4b4cb40>) completed
2025-01-06 21:45:13,552 executing functools.partial(<built-in method close of sqlite3.Cursor object at 0x7f87c4b4cb40>)
2025-01-06 21:45:13,552 operation functools.partial(<built-in method close of sqlite3.Cursor object at 0x7f87c4b4cb40>) completed
2025-01-06 21:45:13,552 executing functools.partial(<built-in method execute of sqlite3.Connection object at 0x7f87c4d96020>, 'SELECT chat_id FROM users WHERE topic_id = ?', (1481,))
2025-01-06 21:45:13,552 operation functools.partial(<built-in method execute of sqlite3.Connection object at 0x7f87c4d96020>, 'SELECT chat_id FROM users WHERE topic_id = ?', (1481,)) completed
2025-01-06 21:45:13,553 executing functools.partial(<built-in method fetchone of sqlite3.Cursor object at 0x7f87c4b4cb40>)
2025-01-06 21:45:13,553 operation functools.partial(<built-in method fetchone of sqlite3.Cursor object at 0x7f87c4b4cb40>) completed
2025-01-06 21:45:13,553 executing functools.partial(<built-in method close of sqlite3.Cursor object at 0x7f87c4b4cb40>)
2025-01-06 21:45:13,553 operation functools.partial(<built-in method close of sqlite3.Cursor object at 0x7f87c4b4cb40>) completed
2025-01-06 21:45:13,553 executing functools.partial(<built-in method execute of sqlite3.Connection object at 0x7f87c4d96020>, 'SELECT topic_id FROM group_messages WHERE message_id = ?', (1482,))
2025-01-06 21:45:13,554 operation functools.partial(<built-in method execute of sqlite3.Connection object at 0x7f87c4d96020>, 'SELECT topic_id FROM group_messages WHERE message_id = ?', (1482,)) completed
2025-01-06 21:45:13,554 executing functools.partial(<built-in method fetchone of sqlite3.Cursor object at 0x7f87c4b4cb40>)
2025-01-06 21:45:13,554 operation functools.partial(<built-in method fetchone of sqlite3.Cursor object at 0x7f87c4b4cb40>) completed
2025-01-06 21:45:13,554 executing functools.partial(<built-in method close of sqlite3.Cursor object at 0x7f87c4b4cb40>)
2025-01-06 21:45:13,554 operation functools.partial(<built-in method close of sqlite3.Cursor object at 0x7f87c4b4cb40>) completed
2025-01-06 21:45:13,554 executing functools.partial(<built-in method execute of sqlite3.Connection object at 0x7f87c4d96020>, 'SELECT local_id FROM group_messages WHERE topic_id = ? AND message_id = ?', (1481, 1482))
2025-01-06 21:45:13,554 operation functools.partial(<built-in method execute of sqlite3.Connection object at 0x7f87c4d96020>, 'SELECT local_id FROM group_messages WHERE topic_id = ? AND message_id = ?', (1481, 1482)) completed
2025-01-06 21:45:13,555 executing functools.partial(<built-in method fetchone of sqlite3.Cursor object at 0x7f87c4b4cb40>)
2025-01-06 21:45:13,555 operation functools.partial(<built-in method fetchone of sqlite3.Cursor object at 0x7f87c4b4cb40>) completed
2025-01-06 21:45:13,555 executing functools.partial(<built-in method execute of sqlite3.Connection object at 0x7f87c4d96020>, 'SELECT topic_id FROM group_messages WHERE message_id = ?', (1482,))
2025-01-06 21:45:13,555 operation functools.partial(<built-in method execute of sqlite3.Connection object at 0x7f87c4d96020>, 'SELECT topic_id FROM group_messages WHERE message_id = ?', (1482,)) completed
2025-01-06 21:45:13,556 executing functools.partial(<built-in method fetchone of sqlite3.Cursor object at 0x7f87c4b4eec0>)
2025-01-06 21:45:13,556 operation functools.partial(<built-in method fetchone of sqlite3.Cursor object at 0x7f87c4b4eec0>) completed
2025-01-06 21:45:13,556 executing functools.partial(<built-in method close of sqlite3.Cursor object at 0x7f87c4b4eec0>)
2025-01-06 21:45:13,556 operation functools.partial(<built-in method close of sqlite3.Cursor object at 0x7f87c4b4eec0>) completed
2025-01-06 21:45:13,556 executing functools.partial(<built-in method execute of sqlite3.Connection object at 0x7f87c4d96020>, 'SELECT chat_id FROM users WHERE topic_id = ?', (1481,))
2025-01-06 21:45:13,556 operation functools.partial(<built-in method execute of sqlite3.Connection object at 0x7f87c4d96020>, 'SELECT chat_id FROM users WHERE topic_id = ?', (1481,)) completed
2025-01-06 21:45:13,557 executing functools.partial(<built-in method fetchone of sqlite3.Cursor object at 0x7f87c4b4eec0>)
2025-01-06 21:45:13,557 operation functools.partial(<built-in method fetchone of sqlite3.Cursor object at 0x7f87c4b4eec0>) completed
2025-01-06 21:45:13,557 executing functools.partial(<built-in method close of sqlite3.Cursor object at 0x7f87c4b4eec0>)
2025-01-06 21:45:13,557 operation functools.partial(<built-in method close of sqlite3.Cursor object at 0x7f87c4b4eec0>) completed
2025-01-06 21:45:13,557 executing functools.partial(<built-in method execute of sqlite3.Connection object at 0x7f87c4d96020>, 'SELECT message_id FROM private_messages WHERE chat_id = ? AND local_id = ?', (5434361630, 1))
2025-01-06 21:45:13,558 operation functools.partial(<built-in method execute of sqlite3.Connection object at 0x7f87c4d96020>, 'SELECT message_id FROM private_messages WHERE chat_id = ? AND local_id = ?', (5434361630, 1)) completed
2025-01-06 21:45:13,558 executing functools.partial(<built-in method fetchone of sqlite3.Cursor object at 0x7f87c4b4eec0>)
2025-01-06 21:45:13,558 operation functools.partial(<built-in method fetchone of sqlite3.Cursor object at 0x7f87c4b4eec0>) completed
2025-01-06 21:45:13,558 executing functools.partial(<built-in method close of sqlite3.Cursor object at 0x7f87c4b4eec0>)
2025-01-06 21:45:13,558 operation functools.partial(<built-in method close of sqlite3.Cursor object at 0x7f87c4b4eec0>) completed
2025-01-06 21:45:13,558 executing functools.partial(<built-in method close of sqlite3.Cursor object at 0x7f87c4b4cb40>)
2025-01-06 21:45:13,558 operation functools.partial(<built-in method close of sqlite3.Cursor object at 0x7f87c4b4cb40>) completed
2025-01-06 21:45:16,217 executing functools.partial(<built-in method execute of sqlite3.Connection object at 0x7f87c4d96020>, 'SELECT chat_id FROM users WHERE topic_id = ?', (1481,))
2025-01-06 21:45:16,218 operation functools.partial(<built-in method execute of sqlite3.Connection object at 0x7f87c4d96020>, 'SELECT chat_id FROM users WHERE topic_id = ?', (1481,)) completed
2025-01-06 21:45:16,218 executing functools.partial(<built-in method fetchone of sqlite3.Cursor object at 0x7f87c4b4cb40>)
2025-01-06 21:45:16,218 operation functools.partial(<built-in method fetchone of sqlite3.Cursor object at 0x7f87c4b4cb40>) completed
2025-01-06 21:45:16,219 executing functools.partial(<built-in method close of sqlite3.Cursor object at 0x7f87c4b4cb40>)
2025-01-06 21:45:16,219 operation functools.partial(<built-in method close of sqlite3.Cursor object at 0x7f87c4b4cb40>) completed
2025-01-06 21:45:16,219 executing functools.partial(<built-in method execute of sqlite3.Connection object at 0x7f87c4d96020>, 'SELECT local_id FROM group_messages WHERE topic_id = ? AND message_id = ?', (1481, 1482))
2025-01-06 21:45:16,220 operation functools.partial(<built-in method execute of sqlite3.Connection object at 0x7f87c4d96020>, 'SELECT local_id FROM group_messages WHERE topic_id = ? AND message_id = ?', (1481, 1482)) completed
2025-01-06 21:45:16,220 executing functools.partial(<built-in method fetchone of sqlite3.Cursor object at 0x7f87c4b4cb40>)
2025-01-06 21:45:16,220 operation functools.partial(<built-in method fetchone of sqlite3.Cursor object at 0x7f87c4b4cb40>) completed
2025-01-06 21:45:16,221 executing functools.partial(<built-in method execute of sqlite3.Connection object at 0x7f87c4d96020>, 'SELECT chat_id FROM users WHERE topic_id = ?', (1481,))
2025-01-06 21:45:16,221 operation functools.partial(<built-in method execute of sqlite3.Connection object at 0x7f87c4d96020>, 'SELECT chat_id FROM users WHERE topic_id = ?', (1481,)) completed
2025-01-06 21:45:16,221 executing functools.partial(<built-in method fetchone of sqlite3.Cursor object at 0x7f87c4b47ec0>)
2025-01-06 21:45:16,221 operation functools.partial(<built-in method fetchone of sqlite3.Cursor object at 0x7f87c4b47ec0>) completed
2025-01-06 21:45:16,222 executing functools.partial(<built-in method close of sqlite3.Cursor object at 0x7f87c4b47ec0>)
2025-01-06 21:45:16,222 operation functools.partial(<built-in method close of sqlite3.Cursor object at 0x7f87c4b47ec0>) completed
2025-01-06 21:45:16,222 executing functools.partial(<built-in method execute of sqlite3.Connection object at 0x7f87c4d96020>, 'SELECT message_id FROM private_messages WHERE chat_id = ? AND local_id = ?', (5434361630, 1))
2025-01-06 21:45:16,223 operation functools.partial(<built-in method execute of sqlite3.Connection object at 0x7f87c4d96020>, 'SELECT message_id FROM private_messages WHERE chat_id = ? AND local_id = ?', (5434361630, 1)) completed
2025-01-06 21:45:16,223 executing functools.partial(<built-in method fetchone of sqlite3.Cursor object at 0x7f87c4b47ec0>)
2025-01-06 21:45:16,223 operation functools.partial(<built-in method fetchone of sqlite3.Cursor object at 0x7f87c4b47ec0>) completed
2025-01-06 21:45:16,224 executing functools.partial(<built-in method close of sqlite3.Cursor object at 0x7f87c4b47ec0>)
2025-01-06 21:45:16,224 operation functools.partial(<built-in method close of sqlite3.Cursor object at 0x7f87c4b47ec0>) completed
2025-01-06 21:45:16,225 executing functools.partial(<built-in method close of sqlite3.Cursor object at 0x7f87c4b4cb40>)
2025-01-06 21:45:16,225 operation functools.partial(<built-in method close of sqlite3.Cursor object at 0x7f87c4b4cb40>) completed
2025-01-06 21:45:16,411 executing functools.partial(<built-in method execute of sqlite3.Connection object at 0x7f87c4d96020>, 'SELECT chat_id FROM users WHERE topic_id = ?', (1481,))
2025-01-06 21:45:16,412 operation functools.partial(<built-in method execute of sqlite3.Connection object at 0x7f87c4d96020>, 'SELECT chat_id FROM users WHERE topic_id = ?', (1481,)) completed
2025-01-06 21:45:16,414 executing functools.partial(<built-in method fetchone of sqlite3.Cursor object at 0x7f87c4b4cb40>)
2025-01-06 21:45:16,414 operation functools.partial(<built-in method fetchone of sqlite3.Cursor object at 0x7f87c4b4cb40>) completed
2025-01-06 21:45:16,417 executing functools.partial(<built-in method close of sqlite3.Cursor object at 0x7f87c4b4cb40>)
2025-01-06 21:45:16,418 operation functools.partial(<built-in method close of sqlite3.Cursor object at 0x7f87c4b4cb40>) completed
2025-01-06 21:45:16,418 executing functools.partial(<built-in method execute of sqlite3.Connection object at 0x7f87c4d96020>, 'SELECT MAX(local_id) FROM private_messages WHERE chat_id = ?', (5434361630,))
2025-01-06 21:45:16,418 operation functools.partial(<built-in method execute of sqlite3.Connection object at 0x7f87c4d96020>, 'SELECT MAX(local_id) FROM private_messages WHERE chat_id = ?', (5434361630,)) completed
2025-01-06 21:45:16,418 executing functools.partial(<built-in method fetchone of sqlite3.Cursor object at 0x7f87c4b4cb40>)
2025-01-06 21:45:16,419 operation functools.partial(<built-in method fetchone of sqlite3.Cursor object at 0x7f87c4b4cb40>) completed
2025-01-06 21:45:16,419 executing functools.partial(<built-in method close of sqlite3.Cursor object at 0x7f87c4b4cb40>)
2025-01-06 21:45:16,419 operation functools.partial(<built-in method close of sqlite3.Cursor object at 0x7f87c4b4cb40>) completed
2025-01-06 21:45:16,420 executing functools.partial(<built-in method execute of sqlite3.Connection object at 0x7f87c4d96020>, '\n                    INSERT INTO private_messages (chat_id, message_id, local_id)\n                    VALUES (?, ?, ?)\n                ', (5434361630, 23388, 2))
2025-01-06 21:45:16,424 operation functools.partial(<built-in method execute of sqlite3.Connection object at 0x7f87c4d96020>, '\n                    INSERT INTO private_messages (chat_id, message_id, local_id)\n                    VALUES (?, ?, ?)\n                ', (5434361630, 23388, 2)) completed
2025-01-06 21:45:16,426 executing functools.partial(<built-in method execute of sqlite3.Connection object at 0x7f87c4d96020>, 'SELECT MAX(local_id) FROM group_messages WHERE topic_id = ?', (1481,))
2025-01-06 21:45:16,426 operation functools.partial(<built-in method execute of sqlite3.Connection object at 0x7f87c4d96020>, 'SELECT MAX(local_id) FROM group_messages WHERE topic_id = ?', (1481,)) completed
2025-01-06 21:45:16,427 executing functools.partial(<built-in method fetchone of sqlite3.Cursor object at 0x7f87c4b47840>)
2025-01-06 21:45:16,428 operation functools.partial(<built-in method fetchone of sqlite3.Cursor object at 0x7f87c4b47840>) completed
2025-01-06 21:45:16,429 executing functools.partial(<built-in method close of sqlite3.Cursor object at 0x7f87c4b47840>)
2025-01-06 21:45:16,429 operation functools.partial(<built-in method close of sqlite3.Cursor object at 0x7f87c4b47840>) completed
2025-01-06 21:45:16,429 executing functools.partial(<built-in method execute of sqlite3.Connection object at 0x7f87c4d96020>, '\n                    INSERT INTO group_messages (topic_id, message_id, local_id)\n                    VALUES (?, ?, ?)\n                ', (1481, 1483, 2))
2025-01-06 21:45:16,430 operation functools.partial(<built-in method execute of sqlite3.Connection object at 0x7f87c4d96020>, '\n                    INSERT INTO group_messages (topic_id, message_id, local_id)\n                    VALUES (?, ?, ?)\n                ', (1481, 1483, 2)) completed
2025-01-06 21:45:16,431 executing functools.partial(<built-in method commit of sqlite3.Connection object at 0x7f87c4d96020>)
2025-01-06 21:45:16,442 operation functools.partial(<built-in method commit of sqlite3.Connection object at 0x7f87c4d96020>) completed
2025-01-06 21:45:18,465 Looking for jobs to run
2025-01-06 21:45:18,465 Next wakeup is due at 2025-01-06 21:45:23.462139+05:00 (in 4.996509 seconds)
2025-01-06 21:45:18,465 Running job "checker (trigger: interval[0:00:05], next run at: 2025-01-06 21:45:23 +05)" (scheduled at 2025-01-06 21:45:18.462139+05:00)
2025-01-06 21:45:18,466 Job "checker (trigger: interval[0:00:05], next run at: 2025-01-06 21:45:23 +05)" executed successfully
2025-01-06 21:45:23,463 Looking for jobs to run
2025-01-06 21:45:23,464 Next wakeup is due at 2025-01-06 21:45:28.462139+05:00 (in 4.997668 seconds)
2025-01-06 21:45:23,464 Running job "checker (trigger: interval[0:00:05], next run at: 2025-01-06 21:45:28 +05)" (scheduled at 2025-01-06 21:45:23.462139+05:00)
2025-01-06 21:45:23,464 Job "checker (trigger: interval[0:00:05], next run at: 2025-01-06 21:45:28 +05)" executed successfully
2025-01-06 21:45:25,427 executing <function connect.<locals>.connector at 0x7f87c4bba700>
2025-01-06 21:45:25,430 operation <function connect.<locals>.connector at 0x7f87c4bba700> completed
2025-01-06 21:45:25,431 executing functools.partial(<built-in method execute of sqlite3.Connection object at 0x7f87c4d97010>, 'PRAGMA foreign_keys = ON', [])
2025-01-06 21:45:25,432 operation functools.partial(<built-in method execute of sqlite3.Connection object at 0x7f87c4d97010>, 'PRAGMA foreign_keys = ON', []) completed
2025-01-06 21:45:25,433 executing functools.partial(<built-in method execute of sqlite3.Connection object at 0x7f87c4d97010>, '\n                    CREATE TABLE IF NOT EXISTS users (\n                        chat_id INTEGER,\n                        topic_id INTEGER,\n                        user_name TEXT,\n                        PRIMARY KEY (chat_id, topic_id)\n                    )\n                ', [])
2025-01-06 21:45:25,433 operation functools.partial(<built-in method execute of sqlite3.Connection object at 0x7f87c4d97010>, '\n                    CREATE TABLE IF NOT EXISTS users (\n                        chat_id INTEGER,\n                        topic_id INTEGER,\n                        user_name TEXT,\n                        PRIMARY KEY (chat_id, topic_id)\n                    )\n                ', []) completed
2025-01-06 21:45:25,433 executing functools.partial(<built-in method execute of sqlite3.Connection object at 0x7f87c4d97010>, '\n                    CREATE TABLE IF NOT EXISTS group_messages (\n                        topic_id INTEGER,\n                        message_id INTEGER,\n                        local_id INTEGER,\n                        PRIMARY KEY (topic_id, local_id)\n                    )\n                ', [])
2025-01-06 21:45:25,434 operation functools.partial(<built-in method execute of sqlite3.Connection object at 0x7f87c4d97010>, '\n                    CREATE TABLE IF NOT EXISTS group_messages (\n                        topic_id INTEGER,\n                        message_id INTEGER,\n                        local_id INTEGER,\n                        PRIMARY KEY (topic_id, local_id)\n                    )\n                ', []) completed
2025-01-06 21:45:25,434 executing functools.partial(<built-in method execute of sqlite3.Connection object at 0x7f87c4d97010>, '\n                    CREATE TABLE IF NOT EXISTS private_messages (\n                        chat_id INTEGER,\n                        message_id INTEGER,\n                        local_id INTEGER,\n                        PRIMARY KEY (chat_id, local_id)\n                    )\n                ', [])
2025-01-06 21:45:25,434 operation functools.partial(<built-in method execute of sqlite3.Connection object at 0x7f87c4d97010>, '\n                    CREATE TABLE IF NOT EXISTS private_messages (\n                        chat_id INTEGER,\n                        message_id INTEGER,\n                        local_id INTEGER,\n                        PRIMARY KEY (chat_id, local_id)\n                    )\n                ', []) completed
2025-01-06 21:45:25,434 executing functools.partial(<built-in method commit of sqlite3.Connection object at 0x7f87c4d97010>)
2025-01-06 21:45:25,434 operation functools.partial(<built-in method commit of sqlite3.Connection object at 0x7f87c4d97010>) completed
2025-01-06 21:45:25,434 executing functools.partial(<built-in method execute of sqlite3.Connection object at 0x7f87c4d97010>, 'SELECT topic_id FROM users WHERE chat_id = ?', (5434361630,))
2025-01-06 21:45:25,435 operation functools.partial(<built-in method execute of sqlite3.Connection object at 0x7f87c4d97010>, 'SELECT topic_id FROM users WHERE chat_id = ?', (5434361630,)) completed
2025-01-06 21:45:25,435 executing functools.partial(<built-in method fetchone of sqlite3.Cursor object at 0x7f87c4b589c0>)
2025-01-06 21:45:25,435 operation functools.partial(<built-in method fetchone of sqlite3.Cursor object at 0x7f87c4b589c0>) completed
2025-01-06 21:45:25,435 executing functools.partial(<built-in method close of sqlite3.Cursor object at 0x7f87c4b589c0>)
2025-01-06 21:45:25,435 operation functools.partial(<built-in method close of sqlite3.Cursor object at 0x7f87c4b589c0>) completed
2025-01-06 21:45:25,435 executing functools.partial(<built-in method execute of sqlite3.Connection object at 0x7f87c4d96020>, 'SELECT topic_id FROM users WHERE chat_id = ? AND user_name = ?', (5434361630, 'yadgenn'))
2025-01-06 21:45:25,436 operation functools.partial(<built-in method execute of sqlite3.Connection object at 0x7f87c4d96020>, 'SELECT topic_id FROM users WHERE chat_id = ? AND user_name = ?', (5434361630, 'yadgenn')) completed
2025-01-06 21:45:25,436 executing functools.partial(<built-in method fetchone of sqlite3.Cursor object at 0x7f87c4b4f5c0>)
2025-01-06 21:45:25,436 operation functools.partial(<built-in method fetchone of sqlite3.Cursor object at 0x7f87c4b4f5c0>) completed
2025-01-06 21:45:25,436 executing functools.partial(<built-in method close of sqlite3.Cursor object at 0x7f87c4b4f5c0>)
2025-01-06 21:45:25,436 operation functools.partial(<built-in method close of sqlite3.Cursor object at 0x7f87c4b4f5c0>) completed
2025-01-06 21:45:25,629 executing functools.partial(<built-in method execute of sqlite3.Connection object at 0x7f87c4d96020>, 'SELECT chat_id FROM users WHERE topic_id = ?', (1481,))
2025-01-06 21:45:25,629 operation functools.partial(<built-in method execute of sqlite3.Connection object at 0x7f87c4d96020>, 'SELECT chat_id FROM users WHERE topic_id = ?', (1481,)) completed
2025-01-06 21:45:25,629 executing functools.partial(<built-in method fetchone of sqlite3.Cursor object at 0x7f87c4b4f5c0>)
2025-01-06 21:45:25,629 operation functools.partial(<built-in method fetchone of sqlite3.Cursor object at 0x7f87c4b4f5c0>) completed
2025-01-06 21:45:25,629 executing functools.partial(<built-in method execute of sqlite3.Connection object at 0x7f87c4d96020>, 'DELETE FROM private_messages WHERE chat_id = ?', (5434361630,))
2025-01-06 21:45:25,630 operation functools.partial(<built-in method execute of sqlite3.Connection object at 0x7f87c4d96020>, 'DELETE FROM private_messages WHERE chat_id = ?', (5434361630,)) completed
2025-01-06 21:45:25,631 executing functools.partial(<built-in method close of sqlite3.Cursor object at 0x7f87c4b4f5c0>)
2025-01-06 21:45:25,631 operation functools.partial(<built-in method close of sqlite3.Cursor object at 0x7f87c4b4f5c0>) completed
2025-01-06 21:45:25,631 executing functools.partial(<built-in method execute of sqlite3.Connection object at 0x7f87c4d96020>, 'DELETE FROM group_messages WHERE topic_id = ?', (1481,))
2025-01-06 21:45:25,631 operation functools.partial(<built-in method execute of sqlite3.Connection object at 0x7f87c4d96020>, 'DELETE FROM group_messages WHERE topic_id = ?', (1481,)) completed
2025-01-06 21:45:25,631 executing functools.partial(<built-in method commit of sqlite3.Connection object at 0x7f87c4d96020>)
2025-01-06 21:45:25,636 operation functools.partial(<built-in method commit of sqlite3.Connection object at 0x7f87c4d96020>) completed
2025-01-06 21:45:25,841 executing functools.partial(<built-in method execute of sqlite3.Connection object at 0x7f87c4d96020>, '\n            UPDATE users \n            SET topic_id = ? \n            WHERE chat_id = ?\n        ', (1484, 5434361630))
2025-01-06 21:45:25,843 operation functools.partial(<built-in method execute of sqlite3.Connection object at 0x7f87c4d96020>, '\n            UPDATE users \n            SET topic_id = ? \n            WHERE chat_id = ?\n        ', (1484, 5434361630)) completed
2025-01-06 21:45:25,847 executing functools.partial(<built-in method commit of sqlite3.Connection object at 0x7f87c4d96020>)
2025-01-06 21:45:25,851 operation functools.partial(<built-in method commit of sqlite3.Connection object at 0x7f87c4d96020>) completed
2025-01-06 21:45:25,851 executing functools.partial(<built-in method execute of sqlite3.Connection object at 0x7f87c4d96020>, 'SELECT topic_id FROM users WHERE chat_id = ? AND user_name = ?', (5434361630, 'yadgenn'))
2025-01-06 21:45:25,852 operation functools.partial(<built-in method execute of sqlite3.Connection object at 0x7f87c4d96020>, 'SELECT topic_id FROM users WHERE chat_id = ? AND user_name = ?', (5434361630, 'yadgenn')) completed
2025-01-06 21:45:25,852 executing functools.partial(<built-in method fetchone of sqlite3.Cursor object at 0x7f87c4b4ccc0>)
2025-01-06 21:45:25,852 operation functools.partial(<built-in method fetchone of sqlite3.Cursor object at 0x7f87c4b4ccc0>) completed
2025-01-06 21:45:25,852 executing functools.partial(<built-in method close of sqlite3.Cursor object at 0x7f87c4b4ccc0>)
2025-01-06 21:45:25,852 operation functools.partial(<built-in method close of sqlite3.Cursor object at 0x7f87c4b4ccc0>) completed
2025-01-06 21:45:26,039 executing functools.partial(<built-in method execute of sqlite3.Connection object at 0x7f87c4d96020>, 'SELECT topic_id FROM users WHERE chat_id = ?', (5434361630,))
2025-01-06 21:45:26,039 operation functools.partial(<built-in method execute of sqlite3.Connection object at 0x7f87c4d96020>, 'SELECT topic_id FROM users WHERE chat_id = ?', (5434361630,)) completed
2025-01-06 21:45:26,047 executing functools.partial(<built-in method fetchone of sqlite3.Cursor object at 0x7f87c4b4ccc0>)
2025-01-06 21:45:26,047 operation functools.partial(<built-in method fetchone of sqlite3.Cursor object at 0x7f87c4b4ccc0>) completed
2025-01-06 21:45:26,048 executing functools.partial(<built-in method close of sqlite3.Cursor object at 0x7f87c4b4ccc0>)
2025-01-06 21:45:26,048 operation functools.partial(<built-in method close of sqlite3.Cursor object at 0x7f87c4b4ccc0>) completed
2025-01-06 21:45:26,050 executing functools.partial(<built-in method execute of sqlite3.Connection object at 0x7f87c4d96020>, 'SELECT MAX(local_id) FROM group_messages WHERE topic_id = ?', (1484,))
2025-01-06 21:45:26,050 operation functools.partial(<built-in method execute of sqlite3.Connection object at 0x7f87c4d96020>, 'SELECT MAX(local_id) FROM group_messages WHERE topic_id = ?', (1484,)) completed
2025-01-06 21:45:26,051 executing functools.partial(<built-in method fetchone of sqlite3.Cursor object at 0x7f87c4b4ccc0>)
2025-01-06 21:45:26,051 operation functools.partial(<built-in method fetchone of sqlite3.Cursor object at 0x7f87c4b4ccc0>) completed
2025-01-06 21:45:26,052 executing functools.partial(<built-in method close of sqlite3.Cursor object at 0x7f87c4b4ccc0>)
2025-01-06 21:45:26,052 operation functools.partial(<built-in method close of sqlite3.Cursor object at 0x7f87c4b4ccc0>) completed
2025-01-06 21:45:26,053 executing functools.partial(<built-in method execute of sqlite3.Connection object at 0x7f87c4d96020>, '\n                    INSERT INTO group_messages (topic_id, message_id, local_id)\n                    VALUES (?, ?, ?)\n                ', (1484, 1485, 1))
2025-01-06 21:45:26,053 operation functools.partial(<built-in method execute of sqlite3.Connection object at 0x7f87c4d96020>, '\n                    INSERT INTO group_messages (topic_id, message_id, local_id)\n                    VALUES (?, ?, ?)\n                ', (1484, 1485, 1)) completed
2025-01-06 21:45:26,054 executing functools.partial(<built-in method execute of sqlite3.Connection object at 0x7f87c4d96020>, 'SELECT MAX(local_id) FROM private_messages WHERE chat_id = ?', (5434361630,))
2025-01-06 21:45:26,054 operation functools.partial(<built-in method execute of sqlite3.Connection object at 0x7f87c4d96020>, 'SELECT MAX(local_id) FROM private_messages WHERE chat_id = ?', (5434361630,)) completed
2025-01-06 21:45:26,054 executing functools.partial(<built-in method fetchone of sqlite3.Cursor object at 0x7f87c4b45340>)
2025-01-06 21:45:26,055 operation functools.partial(<built-in method fetchone of sqlite3.Cursor object at 0x7f87c4b45340>) completed
2025-01-06 21:45:26,055 executing functools.partial(<built-in method close of sqlite3.Cursor object at 0x7f87c4b45340>)
2025-01-06 21:45:26,055 operation functools.partial(<built-in method close of sqlite3.Cursor object at 0x7f87c4b45340>) completed
2025-01-06 21:45:26,055 executing functools.partial(<built-in method execute of sqlite3.Connection object at 0x7f87c4d96020>, '\n                    INSERT INTO private_messages (chat_id, message_id, local_id)\n                    VALUES (?, ?, ?)\n                ', (5434361630, 23389, 1))
2025-01-06 21:45:26,056 operation functools.partial(<built-in method execute of sqlite3.Connection object at 0x7f87c4d96020>, '\n                    INSERT INTO private_messages (chat_id, message_id, local_id)\n                    VALUES (?, ?, ?)\n                ', (5434361630, 23389, 1)) completed
2025-01-06 21:45:26,057 executing functools.partial(<built-in method commit of sqlite3.Connection object at 0x7f87c4d96020>)
2025-01-06 21:45:26,064 operation functools.partial(<built-in method commit of sqlite3.Connection object at 0x7f87c4d96020>) completed
2025-01-06 21:45:28,464 Looking for jobs to run
2025-01-06 21:45:28,465 Next wakeup is due at 2025-01-06 21:45:33.462139+05:00 (in 4.996696 seconds)
2025-01-06 21:45:28,465 Running job "checker (trigger: interval[0:00:05], next run at: 2025-01-06 21:45:33 +05)" (scheduled at 2025-01-06 21:45:28.462139+05:00)
2025-01-06 21:45:28,465 Job "checker (trigger: interval[0:00:05], next run at: 2025-01-06 21:45:33 +05)" executed successfully
2025-01-06 21:45:28,545 executing functools.partial(<built-in method execute of sqlite3.Connection object at 0x7f87c4d96020>, 'SELECT topic_id FROM group_messages WHERE message_id = ?', (1485,))
2025-01-06 21:45:28,545 operation functools.partial(<built-in method execute of sqlite3.Connection object at 0x7f87c4d96020>, 'SELECT topic_id FROM group_messages WHERE message_id = ?', (1485,)) completed
2025-01-06 21:45:28,545 executing functools.partial(<built-in method fetchone of sqlite3.Cursor object at 0x7f87c4b4f4c0>)
2025-01-06 21:45:28,545 operation functools.partial(<built-in method fetchone of sqlite3.Cursor object at 0x7f87c4b4f4c0>) completed
2025-01-06 21:45:28,546 executing functools.partial(<built-in method close of sqlite3.Cursor object at 0x7f87c4b4f4c0>)
2025-01-06 21:45:28,546 operation functools.partial(<built-in method close of sqlite3.Cursor object at 0x7f87c4b4f4c0>) completed
2025-01-06 21:45:28,546 executing functools.partial(<built-in method execute of sqlite3.Connection object at 0x7f87c4d96020>, 'SELECT chat_id FROM users WHERE topic_id = ?', (1484,))
2025-01-06 21:45:28,546 operation functools.partial(<built-in method execute of sqlite3.Connection object at 0x7f87c4d96020>, 'SELECT chat_id FROM users WHERE topic_id = ?', (1484,)) completed
2025-01-06 21:45:28,546 executing functools.partial(<built-in method fetchone of sqlite3.Cursor object at 0x7f87c4b4f4c0>)
2025-01-06 21:45:28,546 operation functools.partial(<built-in method fetchone of sqlite3.Cursor object at 0x7f87c4b4f4c0>) completed
2025-01-06 21:45:28,546 executing functools.partial(<built-in method close of sqlite3.Cursor object at 0x7f87c4b4f4c0>)
2025-01-06 21:45:28,547 operation functools.partial(<built-in method close of sqlite3.Cursor object at 0x7f87c4b4f4c0>) completed
2025-01-06 21:45:28,547 executing functools.partial(<built-in method execute of sqlite3.Connection object at 0x7f87c4d96020>, 'SELECT topic_id FROM group_messages WHERE message_id = ?', (1485,))
2025-01-06 21:45:28,547 operation functools.partial(<built-in method execute of sqlite3.Connection object at 0x7f87c4d96020>, 'SELECT topic_id FROM group_messages WHERE message_id = ?', (1485,)) completed
2025-01-06 21:45:28,547 executing functools.partial(<built-in method fetchone of sqlite3.Cursor object at 0x7f87c4b4f4c0>)
2025-01-06 21:45:28,547 operation functools.partial(<built-in method fetchone of sqlite3.Cursor object at 0x7f87c4b4f4c0>) completed
2025-01-06 21:45:28,547 executing functools.partial(<built-in method close of sqlite3.Cursor object at 0x7f87c4b4f4c0>)
2025-01-06 21:45:28,547 operation functools.partial(<built-in method close of sqlite3.Cursor object at 0x7f87c4b4f4c0>) completed
2025-01-06 21:45:28,547 executing functools.partial(<built-in method execute of sqlite3.Connection object at 0x7f87c4d96020>, 'SELECT local_id FROM group_messages WHERE topic_id = ? AND message_id = ?', (1484, 1485))
2025-01-06 21:45:28,548 operation functools.partial(<built-in method execute of sqlite3.Connection object at 0x7f87c4d96020>, 'SELECT local_id FROM group_messages WHERE topic_id = ? AND message_id = ?', (1484, 1485)) completed
2025-01-06 21:45:28,548 executing functools.partial(<built-in method fetchone of sqlite3.Cursor object at 0x7f87c4b4f4c0>)
2025-01-06 21:45:28,548 operation functools.partial(<built-in method fetchone of sqlite3.Cursor object at 0x7f87c4b4f4c0>) completed
2025-01-06 21:45:28,548 executing functools.partial(<built-in method execute of sqlite3.Connection object at 0x7f87c4d96020>, 'SELECT topic_id FROM group_messages WHERE message_id = ?', (1485,))
2025-01-06 21:45:28,548 operation functools.partial(<built-in method execute of sqlite3.Connection object at 0x7f87c4d96020>, 'SELECT topic_id FROM group_messages WHERE message_id = ?', (1485,)) completed
2025-01-06 21:45:28,548 executing functools.partial(<built-in method fetchone of sqlite3.Cursor object at 0x7f87c4b4c840>)
2025-01-06 21:45:28,548 operation functools.partial(<built-in method fetchone of sqlite3.Cursor object at 0x7f87c4b4c840>) completed
2025-01-06 21:45:28,548 executing functools.partial(<built-in method close of sqlite3.Cursor object at 0x7f87c4b4c840>)
2025-01-06 21:45:28,549 operation functools.partial(<built-in method close of sqlite3.Cursor object at 0x7f87c4b4c840>) completed
2025-01-06 21:45:28,549 executing functools.partial(<built-in method execute of sqlite3.Connection object at 0x7f87c4d96020>, 'SELECT chat_id FROM users WHERE topic_id = ?', (1484,))
2025-01-06 21:45:28,549 operation functools.partial(<built-in method execute of sqlite3.Connection object at 0x7f87c4d96020>, 'SELECT chat_id FROM users WHERE topic_id = ?', (1484,)) completed
2025-01-06 21:45:28,549 executing functools.partial(<built-in method fetchone of sqlite3.Cursor object at 0x7f87c4b4c840>)
2025-01-06 21:45:28,549 operation functools.partial(<built-in method fetchone of sqlite3.Cursor object at 0x7f87c4b4c840>) completed
2025-01-06 21:45:28,549 executing functools.partial(<built-in method close of sqlite3.Cursor object at 0x7f87c4b4c840>)
2025-01-06 21:45:28,549 operation functools.partial(<built-in method close of sqlite3.Cursor object at 0x7f87c4b4c840>) completed
2025-01-06 21:45:28,549 executing functools.partial(<built-in method execute of sqlite3.Connection object at 0x7f87c4d96020>, 'SELECT message_id FROM private_messages WHERE chat_id = ? AND local_id = ?', (5434361630, 1))
2025-01-06 21:45:28,550 operation functools.partial(<built-in method execute of sqlite3.Connection object at 0x7f87c4d96020>, 'SELECT message_id FROM private_messages WHERE chat_id = ? AND local_id = ?', (5434361630, 1)) completed
2025-01-06 21:45:28,550 executing functools.partial(<built-in method fetchone of sqlite3.Cursor object at 0x7f87c4b4c840>)
2025-01-06 21:45:28,550 operation functools.partial(<built-in method fetchone of sqlite3.Cursor object at 0x7f87c4b4c840>) completed
2025-01-06 21:45:28,550 executing functools.partial(<built-in method close of sqlite3.Cursor object at 0x7f87c4b4c840>)
2025-01-06 21:45:28,550 operation functools.partial(<built-in method close of sqlite3.Cursor object at 0x7f87c4b4c840>) completed
2025-01-06 21:45:28,550 executing functools.partial(<built-in method close of sqlite3.Cursor object at 0x7f87c4b4f4c0>)
2025-01-06 21:45:28,550 operation functools.partial(<built-in method close of sqlite3.Cursor object at 0x7f87c4b4f4c0>) completed
2025-01-06 21:45:33,429 executing <function connect.<locals>.connector at 0x7f87c4bba7a0>
2025-01-06 21:45:33,429 operation <function connect.<locals>.connector at 0x7f87c4bba7a0> completed
2025-01-06 21:45:33,430 executing functools.partial(<built-in method execute of sqlite3.Connection object at 0x7f87c4d96980>, 'PRAGMA foreign_keys = ON', [])
2025-01-06 21:45:33,431 operation functools.partial(<built-in method execute of sqlite3.Connection object at 0x7f87c4d96980>, 'PRAGMA foreign_keys = ON', []) completed
2025-01-06 21:45:33,431 executing functools.partial(<built-in method execute of sqlite3.Connection object at 0x7f87c4d96980>, '\n                    CREATE TABLE IF NOT EXISTS users (\n                        chat_id INTEGER,\n                        topic_id INTEGER,\n                        user_name TEXT,\n                        PRIMARY KEY (chat_id, topic_id)\n                    )\n                ', [])
2025-01-06 21:45:33,431 operation functools.partial(<built-in method execute of sqlite3.Connection object at 0x7f87c4d96980>, '\n                    CREATE TABLE IF NOT EXISTS users (\n                        chat_id INTEGER,\n                        topic_id INTEGER,\n                        user_name TEXT,\n                        PRIMARY KEY (chat_id, topic_id)\n                    )\n                ', []) completed
2025-01-06 21:45:33,432 executing functools.partial(<built-in method execute of sqlite3.Connection object at 0x7f87c4d96980>, '\n                    CREATE TABLE IF NOT EXISTS group_messages (\n                        topic_id INTEGER,\n                        message_id INTEGER,\n                        local_id INTEGER,\n                        PRIMARY KEY (topic_id, local_id)\n                    )\n                ', [])
2025-01-06 21:45:33,432 operation functools.partial(<built-in method execute of sqlite3.Connection object at 0x7f87c4d96980>, '\n                    CREATE TABLE IF NOT EXISTS group_messages (\n                        topic_id INTEGER,\n                        message_id INTEGER,\n                        local_id INTEGER,\n                        PRIMARY KEY (topic_id, local_id)\n                    )\n                ', []) completed
2025-01-06 21:45:33,435 executing functools.partial(<built-in method execute of sqlite3.Connection object at 0x7f87c4d96980>, '\n                    CREATE TABLE IF NOT EXISTS private_messages (\n                        chat_id INTEGER,\n                        message_id INTEGER,\n                        local_id INTEGER,\n                        PRIMARY KEY (chat_id, local_id)\n                    )\n                ', [])
2025-01-06 21:45:33,441 operation functools.partial(<built-in method execute of sqlite3.Connection object at 0x7f87c4d96980>, '\n                    CREATE TABLE IF NOT EXISTS private_messages (\n                        chat_id INTEGER,\n                        message_id INTEGER,\n                        local_id INTEGER,\n                        PRIMARY KEY (chat_id, local_id)\n                    )\n                ', []) completed
2025-01-06 21:45:33,442 executing functools.partial(<built-in method commit of sqlite3.Connection object at 0x7f87c4d96980>)
2025-01-06 21:45:33,442 operation functools.partial(<built-in method commit of sqlite3.Connection object at 0x7f87c4d96980>) completed
2025-01-06 21:45:33,442 executing functools.partial(<built-in method execute of sqlite3.Connection object at 0x7f87c4d96980>, 'SELECT topic_id FROM users WHERE chat_id = ?', (5434361630,))
2025-01-06 21:45:33,443 operation functools.partial(<built-in method execute of sqlite3.Connection object at 0x7f87c4d96980>, 'SELECT topic_id FROM users WHERE chat_id = ?', (5434361630,)) completed
2025-01-06 21:45:33,443 executing functools.partial(<built-in method fetchone of sqlite3.Cursor object at 0x7f87c4f613c0>)
2025-01-06 21:45:33,443 operation functools.partial(<built-in method fetchone of sqlite3.Cursor object at 0x7f87c4f613c0>) completed
2025-01-06 21:45:33,444 executing functools.partial(<built-in method close of sqlite3.Cursor object at 0x7f87c4f613c0>)
2025-01-06 21:45:33,444 operation functools.partial(<built-in method close of sqlite3.Cursor object at 0x7f87c4f613c0>) completed
2025-01-06 21:45:33,444 executing functools.partial(<built-in method execute of sqlite3.Connection object at 0x7f87c4d96020>, 'SELECT topic_id FROM users WHERE chat_id = ? AND user_name = ?', (5434361630, 'yadgenn'))
2025-01-06 21:45:33,444 operation functools.partial(<built-in method execute of sqlite3.Connection object at 0x7f87c4d96020>, 'SELECT topic_id FROM users WHERE chat_id = ? AND user_name = ?', (5434361630, 'yadgenn')) completed
2025-01-06 21:45:33,444 executing functools.partial(<built-in method fetchone of sqlite3.Cursor object at 0x7f87c4b4f4c0>)
2025-01-06 21:45:33,444 operation functools.partial(<built-in method fetchone of sqlite3.Cursor object at 0x7f87c4b4f4c0>) completed
2025-01-06 21:45:33,445 executing functools.partial(<built-in method close of sqlite3.Cursor object at 0x7f87c4b4f4c0>)
2025-01-06 21:45:33,445 operation functools.partial(<built-in method close of sqlite3.Cursor object at 0x7f87c4b4f4c0>) completed
2025-01-06 21:45:33,463 Looking for jobs to run
2025-01-06 21:45:33,463 Next wakeup is due at 2025-01-06 21:45:38.462139+05:00 (in 4.998241 seconds)
2025-01-06 21:45:33,464 Running job "checker (trigger: interval[0:00:05], next run at: 2025-01-06 21:45:38 +05)" (scheduled at 2025-01-06 21:45:33.462139+05:00)
2025-01-06 21:45:33,464 Job "checker (trigger: interval[0:00:05], next run at: 2025-01-06 21:45:38 +05)" executed successfully
2025-01-06 21:45:33,643 executing functools.partial(<built-in method execute of sqlite3.Connection object at 0x7f87c4d96020>, 'SELECT topic_id FROM users WHERE chat_id = ?', (5434361630,))
2025-01-06 21:45:33,643 operation functools.partial(<built-in method execute of sqlite3.Connection object at 0x7f87c4d96020>, 'SELECT topic_id FROM users WHERE chat_id = ?', (5434361630,)) completed
2025-01-06 21:45:33,644 executing functools.partial(<built-in method fetchone of sqlite3.Cursor object at 0x7f87c4b4f4c0>)
2025-01-06 21:45:33,644 operation functools.partial(<built-in method fetchone of sqlite3.Cursor object at 0x7f87c4b4f4c0>) completed
2025-01-06 21:45:33,644 executing functools.partial(<built-in method close of sqlite3.Cursor object at 0x7f87c4b4f4c0>)
2025-01-06 21:45:33,644 operation functools.partial(<built-in method close of sqlite3.Cursor object at 0x7f87c4b4f4c0>) completed
2025-01-06 21:45:33,644 executing functools.partial(<built-in method execute of sqlite3.Connection object at 0x7f87c4d96020>, 'SELECT MAX(local_id) FROM group_messages WHERE topic_id = ?', (1484,))
2025-01-06 21:45:33,644 operation functools.partial(<built-in method execute of sqlite3.Connection object at 0x7f87c4d96020>, 'SELECT MAX(local_id) FROM group_messages WHERE topic_id = ?', (1484,)) completed
2025-01-06 21:45:33,645 executing functools.partial(<built-in method fetchone of sqlite3.Cursor object at 0x7f87c4b4f4c0>)
2025-01-06 21:45:33,645 operation functools.partial(<built-in method fetchone of sqlite3.Cursor object at 0x7f87c4b4f4c0>) completed
2025-01-06 21:45:33,645 executing functools.partial(<built-in method close of sqlite3.Cursor object at 0x7f87c4b4f4c0>)
2025-01-06 21:45:33,645 operation functools.partial(<built-in method close of sqlite3.Cursor object at 0x7f87c4b4f4c0>) completed
2025-01-06 21:45:33,645 executing functools.partial(<built-in method execute of sqlite3.Connection object at 0x7f87c4d96020>, '\n                    INSERT INTO group_messages (topic_id, message_id, local_id)\n                    VALUES (?, ?, ?)\n                ', (1484, 1486, 2))
2025-01-06 21:45:33,646 operation functools.partial(<built-in method execute of sqlite3.Connection object at 0x7f87c4d96020>, '\n                    INSERT INTO group_messages (topic_id, message_id, local_id)\n                    VALUES (?, ?, ?)\n                ', (1484, 1486, 2)) completed
2025-01-06 21:45:33,647 executing functools.partial(<built-in method execute of sqlite3.Connection object at 0x7f87c4d96020>, 'SELECT MAX(local_id) FROM private_messages WHERE chat_id = ?', (5434361630,))
2025-01-06 21:45:33,647 operation functools.partial(<built-in method execute of sqlite3.Connection object at 0x7f87c4d96020>, 'SELECT MAX(local_id) FROM private_messages WHERE chat_id = ?', (5434361630,)) completed
2025-01-06 21:45:33,647 executing functools.partial(<built-in method fetchone of sqlite3.Cursor object at 0x7f87c4b46bc0>)
2025-01-06 21:45:33,647 operation functools.partial(<built-in method fetchone of sqlite3.Cursor object at 0x7f87c4b46bc0>) completed
2025-01-06 21:45:33,647 executing functools.partial(<built-in method close of sqlite3.Cursor object at 0x7f87c4b46bc0>)
2025-01-06 21:45:33,647 operation functools.partial(<built-in method close of sqlite3.Cursor object at 0x7f87c4b46bc0>) completed
2025-01-06 21:45:33,647 executing functools.partial(<built-in method execute of sqlite3.Connection object at 0x7f87c4d96020>, '\n                    INSERT INTO private_messages (chat_id, message_id, local_id)\n                    VALUES (?, ?, ?)\n                ', (5434361630, 23390, 2))
2025-01-06 21:45:33,648 operation functools.partial(<built-in method execute of sqlite3.Connection object at 0x7f87c4d96020>, '\n                    INSERT INTO private_messages (chat_id, message_id, local_id)\n                    VALUES (?, ?, ?)\n                ', (5434361630, 23390, 2)) completed
2025-01-06 21:45:33,648 executing functools.partial(<built-in method commit of sqlite3.Connection object at 0x7f87c4d96020>)
2025-01-06 21:45:33,656 operation functools.partial(<built-in method commit of sqlite3.Connection object at 0x7f87c4d96020>) completed
2025-01-06 21:45:36,499 executing <function connect.<locals>.connector at 0x7f87c4bba5c0>
2025-01-06 21:45:36,506 operation <function connect.<locals>.connector at 0x7f87c4bba5c0> completed
2025-01-06 21:45:36,506 executing functools.partial(<built-in method execute of sqlite3.Connection object at 0x7f87c4d973d0>, 'PRAGMA foreign_keys = ON', [])
2025-01-06 21:45:36,506 operation functools.partial(<built-in method execute of sqlite3.Connection object at 0x7f87c4d973d0>, 'PRAGMA foreign_keys = ON', []) completed
2025-01-06 21:45:36,507 executing functools.partial(<built-in method execute of sqlite3.Connection object at 0x7f87c4d973d0>, '\n                    CREATE TABLE IF NOT EXISTS users (\n                        chat_id INTEGER,\n                        topic_id INTEGER,\n                        user_name TEXT,\n                        PRIMARY KEY (chat_id, topic_id)\n                    )\n                ', [])
2025-01-06 21:45:36,507 operation functools.partial(<built-in method execute of sqlite3.Connection object at 0x7f87c4d973d0>, '\n                    CREATE TABLE IF NOT EXISTS users (\n                        chat_id INTEGER,\n                        topic_id INTEGER,\n                        user_name TEXT,\n                        PRIMARY KEY (chat_id, topic_id)\n                    )\n                ', []) completed
2025-01-06 21:45:36,507 executing functools.partial(<built-in method execute of sqlite3.Connection object at 0x7f87c4d973d0>, '\n                    CREATE TABLE IF NOT EXISTS group_messages (\n                        topic_id INTEGER,\n                        message_id INTEGER,\n                        local_id INTEGER,\n                        PRIMARY KEY (topic_id, local_id)\n                    )\n                ', [])
2025-01-06 21:45:36,508 operation functools.partial(<built-in method execute of sqlite3.Connection object at 0x7f87c4d973d0>, '\n                    CREATE TABLE IF NOT EXISTS group_messages (\n                        topic_id INTEGER,\n                        message_id INTEGER,\n                        local_id INTEGER,\n                        PRIMARY KEY (topic_id, local_id)\n                    )\n                ', []) completed
2025-01-06 21:45:36,508 executing functools.partial(<built-in method execute of sqlite3.Connection object at 0x7f87c4d973d0>, '\n                    CREATE TABLE IF NOT EXISTS private_messages (\n                        chat_id INTEGER,\n                        message_id INTEGER,\n                        local_id INTEGER,\n                        PRIMARY KEY (chat_id, local_id)\n                    )\n                ', [])
2025-01-06 21:45:36,508 operation functools.partial(<built-in method execute of sqlite3.Connection object at 0x7f87c4d973d0>, '\n                    CREATE TABLE IF NOT EXISTS private_messages (\n                        chat_id INTEGER,\n                        message_id INTEGER,\n                        local_id INTEGER,\n                        PRIMARY KEY (chat_id, local_id)\n                    )\n                ', []) completed
2025-01-06 21:45:36,508 executing functools.partial(<built-in method commit of sqlite3.Connection object at 0x7f87c4d973d0>)
2025-01-06 21:45:36,508 operation functools.partial(<built-in method commit of sqlite3.Connection object at 0x7f87c4d973d0>) completed
2025-01-06 21:45:36,508 executing functools.partial(<built-in method execute of sqlite3.Connection object at 0x7f87c4d973d0>, 'SELECT topic_id FROM users WHERE chat_id = ?', (5434361630,))
2025-01-06 21:45:36,508 operation functools.partial(<built-in method execute of sqlite3.Connection object at 0x7f87c4d973d0>, 'SELECT topic_id FROM users WHERE chat_id = ?', (5434361630,)) completed
2025-01-06 21:45:36,509 executing functools.partial(<built-in method fetchone of sqlite3.Cursor object at 0x7f87c4d99540>)
2025-01-06 21:45:36,509 operation functools.partial(<built-in method fetchone of sqlite3.Cursor object at 0x7f87c4d99540>) completed
2025-01-06 21:45:36,509 executing functools.partial(<built-in method close of sqlite3.Cursor object at 0x7f87c4d99540>)
2025-01-06 21:45:36,509 operation functools.partial(<built-in method close of sqlite3.Cursor object at 0x7f87c4d99540>) completed
2025-01-06 21:45:36,509 executing functools.partial(<built-in method execute of sqlite3.Connection object at 0x7f87c4d96020>, 'SELECT topic_id FROM users WHERE chat_id = ? AND user_name = ?', (5434361630, 'yadgenn'))
2025-01-06 21:45:36,509 operation functools.partial(<built-in method execute of sqlite3.Connection object at 0x7f87c4d96020>, 'SELECT topic_id FROM users WHERE chat_id = ? AND user_name = ?', (5434361630, 'yadgenn')) completed
2025-01-06 21:45:36,510 executing functools.partial(<built-in method fetchone of sqlite3.Cursor object at 0x7f87c4b46640>)
2025-01-06 21:45:36,510 operation functools.partial(<built-in method fetchone of sqlite3.Cursor object at 0x7f87c4b46640>) completed
2025-01-06 21:45:36,510 executing functools.partial(<built-in method close of sqlite3.Cursor object at 0x7f87c4b46640>)
2025-01-06 21:45:36,510 operation functools.partial(<built-in method close of sqlite3.Cursor object at 0x7f87c4b46640>) completed
2025-01-06 21:45:36,510 executing functools.partial(<built-in method execute of sqlite3.Connection object at 0x7f87c4d96020>, 'SELECT topic_id FROM users WHERE chat_id = ?', (5434361630,))
2025-01-06 21:45:36,510 operation functools.partial(<built-in method execute of sqlite3.Connection object at 0x7f87c4d96020>, 'SELECT topic_id FROM users WHERE chat_id = ?', (5434361630,)) completed
2025-01-06 21:45:36,510 executing functools.partial(<built-in method fetchone of sqlite3.Cursor object at 0x7f87c4b46640>)
2025-01-06 21:45:36,510 operation functools.partial(<built-in method fetchone of sqlite3.Cursor object at 0x7f87c4b46640>) completed
2025-01-06 21:45:36,511 executing functools.partial(<built-in method close of sqlite3.Cursor object at 0x7f87c4b46640>)
2025-01-06 21:45:36,511 operation functools.partial(<built-in method close of sqlite3.Cursor object at 0x7f87c4b46640>) completed
2025-01-06 21:45:36,511 executing functools.partial(<built-in method execute of sqlite3.Connection object at 0x7f87c4d96020>, 'SELECT local_id FROM private_messages WHERE chat_id = ? AND message_id = ?', (5434361630, 23389))
2025-01-06 21:45:36,511 operation functools.partial(<built-in method execute of sqlite3.Connection object at 0x7f87c4d96020>, 'SELECT local_id FROM private_messages WHERE chat_id = ? AND message_id = ?', (5434361630, 23389)) completed
2025-01-06 21:45:36,511 executing functools.partial(<built-in method fetchone of sqlite3.Cursor object at 0x7f87c4b46640>)
2025-01-06 21:45:36,511 operation functools.partial(<built-in method fetchone of sqlite3.Cursor object at 0x7f87c4b46640>) completed
2025-01-06 21:45:36,511 executing functools.partial(<built-in method execute of sqlite3.Connection object at 0x7f87c4d96020>, 'SELECT message_id FROM group_messages WHERE topic_id = ? AND local_id = ?', (1484, 1))
2025-01-06 21:45:36,512 operation functools.partial(<built-in method execute of sqlite3.Connection object at 0x7f87c4d96020>, 'SELECT message_id FROM group_messages WHERE topic_id = ? AND local_id = ?', (1484, 1)) completed
2025-01-06 21:45:36,512 executing functools.partial(<built-in method fetchone of sqlite3.Cursor object at 0x7f87c4b47240>)
2025-01-06 21:45:36,512 operation functools.partial(<built-in method fetchone of sqlite3.Cursor object at 0x7f87c4b47240>) completed
2025-01-06 21:45:36,512 executing functools.partial(<built-in method close of sqlite3.Cursor object at 0x7f87c4b47240>)
2025-01-06 21:45:36,512 operation functools.partial(<built-in method close of sqlite3.Cursor object at 0x7f87c4b47240>) completed
2025-01-06 21:45:36,512 executing functools.partial(<built-in method close of sqlite3.Cursor object at 0x7f87c4b46640>)
2025-01-06 21:45:36,512 operation functools.partial(<built-in method close of sqlite3.Cursor object at 0x7f87c4b46640>) completed
2025-01-06 21:45:36,716 executing functools.partial(<built-in method execute of sqlite3.Connection object at 0x7f87c4d96020>, 'SELECT topic_id FROM users WHERE chat_id = ?', (5434361630,))
2025-01-06 21:45:36,717 operation functools.partial(<built-in method execute of sqlite3.Connection object at 0x7f87c4d96020>, 'SELECT topic_id FROM users WHERE chat_id = ?', (5434361630,)) completed
2025-01-06 21:45:36,718 executing functools.partial(<built-in method fetchone of sqlite3.Cursor object at 0x7f87c4b46640>)
2025-01-06 21:45:36,718 operation functools.partial(<built-in method fetchone of sqlite3.Cursor object at 0x7f87c4b46640>) completed
2025-01-06 21:45:36,718 executing functools.partial(<built-in method close of sqlite3.Cursor object at 0x7f87c4b46640>)
2025-01-06 21:45:36,718 operation functools.partial(<built-in method close of sqlite3.Cursor object at 0x7f87c4b46640>) completed
2025-01-06 21:45:36,718 executing functools.partial(<built-in method execute of sqlite3.Connection object at 0x7f87c4d96020>, 'SELECT MAX(local_id) FROM group_messages WHERE topic_id = ?', (1484,))
2025-01-06 21:45:36,718 operation functools.partial(<built-in method execute of sqlite3.Connection object at 0x7f87c4d96020>, 'SELECT MAX(local_id) FROM group_messages WHERE topic_id = ?', (1484,)) completed
2025-01-06 21:45:36,718 executing functools.partial(<built-in method fetchone of sqlite3.Cursor object at 0x7f87c4b46640>)
2025-01-06 21:45:36,719 operation functools.partial(<built-in method fetchone of sqlite3.Cursor object at 0x7f87c4b46640>) completed
2025-01-06 21:45:36,719 executing functools.partial(<built-in method close of sqlite3.Cursor object at 0x7f87c4b46640>)
2025-01-06 21:45:36,719 operation functools.partial(<built-in method close of sqlite3.Cursor object at 0x7f87c4b46640>) completed
2025-01-06 21:45:36,719 executing functools.partial(<built-in method execute of sqlite3.Connection object at 0x7f87c4d96020>, '\n                    INSERT INTO group_messages (topic_id, message_id, local_id)\n                    VALUES (?, ?, ?)\n                ', (1484, 1487, 3))
2025-01-06 21:45:36,721 operation functools.partial(<built-in method execute of sqlite3.Connection object at 0x7f87c4d96020>, '\n                    INSERT INTO group_messages (topic_id, message_id, local_id)\n                    VALUES (?, ?, ?)\n                ', (1484, 1487, 3)) completed
2025-01-06 21:45:36,722 executing functools.partial(<built-in method execute of sqlite3.Connection object at 0x7f87c4d96020>, 'SELECT MAX(local_id) FROM private_messages WHERE chat_id = ?', (5434361630,))
2025-01-06 21:45:36,722 operation functools.partial(<built-in method execute of sqlite3.Connection object at 0x7f87c4d96020>, 'SELECT MAX(local_id) FROM private_messages WHERE chat_id = ?', (5434361630,)) completed
2025-01-06 21:45:36,722 executing functools.partial(<built-in method fetchone of sqlite3.Cursor object at 0x7f87c4b450c0>)
2025-01-06 21:45:36,722 operation functools.partial(<built-in method fetchone of sqlite3.Cursor object at 0x7f87c4b450c0>) completed
2025-01-06 21:45:36,722 executing functools.partial(<built-in method close of sqlite3.Cursor object at 0x7f87c4b450c0>)
2025-01-06 21:45:36,722 operation functools.partial(<built-in method close of sqlite3.Cursor object at 0x7f87c4b450c0>) completed
2025-01-06 21:45:36,723 executing functools.partial(<built-in method execute of sqlite3.Connection object at 0x7f87c4d96020>, '\n                    INSERT INTO private_messages (chat_id, message_id, local_id)\n                    VALUES (?, ?, ?)\n                ', (5434361630, 23391, 3))
2025-01-06 21:45:36,723 operation functools.partial(<built-in method execute of sqlite3.Connection object at 0x7f87c4d96020>, '\n                    INSERT INTO private_messages (chat_id, message_id, local_id)\n                    VALUES (?, ?, ?)\n                ', (5434361630, 23391, 3)) completed
2025-01-06 21:45:36,724 executing functools.partial(<built-in method commit of sqlite3.Connection object at 0x7f87c4d96020>)
2025-01-06 21:45:36,728 operation functools.partial(<built-in method commit of sqlite3.Connection object at 0x7f87c4d96020>) completed
2025-01-06 21:45:38,464 Looking for jobs to run
2025-01-06 21:45:38,464 Next wakeup is due at 2025-01-06 21:45:43.462139+05:00 (in 4.997468 seconds)
2025-01-06 21:45:38,464 Running job "checker (trigger: interval[0:00:05], next run at: 2025-01-06 21:45:43 +05)" (scheduled at 2025-01-06 21:45:38.462139+05:00)
2025-01-06 21:45:38,465 Job "checker (trigger: interval[0:00:05], next run at: 2025-01-06 21:45:43 +05)" executed successfully
2025-01-06 21:45:43,467 Looking for jobs to run
2025-01-06 21:45:43,468 Next wakeup is due at 2025-01-06 21:45:48.462139+05:00 (in 4.993718 seconds)
2025-01-06 21:45:43,468 Running job "checker (trigger: interval[0:00:05], next run at: 2025-01-06 21:45:48 +05)" (scheduled at 2025-01-06 21:45:43.462139+05:00)
2025-01-06 21:45:43,468 Job "checker (trigger: interval[0:00:05], next run at: 2025-01-06 21:45:48 +05)" executed successfully
2025-01-06 21:45:43,668 Infinity polling: polling exited
2025-01-06 21:45:43,669 Break infinity polling
