2025-01-06 15:57:27,355 Adding job tentatively -- it will be properly scheduled when the scheduler starts
2025-01-06 15:57:27,356 Added job "checker" to job store "default"
2025-01-06 15:57:27,356 Scheduler started
2025-01-06 15:57:27,364 Looking for jobs to run
2025-01-06 15:57:27,364 Next wakeup is due at 2025-01-06 15:57:32.355615+05:00 (in 4.990666 seconds)
2025-01-06 15:57:32,357 Looking for jobs to run
2025-01-06 15:57:32,358 Next wakeup is due at 2025-01-06 15:57:37.355615+05:00 (in 4.997453 seconds)
2025-01-06 15:57:32,358 Running job "checker (trigger: interval[0:00:05], next run at: 2025-01-06 15:57:37 +05)" (scheduled at 2025-01-06 15:57:32.355615+05:00)
2025-01-06 15:57:32,359 Job "checker (trigger: interval[0:00:05], next run at: 2025-01-06 15:57:37 +05)" executed successfully
2025-01-06 15:57:37,360 Looking for jobs to run
2025-01-06 15:57:37,360 Next wakeup is due at 2025-01-06 15:57:42.355615+05:00 (in 4.994762 seconds)
2025-01-06 15:57:37,361 Running job "checker (trigger: interval[0:00:05], next run at: 2025-01-06 15:57:42 +05)" (scheduled at 2025-01-06 15:57:37.355615+05:00)
2025-01-06 15:57:37,361 Job "checker (trigger: interval[0:00:05], next run at: 2025-01-06 15:57:42 +05)" executed successfully
2025-01-06 15:57:42,361 Looking for jobs to run
2025-01-06 15:57:42,361 Next wakeup is due at 2025-01-06 15:57:47.355615+05:00 (in 4.993942 seconds)
2025-01-06 15:57:42,361 Running job "checker (trigger: interval[0:00:05], next run at: 2025-01-06 15:57:47 +05)" (scheduled at 2025-01-06 15:57:42.355615+05:00)
2025-01-06 15:57:42,361 Job "checker (trigger: interval[0:00:05], next run at: 2025-01-06 15:57:47 +05)" executed successfully
2025-01-06 15:57:47,358 Looking for jobs to run
2025-01-06 15:57:47,359 Next wakeup is due at 2025-01-06 15:57:52.355615+05:00 (in 4.996291 seconds)
2025-01-06 15:57:47,359 Running job "checker (trigger: interval[0:00:05], next run at: 2025-01-06 15:57:52 +05)" (scheduled at 2025-01-06 15:57:47.355615+05:00)
2025-01-06 15:57:47,359 Job "checker (trigger: interval[0:00:05], next run at: 2025-01-06 15:57:52 +05)" executed successfully
2025-01-06 15:57:52,357 Looking for jobs to run
2025-01-06 15:57:52,358 Next wakeup is due at 2025-01-06 15:57:57.355615+05:00 (in 4.997356 seconds)
2025-01-06 15:57:52,358 Running job "checker (trigger: interval[0:00:05], next run at: 2025-01-06 15:57:57 +05)" (scheduled at 2025-01-06 15:57:52.355615+05:00)
2025-01-06 15:57:52,358 Job "checker (trigger: interval[0:00:05], next run at: 2025-01-06 15:57:57 +05)" executed successfully
2025-01-06 15:57:57,361 Looking for jobs to run
2025-01-06 15:57:57,362 Next wakeup is due at 2025-01-06 15:58:02.355615+05:00 (in 4.993552 seconds)
2025-01-06 15:57:57,362 Running job "checker (trigger: interval[0:00:05], next run at: 2025-01-06 15:58:02 +05)" (scheduled at 2025-01-06 15:57:57.355615+05:00)
2025-01-06 15:57:57,362 Job "checker (trigger: interval[0:00:05], next run at: 2025-01-06 15:58:02 +05)" executed successfully
2025-01-06 15:58:02,360 Looking for jobs to run
2025-01-06 15:58:02,361 Next wakeup is due at 2025-01-06 15:58:07.355615+05:00 (in 4.994416 seconds)
2025-01-06 15:58:02,361 Running job "checker (trigger: interval[0:00:05], next run at: 2025-01-06 15:58:07 +05)" (scheduled at 2025-01-06 15:58:02.355615+05:00)
2025-01-06 15:58:02,361 Job "checker (trigger: interval[0:00:05], next run at: 2025-01-06 15:58:07 +05)" executed successfully
2025-01-06 15:58:07,356 Looking for jobs to run
2025-01-06 15:58:07,356 Next wakeup is due at 2025-01-06 15:58:12.355615+05:00 (in 4.998786 seconds)
2025-01-06 15:58:07,357 Running job "checker (trigger: interval[0:00:05], next run at: 2025-01-06 15:58:12 +05)" (scheduled at 2025-01-06 15:58:07.355615+05:00)
2025-01-06 15:58:07,357 Job "checker (trigger: interval[0:00:05], next run at: 2025-01-06 15:58:12 +05)" executed successfully
2025-01-06 15:58:12,356 Looking for jobs to run
2025-01-06 15:58:12,357 Next wakeup is due at 2025-01-06 15:58:17.355615+05:00 (in 4.998569 seconds)
2025-01-06 15:58:12,357 Running job "checker (trigger: interval[0:00:05], next run at: 2025-01-06 15:58:17 +05)" (scheduled at 2025-01-06 15:58:12.355615+05:00)
2025-01-06 15:58:12,357 Job "checker (trigger: interval[0:00:05], next run at: 2025-01-06 15:58:17 +05)" executed successfully
2025-01-06 15:58:17,365 Looking for jobs to run
2025-01-06 15:58:17,365 Next wakeup is due at 2025-01-06 15:58:22.355615+05:00 (in 4.990181 seconds)
2025-01-06 15:58:17,365 Running job "checker (trigger: interval[0:00:05], next run at: 2025-01-06 15:58:22 +05)" (scheduled at 2025-01-06 15:58:17.355615+05:00)
2025-01-06 15:58:17,365 Job "checker (trigger: interval[0:00:05], next run at: 2025-01-06 15:58:22 +05)" executed successfully
2025-01-06 15:58:22,360 Looking for jobs to run
2025-01-06 15:58:22,361 Next wakeup is due at 2025-01-06 15:58:27.355615+05:00 (in 4.994566 seconds)
2025-01-06 15:58:22,361 Running job "checker (trigger: interval[0:00:05], next run at: 2025-01-06 15:58:27 +05)" (scheduled at 2025-01-06 15:58:22.355615+05:00)
2025-01-06 15:58:22,361 Job "checker (trigger: interval[0:00:05], next run at: 2025-01-06 15:58:27 +05)" executed successfully
2025-01-06 15:58:27,358 Looking for jobs to run
2025-01-06 15:58:27,359 Next wakeup is due at 2025-01-06 15:58:32.355615+05:00 (in 4.996458 seconds)
2025-01-06 15:58:27,359 Running job "checker (trigger: interval[0:00:05], next run at: 2025-01-06 15:58:32 +05)" (scheduled at 2025-01-06 15:58:27.355615+05:00)
2025-01-06 15:58:27,359 Job "checker (trigger: interval[0:00:05], next run at: 2025-01-06 15:58:32 +05)" executed successfully
2025-01-06 15:58:32,356 Looking for jobs to run
2025-01-06 15:58:32,356 Next wakeup is due at 2025-01-06 15:58:37.355615+05:00 (in 4.998726 seconds)
2025-01-06 15:58:32,357 Running job "checker (trigger: interval[0:00:05], next run at: 2025-01-06 15:58:37 +05)" (scheduled at 2025-01-06 15:58:32.355615+05:00)
2025-01-06 15:58:32,357 Job "checker (trigger: interval[0:00:05], next run at: 2025-01-06 15:58:37 +05)" executed successfully
2025-01-06 15:58:37,360 Looking for jobs to run
2025-01-06 15:58:37,361 Next wakeup is due at 2025-01-06 15:58:42.355615+05:00 (in 4.994194 seconds)
2025-01-06 15:58:37,362 Running job "checker (trigger: interval[0:00:05], next run at: 2025-01-06 15:58:42 +05)" (scheduled at 2025-01-06 15:58:37.355615+05:00)
2025-01-06 15:58:37,364 Job "checker (trigger: interval[0:00:05], next run at: 2025-01-06 15:58:42 +05)" executed successfully
2025-01-06 15:58:42,361 Looking for jobs to run
2025-01-06 15:58:42,362 Next wakeup is due at 2025-01-06 15:58:47.355615+05:00 (in 4.993522 seconds)
2025-01-06 15:58:42,362 Running job "checker (trigger: interval[0:00:05], next run at: 2025-01-06 15:58:47 +05)" (scheduled at 2025-01-06 15:58:42.355615+05:00)
2025-01-06 15:58:42,362 Job "checker (trigger: interval[0:00:05], next run at: 2025-01-06 15:58:47 +05)" executed successfully
2025-01-06 15:58:47,356 Looking for jobs to run
2025-01-06 15:58:47,357 Next wakeup is due at 2025-01-06 15:58:52.355615+05:00 (in 4.998525 seconds)
2025-01-06 15:58:47,357 Running job "checker (trigger: interval[0:00:05], next run at: 2025-01-06 15:58:52 +05)" (scheduled at 2025-01-06 15:58:47.355615+05:00)
2025-01-06 15:58:47,357 Job "checker (trigger: interval[0:00:05], next run at: 2025-01-06 15:58:52 +05)" executed successfully
2025-01-06 15:58:52,356 Looking for jobs to run
2025-01-06 15:58:52,356 Next wakeup is due at 2025-01-06 15:58:57.355615+05:00 (in 4.998707 seconds)
2025-01-06 15:58:52,357 Running job "checker (trigger: interval[0:00:05], next run at: 2025-01-06 15:58:57 +05)" (scheduled at 2025-01-06 15:58:52.355615+05:00)
2025-01-06 15:58:52,357 Job "checker (trigger: interval[0:00:05], next run at: 2025-01-06 15:58:57 +05)" executed successfully
2025-01-06 15:58:57,360 Looking for jobs to run
2025-01-06 15:58:57,361 Next wakeup is due at 2025-01-06 15:59:02.355615+05:00 (in 4.994525 seconds)
2025-01-06 15:58:57,361 Running job "checker (trigger: interval[0:00:05], next run at: 2025-01-06 15:59:02 +05)" (scheduled at 2025-01-06 15:58:57.355615+05:00)
2025-01-06 15:58:57,361 Job "checker (trigger: interval[0:00:05], next run at: 2025-01-06 15:59:02 +05)" executed successfully
2025-01-06 15:59:02,361 Looking for jobs to run
2025-01-06 15:59:02,361 Next wakeup is due at 2025-01-06 15:59:07.355615+05:00 (in 4.994054 seconds)
2025-01-06 15:59:02,361 Running job "checker (trigger: interval[0:00:05], next run at: 2025-01-06 15:59:07 +05)" (scheduled at 2025-01-06 15:59:02.355615+05:00)
2025-01-06 15:59:02,361 Job "checker (trigger: interval[0:00:05], next run at: 2025-01-06 15:59:07 +05)" executed successfully
2025-01-06 15:59:07,356 Looking for jobs to run
2025-01-06 15:59:07,357 Next wakeup is due at 2025-01-06 15:59:12.355615+05:00 (in 4.998376 seconds)
2025-01-06 15:59:07,358 Running job "checker (trigger: interval[0:00:05], next run at: 2025-01-06 15:59:12 +05)" (scheduled at 2025-01-06 15:59:07.355615+05:00)
2025-01-06 15:59:07,358 Job "checker (trigger: interval[0:00:05], next run at: 2025-01-06 15:59:12 +05)" executed successfully
2025-01-06 15:59:12,356 Looking for jobs to run
2025-01-06 15:59:12,357 Next wakeup is due at 2025-01-06 15:59:17.355615+05:00 (in 4.998011 seconds)
2025-01-06 15:59:12,358 Running job "checker (trigger: interval[0:00:05], next run at: 2025-01-06 15:59:17 +05)" (scheduled at 2025-01-06 15:59:12.355615+05:00)
2025-01-06 15:59:12,358 Job "checker (trigger: interval[0:00:05], next run at: 2025-01-06 15:59:17 +05)" executed successfully
2025-01-06 15:59:17,360 Looking for jobs to run
2025-01-06 15:59:17,362 Next wakeup is due at 2025-01-06 15:59:22.355615+05:00 (in 4.992758 seconds)
2025-01-06 15:59:17,363 Running job "checker (trigger: interval[0:00:05], next run at: 2025-01-06 15:59:22 +05)" (scheduled at 2025-01-06 15:59:17.355615+05:00)
2025-01-06 15:59:17,363 Job "checker (trigger: interval[0:00:05], next run at: 2025-01-06 15:59:22 +05)" executed successfully
2025-01-06 15:59:22,357 Looking for jobs to run
2025-01-06 15:59:22,358 Next wakeup is due at 2025-01-06 15:59:27.355615+05:00 (in 4.997060 seconds)
2025-01-06 15:59:22,358 Running job "checker (trigger: interval[0:00:05], next run at: 2025-01-06 15:59:27 +05)" (scheduled at 2025-01-06 15:59:22.355615+05:00)
2025-01-06 15:59:22,359 Job "checker (trigger: interval[0:00:05], next run at: 2025-01-06 15:59:27 +05)" executed successfully
2025-01-06 15:59:27,357 Looking for jobs to run
2025-01-06 15:59:27,358 Next wakeup is due at 2025-01-06 15:59:32.355615+05:00 (in 4.997174 seconds)
2025-01-06 15:59:27,358 Running job "checker (trigger: interval[0:00:05], next run at: 2025-01-06 15:59:32 +05)" (scheduled at 2025-01-06 15:59:27.355615+05:00)
2025-01-06 15:59:27,359 Job "checker (trigger: interval[0:00:05], next run at: 2025-01-06 15:59:32 +05)" executed successfully
2025-01-06 15:59:32,356 Looking for jobs to run
2025-01-06 15:59:32,357 Next wakeup is due at 2025-01-06 15:59:37.355615+05:00 (in 4.998402 seconds)
2025-01-06 15:59:32,357 Running job "checker (trigger: interval[0:00:05], next run at: 2025-01-06 15:59:37 +05)" (scheduled at 2025-01-06 15:59:32.355615+05:00)
2025-01-06 15:59:32,358 Job "checker (trigger: interval[0:00:05], next run at: 2025-01-06 15:59:37 +05)" executed successfully
2025-01-06 15:59:37,360 Looking for jobs to run
2025-01-06 15:59:37,361 Next wakeup is due at 2025-01-06 15:59:42.355615+05:00 (in 4.994197 seconds)
2025-01-06 15:59:37,361 Running job "checker (trigger: interval[0:00:05], next run at: 2025-01-06 15:59:42 +05)" (scheduled at 2025-01-06 15:59:37.355615+05:00)
2025-01-06 15:59:37,362 Job "checker (trigger: interval[0:00:05], next run at: 2025-01-06 15:59:42 +05)" executed successfully
2025-01-06 15:59:42,361 Looking for jobs to run
2025-01-06 15:59:42,362 Next wakeup is due at 2025-01-06 15:59:47.355615+05:00 (in 4.993124 seconds)
2025-01-06 15:59:42,362 Running job "checker (trigger: interval[0:00:05], next run at: 2025-01-06 15:59:47 +05)" (scheduled at 2025-01-06 15:59:42.355615+05:00)
2025-01-06 15:59:42,363 Job "checker (trigger: interval[0:00:05], next run at: 2025-01-06 15:59:47 +05)" executed successfully
2025-01-06 15:59:47,356 Looking for jobs to run
2025-01-06 15:59:47,357 Next wakeup is due at 2025-01-06 15:59:52.355615+05:00 (in 4.997762 seconds)
2025-01-06 15:59:47,358 Running job "checker (trigger: interval[0:00:05], next run at: 2025-01-06 15:59:52 +05)" (scheduled at 2025-01-06 15:59:47.355615+05:00)
2025-01-06 15:59:47,358 Job "checker (trigger: interval[0:00:05], next run at: 2025-01-06 15:59:52 +05)" executed successfully
2025-01-06 15:59:52,357 Looking for jobs to run
2025-01-06 15:59:52,357 Next wakeup is due at 2025-01-06 15:59:57.355615+05:00 (in 4.998079 seconds)
2025-01-06 15:59:52,357 Running job "checker (trigger: interval[0:00:05], next run at: 2025-01-06 15:59:57 +05)" (scheduled at 2025-01-06 15:59:52.355615+05:00)
2025-01-06 15:59:52,357 Job "checker (trigger: interval[0:00:05], next run at: 2025-01-06 15:59:57 +05)" executed successfully
2025-01-06 15:59:57,360 Looking for jobs to run
2025-01-06 15:59:57,361 Next wakeup is due at 2025-01-06 16:00:02.355615+05:00 (in 4.994026 seconds)
2025-01-06 15:59:57,361 Running job "checker (trigger: interval[0:00:05], next run at: 2025-01-06 16:00:02 +05)" (scheduled at 2025-01-06 15:59:57.355615+05:00)
2025-01-06 15:59:57,361 Job "checker (trigger: interval[0:00:05], next run at: 2025-01-06 16:00:02 +05)" executed successfully
2025-01-06 16:00:02,360 Looking for jobs to run
2025-01-06 16:00:02,361 Next wakeup is due at 2025-01-06 16:00:07.355615+05:00 (in 4.993895 seconds)
2025-01-06 16:00:02,362 Running job "checker (trigger: interval[0:00:05], next run at: 2025-01-06 16:00:07 +05)" (scheduled at 2025-01-06 16:00:02.355615+05:00)
2025-01-06 16:00:02,362 Job "checker (trigger: interval[0:00:05], next run at: 2025-01-06 16:00:07 +05)" executed successfully
2025-01-06 16:00:07,360 Looking for jobs to run
2025-01-06 16:00:07,362 Next wakeup is due at 2025-01-06 16:00:12.355615+05:00 (in 4.993485 seconds)
2025-01-06 16:00:07,362 Running job "checker (trigger: interval[0:00:05], next run at: 2025-01-06 16:00:12 +05)" (scheduled at 2025-01-06 16:00:07.355615+05:00)
2025-01-06 16:00:07,363 Job "checker (trigger: interval[0:00:05], next run at: 2025-01-06 16:00:12 +05)" executed successfully
2025-01-06 16:00:12,360 Looking for jobs to run
2025-01-06 16:00:12,360 Next wakeup is due at 2025-01-06 16:00:17.355615+05:00 (in 4.994731 seconds)
2025-01-06 16:00:12,361 Running job "checker (trigger: interval[0:00:05], next run at: 2025-01-06 16:00:17 +05)" (scheduled at 2025-01-06 16:00:12.355615+05:00)
2025-01-06 16:00:12,361 Job "checker (trigger: interval[0:00:05], next run at: 2025-01-06 16:00:17 +05)" executed successfully
2025-01-06 16:00:17,360 Looking for jobs to run
2025-01-06 16:00:17,362 Next wakeup is due at 2025-01-06 16:00:22.355615+05:00 (in 4.993180 seconds)
2025-01-06 16:00:17,363 Running job "checker (trigger: interval[0:00:05], next run at: 2025-01-06 16:00:22 +05)" (scheduled at 2025-01-06 16:00:17.355615+05:00)
2025-01-06 16:00:17,363 Job "checker (trigger: interval[0:00:05], next run at: 2025-01-06 16:00:22 +05)" executed successfully
2025-01-06 16:00:22,361 Looking for jobs to run
2025-01-06 16:00:22,362 Next wakeup is due at 2025-01-06 16:00:27.355615+05:00 (in 4.993417 seconds)
2025-01-06 16:00:22,362 Running job "checker (trigger: interval[0:00:05], next run at: 2025-01-06 16:00:27 +05)" (scheduled at 2025-01-06 16:00:22.355615+05:00)
2025-01-06 16:00:22,362 Job "checker (trigger: interval[0:00:05], next run at: 2025-01-06 16:00:27 +05)" executed successfully
2025-01-06 16:00:27,360 Looking for jobs to run
2025-01-06 16:00:27,361 Next wakeup is due at 2025-01-06 16:00:32.355615+05:00 (in 4.994053 seconds)
2025-01-06 16:00:27,361 Running job "checker (trigger: interval[0:00:05], next run at: 2025-01-06 16:00:32 +05)" (scheduled at 2025-01-06 16:00:27.355615+05:00)
2025-01-06 16:00:27,362 Job "checker (trigger: interval[0:00:05], next run at: 2025-01-06 16:00:32 +05)" executed successfully
2025-01-06 16:00:32,360 Looking for jobs to run
2025-01-06 16:00:32,361 Next wakeup is due at 2025-01-06 16:00:37.355615+05:00 (in 4.994588 seconds)
2025-01-06 16:00:32,361 Running job "checker (trigger: interval[0:00:05], next run at: 2025-01-06 16:00:37 +05)" (scheduled at 2025-01-06 16:00:32.355615+05:00)
2025-01-06 16:00:32,361 Job "checker (trigger: interval[0:00:05], next run at: 2025-01-06 16:00:37 +05)" executed successfully
2025-01-06 16:00:37,361 Looking for jobs to run
2025-01-06 16:00:37,362 Next wakeup is due at 2025-01-06 16:00:42.355615+05:00 (in 4.993545 seconds)
2025-01-06 16:00:37,362 Running job "checker (trigger: interval[0:00:05], next run at: 2025-01-06 16:00:42 +05)" (scheduled at 2025-01-06 16:00:37.355615+05:00)
2025-01-06 16:00:37,362 Job "checker (trigger: interval[0:00:05], next run at: 2025-01-06 16:00:42 +05)" executed successfully
2025-01-06 16:00:42,360 Looking for jobs to run
2025-01-06 16:00:42,361 Next wakeup is due at 2025-01-06 16:00:47.355615+05:00 (in 4.994173 seconds)
2025-01-06 16:00:42,361 Running job "checker (trigger: interval[0:00:05], next run at: 2025-01-06 16:00:47 +05)" (scheduled at 2025-01-06 16:00:42.355615+05:00)
2025-01-06 16:00:42,362 Job "checker (trigger: interval[0:00:05], next run at: 2025-01-06 16:00:47 +05)" executed successfully
2025-01-06 16:00:47,360 Looking for jobs to run
2025-01-06 16:00:47,361 Next wakeup is due at 2025-01-06 16:00:52.355615+05:00 (in 4.993802 seconds)
2025-01-06 16:00:47,362 Running job "checker (trigger: interval[0:00:05], next run at: 2025-01-06 16:00:52 +05)" (scheduled at 2025-01-06 16:00:47.355615+05:00)
2025-01-06 16:00:47,362 Job "checker (trigger: interval[0:00:05], next run at: 2025-01-06 16:00:52 +05)" executed successfully
2025-01-06 16:00:52,359 Looking for jobs to run
2025-01-06 16:00:52,359 Next wakeup is due at 2025-01-06 16:00:57.355615+05:00 (in 4.996143 seconds)
2025-01-06 16:00:52,360 Running job "checker (trigger: interval[0:00:05], next run at: 2025-01-06 16:00:57 +05)" (scheduled at 2025-01-06 16:00:52.355615+05:00)
2025-01-06 16:00:52,360 Job "checker (trigger: interval[0:00:05], next run at: 2025-01-06 16:00:57 +05)" executed successfully
2025-01-06 16:00:53,114 Infinity polling: polling exited
2025-01-06 16:00:53,117 Break infinity polling
