2025-01-10 21:16:12,701 Adding job tentatively -- it will be properly scheduled when the scheduler starts
2025-01-10 21:16:12,704 Added job "checker" to job store "default"
2025-01-10 21:16:12,704 Scheduler started
2025-01-10 21:16:12,720 Looking for jobs to run
2025-01-10 21:16:12,720 Next wakeup is due at 2025-01-10 21:16:17.700841+05:00 (in 4.980150 seconds)
2025-01-10 21:16:17,704 Looking for jobs to run
2025-01-10 21:16:17,706 Next wakeup is due at 2025-01-10 21:16:22.700841+05:00 (in 4.994642 seconds)
2025-01-10 21:16:17,706 Running job "checker (trigger: interval[0:00:05], next run at: 2025-01-10 21:16:22 +05)" (scheduled at 2025-01-10 21:16:17.700841+05:00)
2025-01-10 21:16:17,706 Job "checker (trigger: interval[0:00:05], next run at: 2025-01-10 21:16:22 +05)" executed successfully
2025-01-10 21:16:22,706 Looking for jobs to run
2025-01-10 21:16:22,706 Next wakeup is due at 2025-01-10 21:16:27.700841+05:00 (in 4.994092 seconds)
2025-01-10 21:16:22,706 Running job "checker (trigger: interval[0:00:05], next run at: 2025-01-10 21:16:27 +05)" (scheduled at 2025-01-10 21:16:22.700841+05:00)
2025-01-10 21:16:22,707 Job "checker (trigger: interval[0:00:05], next run at: 2025-01-10 21:16:27 +05)" executed successfully
2025-01-10 21:16:27,705 Looking for jobs to run
2025-01-10 21:16:27,706 Next wakeup is due at 2025-01-10 21:16:32.700841+05:00 (in 4.994361 seconds)
2025-01-10 21:16:27,707 Running job "checker (trigger: interval[0:00:05], next run at: 2025-01-10 21:16:32 +05)" (scheduled at 2025-01-10 21:16:27.700841+05:00)
2025-01-10 21:16:27,707 Job "checker (trigger: interval[0:00:05], next run at: 2025-01-10 21:16:32 +05)" executed successfully
2025-01-10 21:16:32,703 Looking for jobs to run
2025-01-10 21:16:32,703 Next wakeup is due at 2025-01-10 21:16:37.700841+05:00 (in 4.997322 seconds)
2025-01-10 21:16:32,703 Running job "checker (trigger: interval[0:00:05], next run at: 2025-01-10 21:16:37 +05)" (scheduled at 2025-01-10 21:16:32.700841+05:00)
2025-01-10 21:16:32,703 Job "checker (trigger: interval[0:00:05], next run at: 2025-01-10 21:16:37 +05)" executed successfully
2025-01-10 21:16:37,703 Looking for jobs to run
2025-01-10 21:16:37,703 Next wakeup is due at 2025-01-10 21:16:42.700841+05:00 (in 4.997337 seconds)
2025-01-10 21:16:37,703 Running job "checker (trigger: interval[0:00:05], next run at: 2025-01-10 21:16:42 +05)" (scheduled at 2025-01-10 21:16:37.700841+05:00)
2025-01-10 21:16:37,703 Job "checker (trigger: interval[0:00:05], next run at: 2025-01-10 21:16:42 +05)" executed successfully
2025-01-10 21:16:42,706 Looking for jobs to run
2025-01-10 21:16:42,706 Next wakeup is due at 2025-01-10 21:16:47.700841+05:00 (in 4.994299 seconds)
2025-01-10 21:16:42,706 Running job "checker (trigger: interval[0:00:05], next run at: 2025-01-10 21:16:47 +05)" (scheduled at 2025-01-10 21:16:42.700841+05:00)
2025-01-10 21:16:42,706 Job "checker (trigger: interval[0:00:05], next run at: 2025-01-10 21:16:47 +05)" executed successfully
2025-01-10 21:16:47,705 Looking for jobs to run
2025-01-10 21:16:47,705 Next wakeup is due at 2025-01-10 21:16:52.700841+05:00 (in 4.994941 seconds)
2025-01-10 21:16:47,706 Running job "checker (trigger: interval[0:00:05], next run at: 2025-01-10 21:16:52 +05)" (scheduled at 2025-01-10 21:16:47.700841+05:00)
2025-01-10 21:16:47,706 Job "checker (trigger: interval[0:00:05], next run at: 2025-01-10 21:16:52 +05)" executed successfully
2025-01-10 21:16:52,703 Looking for jobs to run
2025-01-10 21:16:52,703 Next wakeup is due at 2025-01-10 21:16:57.700841+05:00 (in 4.996881 seconds)
2025-01-10 21:16:52,704 Running job "checker (trigger: interval[0:00:05], next run at: 2025-01-10 21:16:57 +05)" (scheduled at 2025-01-10 21:16:52.700841+05:00)
2025-01-10 21:16:52,704 Job "checker (trigger: interval[0:00:05], next run at: 2025-01-10 21:16:57 +05)" executed successfully
2025-01-10 21:16:57,703 Looking for jobs to run
2025-01-10 21:16:57,703 Next wakeup is due at 2025-01-10 21:17:02.700841+05:00 (in 4.997073 seconds)
2025-01-10 21:16:57,703 Running job "checker (trigger: interval[0:00:05], next run at: 2025-01-10 21:17:02 +05)" (scheduled at 2025-01-10 21:16:57.700841+05:00)
2025-01-10 21:16:57,704 Job "checker (trigger: interval[0:00:05], next run at: 2025-01-10 21:17:02 +05)" executed successfully
2025-01-10 21:17:01,968 executing <function connect.<locals>.connector at 0x7fba0913e020>
2025-01-10 21:17:01,969 executing <function connect.<locals>.connector at 0x7fba0913e340>
2025-01-10 21:17:01,973 operation <function connect.<locals>.connector at 0x7fba0913e340> completed
2025-01-10 21:17:01,973 operation <function connect.<locals>.connector at 0x7fba0913e020> completed
2025-01-10 21:17:01,974 executing functools.partial(<built-in method execute of sqlite3.Connection object at 0x7fba0931aa70>, 'PRAGMA foreign_keys = ON', [])
2025-01-10 21:17:01,974 executing functools.partial(<built-in method execute of sqlite3.Connection object at 0x7fba0931a980>, 'PRAGMA foreign_keys = ON', [])
2025-01-10 21:17:01,977 operation functools.partial(<built-in method execute of sqlite3.Connection object at 0x7fba0931a980>, 'PRAGMA foreign_keys = ON', []) completed
2025-01-10 21:17:01,977 operation functools.partial(<built-in method execute of sqlite3.Connection object at 0x7fba0931aa70>, 'PRAGMA foreign_keys = ON', []) completed
2025-01-10 21:17:01,977 executing functools.partial(<built-in method execute of sqlite3.Connection object at 0x7fba0931a980>, '\n            CREATE TABLE IF NOT EXISTS users (\n                chat_id INTEGER,\n                topic_id INTEGER,\n                user_name TEXT,\n                PRIMARY KEY (chat_id, topic_id)\n            )\n        ', [])
2025-01-10 21:17:01,979 operation functools.partial(<built-in method execute of sqlite3.Connection object at 0x7fba0931a980>, '\n            CREATE TABLE IF NOT EXISTS users (\n                chat_id INTEGER,\n                topic_id INTEGER,\n                user_name TEXT,\n                PRIMARY KEY (chat_id, topic_id)\n            )\n        ', []) completed
2025-01-10 21:17:01,979 executing functools.partial(<built-in method execute of sqlite3.Connection object at 0x7fba0931a980>, '\n            CREATE TABLE IF NOT EXISTS users (\n                chat_id INTEGER,\n                topic_id INTEGER,\n                user_name TEXT,\n                PRIMARY KEY (chat_id, topic_id)\n            )\n        ', [])
2025-01-10 21:17:01,980 operation functools.partial(<built-in method execute of sqlite3.Connection object at 0x7fba0931a980>, '\n            CREATE TABLE IF NOT EXISTS users (\n                chat_id INTEGER,\n                topic_id INTEGER,\n                user_name TEXT,\n                PRIMARY KEY (chat_id, topic_id)\n            )\n        ', []) completed
2025-01-10 21:17:01,980 executing functools.partial(<built-in method execute of sqlite3.Connection object at 0x7fba0931a980>, '\n            CREATE TABLE IF NOT EXISTS group_messages (\n                topic_id INTEGER,\n                message_id INTEGER,\n                local_id INTEGER,\n                PRIMARY KEY (topic_id, local_id)\n            )\n        ', [])
2025-01-10 21:17:01,980 operation functools.partial(<built-in method execute of sqlite3.Connection object at 0x7fba0931a980>, '\n            CREATE TABLE IF NOT EXISTS group_messages (\n                topic_id INTEGER,\n                message_id INTEGER,\n                local_id INTEGER,\n                PRIMARY KEY (topic_id, local_id)\n            )\n        ', []) completed
2025-01-10 21:17:01,980 executing functools.partial(<built-in method execute of sqlite3.Connection object at 0x7fba0931a980>, '\n            CREATE TABLE IF NOT EXISTS group_messages (\n                topic_id INTEGER,\n                message_id INTEGER,\n                local_id INTEGER,\n                PRIMARY KEY (topic_id, local_id)\n            )\n        ', [])
2025-01-10 21:17:01,980 operation functools.partial(<built-in method execute of sqlite3.Connection object at 0x7fba0931a980>, '\n            CREATE TABLE IF NOT EXISTS group_messages (\n                topic_id INTEGER,\n                message_id INTEGER,\n                local_id INTEGER,\n                PRIMARY KEY (topic_id, local_id)\n            )\n        ', []) completed
2025-01-10 21:17:01,981 executing functools.partial(<built-in method execute of sqlite3.Connection object at 0x7fba0931a980>, '\n            CREATE TABLE IF NOT EXISTS private_messages (\n                chat_id INTEGER,\n                message_id INTEGER,\n                local_id INTEGER,\n                PRIMARY KEY (chat_id, local_id)\n            )\n        ', [])
2025-01-10 21:17:01,982 operation functools.partial(<built-in method execute of sqlite3.Connection object at 0x7fba0931a980>, '\n            CREATE TABLE IF NOT EXISTS private_messages (\n                chat_id INTEGER,\n                message_id INTEGER,\n                local_id INTEGER,\n                PRIMARY KEY (chat_id, local_id)\n            )\n        ', []) completed
2025-01-10 21:17:01,982 executing functools.partial(<built-in method execute of sqlite3.Connection object at 0x7fba0931a980>, '\n            CREATE TABLE IF NOT EXISTS private_messages (\n                chat_id INTEGER,\n                message_id INTEGER,\n                local_id INTEGER,\n                PRIMARY KEY (chat_id, local_id)\n            )\n        ', [])
2025-01-10 21:17:01,982 operation functools.partial(<built-in method execute of sqlite3.Connection object at 0x7fba0931a980>, '\n            CREATE TABLE IF NOT EXISTS private_messages (\n                chat_id INTEGER,\n                message_id INTEGER,\n                local_id INTEGER,\n                PRIMARY KEY (chat_id, local_id)\n            )\n        ', []) completed
2025-01-10 21:17:01,982 executing functools.partial(<built-in method execute of sqlite3.Connection object at 0x7fba0931a980>, '\n            CREATE TABLE IF NOT EXISTS message_reactions (\n                chat_id INTEGER,\n                message_id INTEGER,\n                user_id INTEGER,\n                reaction TEXT,\n                PRIMARY KEY (chat_id, message_id, user_id)\n            )\n        ', [])
2025-01-10 21:17:01,982 operation functools.partial(<built-in method execute of sqlite3.Connection object at 0x7fba0931a980>, '\n            CREATE TABLE IF NOT EXISTS message_reactions (\n                chat_id INTEGER,\n                message_id INTEGER,\n                user_id INTEGER,\n                reaction TEXT,\n                PRIMARY KEY (chat_id, message_id, user_id)\n            )\n        ', []) completed
2025-01-10 21:17:01,982 executing functools.partial(<built-in method execute of sqlite3.Connection object at 0x7fba0931a980>, '\n            CREATE TABLE IF NOT EXISTS message_reactions (\n                chat_id INTEGER,\n                message_id INTEGER,\n                user_id INTEGER,\n                reaction TEXT,\n                PRIMARY KEY (chat_id, message_id, user_id)\n            )\n        ', [])
2025-01-10 21:17:01,982 operation functools.partial(<built-in method execute of sqlite3.Connection object at 0x7fba0931a980>, '\n            CREATE TABLE IF NOT EXISTS message_reactions (\n                chat_id INTEGER,\n                message_id INTEGER,\n                user_id INTEGER,\n                reaction TEXT,\n                PRIMARY KEY (chat_id, message_id, user_id)\n            )\n        ', []) completed
2025-01-10 21:17:01,983 executing functools.partial(<built-in method commit of sqlite3.Connection object at 0x7fba0931a980>)
2025-01-10 21:17:01,983 operation functools.partial(<built-in method commit of sqlite3.Connection object at 0x7fba0931a980>) completed
2025-01-10 21:17:01,983 executing functools.partial(<built-in method commit of sqlite3.Connection object at 0x7fba0931a980>)
2025-01-10 21:17:01,983 operation functools.partial(<built-in method commit of sqlite3.Connection object at 0x7fba0931a980>) completed
2025-01-10 21:17:01,983 executing functools.partial(<built-in method execute of sqlite3.Connection object at 0x7fba0931a980>, 'SELECT topic_id FROM users WHERE chat_id = ?', (5434361630,))
2025-01-10 21:17:01,983 operation functools.partial(<built-in method execute of sqlite3.Connection object at 0x7fba0931a980>, 'SELECT topic_id FROM users WHERE chat_id = ?', (5434361630,)) completed
2025-01-10 21:17:01,983 executing functools.partial(<built-in method execute of sqlite3.Connection object at 0x7fba0931a980>, 'SELECT topic_id FROM users WHERE chat_id = ?', (5434361630,))
2025-01-10 21:17:01,983 operation functools.partial(<built-in method execute of sqlite3.Connection object at 0x7fba0931a980>, 'SELECT topic_id FROM users WHERE chat_id = ?', (5434361630,)) completed
2025-01-10 21:17:01,983 executing functools.partial(<built-in method fetchone of sqlite3.Cursor object at 0x7fba090dd640>)
2025-01-10 21:17:01,983 operation functools.partial(<built-in method fetchone of sqlite3.Cursor object at 0x7fba090dd640>) completed
2025-01-10 21:17:01,984 executing functools.partial(<built-in method fetchone of sqlite3.Cursor object at 0x7fba090d2540>)
2025-01-10 21:17:01,984 operation functools.partial(<built-in method fetchone of sqlite3.Cursor object at 0x7fba090d2540>) completed
2025-01-10 21:17:01,984 executing functools.partial(<built-in method close of sqlite3.Cursor object at 0x7fba090dd640>)
2025-01-10 21:17:01,984 operation functools.partial(<built-in method close of sqlite3.Cursor object at 0x7fba090dd640>) completed
2025-01-10 21:17:01,984 executing functools.partial(<built-in method close of sqlite3.Cursor object at 0x7fba090d2540>)
2025-01-10 21:17:01,984 operation functools.partial(<built-in method close of sqlite3.Cursor object at 0x7fba090d2540>) completed
2025-01-10 21:17:01,984 executing <function connect.<locals>.connector at 0x7fba0913ca40>
2025-01-10 21:17:01,985 operation <function connect.<locals>.connector at 0x7fba0913ca40> completed
2025-01-10 21:17:01,985 executing <function connect.<locals>.connector at 0x7fba0913e700>
2025-01-10 21:17:01,985 executing functools.partial(<built-in method execute of sqlite3.Connection object at 0x7fba0931af20>, 'PRAGMA foreign_keys = ON', [])
2025-01-10 21:17:01,985 operation functools.partial(<built-in method execute of sqlite3.Connection object at 0x7fba0931af20>, 'PRAGMA foreign_keys = ON', []) completed
2025-01-10 21:17:01,985 operation <function connect.<locals>.connector at 0x7fba0913e700> completed
2025-01-10 21:17:01,985 executing functools.partial(<built-in method execute of sqlite3.Connection object at 0x7fba0931af20>, '\n            CREATE TABLE IF NOT EXISTS users (\n                chat_id INTEGER,\n                topic_id INTEGER,\n                user_name TEXT,\n                PRIMARY KEY (chat_id, topic_id)\n            )\n        ', [])
2025-01-10 21:17:01,987 executing functools.partial(<built-in method execute of sqlite3.Connection object at 0x7fba0931b2e0>, 'PRAGMA foreign_keys = ON', [])
2025-01-10 21:17:01,987 operation functools.partial(<built-in method execute of sqlite3.Connection object at 0x7fba0931b2e0>, 'PRAGMA foreign_keys = ON', []) completed
2025-01-10 21:17:01,987 executing functools.partial(<built-in method execute of sqlite3.Connection object at 0x7fba0931b2e0>, '\n            CREATE TABLE IF NOT EXISTS users (\n                chat_id INTEGER,\n                topic_id INTEGER,\n                user_name TEXT,\n                PRIMARY KEY (chat_id, topic_id)\n            )\n        ', [])
2025-01-10 21:17:01,987 operation functools.partial(<built-in method execute of sqlite3.Connection object at 0x7fba0931af20>, '\n            CREATE TABLE IF NOT EXISTS users (\n                chat_id INTEGER,\n                topic_id INTEGER,\n                user_name TEXT,\n                PRIMARY KEY (chat_id, topic_id)\n            )\n        ', []) completed
2025-01-10 21:17:01,987 operation functools.partial(<built-in method execute of sqlite3.Connection object at 0x7fba0931b2e0>, '\n            CREATE TABLE IF NOT EXISTS users (\n                chat_id INTEGER,\n                topic_id INTEGER,\n                user_name TEXT,\n                PRIMARY KEY (chat_id, topic_id)\n            )\n        ', []) completed
2025-01-10 21:17:01,987 executing functools.partial(<built-in method execute of sqlite3.Connection object at 0x7fba0931b2e0>, '\n            CREATE TABLE IF NOT EXISTS group_messages (\n                topic_id INTEGER,\n                message_id INTEGER,\n                local_id INTEGER,\n                PRIMARY KEY (topic_id, local_id)\n            )\n        ', [])
2025-01-10 21:17:01,987 operation functools.partial(<built-in method execute of sqlite3.Connection object at 0x7fba0931b2e0>, '\n            CREATE TABLE IF NOT EXISTS group_messages (\n                topic_id INTEGER,\n                message_id INTEGER,\n                local_id INTEGER,\n                PRIMARY KEY (topic_id, local_id)\n            )\n        ', []) completed
2025-01-10 21:17:01,988 executing functools.partial(<built-in method execute of sqlite3.Connection object at 0x7fba0931b2e0>, '\n            CREATE TABLE IF NOT EXISTS group_messages (\n                topic_id INTEGER,\n                message_id INTEGER,\n                local_id INTEGER,\n                PRIMARY KEY (topic_id, local_id)\n            )\n        ', [])
2025-01-10 21:17:01,988 operation functools.partial(<built-in method execute of sqlite3.Connection object at 0x7fba0931b2e0>, '\n            CREATE TABLE IF NOT EXISTS group_messages (\n                topic_id INTEGER,\n                message_id INTEGER,\n                local_id INTEGER,\n                PRIMARY KEY (topic_id, local_id)\n            )\n        ', []) completed
2025-01-10 21:17:01,988 executing functools.partial(<built-in method execute of sqlite3.Connection object at 0x7fba0931b2e0>, '\n            CREATE TABLE IF NOT EXISTS private_messages (\n                chat_id INTEGER,\n                message_id INTEGER,\n                local_id INTEGER,\n                PRIMARY KEY (chat_id, local_id)\n            )\n        ', [])
2025-01-10 21:17:01,988 operation functools.partial(<built-in method execute of sqlite3.Connection object at 0x7fba0931b2e0>, '\n            CREATE TABLE IF NOT EXISTS private_messages (\n                chat_id INTEGER,\n                message_id INTEGER,\n                local_id INTEGER,\n                PRIMARY KEY (chat_id, local_id)\n            )\n        ', []) completed
2025-01-10 21:17:01,988 executing functools.partial(<built-in method execute of sqlite3.Connection object at 0x7fba0931b2e0>, '\n            CREATE TABLE IF NOT EXISTS private_messages (\n                chat_id INTEGER,\n                message_id INTEGER,\n                local_id INTEGER,\n                PRIMARY KEY (chat_id, local_id)\n            )\n        ', [])
2025-01-10 21:17:01,988 operation functools.partial(<built-in method execute of sqlite3.Connection object at 0x7fba0931b2e0>, '\n            CREATE TABLE IF NOT EXISTS private_messages (\n                chat_id INTEGER,\n                message_id INTEGER,\n                local_id INTEGER,\n                PRIMARY KEY (chat_id, local_id)\n            )\n        ', []) completed
2025-01-10 21:17:01,988 executing functools.partial(<built-in method commit of sqlite3.Connection object at 0x7fba0931b2e0>)
2025-01-10 21:17:01,988 operation functools.partial(<built-in method commit of sqlite3.Connection object at 0x7fba0931b2e0>) completed
2025-01-10 21:17:01,988 executing functools.partial(<built-in method commit of sqlite3.Connection object at 0x7fba0931b2e0>)
2025-01-10 21:17:01,988 operation functools.partial(<built-in method commit of sqlite3.Connection object at 0x7fba0931b2e0>) completed
2025-01-10 21:17:02,089 executing functools.partial(<built-in method execute of sqlite3.Connection object at 0x7fba0931b2e0>, 'SELECT topic_id FROM users WHERE chat_id = ? AND user_name = ?', (5434361630, 'yadgenn'))
2025-01-10 21:17:02,090 operation functools.partial(<built-in method execute of sqlite3.Connection object at 0x7fba0931b2e0>, 'SELECT topic_id FROM users WHERE chat_id = ? AND user_name = ?', (5434361630, 'yadgenn')) completed
2025-01-10 21:17:02,090 executing functools.partial(<built-in method fetchone of sqlite3.Cursor object at 0x7fba090d2fc0>)
2025-01-10 21:17:02,090 operation functools.partial(<built-in method fetchone of sqlite3.Cursor object at 0x7fba090d2fc0>) completed
2025-01-10 21:17:02,090 executing functools.partial(<built-in method close of sqlite3.Cursor object at 0x7fba090d2fc0>)
2025-01-10 21:17:02,090 operation functools.partial(<built-in method close of sqlite3.Cursor object at 0x7fba090d2fc0>) completed
2025-01-10 21:17:02,702 Looking for jobs to run
2025-01-10 21:17:02,702 Next wakeup is due at 2025-01-10 21:17:07.700841+05:00 (in 4.998378 seconds)
2025-01-10 21:17:02,702 Running job "checker (trigger: interval[0:00:05], next run at: 2025-01-10 21:17:07 +05)" (scheduled at 2025-01-10 21:17:02.700841+05:00)
2025-01-10 21:17:02,702 Job "checker (trigger: interval[0:00:05], next run at: 2025-01-10 21:17:07 +05)" executed successfully
2025-01-10 21:17:03,489 executing functools.partial(<built-in method execute of sqlite3.Connection object at 0x7fba0931b2e0>, 'SELECT topic_id FROM users WHERE chat_id = ?', (5434361630,))
2025-01-10 21:17:03,490 operation functools.partial(<built-in method execute of sqlite3.Connection object at 0x7fba0931b2e0>, 'SELECT topic_id FROM users WHERE chat_id = ?', (5434361630,)) completed
2025-01-10 21:17:03,490 executing functools.partial(<built-in method fetchone of sqlite3.Cursor object at 0x7fba090d2fc0>)
2025-01-10 21:17:03,490 operation functools.partial(<built-in method fetchone of sqlite3.Cursor object at 0x7fba090d2fc0>) completed
2025-01-10 21:17:03,490 executing functools.partial(<built-in method close of sqlite3.Cursor object at 0x7fba090d2fc0>)
2025-01-10 21:17:03,490 operation functools.partial(<built-in method close of sqlite3.Cursor object at 0x7fba090d2fc0>) completed
2025-01-10 21:17:03,490 executing functools.partial(<built-in method execute of sqlite3.Connection object at 0x7fba0931b2e0>, 'SELECT MAX(local_id) FROM group_messages WHERE topic_id = ?', (1488,))
2025-01-10 21:17:03,490 operation functools.partial(<built-in method execute of sqlite3.Connection object at 0x7fba0931b2e0>, 'SELECT MAX(local_id) FROM group_messages WHERE topic_id = ?', (1488,)) completed
2025-01-10 21:17:03,491 executing functools.partial(<built-in method fetchone of sqlite3.Cursor object at 0x7fba090d2fc0>)
2025-01-10 21:17:03,491 operation functools.partial(<built-in method fetchone of sqlite3.Cursor object at 0x7fba090d2fc0>) completed
2025-01-10 21:17:03,491 executing functools.partial(<built-in method close of sqlite3.Cursor object at 0x7fba090d2fc0>)
2025-01-10 21:17:03,491 operation functools.partial(<built-in method close of sqlite3.Cursor object at 0x7fba090d2fc0>) completed
2025-01-10 21:17:03,491 executing functools.partial(<built-in method execute of sqlite3.Connection object at 0x7fba0931b2e0>, '\n                        INSERT INTO group_messages (topic_id, message_id, local_id)\n                        VALUES (?, ?, ?)\n                    ', (1488, 1538, 28))
2025-01-10 21:17:03,491 operation functools.partial(<built-in method execute of sqlite3.Connection object at 0x7fba0931b2e0>, '\n                        INSERT INTO group_messages (topic_id, message_id, local_id)\n                        VALUES (?, ?, ?)\n                    ', (1488, 1538, 28)) completed
2025-01-10 21:17:03,492 executing functools.partial(<built-in method execute of sqlite3.Connection object at 0x7fba0931b2e0>, 'SELECT MAX(local_id) FROM group_messages WHERE topic_id = ?', (1488,))
2025-01-10 21:17:03,492 operation functools.partial(<built-in method execute of sqlite3.Connection object at 0x7fba0931b2e0>, 'SELECT MAX(local_id) FROM group_messages WHERE topic_id = ?', (1488,)) completed
2025-01-10 21:17:03,492 executing functools.partial(<built-in method fetchone of sqlite3.Cursor object at 0x7fba090d0d40>)
2025-01-10 21:17:03,492 operation functools.partial(<built-in method fetchone of sqlite3.Cursor object at 0x7fba090d0d40>) completed
2025-01-10 21:17:03,492 executing functools.partial(<built-in method close of sqlite3.Cursor object at 0x7fba090d0d40>)
2025-01-10 21:17:03,492 operation functools.partial(<built-in method close of sqlite3.Cursor object at 0x7fba090d0d40>) completed
2025-01-10 21:17:03,492 executing functools.partial(<built-in method execute of sqlite3.Connection object at 0x7fba0931b2e0>, '\n                        INSERT INTO group_messages (topic_id, message_id, local_id)\n                        VALUES (?, ?, ?)\n                    ', (1488, 1539, 29))
2025-01-10 21:17:03,492 operation functools.partial(<built-in method execute of sqlite3.Connection object at 0x7fba0931b2e0>, '\n                        INSERT INTO group_messages (topic_id, message_id, local_id)\n                        VALUES (?, ?, ?)\n                    ', (1488, 1539, 29)) completed
2025-01-10 21:17:03,493 executing functools.partial(<built-in method execute of sqlite3.Connection object at 0x7fba0931b2e0>, 'SELECT MAX(local_id) FROM private_messages WHERE chat_id = ?', (5434361630,))
2025-01-10 21:17:03,493 operation functools.partial(<built-in method execute of sqlite3.Connection object at 0x7fba0931b2e0>, 'SELECT MAX(local_id) FROM private_messages WHERE chat_id = ?', (5434361630,)) completed
2025-01-10 21:17:03,493 executing functools.partial(<built-in method fetchone of sqlite3.Cursor object at 0x7fba090d0dc0>)
2025-01-10 21:17:03,493 operation functools.partial(<built-in method fetchone of sqlite3.Cursor object at 0x7fba090d0dc0>) completed
2025-01-10 21:17:03,493 executing functools.partial(<built-in method close of sqlite3.Cursor object at 0x7fba090d0dc0>)
2025-01-10 21:17:03,493 operation functools.partial(<built-in method close of sqlite3.Cursor object at 0x7fba090d0dc0>) completed
2025-01-10 21:17:03,493 executing functools.partial(<built-in method execute of sqlite3.Connection object at 0x7fba0931b2e0>, '\n                        INSERT INTO private_messages (chat_id, message_id, local_id)\n                        VALUES (?, ?, ?)\n                    ', (5434361630, 23437, 28))
2025-01-10 21:17:03,493 operation functools.partial(<built-in method execute of sqlite3.Connection object at 0x7fba0931b2e0>, '\n                        INSERT INTO private_messages (chat_id, message_id, local_id)\n                        VALUES (?, ?, ?)\n                    ', (5434361630, 23437, 28)) completed
2025-01-10 21:17:03,494 executing functools.partial(<built-in method execute of sqlite3.Connection object at 0x7fba0931b2e0>, 'SELECT MAX(local_id) FROM private_messages WHERE chat_id = ?', (5434361630,))
2025-01-10 21:17:03,494 operation functools.partial(<built-in method execute of sqlite3.Connection object at 0x7fba0931b2e0>, 'SELECT MAX(local_id) FROM private_messages WHERE chat_id = ?', (5434361630,)) completed
2025-01-10 21:17:03,494 executing functools.partial(<built-in method fetchone of sqlite3.Cursor object at 0x7fba090d2fc0>)
2025-01-10 21:17:03,494 operation functools.partial(<built-in method fetchone of sqlite3.Cursor object at 0x7fba090d2fc0>) completed
2025-01-10 21:17:03,494 executing functools.partial(<built-in method close of sqlite3.Cursor object at 0x7fba090d2fc0>)
2025-01-10 21:17:03,494 operation functools.partial(<built-in method close of sqlite3.Cursor object at 0x7fba090d2fc0>) completed
2025-01-10 21:17:03,494 executing functools.partial(<built-in method execute of sqlite3.Connection object at 0x7fba0931b2e0>, '\n                        INSERT INTO private_messages (chat_id, message_id, local_id)\n                        VALUES (?, ?, ?)\n                    ', (5434361630, 23438, 29))
2025-01-10 21:17:03,494 operation functools.partial(<built-in method execute of sqlite3.Connection object at 0x7fba0931b2e0>, '\n                        INSERT INTO private_messages (chat_id, message_id, local_id)\n                        VALUES (?, ?, ?)\n                    ', (5434361630, 23438, 29)) completed
2025-01-10 21:17:03,495 executing functools.partial(<built-in method commit of sqlite3.Connection object at 0x7fba0931b2e0>)
2025-01-10 21:17:03,498 operation functools.partial(<built-in method commit of sqlite3.Connection object at 0x7fba0931b2e0>) completed
2025-01-10 21:17:07,703 Looking for jobs to run
2025-01-10 21:17:07,703 Next wakeup is due at 2025-01-10 21:17:12.700841+05:00 (in 4.997238 seconds)
2025-01-10 21:17:07,703 Running job "checker (trigger: interval[0:00:05], next run at: 2025-01-10 21:17:12 +05)" (scheduled at 2025-01-10 21:17:07.700841+05:00)
2025-01-10 21:17:07,703 Job "checker (trigger: interval[0:00:05], next run at: 2025-01-10 21:17:12 +05)" executed successfully
2025-01-10 21:17:12,703 Looking for jobs to run
2025-01-10 21:17:12,703 Next wakeup is due at 2025-01-10 21:17:17.700841+05:00 (in 4.997358 seconds)
2025-01-10 21:17:12,703 Running job "checker (trigger: interval[0:00:05], next run at: 2025-01-10 21:17:17 +05)" (scheduled at 2025-01-10 21:17:12.700841+05:00)
2025-01-10 21:17:12,703 Job "checker (trigger: interval[0:00:05], next run at: 2025-01-10 21:17:17 +05)" executed successfully
2025-01-10 21:17:13,805 Infinity polling: polling exited
2025-01-10 21:17:13,805 Break infinity polling
