2025-01-06 15:08:08,505 Adding job tentatively -- it will be properly scheduled when the scheduler starts
2025-01-06 15:08:08,506 Added job "checker" to job store "default"
2025-01-06 15:08:08,506 Scheduler started
2025-01-06 15:08:08,516 Looking for jobs to run
2025-01-06 15:08:08,517 Next wakeup is due at 2025-01-06 15:08:13.504844+05:00 (in 4.987816 seconds)
2025-01-06 15:08:13,507 Looking for jobs to run
2025-01-06 15:08:13,510 Next wakeup is due at 2025-01-06 15:08:18.504844+05:00 (in 4.994318 seconds)
2025-01-06 15:08:13,511 Running job "checker (trigger: interval[0:00:05], next run at: 2025-01-06 15:08:18 +05)" (scheduled at 2025-01-06 15:08:13.504844+05:00)
2025-01-06 15:08:13,511 Job "checker (trigger: interval[0:00:05], next run at: 2025-01-06 15:08:18 +05)" executed successfully
2025-01-06 15:08:18,506 Looking for jobs to run
2025-01-06 15:08:18,507 Next wakeup is due at 2025-01-06 15:08:23.504844+05:00 (in 4.997609 seconds)
2025-01-06 15:08:18,507 Running job "checker (trigger: interval[0:00:05], next run at: 2025-01-06 15:08:23 +05)" (scheduled at 2025-01-06 15:08:18.504844+05:00)
2025-01-06 15:08:18,507 Job "checker (trigger: interval[0:00:05], next run at: 2025-01-06 15:08:23 +05)" executed successfully
2025-01-06 15:08:18,731 executing <function connect.<locals>.connector at 0x7f12e1f260c0>
2025-01-06 15:08:18,732 operation <function connect.<locals>.connector at 0x7f12e1f260c0> completed
2025-01-06 15:08:18,732 executing functools.partial(<built-in method execute of sqlite3.Connection object at 0x7f12e1eddd50>, 'SELECT topic_id FROM users WHERE chat_id = ?', (5434361630,))
2025-01-06 15:08:18,732 operation functools.partial(<built-in method execute of sqlite3.Connection object at 0x7f12e1eddd50>, 'SELECT topic_id FROM users WHERE chat_id = ?', (5434361630,)) completed
2025-01-06 15:08:18,733 executing functools.partial(<built-in method fetchone of sqlite3.Cursor object at 0x7f12e1eeff40>)
2025-01-06 15:08:18,733 operation functools.partial(<built-in method fetchone of sqlite3.Cursor object at 0x7f12e1eeff40>) completed
2025-01-06 15:08:18,733 executing functools.partial(<built-in method close of sqlite3.Cursor object at 0x7f12e1eeff40>)
2025-01-06 15:08:18,733 operation functools.partial(<built-in method close of sqlite3.Cursor object at 0x7f12e1eeff40>) completed
2025-01-06 15:08:18,734 executing <function connect.<locals>.connector at 0x7f12e1f27560>
2025-01-06 15:08:18,734 operation <function connect.<locals>.connector at 0x7f12e1f27560> completed
2025-01-06 15:08:18,734 executing functools.partial(<built-in method execute of sqlite3.Connection object at 0x7f12e1ede110>, 'PRAGMA foreign_keys = ON', [])
2025-01-06 15:08:18,734 operation functools.partial(<built-in method execute of sqlite3.Connection object at 0x7f12e1ede110>, 'PRAGMA foreign_keys = ON', []) completed
2025-01-06 15:08:18,734 executing functools.partial(<built-in method execute of sqlite3.Connection object at 0x7f12e1ede110>, '\n            CREATE TABLE IF NOT EXISTS users (\n                chat_id INTEGER,\n                topic_id INTEGER,\n                user_name TEXT,\n                PRIMARY KEY (chat_id, topic_id)\n            )\n        ', [])
2025-01-06 15:08:18,735 operation functools.partial(<built-in method execute of sqlite3.Connection object at 0x7f12e1ede110>, '\n            CREATE TABLE IF NOT EXISTS users (\n                chat_id INTEGER,\n                topic_id INTEGER,\n                user_name TEXT,\n                PRIMARY KEY (chat_id, topic_id)\n            )\n        ', []) completed
2025-01-06 15:08:18,735 executing functools.partial(<built-in method execute of sqlite3.Connection object at 0x7f12e1ede110>, '\n            CREATE TABLE IF NOT EXISTS group_messages (\n                topic_id INTEGER,\n                message_id INTEGER,\n                local_id INTEGER,\n                PRIMARY KEY (topic_id, local_id)\n            )\n        ', [])
2025-01-06 15:08:18,735 operation functools.partial(<built-in method execute of sqlite3.Connection object at 0x7f12e1ede110>, '\n            CREATE TABLE IF NOT EXISTS group_messages (\n                topic_id INTEGER,\n                message_id INTEGER,\n                local_id INTEGER,\n                PRIMARY KEY (topic_id, local_id)\n            )\n        ', []) completed
2025-01-06 15:08:18,735 executing functools.partial(<built-in method execute of sqlite3.Connection object at 0x7f12e1ede110>, '\n            CREATE TABLE IF NOT EXISTS private_messages (\n                chat_id INTEGER,\n                message_id INTEGER,\n                local_id INTEGER,\n                PRIMARY KEY (chat_id, local_id)\n            )\n        ', [])
2025-01-06 15:08:18,735 operation functools.partial(<built-in method execute of sqlite3.Connection object at 0x7f12e1ede110>, '\n            CREATE TABLE IF NOT EXISTS private_messages (\n                chat_id INTEGER,\n                message_id INTEGER,\n                local_id INTEGER,\n                PRIMARY KEY (chat_id, local_id)\n            )\n        ', []) completed
2025-01-06 15:08:18,736 executing functools.partial(<built-in method commit of sqlite3.Connection object at 0x7f12e1ede110>)
2025-01-06 15:08:18,736 operation functools.partial(<built-in method commit of sqlite3.Connection object at 0x7f12e1ede110>) completed
2025-01-06 15:08:18,736 executing functools.partial(<built-in method execute of sqlite3.Connection object at 0x7f12e1ede110>, 'SELECT topic_id FROM users WHERE chat_id = ? AND user_name = ?', (5434361630, 'yadgenn'))
2025-01-06 15:08:18,736 operation functools.partial(<built-in method execute of sqlite3.Connection object at 0x7f12e1ede110>, 'SELECT topic_id FROM users WHERE chat_id = ? AND user_name = ?', (5434361630, 'yadgenn')) completed
2025-01-06 15:08:18,737 executing functools.partial(<built-in method fetchone of sqlite3.Cursor object at 0x7f12e1f3c840>)
2025-01-06 15:08:18,737 operation functools.partial(<built-in method fetchone of sqlite3.Cursor object at 0x7f12e1f3c840>) completed
2025-01-06 15:08:18,737 executing functools.partial(<built-in method close of sqlite3.Cursor object at 0x7f12e1f3c840>)
2025-01-06 15:08:18,737 operation functools.partial(<built-in method close of sqlite3.Cursor object at 0x7f12e1f3c840>) completed
2025-01-06 15:08:23,509 Looking for jobs to run
2025-01-06 15:08:23,511 Next wakeup is due at 2025-01-06 15:08:28.504844+05:00 (in 4.993415 seconds)
2025-01-06 15:08:23,511 Running job "checker (trigger: interval[0:00:05], next run at: 2025-01-06 15:08:28 +05)" (scheduled at 2025-01-06 15:08:23.504844+05:00)
2025-01-06 15:08:23,512 Job "checker (trigger: interval[0:00:05], next run at: 2025-01-06 15:08:28 +05)" executed successfully
2025-01-06 15:08:28,508 Looking for jobs to run
2025-01-06 15:08:28,509 Next wakeup is due at 2025-01-06 15:08:33.504844+05:00 (in 4.994920 seconds)
2025-01-06 15:08:28,510 Running job "checker (trigger: interval[0:00:05], next run at: 2025-01-06 15:08:33 +05)" (scheduled at 2025-01-06 15:08:28.504844+05:00)
2025-01-06 15:08:28,511 Job "checker (trigger: interval[0:00:05], next run at: 2025-01-06 15:08:33 +05)" executed successfully
2025-01-06 15:08:28,961 Infinity polling: polling exited
2025-01-06 15:08:28,961 Break infinity polling
