2024-12-31 23:45:25,688 Adding job tentatively -- it will be properly scheduled when the scheduler starts
2024-12-31 23:45:25,689 Added job "checker" to job store "default"
2024-12-31 23:45:25,689 Scheduler started
2024-12-31 23:45:25,694 Looking for jobs to run
2024-12-31 23:45:25,694 Next wakeup is due at 2024-12-31 23:45:30.688328+05:00 (in 4.993550 seconds)
2024-12-31 23:45:28,296 executing <function connect.<locals>.connector at 0x7fa07ee96020>
2024-12-31 23:45:28,305 operation <function connect.<locals>.connector at 0x7fa07ee96020> completed
2024-12-31 23:45:28,305 executing functools.partial(<built-in method execute of sqlite3.Connection object at 0x7fa07ee4de40>, 'SELECT topic_id FROM users WHERE chat_id = ?', (5434361630,))
2024-12-31 23:45:28,307 operation functools.partial(<built-in method execute of sqlite3.Connection object at 0x7fa07ee4de40>, 'SELECT topic_id FROM users WHERE chat_id = ?', (5434361630,)) completed
2024-12-31 23:45:28,308 executing functools.partial(<built-in method fetchone of sqlite3.Cursor object at 0x7fa07ee5ff40>)
2024-12-31 23:45:28,308 operation functools.partial(<built-in method fetchone of sqlite3.Cursor object at 0x7fa07ee5ff40>) completed
2024-12-31 23:45:28,308 executing functools.partial(<built-in method close of sqlite3.Cursor object at 0x7fa07ee5ff40>)
2024-12-31 23:45:28,308 operation functools.partial(<built-in method close of sqlite3.Cursor object at 0x7fa07ee5ff40>) completed
2024-12-31 23:45:28,308 executing <function connect.<locals>.connector at 0x7fa07ee974c0>
2024-12-31 23:45:28,308 operation <function connect.<locals>.connector at 0x7fa07ee974c0> completed
2024-12-31 23:45:28,309 executing functools.partial(<built-in method execute of sqlite3.Connection object at 0x7fa07ee4e200>, 'PRAGMA foreign_keys = ON', [])
2024-12-31 23:45:28,309 operation functools.partial(<built-in method execute of sqlite3.Connection object at 0x7fa07ee4e200>, 'PRAGMA foreign_keys = ON', []) completed
2024-12-31 23:45:28,309 executing functools.partial(<built-in method execute of sqlite3.Connection object at 0x7fa07ee4e200>, '\n            CREATE TABLE IF NOT EXISTS users (\n                chat_id INTEGER,\n                topic_id INTEGER,\n                user_name TEXT,\n                PRIMARY KEY (chat_id, topic_id)\n            )\n        ', [])
2024-12-31 23:45:28,309 operation functools.partial(<built-in method execute of sqlite3.Connection object at 0x7fa07ee4e200>, '\n            CREATE TABLE IF NOT EXISTS users (\n                chat_id INTEGER,\n                topic_id INTEGER,\n                user_name TEXT,\n                PRIMARY KEY (chat_id, topic_id)\n            )\n        ', []) completed
2024-12-31 23:45:28,309 executing functools.partial(<built-in method execute of sqlite3.Connection object at 0x7fa07ee4e200>, '\n            CREATE TABLE IF NOT EXISTS group_messages (\n                topic_id INTEGER,\n                message_id INTEGER,\n                local_id INTEGER,\n                PRIMARY KEY (topic_id, local_id)\n            )\n        ', [])
2024-12-31 23:45:28,309 operation functools.partial(<built-in method execute of sqlite3.Connection object at 0x7fa07ee4e200>, '\n            CREATE TABLE IF NOT EXISTS group_messages (\n                topic_id INTEGER,\n                message_id INTEGER,\n                local_id INTEGER,\n                PRIMARY KEY (topic_id, local_id)\n            )\n        ', []) completed
2024-12-31 23:45:28,309 executing functools.partial(<built-in method execute of sqlite3.Connection object at 0x7fa07ee4e200>, '\n            CREATE TABLE IF NOT EXISTS private_messages (\n                chat_id INTEGER,\n                message_id INTEGER,\n                local_id INTEGER,\n                PRIMARY KEY (chat_id, local_id)\n            )\n        ', [])
2024-12-31 23:45:28,310 operation functools.partial(<built-in method execute of sqlite3.Connection object at 0x7fa07ee4e200>, '\n            CREATE TABLE IF NOT EXISTS private_messages (\n                chat_id INTEGER,\n                message_id INTEGER,\n                local_id INTEGER,\n                PRIMARY KEY (chat_id, local_id)\n            )\n        ', []) completed
2024-12-31 23:45:28,310 executing functools.partial(<built-in method commit of sqlite3.Connection object at 0x7fa07ee4e200>)
2024-12-31 23:45:28,310 operation functools.partial(<built-in method commit of sqlite3.Connection object at 0x7fa07ee4e200>) completed
2024-12-31 23:45:28,310 executing functools.partial(<built-in method execute of sqlite3.Connection object at 0x7fa07ee4e200>, 'SELECT topic_id FROM users WHERE chat_id = ? AND user_name = ?', (5434361630, 'yadgenn'))
2024-12-31 23:45:28,311 operation functools.partial(<built-in method execute of sqlite3.Connection object at 0x7fa07ee4e200>, 'SELECT topic_id FROM users WHERE chat_id = ? AND user_name = ?', (5434361630, 'yadgenn')) completed
2024-12-31 23:45:28,311 executing functools.partial(<built-in method fetchone of sqlite3.Cursor object at 0x7fa07eeac7c0>)
2024-12-31 23:45:28,311 operation functools.partial(<built-in method fetchone of sqlite3.Cursor object at 0x7fa07eeac7c0>) completed
2024-12-31 23:45:28,311 executing functools.partial(<built-in method close of sqlite3.Cursor object at 0x7fa07eeac7c0>)
2024-12-31 23:45:28,311 operation functools.partial(<built-in method close of sqlite3.Cursor object at 0x7fa07eeac7c0>) completed
2024-12-31 23:45:30,689 Looking for jobs to run
2024-12-31 23:45:30,690 Next wakeup is due at 2024-12-31 23:45:35.688328+05:00 (in 4.998324 seconds)
2024-12-31 23:45:30,690 Running job "checker (trigger: interval[0:00:05], next run at: 2024-12-31 23:45:35 +05)" (scheduled at 2024-12-31 23:45:30.688328+05:00)
2024-12-31 23:45:30,690 Job "checker (trigger: interval[0:00:05], next run at: 2024-12-31 23:45:35 +05)" executed successfully
2024-12-31 23:45:35,693 Looking for jobs to run
2024-12-31 23:45:35,693 Next wakeup is due at 2024-12-31 23:45:40.688328+05:00 (in 4.994437 seconds)
2024-12-31 23:45:35,694 Running job "checker (trigger: interval[0:00:05], next run at: 2024-12-31 23:45:40 +05)" (scheduled at 2024-12-31 23:45:35.688328+05:00)
2024-12-31 23:45:35,694 Job "checker (trigger: interval[0:00:05], next run at: 2024-12-31 23:45:40 +05)" executed successfully
2024-12-31 23:45:40,692 Looking for jobs to run
2024-12-31 23:45:40,693 Next wakeup is due at 2024-12-31 23:45:45.688328+05:00 (in 4.995235 seconds)
2024-12-31 23:45:40,693 Running job "checker (trigger: interval[0:00:05], next run at: 2024-12-31 23:45:45 +05)" (scheduled at 2024-12-31 23:45:40.688328+05:00)
2024-12-31 23:45:40,693 Job "checker (trigger: interval[0:00:05], next run at: 2024-12-31 23:45:45 +05)" executed successfully
2024-12-31 23:45:44,989 Infinity polling: polling exited
2024-12-31 23:45:44,990 Break infinity polling
