2025-01-01 00:49:49,145 Adding job tentatively -- it will be properly scheduled when the scheduler starts
2025-01-01 00:49:49,146 Added job "checker" to job store "default"
2025-01-01 00:49:49,146 Scheduler started
2025-01-01 00:49:49,154 Looking for jobs to run
2025-01-01 00:49:49,154 Next wakeup is due at 2025-01-01 00:49:54.145122+05:00 (in 4.990933 seconds)
2025-01-01 00:49:52,058 executing <function connect.<locals>.connector at 0x7f498ba42020>
2025-01-01 00:49:52,067 operation <function connect.<locals>.connector at 0x7f498ba42020> completed
2025-01-01 00:49:52,067 executing functools.partial(<built-in method execute of sqlite3.Connection object at 0x7f498bc51f30>, 'SELECT topic_id FROM users WHERE chat_id = ?', (5434361630,))
2025-01-01 00:49:52,069 operation functools.partial(<built-in method execute of sqlite3.Connection object at 0x7f498bc51f30>, 'SELECT topic_id FROM users WHERE chat_id = ?', (5434361630,)) completed
2025-01-01 00:49:52,070 executing functools.partial(<built-in method fetchone of sqlite3.Cursor object at 0x7f498ba07ec0>)
2025-01-01 00:49:52,070 operation functools.partial(<built-in method fetchone of sqlite3.Cursor object at 0x7f498ba07ec0>) completed
2025-01-01 00:49:52,070 executing functools.partial(<built-in method close of sqlite3.Cursor object at 0x7f498ba07ec0>)
2025-01-01 00:49:52,070 operation functools.partial(<built-in method close of sqlite3.Cursor object at 0x7f498ba07ec0>) completed
2025-01-01 00:49:52,070 executing <function connect.<locals>.connector at 0x7f498ba434c0>
2025-01-01 00:49:52,070 operation <function connect.<locals>.connector at 0x7f498ba434c0> completed
2025-01-01 00:49:52,071 executing functools.partial(<built-in method execute of sqlite3.Connection object at 0x7f498bc522f0>, 'PRAGMA foreign_keys = ON', [])
2025-01-01 00:49:52,071 operation functools.partial(<built-in method execute of sqlite3.Connection object at 0x7f498bc522f0>, 'PRAGMA foreign_keys = ON', []) completed
2025-01-01 00:49:52,071 executing functools.partial(<built-in method execute of sqlite3.Connection object at 0x7f498bc522f0>, '\n            CREATE TABLE IF NOT EXISTS users (\n                chat_id INTEGER,\n                topic_id INTEGER,\n                user_name TEXT,\n                PRIMARY KEY (chat_id, topic_id)\n            )\n        ', [])
2025-01-01 00:49:52,071 operation functools.partial(<built-in method execute of sqlite3.Connection object at 0x7f498bc522f0>, '\n            CREATE TABLE IF NOT EXISTS users (\n                chat_id INTEGER,\n                topic_id INTEGER,\n                user_name TEXT,\n                PRIMARY KEY (chat_id, topic_id)\n            )\n        ', []) completed
2025-01-01 00:49:52,072 executing functools.partial(<built-in method execute of sqlite3.Connection object at 0x7f498bc522f0>, '\n            CREATE TABLE IF NOT EXISTS group_messages (\n                topic_id INTEGER,\n                message_id INTEGER,\n                local_id INTEGER,\n                PRIMARY KEY (topic_id, local_id)\n            )\n        ', [])
2025-01-01 00:49:52,072 operation functools.partial(<built-in method execute of sqlite3.Connection object at 0x7f498bc522f0>, '\n            CREATE TABLE IF NOT EXISTS group_messages (\n                topic_id INTEGER,\n                message_id INTEGER,\n                local_id INTEGER,\n                PRIMARY KEY (topic_id, local_id)\n            )\n        ', []) completed
2025-01-01 00:49:52,072 executing functools.partial(<built-in method execute of sqlite3.Connection object at 0x7f498bc522f0>, '\n            CREATE TABLE IF NOT EXISTS private_messages (\n                chat_id INTEGER,\n                message_id INTEGER,\n                local_id INTEGER,\n                PRIMARY KEY (chat_id, local_id)\n            )\n        ', [])
2025-01-01 00:49:52,072 operation functools.partial(<built-in method execute of sqlite3.Connection object at 0x7f498bc522f0>, '\n            CREATE TABLE IF NOT EXISTS private_messages (\n                chat_id INTEGER,\n                message_id INTEGER,\n                local_id INTEGER,\n                PRIMARY KEY (chat_id, local_id)\n            )\n        ', []) completed
2025-01-01 00:49:52,072 executing functools.partial(<built-in method commit of sqlite3.Connection object at 0x7f498bc522f0>)
2025-01-01 00:49:52,072 operation functools.partial(<built-in method commit of sqlite3.Connection object at 0x7f498bc522f0>) completed
2025-01-01 00:49:52,072 executing functools.partial(<built-in method execute of sqlite3.Connection object at 0x7f498bc522f0>, 'SELECT topic_id FROM users WHERE chat_id = ? AND user_name = ?', (5434361630, 'yadgenn'))
2025-01-01 00:49:52,073 operation functools.partial(<built-in method execute of sqlite3.Connection object at 0x7f498bc522f0>, 'SELECT topic_id FROM users WHERE chat_id = ? AND user_name = ?', (5434361630, 'yadgenn')) completed
2025-01-01 00:49:52,073 executing functools.partial(<built-in method fetchone of sqlite3.Cursor object at 0x7f498ba54740>)
2025-01-01 00:49:52,073 operation functools.partial(<built-in method fetchone of sqlite3.Cursor object at 0x7f498ba54740>) completed
2025-01-01 00:49:52,073 executing functools.partial(<built-in method close of sqlite3.Cursor object at 0x7f498ba54740>)
2025-01-01 00:49:52,073 operation functools.partial(<built-in method close of sqlite3.Cursor object at 0x7f498ba54740>) completed
2025-01-01 00:49:53,756 executing functools.partial(<built-in method execute of sqlite3.Connection object at 0x7f498bc522f0>, 'SELECT topic_id FROM users WHERE chat_id = ?', (5434361630,))
2025-01-01 00:49:53,756 operation functools.partial(<built-in method execute of sqlite3.Connection object at 0x7f498bc522f0>, 'SELECT topic_id FROM users WHERE chat_id = ?', (5434361630,)) completed
2025-01-01 00:49:53,756 executing functools.partial(<built-in method fetchone of sqlite3.Cursor object at 0x7f498ba54740>)
2025-01-01 00:49:53,756 operation functools.partial(<built-in method fetchone of sqlite3.Cursor object at 0x7f498ba54740>) completed
2025-01-01 00:49:53,756 executing functools.partial(<built-in method close of sqlite3.Cursor object at 0x7f498ba54740>)
2025-01-01 00:49:53,756 operation functools.partial(<built-in method close of sqlite3.Cursor object at 0x7f498ba54740>) completed
2025-01-01 00:49:53,756 executing functools.partial(<built-in method execute of sqlite3.Connection object at 0x7f498bc522f0>, 'SELECT MAX(local_id) FROM group_messages WHERE topic_id = ?', (186,))
2025-01-01 00:49:53,757 operation functools.partial(<built-in method execute of sqlite3.Connection object at 0x7f498bc522f0>, 'SELECT MAX(local_id) FROM group_messages WHERE topic_id = ?', (186,)) completed
2025-01-01 00:49:53,757 executing functools.partial(<built-in method fetchone of sqlite3.Cursor object at 0x7f498ba54740>)
2025-01-01 00:49:53,757 operation functools.partial(<built-in method fetchone of sqlite3.Cursor object at 0x7f498ba54740>) completed
2025-01-01 00:49:53,757 executing functools.partial(<built-in method close of sqlite3.Cursor object at 0x7f498ba54740>)
2025-01-01 00:49:53,757 operation functools.partial(<built-in method close of sqlite3.Cursor object at 0x7f498ba54740>) completed
2025-01-01 00:49:53,758 executing functools.partial(<built-in method execute of sqlite3.Connection object at 0x7f498bc522f0>, '\n                    INSERT INTO group_messages (topic_id, message_id, local_id)\n                    VALUES (?, ?, ?)\n                ', (186, 1218, 241))
2025-01-01 00:49:53,758 operation functools.partial(<built-in method execute of sqlite3.Connection object at 0x7f498bc522f0>, '\n                    INSERT INTO group_messages (topic_id, message_id, local_id)\n                    VALUES (?, ?, ?)\n                ', (186, 1218, 241)) completed
2025-01-01 00:49:53,758 executing functools.partial(<built-in method execute of sqlite3.Connection object at 0x7f498bc522f0>, 'SELECT MAX(local_id) FROM private_messages WHERE chat_id = ?', (5434361630,))
2025-01-01 00:49:53,758 operation functools.partial(<built-in method execute of sqlite3.Connection object at 0x7f498bc522f0>, 'SELECT MAX(local_id) FROM private_messages WHERE chat_id = ?', (5434361630,)) completed
2025-01-01 00:49:53,759 executing functools.partial(<built-in method fetchone of sqlite3.Cursor object at 0x7f498ba55940>)
2025-01-01 00:49:53,759 operation functools.partial(<built-in method fetchone of sqlite3.Cursor object at 0x7f498ba55940>) completed
2025-01-01 00:49:53,759 executing functools.partial(<built-in method close of sqlite3.Cursor object at 0x7f498ba55940>)
2025-01-01 00:49:53,759 operation functools.partial(<built-in method close of sqlite3.Cursor object at 0x7f498ba55940>) completed
2025-01-01 00:49:53,759 executing functools.partial(<built-in method execute of sqlite3.Connection object at 0x7f498bc522f0>, '\n                    INSERT INTO private_messages (chat_id, message_id, local_id)\n                    VALUES (?, ?, ?)\n                ', (5434361630, 23023, 241))
2025-01-01 00:49:53,759 operation functools.partial(<built-in method execute of sqlite3.Connection object at 0x7f498bc522f0>, '\n                    INSERT INTO private_messages (chat_id, message_id, local_id)\n                    VALUES (?, ?, ?)\n                ', (5434361630, 23023, 241)) completed
2025-01-01 00:49:53,759 executing functools.partial(<built-in method commit of sqlite3.Connection object at 0x7f498bc522f0>)
2025-01-01 00:49:53,770 operation functools.partial(<built-in method commit of sqlite3.Connection object at 0x7f498bc522f0>) completed
2025-01-01 00:49:54,146 Looking for jobs to run
2025-01-01 00:49:54,146 Next wakeup is due at 2025-01-01 00:49:59.145122+05:00 (in 4.998506 seconds)
2025-01-01 00:49:54,146 Running job "checker (trigger: interval[0:00:05], next run at: 2025-01-01 00:49:59 +05)" (scheduled at 2025-01-01 00:49:54.145122+05:00)
2025-01-01 00:49:54,146 Job "checker (trigger: interval[0:00:05], next run at: 2025-01-01 00:49:59 +05)" executed successfully
2025-01-01 00:49:59,148 Looking for jobs to run
2025-01-01 00:49:59,148 Next wakeup is due at 2025-01-01 00:50:04.145122+05:00 (in 4.996351 seconds)
2025-01-01 00:49:59,148 Running job "checker (trigger: interval[0:00:05], next run at: 2025-01-01 00:50:04 +05)" (scheduled at 2025-01-01 00:49:59.145122+05:00)
2025-01-01 00:49:59,149 Job "checker (trigger: interval[0:00:05], next run at: 2025-01-01 00:50:04 +05)" executed successfully
2025-01-01 00:49:59,654 executing <function connect.<locals>.connector at 0x7f498ba43600>
2025-01-01 00:49:59,654 operation <function connect.<locals>.connector at 0x7f498ba43600> completed
2025-01-01 00:49:59,654 executing functools.partial(<built-in method execute of sqlite3.Connection object at 0x7f498bc532e0>, 'SELECT topic_id FROM users WHERE chat_id = ?', (5434361630,))
2025-01-01 00:49:59,655 operation functools.partial(<built-in method execute of sqlite3.Connection object at 0x7f498bc532e0>, 'SELECT topic_id FROM users WHERE chat_id = ?', (5434361630,)) completed
2025-01-01 00:49:59,655 executing functools.partial(<built-in method fetchone of sqlite3.Cursor object at 0x7f498ba54dc0>)
2025-01-01 00:49:59,655 operation functools.partial(<built-in method fetchone of sqlite3.Cursor object at 0x7f498ba54dc0>) completed
2025-01-01 00:49:59,655 executing functools.partial(<built-in method close of sqlite3.Cursor object at 0x7f498ba54dc0>)
2025-01-01 00:49:59,655 operation functools.partial(<built-in method close of sqlite3.Cursor object at 0x7f498ba54dc0>) completed
2025-01-01 00:49:59,655 executing functools.partial(<built-in method execute of sqlite3.Connection object at 0x7f498bc522f0>, 'SELECT topic_id FROM users WHERE chat_id = ? AND user_name = ?', (5434361630, 'yadgenn'))
2025-01-01 00:49:59,656 operation functools.partial(<built-in method execute of sqlite3.Connection object at 0x7f498bc522f0>, 'SELECT topic_id FROM users WHERE chat_id = ? AND user_name = ?', (5434361630, 'yadgenn')) completed
2025-01-01 00:49:59,656 executing functools.partial(<built-in method fetchone of sqlite3.Cursor object at 0x7f498ba55d40>)
2025-01-01 00:49:59,656 operation functools.partial(<built-in method fetchone of sqlite3.Cursor object at 0x7f498ba55d40>) completed
2025-01-01 00:49:59,656 executing functools.partial(<built-in method close of sqlite3.Cursor object at 0x7f498ba55d40>)
2025-01-01 00:49:59,656 operation functools.partial(<built-in method close of sqlite3.Cursor object at 0x7f498ba55d40>) completed
2025-01-01 00:50:00,359 executing functools.partial(<built-in method execute of sqlite3.Connection object at 0x7f498bc522f0>, 'SELECT topic_id FROM users WHERE chat_id = ?', (5434361630,))
2025-01-01 00:50:00,359 operation functools.partial(<built-in method execute of sqlite3.Connection object at 0x7f498bc522f0>, 'SELECT topic_id FROM users WHERE chat_id = ?', (5434361630,)) completed
2025-01-01 00:50:00,359 executing functools.partial(<built-in method fetchone of sqlite3.Cursor object at 0x7f498ba55d40>)
2025-01-01 00:50:00,359 operation functools.partial(<built-in method fetchone of sqlite3.Cursor object at 0x7f498ba55d40>) completed
2025-01-01 00:50:00,360 executing functools.partial(<built-in method close of sqlite3.Cursor object at 0x7f498ba55d40>)
2025-01-01 00:50:00,360 operation functools.partial(<built-in method close of sqlite3.Cursor object at 0x7f498ba55d40>) completed
2025-01-01 00:50:00,360 executing functools.partial(<built-in method execute of sqlite3.Connection object at 0x7f498bc522f0>, 'SELECT MAX(local_id) FROM group_messages WHERE topic_id = ?', (186,))
2025-01-01 00:50:00,360 operation functools.partial(<built-in method execute of sqlite3.Connection object at 0x7f498bc522f0>, 'SELECT MAX(local_id) FROM group_messages WHERE topic_id = ?', (186,)) completed
2025-01-01 00:50:00,360 executing functools.partial(<built-in method fetchone of sqlite3.Cursor object at 0x7f498ba55d40>)
2025-01-01 00:50:00,360 operation functools.partial(<built-in method fetchone of sqlite3.Cursor object at 0x7f498ba55d40>) completed
2025-01-01 00:50:00,360 executing functools.partial(<built-in method close of sqlite3.Cursor object at 0x7f498ba55d40>)
2025-01-01 00:50:00,360 operation functools.partial(<built-in method close of sqlite3.Cursor object at 0x7f498ba55d40>) completed
2025-01-01 00:50:00,360 executing functools.partial(<built-in method execute of sqlite3.Connection object at 0x7f498bc522f0>, '\n                    INSERT INTO group_messages (topic_id, message_id, local_id)\n                    VALUES (?, ?, ?)\n                ', (186, 1219, 242))
2025-01-01 00:50:00,360 operation functools.partial(<built-in method execute of sqlite3.Connection object at 0x7f498bc522f0>, '\n                    INSERT INTO group_messages (topic_id, message_id, local_id)\n                    VALUES (?, ?, ?)\n                ', (186, 1219, 242)) completed
2025-01-01 00:50:00,361 executing functools.partial(<built-in method execute of sqlite3.Connection object at 0x7f498bc522f0>, 'SELECT MAX(local_id) FROM private_messages WHERE chat_id = ?', (5434361630,))
2025-01-01 00:50:00,361 operation functools.partial(<built-in method execute of sqlite3.Connection object at 0x7f498bc522f0>, 'SELECT MAX(local_id) FROM private_messages WHERE chat_id = ?', (5434361630,)) completed
2025-01-01 00:50:00,361 executing functools.partial(<built-in method fetchone of sqlite3.Cursor object at 0x7f498ba56740>)
2025-01-01 00:50:00,361 operation functools.partial(<built-in method fetchone of sqlite3.Cursor object at 0x7f498ba56740>) completed
2025-01-01 00:50:00,361 executing functools.partial(<built-in method close of sqlite3.Cursor object at 0x7f498ba56740>)
2025-01-01 00:50:00,361 operation functools.partial(<built-in method close of sqlite3.Cursor object at 0x7f498ba56740>) completed
2025-01-01 00:50:00,361 executing functools.partial(<built-in method execute of sqlite3.Connection object at 0x7f498bc522f0>, '\n                    INSERT INTO private_messages (chat_id, message_id, local_id)\n                    VALUES (?, ?, ?)\n                ', (5434361630, 23024, 242))
2025-01-01 00:50:00,361 operation functools.partial(<built-in method execute of sqlite3.Connection object at 0x7f498bc522f0>, '\n                    INSERT INTO private_messages (chat_id, message_id, local_id)\n                    VALUES (?, ?, ?)\n                ', (5434361630, 23024, 242)) completed
2025-01-01 00:50:00,361 executing functools.partial(<built-in method commit of sqlite3.Connection object at 0x7f498bc522f0>)
2025-01-01 00:50:00,371 operation functools.partial(<built-in method commit of sqlite3.Connection object at 0x7f498bc522f0>) completed
2025-01-01 00:50:04,147 Looking for jobs to run
2025-01-01 00:50:04,147 Next wakeup is due at 2025-01-01 00:50:09.145122+05:00 (in 4.997143 seconds)
2025-01-01 00:50:04,148 Running job "checker (trigger: interval[0:00:05], next run at: 2025-01-01 00:50:09 +05)" (scheduled at 2025-01-01 00:50:04.145122+05:00)
2025-01-01 00:50:04,148 Job "checker (trigger: interval[0:00:05], next run at: 2025-01-01 00:50:09 +05)" executed successfully
2025-01-01 00:50:09,147 Looking for jobs to run
2025-01-01 00:50:09,147 Next wakeup is due at 2025-01-01 00:50:14.145122+05:00 (in 4.997156 seconds)
2025-01-01 00:50:09,148 Running job "checker (trigger: interval[0:00:05], next run at: 2025-01-01 00:50:14 +05)" (scheduled at 2025-01-01 00:50:09.145122+05:00)
2025-01-01 00:50:09,148 Job "checker (trigger: interval[0:00:05], next run at: 2025-01-01 00:50:14 +05)" executed successfully
2025-01-01 00:50:09,436 Infinity polling: polling exited
2025-01-01 00:50:09,436 Break infinity polling
