2025-01-10 20:41:07,259 Adding job tentatively -- it will be properly scheduled when the scheduler starts
2025-01-10 20:41:07,260 Added job "checker" to job store "default"
2025-01-10 20:41:07,261 Scheduler started
2025-01-10 20:41:07,265 Looking for jobs to run
2025-01-10 20:41:07,265 Next wakeup is due at 2025-01-10 20:41:12.258969+05:00 (in 4.993472 seconds)
2025-01-10 20:41:10,011 executing <function connect.<locals>.connector at 0x7f23105bdbc0>
2025-01-10 20:41:10,015 operation <function connect.<locals>.connector at 0x7f23105bdbc0> completed
2025-01-10 20:41:10,015 executing functools.partial(<built-in method execute of sqlite3.Connection object at 0x7f2310799f30>, 'PRAGMA foreign_keys = ON', [])
2025-01-10 20:41:10,018 operation functools.partial(<built-in method execute of sqlite3.Connection object at 0x7f2310799f30>, 'PRAGMA foreign_keys = ON', []) completed
2025-01-10 20:41:10,018 executing functools.partial(<built-in method execute of sqlite3.Connection object at 0x7f2310799f30>, '\n                    CREATE TABLE IF NOT EXISTS users (\n                        chat_id INTEGER,\n                        topic_id INTEGER,\n                        user_name TEXT,\n                        PRIMARY KEY (chat_id, topic_id)\n                    )\n                ', [])
2025-01-10 20:41:10,019 operation functools.partial(<built-in method execute of sqlite3.Connection object at 0x7f2310799f30>, '\n                    CREATE TABLE IF NOT EXISTS users (\n                        chat_id INTEGER,\n                        topic_id INTEGER,\n                        user_name TEXT,\n                        PRIMARY KEY (chat_id, topic_id)\n                    )\n                ', []) completed
2025-01-10 20:41:10,019 executing functools.partial(<built-in method execute of sqlite3.Connection object at 0x7f2310799f30>, '\n                    CREATE TABLE IF NOT EXISTS group_messages (\n                        topic_id INTEGER,\n                        message_id INTEGER,\n                        local_id INTEGER,\n                        PRIMARY KEY (topic_id, local_id)\n                    )\n                ', [])
2025-01-10 20:41:10,019 operation functools.partial(<built-in method execute of sqlite3.Connection object at 0x7f2310799f30>, '\n                    CREATE TABLE IF NOT EXISTS group_messages (\n                        topic_id INTEGER,\n                        message_id INTEGER,\n                        local_id INTEGER,\n                        PRIMARY KEY (topic_id, local_id)\n                    )\n                ', []) completed
2025-01-10 20:41:10,020 executing functools.partial(<built-in method execute of sqlite3.Connection object at 0x7f2310799f30>, '\n                    CREATE TABLE IF NOT EXISTS private_messages (\n                        chat_id INTEGER,\n                        message_id INTEGER,\n                        local_id INTEGER,\n                        PRIMARY KEY (chat_id, local_id)\n                    )\n                ', [])
2025-01-10 20:41:10,020 operation functools.partial(<built-in method execute of sqlite3.Connection object at 0x7f2310799f30>, '\n                    CREATE TABLE IF NOT EXISTS private_messages (\n                        chat_id INTEGER,\n                        message_id INTEGER,\n                        local_id INTEGER,\n                        PRIMARY KEY (chat_id, local_id)\n                    )\n                ', []) completed
2025-01-10 20:41:10,020 executing functools.partial(<built-in method commit of sqlite3.Connection object at 0x7f2310799f30>)
2025-01-10 20:41:10,020 operation functools.partial(<built-in method commit of sqlite3.Connection object at 0x7f2310799f30>) completed
2025-01-10 20:41:10,020 executing functools.partial(<built-in method execute of sqlite3.Connection object at 0x7f2310799f30>, 'SELECT topic_id FROM users WHERE chat_id = ?', (5434361630,))
2025-01-10 20:41:10,020 operation functools.partial(<built-in method execute of sqlite3.Connection object at 0x7f2310799f30>, 'SELECT topic_id FROM users WHERE chat_id = ?', (5434361630,)) completed
2025-01-10 20:41:10,020 executing functools.partial(<built-in method fetchone of sqlite3.Cursor object at 0x7f231055cac0>)
2025-01-10 20:41:10,020 operation functools.partial(<built-in method fetchone of sqlite3.Cursor object at 0x7f231055cac0>) completed
2025-01-10 20:41:10,020 executing functools.partial(<built-in method close of sqlite3.Cursor object at 0x7f231055cac0>)
2025-01-10 20:41:10,020 operation functools.partial(<built-in method close of sqlite3.Cursor object at 0x7f231055cac0>) completed
2025-01-10 20:41:10,021 executing <function connect.<locals>.connector at 0x7f23105bde40>
2025-01-10 20:41:10,021 operation <function connect.<locals>.connector at 0x7f23105bde40> completed
2025-01-10 20:41:10,021 executing functools.partial(<built-in method execute of sqlite3.Connection object at 0x7f23107995d0>, 'PRAGMA foreign_keys = ON', [])
2025-01-10 20:41:10,021 operation functools.partial(<built-in method execute of sqlite3.Connection object at 0x7f23107995d0>, 'PRAGMA foreign_keys = ON', []) completed
2025-01-10 20:41:10,021 executing functools.partial(<built-in method execute of sqlite3.Connection object at 0x7f23107995d0>, '\n            CREATE TABLE IF NOT EXISTS users (\n                chat_id INTEGER,\n                topic_id INTEGER,\n                user_name TEXT,\n                PRIMARY KEY (chat_id, topic_id)\n            )\n        ', [])
2025-01-10 20:41:10,022 operation functools.partial(<built-in method execute of sqlite3.Connection object at 0x7f23107995d0>, '\n            CREATE TABLE IF NOT EXISTS users (\n                chat_id INTEGER,\n                topic_id INTEGER,\n                user_name TEXT,\n                PRIMARY KEY (chat_id, topic_id)\n            )\n        ', []) completed
2025-01-10 20:41:10,022 executing functools.partial(<built-in method execute of sqlite3.Connection object at 0x7f23107995d0>, '\n            CREATE TABLE IF NOT EXISTS group_messages (\n                topic_id INTEGER,\n                message_id INTEGER,\n                local_id INTEGER,\n                PRIMARY KEY (topic_id, local_id)\n            )\n        ', [])
2025-01-10 20:41:10,022 operation functools.partial(<built-in method execute of sqlite3.Connection object at 0x7f23107995d0>, '\n            CREATE TABLE IF NOT EXISTS group_messages (\n                topic_id INTEGER,\n                message_id INTEGER,\n                local_id INTEGER,\n                PRIMARY KEY (topic_id, local_id)\n            )\n        ', []) completed
2025-01-10 20:41:10,022 executing functools.partial(<built-in method execute of sqlite3.Connection object at 0x7f23107995d0>, '\n            CREATE TABLE IF NOT EXISTS private_messages (\n                chat_id INTEGER,\n                message_id INTEGER,\n                local_id INTEGER,\n                PRIMARY KEY (chat_id, local_id)\n            )\n        ', [])
2025-01-10 20:41:10,022 operation functools.partial(<built-in method execute of sqlite3.Connection object at 0x7f23107995d0>, '\n            CREATE TABLE IF NOT EXISTS private_messages (\n                chat_id INTEGER,\n                message_id INTEGER,\n                local_id INTEGER,\n                PRIMARY KEY (chat_id, local_id)\n            )\n        ', []) completed
2025-01-10 20:41:10,022 executing functools.partial(<built-in method commit of sqlite3.Connection object at 0x7f23107995d0>)
2025-01-10 20:41:10,022 operation functools.partial(<built-in method commit of sqlite3.Connection object at 0x7f23107995d0>) completed
2025-01-10 20:41:10,022 executing functools.partial(<built-in method execute of sqlite3.Connection object at 0x7f23107995d0>, 'SELECT topic_id FROM users WHERE chat_id = ? AND user_name = ?', (5434361630, 'yadgenn'))
2025-01-10 20:41:10,023 operation functools.partial(<built-in method execute of sqlite3.Connection object at 0x7f23107995d0>, 'SELECT topic_id FROM users WHERE chat_id = ? AND user_name = ?', (5434361630, 'yadgenn')) completed
2025-01-10 20:41:10,023 executing functools.partial(<built-in method fetchone of sqlite3.Cursor object at 0x7f231055d0c0>)
2025-01-10 20:41:10,023 operation functools.partial(<built-in method fetchone of sqlite3.Cursor object at 0x7f231055d0c0>) completed
2025-01-10 20:41:10,023 executing functools.partial(<built-in method close of sqlite3.Cursor object at 0x7f231055d0c0>)
2025-01-10 20:41:10,023 operation functools.partial(<built-in method close of sqlite3.Cursor object at 0x7f231055d0c0>) completed
2025-01-10 20:41:10,523 executing functools.partial(<built-in method execute of sqlite3.Connection object at 0x7f23107995d0>, 'SELECT topic_id FROM users WHERE chat_id = ?', (5434361630,))
2025-01-10 20:41:10,523 operation functools.partial(<built-in method execute of sqlite3.Connection object at 0x7f23107995d0>, 'SELECT topic_id FROM users WHERE chat_id = ?', (5434361630,)) completed
2025-01-10 20:41:10,524 executing functools.partial(<built-in method fetchone of sqlite3.Cursor object at 0x7f231055d0c0>)
2025-01-10 20:41:10,524 operation functools.partial(<built-in method fetchone of sqlite3.Cursor object at 0x7f231055d0c0>) completed
2025-01-10 20:41:10,524 executing functools.partial(<built-in method close of sqlite3.Cursor object at 0x7f231055d0c0>)
2025-01-10 20:41:10,524 operation functools.partial(<built-in method close of sqlite3.Cursor object at 0x7f231055d0c0>) completed
2025-01-10 20:41:10,524 executing functools.partial(<built-in method execute of sqlite3.Connection object at 0x7f23107995d0>, 'SELECT MAX(local_id) FROM group_messages WHERE topic_id = ?', (1488,))
2025-01-10 20:41:10,524 operation functools.partial(<built-in method execute of sqlite3.Connection object at 0x7f23107995d0>, 'SELECT MAX(local_id) FROM group_messages WHERE topic_id = ?', (1488,)) completed
2025-01-10 20:41:10,524 executing functools.partial(<built-in method fetchone of sqlite3.Cursor object at 0x7f231055d0c0>)
2025-01-10 20:41:10,524 operation functools.partial(<built-in method fetchone of sqlite3.Cursor object at 0x7f231055d0c0>) completed
2025-01-10 20:41:10,524 executing functools.partial(<built-in method close of sqlite3.Cursor object at 0x7f231055d0c0>)
2025-01-10 20:41:10,525 operation functools.partial(<built-in method close of sqlite3.Cursor object at 0x7f231055d0c0>) completed
2025-01-10 20:41:10,525 executing functools.partial(<built-in method execute of sqlite3.Connection object at 0x7f23107995d0>, '\n                    INSERT INTO group_messages (topic_id, message_id, local_id)\n                    VALUES (?, ?, ?)\n                ', (1488, 1491, 3))
2025-01-10 20:41:10,525 operation functools.partial(<built-in method execute of sqlite3.Connection object at 0x7f23107995d0>, '\n                    INSERT INTO group_messages (topic_id, message_id, local_id)\n                    VALUES (?, ?, ?)\n                ', (1488, 1491, 3)) completed
2025-01-10 20:41:10,525 executing functools.partial(<built-in method execute of sqlite3.Connection object at 0x7f23107995d0>, 'SELECT MAX(local_id) FROM private_messages WHERE chat_id = ?', (5434361630,))
2025-01-10 20:41:10,525 operation functools.partial(<built-in method execute of sqlite3.Connection object at 0x7f23107995d0>, 'SELECT MAX(local_id) FROM private_messages WHERE chat_id = ?', (5434361630,)) completed
2025-01-10 20:41:10,525 executing functools.partial(<built-in method fetchone of sqlite3.Cursor object at 0x7f23105535c0>)
2025-01-10 20:41:10,526 operation functools.partial(<built-in method fetchone of sqlite3.Cursor object at 0x7f23105535c0>) completed
2025-01-10 20:41:10,526 executing functools.partial(<built-in method close of sqlite3.Cursor object at 0x7f23105535c0>)
2025-01-10 20:41:10,526 operation functools.partial(<built-in method close of sqlite3.Cursor object at 0x7f23105535c0>) completed
2025-01-10 20:41:10,526 executing functools.partial(<built-in method execute of sqlite3.Connection object at 0x7f23107995d0>, '\n                    INSERT INTO private_messages (chat_id, message_id, local_id)\n                    VALUES (?, ?, ?)\n                ', (5434361630, 23406, 3))
2025-01-10 20:41:10,526 operation functools.partial(<built-in method execute of sqlite3.Connection object at 0x7f23107995d0>, '\n                    INSERT INTO private_messages (chat_id, message_id, local_id)\n                    VALUES (?, ?, ?)\n                ', (5434361630, 23406, 3)) completed
2025-01-10 20:41:10,526 executing functools.partial(<built-in method commit of sqlite3.Connection object at 0x7f23107995d0>)
2025-01-10 20:41:10,529 operation functools.partial(<built-in method commit of sqlite3.Connection object at 0x7f23107995d0>) completed
2025-01-10 20:41:12,260 Looking for jobs to run
2025-01-10 20:41:12,261 Next wakeup is due at 2025-01-10 20:41:17.258969+05:00 (in 4.997594 seconds)
2025-01-10 20:41:12,261 Running job "checker (trigger: interval[0:00:05], next run at: 2025-01-10 20:41:17 +05)" (scheduled at 2025-01-10 20:41:12.258969+05:00)
2025-01-10 20:41:12,261 Job "checker (trigger: interval[0:00:05], next run at: 2025-01-10 20:41:17 +05)" executed successfully
2025-01-10 20:41:17,263 Looking for jobs to run
2025-01-10 20:41:17,263 Next wakeup is due at 2025-01-10 20:41:22.258969+05:00 (in 4.995462 seconds)
2025-01-10 20:41:17,263 Running job "checker (trigger: interval[0:00:05], next run at: 2025-01-10 20:41:22 +05)" (scheduled at 2025-01-10 20:41:17.258969+05:00)
2025-01-10 20:41:17,263 Job "checker (trigger: interval[0:00:05], next run at: 2025-01-10 20:41:22 +05)" executed successfully
2025-01-10 20:41:22,263 Looking for jobs to run
2025-01-10 20:41:22,263 Next wakeup is due at 2025-01-10 20:41:27.258969+05:00 (in 4.995497 seconds)
2025-01-10 20:41:22,263 Running job "checker (trigger: interval[0:00:05], next run at: 2025-01-10 20:41:27 +05)" (scheduled at 2025-01-10 20:41:22.258969+05:00)
2025-01-10 20:41:22,501 Job "checker (trigger: interval[0:00:05], next run at: 2025-01-10 20:41:27 +05)" executed successfully
2025-01-10 20:41:27,261 Looking for jobs to run
2025-01-10 20:41:27,261 Next wakeup is due at 2025-01-10 20:41:32.258969+05:00 (in 4.997430 seconds)
2025-01-10 20:41:27,261 Running job "checker (trigger: interval[0:00:05], next run at: 2025-01-10 20:41:32 +05)" (scheduled at 2025-01-10 20:41:27.258969+05:00)
2025-01-10 20:41:27,261 Job "checker (trigger: interval[0:00:05], next run at: 2025-01-10 20:41:32 +05)" executed successfully
2025-01-10 20:41:32,261 Looking for jobs to run
2025-01-10 20:41:32,261 Next wakeup is due at 2025-01-10 20:41:37.258969+05:00 (in 4.997312 seconds)
2025-01-10 20:41:32,261 Running job "checker (trigger: interval[0:00:05], next run at: 2025-01-10 20:41:37 +05)" (scheduled at 2025-01-10 20:41:32.258969+05:00)
2025-01-10 20:41:32,261 Job "checker (trigger: interval[0:00:05], next run at: 2025-01-10 20:41:37 +05)" executed successfully
2025-01-10 20:41:34,792 executing <function connect.<locals>.connector at 0x7f23105be520>
2025-01-10 20:41:34,798 operation <function connect.<locals>.connector at 0x7f23105be520> completed
2025-01-10 20:41:34,798 executing functools.partial(<built-in method execute of sqlite3.Connection object at 0x7f231079a980>, 'PRAGMA foreign_keys = ON', [])
2025-01-10 20:41:34,800 operation functools.partial(<built-in method execute of sqlite3.Connection object at 0x7f231079a980>, 'PRAGMA foreign_keys = ON', []) completed
2025-01-10 20:41:34,801 executing functools.partial(<built-in method execute of sqlite3.Connection object at 0x7f231079a980>, '\n                    CREATE TABLE IF NOT EXISTS users (\n                        chat_id INTEGER,\n                        topic_id INTEGER,\n                        user_name TEXT,\n                        PRIMARY KEY (chat_id, topic_id)\n                    )\n                ', [])
2025-01-10 20:41:34,802 operation functools.partial(<built-in method execute of sqlite3.Connection object at 0x7f231079a980>, '\n                    CREATE TABLE IF NOT EXISTS users (\n                        chat_id INTEGER,\n                        topic_id INTEGER,\n                        user_name TEXT,\n                        PRIMARY KEY (chat_id, topic_id)\n                    )\n                ', []) completed
2025-01-10 20:41:34,802 executing functools.partial(<built-in method execute of sqlite3.Connection object at 0x7f231079a980>, '\n                    CREATE TABLE IF NOT EXISTS group_messages (\n                        topic_id INTEGER,\n                        message_id INTEGER,\n                        local_id INTEGER,\n                        PRIMARY KEY (topic_id, local_id)\n                    )\n                ', [])
2025-01-10 20:41:34,802 operation functools.partial(<built-in method execute of sqlite3.Connection object at 0x7f231079a980>, '\n                    CREATE TABLE IF NOT EXISTS group_messages (\n                        topic_id INTEGER,\n                        message_id INTEGER,\n                        local_id INTEGER,\n                        PRIMARY KEY (topic_id, local_id)\n                    )\n                ', []) completed
2025-01-10 20:41:34,802 executing functools.partial(<built-in method execute of sqlite3.Connection object at 0x7f231079a980>, '\n                    CREATE TABLE IF NOT EXISTS private_messages (\n                        chat_id INTEGER,\n                        message_id INTEGER,\n                        local_id INTEGER,\n                        PRIMARY KEY (chat_id, local_id)\n                    )\n                ', [])
2025-01-10 20:41:34,802 operation functools.partial(<built-in method execute of sqlite3.Connection object at 0x7f231079a980>, '\n                    CREATE TABLE IF NOT EXISTS private_messages (\n                        chat_id INTEGER,\n                        message_id INTEGER,\n                        local_id INTEGER,\n                        PRIMARY KEY (chat_id, local_id)\n                    )\n                ', []) completed
2025-01-10 20:41:34,802 executing functools.partial(<built-in method commit of sqlite3.Connection object at 0x7f231079a980>)
2025-01-10 20:41:34,802 operation functools.partial(<built-in method commit of sqlite3.Connection object at 0x7f231079a980>) completed
2025-01-10 20:41:34,802 executing functools.partial(<built-in method execute of sqlite3.Connection object at 0x7f231079a980>, 'SELECT topic_id FROM users WHERE chat_id = ?', (5434361630,))
2025-01-10 20:41:34,803 operation functools.partial(<built-in method execute of sqlite3.Connection object at 0x7f231079a980>, 'SELECT topic_id FROM users WHERE chat_id = ?', (5434361630,)) completed
2025-01-10 20:41:34,803 executing functools.partial(<built-in method fetchone of sqlite3.Cursor object at 0x7f23105524c0>)
2025-01-10 20:41:34,803 operation functools.partial(<built-in method fetchone of sqlite3.Cursor object at 0x7f23105524c0>) completed
2025-01-10 20:41:34,803 executing functools.partial(<built-in method close of sqlite3.Cursor object at 0x7f23105524c0>)
2025-01-10 20:41:34,803 operation functools.partial(<built-in method close of sqlite3.Cursor object at 0x7f23105524c0>) completed
2025-01-10 20:41:34,804 executing functools.partial(<built-in method execute of sqlite3.Connection object at 0x7f23107995d0>, 'SELECT topic_id FROM users WHERE chat_id = ? AND user_name = ?', (5434361630, 'yadgenn'))
2025-01-10 20:41:34,804 operation functools.partial(<built-in method execute of sqlite3.Connection object at 0x7f23107995d0>, 'SELECT topic_id FROM users WHERE chat_id = ? AND user_name = ?', (5434361630, 'yadgenn')) completed
2025-01-10 20:41:34,804 executing functools.partial(<built-in method fetchone of sqlite3.Cursor object at 0x7f23105519c0>)
2025-01-10 20:41:34,804 operation functools.partial(<built-in method fetchone of sqlite3.Cursor object at 0x7f23105519c0>) completed
2025-01-10 20:41:34,804 executing functools.partial(<built-in method close of sqlite3.Cursor object at 0x7f23105519c0>)
2025-01-10 20:41:34,804 operation functools.partial(<built-in method close of sqlite3.Cursor object at 0x7f23105519c0>) completed
2025-01-10 20:41:35,198 executing functools.partial(<built-in method execute of sqlite3.Connection object at 0x7f23107995d0>, 'SELECT topic_id FROM users WHERE chat_id = ?', (5434361630,))
2025-01-10 20:41:35,198 operation functools.partial(<built-in method execute of sqlite3.Connection object at 0x7f23107995d0>, 'SELECT topic_id FROM users WHERE chat_id = ?', (5434361630,)) completed
2025-01-10 20:41:35,198 executing functools.partial(<built-in method fetchone of sqlite3.Cursor object at 0x7f23105519c0>)
2025-01-10 20:41:35,199 operation functools.partial(<built-in method fetchone of sqlite3.Cursor object at 0x7f23105519c0>) completed
2025-01-10 20:41:35,199 executing functools.partial(<built-in method close of sqlite3.Cursor object at 0x7f23105519c0>)
2025-01-10 20:41:35,199 operation functools.partial(<built-in method close of sqlite3.Cursor object at 0x7f23105519c0>) completed
2025-01-10 20:41:35,199 executing functools.partial(<built-in method execute of sqlite3.Connection object at 0x7f23107995d0>, 'SELECT MAX(local_id) FROM group_messages WHERE topic_id = ?', (1488,))
2025-01-10 20:41:35,199 operation functools.partial(<built-in method execute of sqlite3.Connection object at 0x7f23107995d0>, 'SELECT MAX(local_id) FROM group_messages WHERE topic_id = ?', (1488,)) completed
2025-01-10 20:41:35,200 executing functools.partial(<built-in method fetchone of sqlite3.Cursor object at 0x7f23105519c0>)
2025-01-10 20:41:35,200 operation functools.partial(<built-in method fetchone of sqlite3.Cursor object at 0x7f23105519c0>) completed
2025-01-10 20:41:35,200 executing functools.partial(<built-in method close of sqlite3.Cursor object at 0x7f23105519c0>)
2025-01-10 20:41:35,200 operation functools.partial(<built-in method close of sqlite3.Cursor object at 0x7f23105519c0>) completed
2025-01-10 20:41:35,200 executing functools.partial(<built-in method execute of sqlite3.Connection object at 0x7f23107995d0>, '\n                    INSERT INTO group_messages (topic_id, message_id, local_id)\n                    VALUES (?, ?, ?)\n                ', (1488, 1494, 4))
2025-01-10 20:41:35,201 operation functools.partial(<built-in method execute of sqlite3.Connection object at 0x7f23107995d0>, '\n                    INSERT INTO group_messages (topic_id, message_id, local_id)\n                    VALUES (?, ?, ?)\n                ', (1488, 1494, 4)) completed
2025-01-10 20:41:35,201 executing functools.partial(<built-in method execute of sqlite3.Connection object at 0x7f23107995d0>, 'SELECT MAX(local_id) FROM private_messages WHERE chat_id = ?', (5434361630,))
2025-01-10 20:41:35,202 operation functools.partial(<built-in method execute of sqlite3.Connection object at 0x7f23107995d0>, 'SELECT MAX(local_id) FROM private_messages WHERE chat_id = ?', (5434361630,)) completed
2025-01-10 20:41:35,202 executing functools.partial(<built-in method fetchone of sqlite3.Cursor object at 0x7f231054a740>)
2025-01-10 20:41:35,202 operation functools.partial(<built-in method fetchone of sqlite3.Cursor object at 0x7f231054a740>) completed
2025-01-10 20:41:35,202 executing functools.partial(<built-in method close of sqlite3.Cursor object at 0x7f231054a740>)
2025-01-10 20:41:35,202 operation functools.partial(<built-in method close of sqlite3.Cursor object at 0x7f231054a740>) completed
2025-01-10 20:41:35,202 executing functools.partial(<built-in method execute of sqlite3.Connection object at 0x7f23107995d0>, '\n                    INSERT INTO private_messages (chat_id, message_id, local_id)\n                    VALUES (?, ?, ?)\n                ', (5434361630, 23407, 4))
2025-01-10 20:41:35,202 operation functools.partial(<built-in method execute of sqlite3.Connection object at 0x7f23107995d0>, '\n                    INSERT INTO private_messages (chat_id, message_id, local_id)\n                    VALUES (?, ?, ?)\n                ', (5434361630, 23407, 4)) completed
2025-01-10 20:41:35,203 executing functools.partial(<built-in method commit of sqlite3.Connection object at 0x7f23107995d0>)
2025-01-10 20:41:35,206 operation functools.partial(<built-in method commit of sqlite3.Connection object at 0x7f23107995d0>) completed
2025-01-10 20:41:37,261 Looking for jobs to run
2025-01-10 20:41:37,261 Next wakeup is due at 2025-01-10 20:41:42.258969+05:00 (in 4.997396 seconds)
2025-01-10 20:41:37,261 Running job "checker (trigger: interval[0:00:05], next run at: 2025-01-10 20:41:42 +05)" (scheduled at 2025-01-10 20:41:37.258969+05:00)
2025-01-10 20:41:37,261 Job "checker (trigger: interval[0:00:05], next run at: 2025-01-10 20:41:42 +05)" executed successfully
2025-01-10 20:41:42,263 Looking for jobs to run
2025-01-10 20:41:42,269 Next wakeup is due at 2025-01-10 20:41:47.258969+05:00 (in 4.989655 seconds)
2025-01-10 20:41:42,269 Running job "checker (trigger: interval[0:00:05], next run at: 2025-01-10 20:41:47 +05)" (scheduled at 2025-01-10 20:41:42.258969+05:00)
2025-01-10 20:41:42,270 Job "checker (trigger: interval[0:00:05], next run at: 2025-01-10 20:41:47 +05)" executed successfully
2025-01-10 20:41:47,263 Looking for jobs to run
2025-01-10 20:41:47,265 Next wakeup is due at 2025-01-10 20:41:52.258969+05:00 (in 4.994005 seconds)
2025-01-10 20:41:47,265 Running job "checker (trigger: interval[0:00:05], next run at: 2025-01-10 20:41:52 +05)" (scheduled at 2025-01-10 20:41:47.258969+05:00)
2025-01-10 20:41:47,593 Job "checker (trigger: interval[0:00:05], next run at: 2025-01-10 20:41:52 +05)" executed successfully
2025-01-10 20:41:52,263 Looking for jobs to run
2025-01-10 20:41:52,264 Next wakeup is due at 2025-01-10 20:41:57.258969+05:00 (in 4.994078 seconds)
2025-01-10 20:41:52,265 Running job "checker (trigger: interval[0:00:05], next run at: 2025-01-10 20:41:57 +05)" (scheduled at 2025-01-10 20:41:52.258969+05:00)
2025-01-10 20:41:52,265 Job "checker (trigger: interval[0:00:05], next run at: 2025-01-10 20:41:57 +05)" executed successfully
2025-01-10 20:41:57,260 Looking for jobs to run
2025-01-10 20:41:57,261 Next wakeup is due at 2025-01-10 20:42:02.258969+05:00 (in 4.997881 seconds)
2025-01-10 20:41:57,261 Running job "checker (trigger: interval[0:00:05], next run at: 2025-01-10 20:42:02 +05)" (scheduled at 2025-01-10 20:41:57.258969+05:00)
2025-01-10 20:41:57,261 Job "checker (trigger: interval[0:00:05], next run at: 2025-01-10 20:42:02 +05)" executed successfully
2025-01-10 20:42:02,263 Looking for jobs to run
2025-01-10 20:42:02,263 Next wakeup is due at 2025-01-10 20:42:07.258969+05:00 (in 4.995521 seconds)
2025-01-10 20:42:02,263 Running job "checker (trigger: interval[0:00:05], next run at: 2025-01-10 20:42:07 +05)" (scheduled at 2025-01-10 20:42:02.258969+05:00)
2025-01-10 20:42:02,263 Job "checker (trigger: interval[0:00:05], next run at: 2025-01-10 20:42:07 +05)" executed successfully
2025-01-10 20:42:07,263 Looking for jobs to run
2025-01-10 20:42:07,263 Next wakeup is due at 2025-01-10 20:42:12.258969+05:00 (in 4.995050 seconds)
2025-01-10 20:42:07,264 Running job "checker (trigger: interval[0:00:05], next run at: 2025-01-10 20:42:12 +05)" (scheduled at 2025-01-10 20:42:07.258969+05:00)
2025-01-10 20:42:07,264 Job "checker (trigger: interval[0:00:05], next run at: 2025-01-10 20:42:12 +05)" executed successfully
2025-01-10 20:42:12,261 Looking for jobs to run
2025-01-10 20:42:12,262 Next wakeup is due at 2025-01-10 20:42:17.258969+05:00 (in 4.996641 seconds)
2025-01-10 20:42:12,262 Running job "checker (trigger: interval[0:00:05], next run at: 2025-01-10 20:42:17 +05)" (scheduled at 2025-01-10 20:42:12.258969+05:00)
2025-01-10 20:42:12,262 Job "checker (trigger: interval[0:00:05], next run at: 2025-01-10 20:42:17 +05)" executed successfully
2025-01-10 20:42:17,263 Looking for jobs to run
2025-01-10 20:42:17,264 Next wakeup is due at 2025-01-10 20:42:22.258969+05:00 (in 4.994362 seconds)
2025-01-10 20:42:17,264 Running job "checker (trigger: interval[0:00:05], next run at: 2025-01-10 20:42:22 +05)" (scheduled at 2025-01-10 20:42:17.258969+05:00)
2025-01-10 20:42:17,264 Job "checker (trigger: interval[0:00:05], next run at: 2025-01-10 20:42:22 +05)" executed successfully
2025-01-10 20:42:19,431 executing <function connect.<locals>.connector at 0x7f23105be840>
2025-01-10 20:42:19,437 operation <function connect.<locals>.connector at 0x7f23105be840> completed
2025-01-10 20:42:19,438 executing functools.partial(<built-in method execute of sqlite3.Connection object at 0x7f2310799b70>, 'PRAGMA foreign_keys = ON', [])
2025-01-10 20:42:19,440 operation functools.partial(<built-in method execute of sqlite3.Connection object at 0x7f2310799b70>, 'PRAGMA foreign_keys = ON', []) completed
2025-01-10 20:42:19,440 executing functools.partial(<built-in method execute of sqlite3.Connection object at 0x7f2310799b70>, '\n                    CREATE TABLE IF NOT EXISTS users (\n                        chat_id INTEGER,\n                        topic_id INTEGER,\n                        user_name TEXT,\n                        PRIMARY KEY (chat_id, topic_id)\n                    )\n                ', [])
2025-01-10 20:42:19,442 operation functools.partial(<built-in method execute of sqlite3.Connection object at 0x7f2310799b70>, '\n                    CREATE TABLE IF NOT EXISTS users (\n                        chat_id INTEGER,\n                        topic_id INTEGER,\n                        user_name TEXT,\n                        PRIMARY KEY (chat_id, topic_id)\n                    )\n                ', []) completed
2025-01-10 20:42:19,442 executing functools.partial(<built-in method execute of sqlite3.Connection object at 0x7f2310799b70>, '\n                    CREATE TABLE IF NOT EXISTS group_messages (\n                        topic_id INTEGER,\n                        message_id INTEGER,\n                        local_id INTEGER,\n                        PRIMARY KEY (topic_id, local_id)\n                    )\n                ', [])
2025-01-10 20:42:19,443 operation functools.partial(<built-in method execute of sqlite3.Connection object at 0x7f2310799b70>, '\n                    CREATE TABLE IF NOT EXISTS group_messages (\n                        topic_id INTEGER,\n                        message_id INTEGER,\n                        local_id INTEGER,\n                        PRIMARY KEY (topic_id, local_id)\n                    )\n                ', []) completed
2025-01-10 20:42:19,443 executing functools.partial(<built-in method execute of sqlite3.Connection object at 0x7f2310799b70>, '\n                    CREATE TABLE IF NOT EXISTS private_messages (\n                        chat_id INTEGER,\n                        message_id INTEGER,\n                        local_id INTEGER,\n                        PRIMARY KEY (chat_id, local_id)\n                    )\n                ', [])
2025-01-10 20:42:19,444 operation functools.partial(<built-in method execute of sqlite3.Connection object at 0x7f2310799b70>, '\n                    CREATE TABLE IF NOT EXISTS private_messages (\n                        chat_id INTEGER,\n                        message_id INTEGER,\n                        local_id INTEGER,\n                        PRIMARY KEY (chat_id, local_id)\n                    )\n                ', []) completed
2025-01-10 20:42:19,444 executing functools.partial(<built-in method commit of sqlite3.Connection object at 0x7f2310799b70>)
2025-01-10 20:42:19,444 operation functools.partial(<built-in method commit of sqlite3.Connection object at 0x7f2310799b70>) completed
2025-01-10 20:42:19,445 executing functools.partial(<built-in method execute of sqlite3.Connection object at 0x7f2310799b70>, 'SELECT topic_id FROM users WHERE chat_id = ?', (5434361630,))
2025-01-10 20:42:19,445 operation functools.partial(<built-in method execute of sqlite3.Connection object at 0x7f2310799b70>, 'SELECT topic_id FROM users WHERE chat_id = ?', (5434361630,)) completed
2025-01-10 20:42:19,445 executing functools.partial(<built-in method fetchone of sqlite3.Cursor object at 0x7f231055c940>)
2025-01-10 20:42:19,445 operation functools.partial(<built-in method fetchone of sqlite3.Cursor object at 0x7f231055c940>) completed
2025-01-10 20:42:19,445 executing functools.partial(<built-in method close of sqlite3.Cursor object at 0x7f231055c940>)
2025-01-10 20:42:19,445 operation functools.partial(<built-in method close of sqlite3.Cursor object at 0x7f231055c940>) completed
2025-01-10 20:42:19,446 executing functools.partial(<built-in method execute of sqlite3.Connection object at 0x7f23107995d0>, 'SELECT topic_id FROM users WHERE chat_id = ? AND user_name = ?', (5434361630, 'yadgenn'))
2025-01-10 20:42:19,448 operation functools.partial(<built-in method execute of sqlite3.Connection object at 0x7f23107995d0>, 'SELECT topic_id FROM users WHERE chat_id = ? AND user_name = ?', (5434361630, 'yadgenn')) completed
2025-01-10 20:42:19,448 executing functools.partial(<built-in method fetchone of sqlite3.Cursor object at 0x7f23105518c0>)
2025-01-10 20:42:19,448 operation functools.partial(<built-in method fetchone of sqlite3.Cursor object at 0x7f23105518c0>) completed
2025-01-10 20:42:19,448 executing functools.partial(<built-in method close of sqlite3.Cursor object at 0x7f23105518c0>)
2025-01-10 20:42:19,448 operation functools.partial(<built-in method close of sqlite3.Cursor object at 0x7f23105518c0>) completed
2025-01-10 20:42:20,555 executing functools.partial(<built-in method execute of sqlite3.Connection object at 0x7f23107995d0>, 'SELECT topic_id FROM users WHERE chat_id = ?', (5434361630,))
2025-01-10 20:42:20,556 operation functools.partial(<built-in method execute of sqlite3.Connection object at 0x7f23107995d0>, 'SELECT topic_id FROM users WHERE chat_id = ?', (5434361630,)) completed
2025-01-10 20:42:20,556 executing functools.partial(<built-in method fetchone of sqlite3.Cursor object at 0x7f23105518c0>)
2025-01-10 20:42:20,556 operation functools.partial(<built-in method fetchone of sqlite3.Cursor object at 0x7f23105518c0>) completed
2025-01-10 20:42:20,556 executing functools.partial(<built-in method close of sqlite3.Cursor object at 0x7f23105518c0>)
2025-01-10 20:42:20,556 operation functools.partial(<built-in method close of sqlite3.Cursor object at 0x7f23105518c0>) completed
2025-01-10 20:42:20,557 executing functools.partial(<built-in method execute of sqlite3.Connection object at 0x7f23107995d0>, 'SELECT MAX(local_id) FROM group_messages WHERE topic_id = ?', (1488,))
2025-01-10 20:42:20,557 operation functools.partial(<built-in method execute of sqlite3.Connection object at 0x7f23107995d0>, 'SELECT MAX(local_id) FROM group_messages WHERE topic_id = ?', (1488,)) completed
2025-01-10 20:42:20,557 executing functools.partial(<built-in method fetchone of sqlite3.Cursor object at 0x7f23105518c0>)
2025-01-10 20:42:20,557 operation functools.partial(<built-in method fetchone of sqlite3.Cursor object at 0x7f23105518c0>) completed
2025-01-10 20:42:20,557 executing functools.partial(<built-in method close of sqlite3.Cursor object at 0x7f23105518c0>)
2025-01-10 20:42:20,557 operation functools.partial(<built-in method close of sqlite3.Cursor object at 0x7f23105518c0>) completed
2025-01-10 20:42:20,558 executing functools.partial(<built-in method execute of sqlite3.Connection object at 0x7f23107995d0>, '\n                    INSERT INTO group_messages (topic_id, message_id, local_id)\n                    VALUES (?, ?, ?)\n                ', (1488, 1497, 5))
2025-01-10 20:42:20,558 operation functools.partial(<built-in method execute of sqlite3.Connection object at 0x7f23107995d0>, '\n                    INSERT INTO group_messages (topic_id, message_id, local_id)\n                    VALUES (?, ?, ?)\n                ', (1488, 1497, 5)) completed
2025-01-10 20:42:20,559 executing functools.partial(<built-in method execute of sqlite3.Connection object at 0x7f23107995d0>, 'SELECT MAX(local_id) FROM private_messages WHERE chat_id = ?', (5434361630,))
2025-01-10 20:42:20,559 operation functools.partial(<built-in method execute of sqlite3.Connection object at 0x7f23107995d0>, 'SELECT MAX(local_id) FROM private_messages WHERE chat_id = ?', (5434361630,)) completed
2025-01-10 20:42:20,560 executing functools.partial(<built-in method fetchone of sqlite3.Cursor object at 0x7f2310549b40>)
2025-01-10 20:42:20,560 operation functools.partial(<built-in method fetchone of sqlite3.Cursor object at 0x7f2310549b40>) completed
2025-01-10 20:42:20,560 executing functools.partial(<built-in method close of sqlite3.Cursor object at 0x7f2310549b40>)
2025-01-10 20:42:20,560 operation functools.partial(<built-in method close of sqlite3.Cursor object at 0x7f2310549b40>) completed
2025-01-10 20:42:20,560 executing functools.partial(<built-in method execute of sqlite3.Connection object at 0x7f23107995d0>, '\n                    INSERT INTO private_messages (chat_id, message_id, local_id)\n                    VALUES (?, ?, ?)\n                ', (5434361630, 23408, 5))
2025-01-10 20:42:20,560 operation functools.partial(<built-in method execute of sqlite3.Connection object at 0x7f23107995d0>, '\n                    INSERT INTO private_messages (chat_id, message_id, local_id)\n                    VALUES (?, ?, ?)\n                ', (5434361630, 23408, 5)) completed
2025-01-10 20:42:20,561 executing functools.partial(<built-in method commit of sqlite3.Connection object at 0x7f23107995d0>)
2025-01-10 20:42:20,566 operation functools.partial(<built-in method commit of sqlite3.Connection object at 0x7f23107995d0>) completed
2025-01-10 20:42:22,261 Looking for jobs to run
2025-01-10 20:42:22,261 Next wakeup is due at 2025-01-10 20:42:27.258969+05:00 (in 4.997481 seconds)
2025-01-10 20:42:22,261 Running job "checker (trigger: interval[0:00:05], next run at: 2025-01-10 20:42:27 +05)" (scheduled at 2025-01-10 20:42:22.258969+05:00)
2025-01-10 20:42:22,261 Job "checker (trigger: interval[0:00:05], next run at: 2025-01-10 20:42:27 +05)" executed successfully
2025-01-10 20:42:24,144 Task exception was never retrieved
future: <Task finished name='Task-55' coro=<AsyncTeleBot.process_new_updates() done, defined at /home/emilgoo/.var/app/com.jetbrains.PyCharm-Community/data/python/lib/python3.11/site-packages/telebot/async_telebot.py:603> exception=AttributeError("'MessageReactionUpdated' object has no attribute 'message_thread_id'")>
Traceback (most recent call last):
  File "/home/emilgoo/.var/app/com.jetbrains.PyCharm-Community/data/python/lib/python3.11/site-packages/telebot/async_telebot.py", line 745, in process_new_updates
    await self.process_new_message_reaction(new_message_reactions)
  File "/home/emilgoo/.var/app/com.jetbrains.PyCharm-Community/data/python/lib/python3.11/site-packages/telebot/async_telebot.py", line 790, in process_new_message_reaction
    await self._process_updates(self.message_reaction_handlers, message_reaction, 'message_reaction')
  File "/home/emilgoo/.var/app/com.jetbrains.PyCharm-Community/data/python/lib/python3.11/site-packages/telebot/async_telebot.py", line 523, in _process_updates
    await asyncio.gather(*tasks)
  File "/home/emilgoo/.var/app/com.jetbrains.PyCharm-Community/data/python/lib/python3.11/site-packages/telebot/async_telebot.py", line 549, in _run_middlewares_and_handlers
    middleware_result = await middleware.pre_process(message, data)
                        ^^^^^^^^^^^^^^^^^^^^^^^^^^^^^^^^^^^^^^^^^^^
  File "/home/emilgoo/Проекты/All Mentor (async)/middlewares/timeout.py", line 71, in pre_process
    if (str(message.message_thread_id) in group_data):
            ^^^^^^^^^^^^^^^^^^^^^^^^^
AttributeError: 'MessageReactionUpdated' object has no attribute 'message_thread_id'
2025-01-10 20:42:27,261 Looking for jobs to run
2025-01-10 20:42:27,261 Next wakeup is due at 2025-01-10 20:42:32.258969+05:00 (in 4.997134 seconds)
2025-01-10 20:42:27,262 Running job "checker (trigger: interval[0:00:05], next run at: 2025-01-10 20:42:32 +05)" (scheduled at 2025-01-10 20:42:27.258969+05:00)
2025-01-10 20:42:27,262 Job "checker (trigger: interval[0:00:05], next run at: 2025-01-10 20:42:32 +05)" executed successfully
2025-01-10 20:42:32,261 Looking for jobs to run
2025-01-10 20:42:32,261 Next wakeup is due at 2025-01-10 20:42:37.258969+05:00 (in 4.997341 seconds)
2025-01-10 20:42:32,262 Running job "checker (trigger: interval[0:00:05], next run at: 2025-01-10 20:42:37 +05)" (scheduled at 2025-01-10 20:42:32.258969+05:00)
2025-01-10 20:42:32,581 Job "checker (trigger: interval[0:00:05], next run at: 2025-01-10 20:42:37 +05)" executed successfully
2025-01-10 20:42:37,263 Looking for jobs to run
2025-01-10 20:42:37,264 Next wakeup is due at 2025-01-10 20:42:42.258969+05:00 (in 4.994788 seconds)
2025-01-10 20:42:37,264 Running job "checker (trigger: interval[0:00:05], next run at: 2025-01-10 20:42:42 +05)" (scheduled at 2025-01-10 20:42:37.258969+05:00)
2025-01-10 20:42:37,264 Job "checker (trigger: interval[0:00:05], next run at: 2025-01-10 20:42:42 +05)" executed successfully
2025-01-10 20:42:42,263 Looking for jobs to run
2025-01-10 20:42:42,263 Next wakeup is due at 2025-01-10 20:42:47.258969+05:00 (in 4.995505 seconds)
2025-01-10 20:42:42,263 Running job "checker (trigger: interval[0:00:05], next run at: 2025-01-10 20:42:47 +05)" (scheduled at 2025-01-10 20:42:42.258969+05:00)
2025-01-10 20:42:42,263 Job "checker (trigger: interval[0:00:05], next run at: 2025-01-10 20:42:47 +05)" executed successfully
2025-01-10 20:42:47,261 Looking for jobs to run
2025-01-10 20:42:47,261 Next wakeup is due at 2025-01-10 20:42:52.258969+05:00 (in 4.997485 seconds)
2025-01-10 20:42:47,261 Running job "checker (trigger: interval[0:00:05], next run at: 2025-01-10 20:42:52 +05)" (scheduled at 2025-01-10 20:42:47.258969+05:00)
2025-01-10 20:42:47,261 Job "checker (trigger: interval[0:00:05], next run at: 2025-01-10 20:42:52 +05)" executed successfully
2025-01-10 20:42:47,384 executing <function connect.<locals>.connector at 0x7f230dc0bba0>
2025-01-10 20:42:47,384 operation <function connect.<locals>.connector at 0x7f230dc0bba0> completed
2025-01-10 20:42:47,384 executing functools.partial(<built-in method execute of sqlite3.Connection object at 0x7f230dbe1300>, 'PRAGMA foreign_keys = ON', [])
2025-01-10 20:42:47,385 operation functools.partial(<built-in method execute of sqlite3.Connection object at 0x7f230dbe1300>, 'PRAGMA foreign_keys = ON', []) completed
2025-01-10 20:42:47,385 executing functools.partial(<built-in method execute of sqlite3.Connection object at 0x7f230dbe1300>, '\n                    CREATE TABLE IF NOT EXISTS users (\n                        chat_id INTEGER,\n                        topic_id INTEGER,\n                        user_name TEXT,\n                        PRIMARY KEY (chat_id, topic_id)\n                    )\n                ', [])
2025-01-10 20:42:47,385 operation functools.partial(<built-in method execute of sqlite3.Connection object at 0x7f230dbe1300>, '\n                    CREATE TABLE IF NOT EXISTS users (\n                        chat_id INTEGER,\n                        topic_id INTEGER,\n                        user_name TEXT,\n                        PRIMARY KEY (chat_id, topic_id)\n                    )\n                ', []) completed
2025-01-10 20:42:47,385 executing functools.partial(<built-in method execute of sqlite3.Connection object at 0x7f230dbe1300>, '\n                    CREATE TABLE IF NOT EXISTS group_messages (\n                        topic_id INTEGER,\n                        message_id INTEGER,\n                        local_id INTEGER,\n                        PRIMARY KEY (topic_id, local_id)\n                    )\n                ', [])
2025-01-10 20:42:47,385 operation functools.partial(<built-in method execute of sqlite3.Connection object at 0x7f230dbe1300>, '\n                    CREATE TABLE IF NOT EXISTS group_messages (\n                        topic_id INTEGER,\n                        message_id INTEGER,\n                        local_id INTEGER,\n                        PRIMARY KEY (topic_id, local_id)\n                    )\n                ', []) completed
2025-01-10 20:42:47,386 executing functools.partial(<built-in method execute of sqlite3.Connection object at 0x7f230dbe1300>, '\n                    CREATE TABLE IF NOT EXISTS private_messages (\n                        chat_id INTEGER,\n                        message_id INTEGER,\n                        local_id INTEGER,\n                        PRIMARY KEY (chat_id, local_id)\n                    )\n                ', [])
2025-01-10 20:42:47,386 operation functools.partial(<built-in method execute of sqlite3.Connection object at 0x7f230dbe1300>, '\n                    CREATE TABLE IF NOT EXISTS private_messages (\n                        chat_id INTEGER,\n                        message_id INTEGER,\n                        local_id INTEGER,\n                        PRIMARY KEY (chat_id, local_id)\n                    )\n                ', []) completed
2025-01-10 20:42:47,387 executing functools.partial(<built-in method commit of sqlite3.Connection object at 0x7f230dbe1300>)
2025-01-10 20:42:47,388 operation functools.partial(<built-in method commit of sqlite3.Connection object at 0x7f230dbe1300>) completed
2025-01-10 20:42:47,388 executing functools.partial(<built-in method execute of sqlite3.Connection object at 0x7f230dbe1300>, 'SELECT topic_id FROM users WHERE chat_id = ?', (5434361630,))
2025-01-10 20:42:47,389 operation functools.partial(<built-in method execute of sqlite3.Connection object at 0x7f230dbe1300>, 'SELECT topic_id FROM users WHERE chat_id = ?', (5434361630,)) completed
2025-01-10 20:42:47,389 executing functools.partial(<built-in method fetchone of sqlite3.Cursor object at 0x7f231079c940>)
2025-01-10 20:42:47,389 operation functools.partial(<built-in method fetchone of sqlite3.Cursor object at 0x7f231079c940>) completed
2025-01-10 20:42:47,389 executing functools.partial(<built-in method close of sqlite3.Cursor object at 0x7f231079c940>)
2025-01-10 20:42:47,389 operation functools.partial(<built-in method close of sqlite3.Cursor object at 0x7f231079c940>) completed
2025-01-10 20:42:47,390 executing functools.partial(<built-in method execute of sqlite3.Connection object at 0x7f23107995d0>, 'SELECT topic_id FROM users WHERE chat_id = ? AND user_name = ?', (5434361630, 'yadgenn'))
2025-01-10 20:42:47,390 operation functools.partial(<built-in method execute of sqlite3.Connection object at 0x7f23107995d0>, 'SELECT topic_id FROM users WHERE chat_id = ? AND user_name = ?', (5434361630, 'yadgenn')) completed
2025-01-10 20:42:47,390 executing functools.partial(<built-in method fetchone of sqlite3.Cursor object at 0x7f231054bf40>)
2025-01-10 20:42:47,390 operation functools.partial(<built-in method fetchone of sqlite3.Cursor object at 0x7f231054bf40>) completed
2025-01-10 20:42:47,390 executing functools.partial(<built-in method close of sqlite3.Cursor object at 0x7f231054bf40>)
2025-01-10 20:42:47,390 operation functools.partial(<built-in method close of sqlite3.Cursor object at 0x7f231054bf40>) completed
2025-01-10 20:42:48,000 executing functools.partial(<built-in method execute of sqlite3.Connection object at 0x7f23107995d0>, 'SELECT topic_id FROM users WHERE chat_id = ?', (5434361630,))
2025-01-10 20:42:48,001 operation functools.partial(<built-in method execute of sqlite3.Connection object at 0x7f23107995d0>, 'SELECT topic_id FROM users WHERE chat_id = ?', (5434361630,)) completed
2025-01-10 20:42:48,001 executing functools.partial(<built-in method fetchone of sqlite3.Cursor object at 0x7f231054bf40>)
2025-01-10 20:42:48,001 operation functools.partial(<built-in method fetchone of sqlite3.Cursor object at 0x7f231054bf40>) completed
2025-01-10 20:42:48,001 executing functools.partial(<built-in method close of sqlite3.Cursor object at 0x7f231054bf40>)
2025-01-10 20:42:48,001 operation functools.partial(<built-in method close of sqlite3.Cursor object at 0x7f231054bf40>) completed
2025-01-10 20:42:48,001 executing functools.partial(<built-in method execute of sqlite3.Connection object at 0x7f23107995d0>, 'SELECT MAX(local_id) FROM group_messages WHERE topic_id = ?', (1488,))
2025-01-10 20:42:48,001 operation functools.partial(<built-in method execute of sqlite3.Connection object at 0x7f23107995d0>, 'SELECT MAX(local_id) FROM group_messages WHERE topic_id = ?', (1488,)) completed
2025-01-10 20:42:48,001 executing functools.partial(<built-in method fetchone of sqlite3.Cursor object at 0x7f231054bf40>)
2025-01-10 20:42:48,001 operation functools.partial(<built-in method fetchone of sqlite3.Cursor object at 0x7f231054bf40>) completed
2025-01-10 20:42:48,002 executing functools.partial(<built-in method close of sqlite3.Cursor object at 0x7f231054bf40>)
2025-01-10 20:42:48,002 operation functools.partial(<built-in method close of sqlite3.Cursor object at 0x7f231054bf40>) completed
2025-01-10 20:42:48,002 executing functools.partial(<built-in method execute of sqlite3.Connection object at 0x7f23107995d0>, '\n                    INSERT INTO group_messages (topic_id, message_id, local_id)\n                    VALUES (?, ?, ?)\n                ', (1488, 1499, 6))
2025-01-10 20:42:48,002 operation functools.partial(<built-in method execute of sqlite3.Connection object at 0x7f23107995d0>, '\n                    INSERT INTO group_messages (topic_id, message_id, local_id)\n                    VALUES (?, ?, ?)\n                ', (1488, 1499, 6)) completed
2025-01-10 20:42:48,002 executing functools.partial(<built-in method execute of sqlite3.Connection object at 0x7f23107995d0>, 'SELECT MAX(local_id) FROM private_messages WHERE chat_id = ?', (5434361630,))
2025-01-10 20:42:48,002 operation functools.partial(<built-in method execute of sqlite3.Connection object at 0x7f23107995d0>, 'SELECT MAX(local_id) FROM private_messages WHERE chat_id = ?', (5434361630,)) completed
2025-01-10 20:42:48,002 executing functools.partial(<built-in method fetchone of sqlite3.Cursor object at 0x7f23106d9040>)
2025-01-10 20:42:48,002 operation functools.partial(<built-in method fetchone of sqlite3.Cursor object at 0x7f23106d9040>) completed
2025-01-10 20:42:48,003 executing functools.partial(<built-in method close of sqlite3.Cursor object at 0x7f23106d9040>)
2025-01-10 20:42:48,003 operation functools.partial(<built-in method close of sqlite3.Cursor object at 0x7f23106d9040>) completed
2025-01-10 20:42:48,003 executing functools.partial(<built-in method execute of sqlite3.Connection object at 0x7f23107995d0>, '\n                    INSERT INTO private_messages (chat_id, message_id, local_id)\n                    VALUES (?, ?, ?)\n                ', (5434361630, 23409, 6))
2025-01-10 20:42:48,003 operation functools.partial(<built-in method execute of sqlite3.Connection object at 0x7f23107995d0>, '\n                    INSERT INTO private_messages (chat_id, message_id, local_id)\n                    VALUES (?, ?, ?)\n                ', (5434361630, 23409, 6)) completed
2025-01-10 20:42:48,005 executing functools.partial(<built-in method commit of sqlite3.Connection object at 0x7f23107995d0>)
2025-01-10 20:42:48,009 operation functools.partial(<built-in method commit of sqlite3.Connection object at 0x7f23107995d0>) completed
2025-01-10 20:42:51,374 Task exception was never retrieved
future: <Task finished name='Task-71' coro=<AsyncTeleBot.process_new_updates() done, defined at /home/emilgoo/.var/app/com.jetbrains.PyCharm-Community/data/python/lib/python3.11/site-packages/telebot/async_telebot.py:603> exception=AttributeError("'MessageReactionUpdated' object has no attribute 'message_thread_id'")>
Traceback (most recent call last):
  File "/home/emilgoo/.var/app/com.jetbrains.PyCharm-Community/data/python/lib/python3.11/site-packages/telebot/async_telebot.py", line 745, in process_new_updates
    await self.process_new_message_reaction(new_message_reactions)
  File "/home/emilgoo/.var/app/com.jetbrains.PyCharm-Community/data/python/lib/python3.11/site-packages/telebot/async_telebot.py", line 790, in process_new_message_reaction
    await self._process_updates(self.message_reaction_handlers, message_reaction, 'message_reaction')
  File "/home/emilgoo/.var/app/com.jetbrains.PyCharm-Community/data/python/lib/python3.11/site-packages/telebot/async_telebot.py", line 523, in _process_updates
    await asyncio.gather(*tasks)
  File "/home/emilgoo/.var/app/com.jetbrains.PyCharm-Community/data/python/lib/python3.11/site-packages/telebot/async_telebot.py", line 549, in _run_middlewares_and_handlers
    middleware_result = await middleware.pre_process(message, data)
                        ^^^^^^^^^^^^^^^^^^^^^^^^^^^^^^^^^^^^^^^^^^^
  File "/home/emilgoo/Проекты/All Mentor (async)/middlewares/timeout.py", line 71, in pre_process
    if (str(message.message_thread_id) in group_data):
            ^^^^^^^^^^^^^^^^^^^^^^^^^
AttributeError: 'MessageReactionUpdated' object has no attribute 'message_thread_id'
2025-01-10 20:42:52,260 Looking for jobs to run
2025-01-10 20:42:52,260 Next wakeup is due at 2025-01-10 20:42:57.258969+05:00 (in 4.998559 seconds)
2025-01-10 20:42:52,260 Running job "checker (trigger: interval[0:00:05], next run at: 2025-01-10 20:42:57 +05)" (scheduled at 2025-01-10 20:42:52.258969+05:00)
2025-01-10 20:42:52,260 Job "checker (trigger: interval[0:00:05], next run at: 2025-01-10 20:42:57 +05)" executed successfully
2025-01-10 20:42:57,263 Looking for jobs to run
2025-01-10 20:42:57,264 Next wakeup is due at 2025-01-10 20:43:02.258969+05:00 (in 4.994653 seconds)
2025-01-10 20:42:57,265 Running job "checker (trigger: interval[0:00:05], next run at: 2025-01-10 20:43:02 +05)" (scheduled at 2025-01-10 20:42:57.258969+05:00)
2025-01-10 20:42:57,265 Job "checker (trigger: interval[0:00:05], next run at: 2025-01-10 20:43:02 +05)" executed successfully
2025-01-10 20:42:59,582 executing functools.partial(<built-in method execute of sqlite3.Connection object at 0x7f23107995d0>, 'SELECT chat_id FROM users WHERE topic_id = ?', (1488,))
2025-01-10 20:42:59,589 operation functools.partial(<built-in method execute of sqlite3.Connection object at 0x7f23107995d0>, 'SELECT chat_id FROM users WHERE topic_id = ?', (1488,)) completed
2025-01-10 20:42:59,589 executing functools.partial(<built-in method fetchone of sqlite3.Cursor object at 0x7f231054af40>)
2025-01-10 20:42:59,590 operation functools.partial(<built-in method fetchone of sqlite3.Cursor object at 0x7f231054af40>) completed
2025-01-10 20:42:59,590 executing functools.partial(<built-in method close of sqlite3.Cursor object at 0x7f231054af40>)
2025-01-10 20:42:59,590 operation functools.partial(<built-in method close of sqlite3.Cursor object at 0x7f231054af40>) completed
2025-01-10 20:42:59,590 executing functools.partial(<built-in method execute of sqlite3.Connection object at 0x7f23107995d0>, 'SELECT local_id FROM group_messages WHERE topic_id = ? AND message_id = ?', (1488, 1499))
2025-01-10 20:42:59,590 operation functools.partial(<built-in method execute of sqlite3.Connection object at 0x7f23107995d0>, 'SELECT local_id FROM group_messages WHERE topic_id = ? AND message_id = ?', (1488, 1499)) completed
2025-01-10 20:42:59,590 executing functools.partial(<built-in method fetchone of sqlite3.Cursor object at 0x7f231054af40>)
2025-01-10 20:42:59,591 operation functools.partial(<built-in method fetchone of sqlite3.Cursor object at 0x7f231054af40>) completed
2025-01-10 20:42:59,591 executing functools.partial(<built-in method execute of sqlite3.Connection object at 0x7f23107995d0>, 'SELECT chat_id FROM users WHERE topic_id = ?', (1488,))
2025-01-10 20:42:59,591 operation functools.partial(<built-in method execute of sqlite3.Connection object at 0x7f23107995d0>, 'SELECT chat_id FROM users WHERE topic_id = ?', (1488,)) completed
2025-01-10 20:42:59,591 executing functools.partial(<built-in method fetchone of sqlite3.Cursor object at 0x7f231054a040>)
2025-01-10 20:42:59,591 operation functools.partial(<built-in method fetchone of sqlite3.Cursor object at 0x7f231054a040>) completed
2025-01-10 20:42:59,591 executing functools.partial(<built-in method close of sqlite3.Cursor object at 0x7f231054a040>)
2025-01-10 20:42:59,591 operation functools.partial(<built-in method close of sqlite3.Cursor object at 0x7f231054a040>) completed
2025-01-10 20:42:59,591 executing functools.partial(<built-in method execute of sqlite3.Connection object at 0x7f23107995d0>, 'SELECT message_id FROM private_messages WHERE chat_id = ? AND local_id = ?', (5434361630, 6))
2025-01-10 20:42:59,592 operation functools.partial(<built-in method execute of sqlite3.Connection object at 0x7f23107995d0>, 'SELECT message_id FROM private_messages WHERE chat_id = ? AND local_id = ?', (5434361630, 6)) completed
2025-01-10 20:42:59,592 executing functools.partial(<built-in method fetchone of sqlite3.Cursor object at 0x7f231054a040>)
2025-01-10 20:42:59,592 operation functools.partial(<built-in method fetchone of sqlite3.Cursor object at 0x7f231054a040>) completed
2025-01-10 20:42:59,592 executing functools.partial(<built-in method close of sqlite3.Cursor object at 0x7f231054a040>)
2025-01-10 20:42:59,592 operation functools.partial(<built-in method close of sqlite3.Cursor object at 0x7f231054a040>) completed
2025-01-10 20:42:59,592 executing functools.partial(<built-in method close of sqlite3.Cursor object at 0x7f231054af40>)
2025-01-10 20:42:59,592 operation functools.partial(<built-in method close of sqlite3.Cursor object at 0x7f231054af40>) completed
2025-01-10 20:43:00,179 executing functools.partial(<built-in method execute of sqlite3.Connection object at 0x7f23107995d0>, 'SELECT chat_id FROM users WHERE topic_id = ?', (1488,))
2025-01-10 20:43:00,179 operation functools.partial(<built-in method execute of sqlite3.Connection object at 0x7f23107995d0>, 'SELECT chat_id FROM users WHERE topic_id = ?', (1488,)) completed
2025-01-10 20:43:00,179 executing functools.partial(<built-in method fetchone of sqlite3.Cursor object at 0x7f231054af40>)
2025-01-10 20:43:00,179 operation functools.partial(<built-in method fetchone of sqlite3.Cursor object at 0x7f231054af40>) completed
2025-01-10 20:43:00,180 executing functools.partial(<built-in method close of sqlite3.Cursor object at 0x7f231054af40>)
2025-01-10 20:43:00,180 operation functools.partial(<built-in method close of sqlite3.Cursor object at 0x7f231054af40>) completed
2025-01-10 20:43:00,180 executing functools.partial(<built-in method execute of sqlite3.Connection object at 0x7f23107995d0>, 'SELECT MAX(local_id) FROM private_messages WHERE chat_id = ?', (5434361630,))
2025-01-10 20:43:00,180 operation functools.partial(<built-in method execute of sqlite3.Connection object at 0x7f23107995d0>, 'SELECT MAX(local_id) FROM private_messages WHERE chat_id = ?', (5434361630,)) completed
2025-01-10 20:43:00,181 executing functools.partial(<built-in method fetchone of sqlite3.Cursor object at 0x7f231054af40>)
2025-01-10 20:43:00,181 operation functools.partial(<built-in method fetchone of sqlite3.Cursor object at 0x7f231054af40>) completed
2025-01-10 20:43:00,181 executing functools.partial(<built-in method close of sqlite3.Cursor object at 0x7f231054af40>)
2025-01-10 20:43:00,181 operation functools.partial(<built-in method close of sqlite3.Cursor object at 0x7f231054af40>) completed
2025-01-10 20:43:00,181 executing functools.partial(<built-in method execute of sqlite3.Connection object at 0x7f23107995d0>, '\n                    INSERT INTO private_messages (chat_id, message_id, local_id)\n                    VALUES (?, ?, ?)\n                ', (5434361630, 23410, 7))
2025-01-10 20:43:00,183 operation functools.partial(<built-in method execute of sqlite3.Connection object at 0x7f23107995d0>, '\n                    INSERT INTO private_messages (chat_id, message_id, local_id)\n                    VALUES (?, ?, ?)\n                ', (5434361630, 23410, 7)) completed
2025-01-10 20:43:00,183 executing functools.partial(<built-in method execute of sqlite3.Connection object at 0x7f23107995d0>, 'SELECT MAX(local_id) FROM group_messages WHERE topic_id = ?', (1488,))
2025-01-10 20:43:00,183 operation functools.partial(<built-in method execute of sqlite3.Connection object at 0x7f23107995d0>, 'SELECT MAX(local_id) FROM group_messages WHERE topic_id = ?', (1488,)) completed
2025-01-10 20:43:00,184 executing functools.partial(<built-in method fetchone of sqlite3.Cursor object at 0x7f23106dab40>)
2025-01-10 20:43:00,184 operation functools.partial(<built-in method fetchone of sqlite3.Cursor object at 0x7f23106dab40>) completed
2025-01-10 20:43:00,184 executing functools.partial(<built-in method close of sqlite3.Cursor object at 0x7f23106dab40>)
2025-01-10 20:43:00,184 operation functools.partial(<built-in method close of sqlite3.Cursor object at 0x7f23106dab40>) completed
2025-01-10 20:43:00,184 executing functools.partial(<built-in method execute of sqlite3.Connection object at 0x7f23107995d0>, '\n                    INSERT INTO group_messages (topic_id, message_id, local_id)\n                    VALUES (?, ?, ?)\n                ', (1488, 1500, 7))
2025-01-10 20:43:00,184 operation functools.partial(<built-in method execute of sqlite3.Connection object at 0x7f23107995d0>, '\n                    INSERT INTO group_messages (topic_id, message_id, local_id)\n                    VALUES (?, ?, ?)\n                ', (1488, 1500, 7)) completed
2025-01-10 20:43:00,184 executing functools.partial(<built-in method commit of sqlite3.Connection object at 0x7f23107995d0>)
2025-01-10 20:43:00,190 operation functools.partial(<built-in method commit of sqlite3.Connection object at 0x7f23107995d0>) completed
2025-01-10 20:43:02,260 Looking for jobs to run
2025-01-10 20:43:02,261 Next wakeup is due at 2025-01-10 20:43:07.258969+05:00 (in 4.997637 seconds)
2025-01-10 20:43:02,262 Running job "checker (trigger: interval[0:00:05], next run at: 2025-01-10 20:43:07 +05)" (scheduled at 2025-01-10 20:43:02.258969+05:00)
2025-01-10 20:43:02,262 Job "checker (trigger: interval[0:00:05], next run at: 2025-01-10 20:43:07 +05)" executed successfully
2025-01-10 20:43:07,263 Looking for jobs to run
2025-01-10 20:43:07,263 Next wakeup is due at 2025-01-10 20:43:12.258969+05:00 (in 4.995196 seconds)
2025-01-10 20:43:07,263 Running job "checker (trigger: interval[0:00:05], next run at: 2025-01-10 20:43:12 +05)" (scheduled at 2025-01-10 20:43:07.258969+05:00)
2025-01-10 20:43:07,264 Job "checker (trigger: interval[0:00:05], next run at: 2025-01-10 20:43:12 +05)" executed successfully
2025-01-10 20:43:12,263 Looking for jobs to run
2025-01-10 20:43:12,263 Next wakeup is due at 2025-01-10 20:43:17.258969+05:00 (in 4.995281 seconds)
2025-01-10 20:43:12,263 Running job "checker (trigger: interval[0:00:05], next run at: 2025-01-10 20:43:17 +05)" (scheduled at 2025-01-10 20:43:12.258969+05:00)
2025-01-10 20:43:12,264 Job "checker (trigger: interval[0:00:05], next run at: 2025-01-10 20:43:17 +05)" executed successfully
2025-01-10 20:43:17,263 Looking for jobs to run
2025-01-10 20:43:17,263 Next wakeup is due at 2025-01-10 20:43:22.258969+05:00 (in 4.995108 seconds)
2025-01-10 20:43:17,264 Running job "checker (trigger: interval[0:00:05], next run at: 2025-01-10 20:43:22 +05)" (scheduled at 2025-01-10 20:43:17.258969+05:00)
2025-01-10 20:43:17,264 Job "checker (trigger: interval[0:00:05], next run at: 2025-01-10 20:43:22 +05)" executed successfully
2025-01-10 20:43:22,262 Looking for jobs to run
2025-01-10 20:43:22,264 Next wakeup is due at 2025-01-10 20:43:27.258969+05:00 (in 4.994535 seconds)
2025-01-10 20:43:22,264 Running job "checker (trigger: interval[0:00:05], next run at: 2025-01-10 20:43:27 +05)" (scheduled at 2025-01-10 20:43:22.258969+05:00)
2025-01-10 20:43:22,264 Job "checker (trigger: interval[0:00:05], next run at: 2025-01-10 20:43:27 +05)" executed successfully
2025-01-10 20:43:27,263 Looking for jobs to run
2025-01-10 20:43:27,265 Next wakeup is due at 2025-01-10 20:43:32.258969+05:00 (in 4.993323 seconds)
2025-01-10 20:43:27,266 Running job "checker (trigger: interval[0:00:05], next run at: 2025-01-10 20:43:32 +05)" (scheduled at 2025-01-10 20:43:27.258969+05:00)
2025-01-10 20:43:27,266 Job "checker (trigger: interval[0:00:05], next run at: 2025-01-10 20:43:32 +05)" executed successfully
2025-01-10 20:43:32,264 Looking for jobs to run
2025-01-10 20:43:32,265 Next wakeup is due at 2025-01-10 20:43:37.258969+05:00 (in 4.993931 seconds)
2025-01-10 20:43:32,265 Running job "checker (trigger: interval[0:00:05], next run at: 2025-01-10 20:43:37 +05)" (scheduled at 2025-01-10 20:43:32.258969+05:00)
2025-01-10 20:43:32,265 Job "checker (trigger: interval[0:00:05], next run at: 2025-01-10 20:43:37 +05)" executed successfully
2025-01-10 20:43:37,261 Looking for jobs to run
2025-01-10 20:43:37,261 Next wakeup is due at 2025-01-10 20:43:42.258969+05:00 (in 4.997545 seconds)
2025-01-10 20:43:37,261 Running job "checker (trigger: interval[0:00:05], next run at: 2025-01-10 20:43:42 +05)" (scheduled at 2025-01-10 20:43:37.258969+05:00)
2025-01-10 20:43:37,261 Job "checker (trigger: interval[0:00:05], next run at: 2025-01-10 20:43:42 +05)" executed successfully
2025-01-10 20:43:42,261 Looking for jobs to run
2025-01-10 20:43:42,261 Next wakeup is due at 2025-01-10 20:43:47.258969+05:00 (in 4.997148 seconds)
2025-01-10 20:43:42,262 Running job "checker (trigger: interval[0:00:05], next run at: 2025-01-10 20:43:47 +05)" (scheduled at 2025-01-10 20:43:42.258969+05:00)
2025-01-10 20:43:42,262 Job "checker (trigger: interval[0:00:05], next run at: 2025-01-10 20:43:47 +05)" executed successfully
2025-01-10 20:43:47,263 Looking for jobs to run
2025-01-10 20:43:47,264 Next wakeup is due at 2025-01-10 20:43:52.258969+05:00 (in 4.995009 seconds)
2025-01-10 20:43:47,264 Running job "checker (trigger: interval[0:00:05], next run at: 2025-01-10 20:43:52 +05)" (scheduled at 2025-01-10 20:43:47.258969+05:00)
2025-01-10 20:43:47,264 Job "checker (trigger: interval[0:00:05], next run at: 2025-01-10 20:43:52 +05)" executed successfully
2025-01-10 20:43:52,263 Looking for jobs to run
2025-01-10 20:43:52,263 Next wakeup is due at 2025-01-10 20:43:57.258969+05:00 (in 4.995054 seconds)
2025-01-10 20:43:52,264 Running job "checker (trigger: interval[0:00:05], next run at: 2025-01-10 20:43:57 +05)" (scheduled at 2025-01-10 20:43:52.258969+05:00)
2025-01-10 20:43:52,264 Job "checker (trigger: interval[0:00:05], next run at: 2025-01-10 20:43:57 +05)" executed successfully
2025-01-10 20:43:57,259 Looking for jobs to run
2025-01-10 20:43:57,260 Next wakeup is due at 2025-01-10 20:44:02.258969+05:00 (in 4.998403 seconds)
2025-01-10 20:43:57,260 Running job "checker (trigger: interval[0:00:05], next run at: 2025-01-10 20:44:02 +05)" (scheduled at 2025-01-10 20:43:57.258969+05:00)
2025-01-10 20:43:57,260 Job "checker (trigger: interval[0:00:05], next run at: 2025-01-10 20:44:02 +05)" executed successfully
2025-01-10 20:44:02,260 Looking for jobs to run
2025-01-10 20:44:02,261 Next wakeup is due at 2025-01-10 20:44:07.258969+05:00 (in 4.997862 seconds)
2025-01-10 20:44:02,261 Running job "checker (trigger: interval[0:00:05], next run at: 2025-01-10 20:44:07 +05)" (scheduled at 2025-01-10 20:44:02.258969+05:00)
2025-01-10 20:44:02,261 Job "checker (trigger: interval[0:00:05], next run at: 2025-01-10 20:44:07 +05)" executed successfully
2025-01-10 20:44:07,263 Looking for jobs to run
2025-01-10 20:44:07,265 Next wakeup is due at 2025-01-10 20:44:12.258969+05:00 (in 4.993362 seconds)
2025-01-10 20:44:07,265 Running job "checker (trigger: interval[0:00:05], next run at: 2025-01-10 20:44:12 +05)" (scheduled at 2025-01-10 20:44:07.258969+05:00)
2025-01-10 20:44:07,266 Job "checker (trigger: interval[0:00:05], next run at: 2025-01-10 20:44:12 +05)" executed successfully
2025-01-10 20:44:12,263 Looking for jobs to run
2025-01-10 20:44:12,263 Next wakeup is due at 2025-01-10 20:44:17.258969+05:00 (in 4.995437 seconds)
2025-01-10 20:44:12,263 Running job "checker (trigger: interval[0:00:05], next run at: 2025-01-10 20:44:17 +05)" (scheduled at 2025-01-10 20:44:12.258969+05:00)
2025-01-10 20:44:12,263 Job "checker (trigger: interval[0:00:05], next run at: 2025-01-10 20:44:17 +05)" executed successfully
2025-01-10 20:44:17,260 Looking for jobs to run
2025-01-10 20:44:17,261 Next wakeup is due at 2025-01-10 20:44:22.258969+05:00 (in 4.997576 seconds)
2025-01-10 20:44:17,261 Running job "checker (trigger: interval[0:00:05], next run at: 2025-01-10 20:44:22 +05)" (scheduled at 2025-01-10 20:44:17.258969+05:00)
2025-01-10 20:44:17,261 Job "checker (trigger: interval[0:00:05], next run at: 2025-01-10 20:44:22 +05)" executed successfully
2025-01-10 20:44:22,261 Looking for jobs to run
2025-01-10 20:44:22,261 Next wakeup is due at 2025-01-10 20:44:27.258969+05:00 (in 4.997229 seconds)
2025-01-10 20:44:22,261 Running job "checker (trigger: interval[0:00:05], next run at: 2025-01-10 20:44:27 +05)" (scheduled at 2025-01-10 20:44:22.258969+05:00)
2025-01-10 20:44:22,262 Job "checker (trigger: interval[0:00:05], next run at: 2025-01-10 20:44:27 +05)" executed successfully
2025-01-10 20:44:27,263 Looking for jobs to run
2025-01-10 20:44:27,263 Next wakeup is due at 2025-01-10 20:44:32.258969+05:00 (in 4.995308 seconds)
2025-01-10 20:44:27,263 Running job "checker (trigger: interval[0:00:05], next run at: 2025-01-10 20:44:32 +05)" (scheduled at 2025-01-10 20:44:27.258969+05:00)
2025-01-10 20:44:27,263 Job "checker (trigger: interval[0:00:05], next run at: 2025-01-10 20:44:32 +05)" executed successfully
2025-01-10 20:44:32,263 Looking for jobs to run
2025-01-10 20:44:32,263 Next wakeup is due at 2025-01-10 20:44:37.258969+05:00 (in 4.995358 seconds)
2025-01-10 20:44:32,263 Running job "checker (trigger: interval[0:00:05], next run at: 2025-01-10 20:44:37 +05)" (scheduled at 2025-01-10 20:44:32.258969+05:00)
2025-01-10 20:44:32,264 Job "checker (trigger: interval[0:00:05], next run at: 2025-01-10 20:44:37 +05)" executed successfully
2025-01-10 20:44:37,261 Looking for jobs to run
2025-01-10 20:44:37,261 Next wakeup is due at 2025-01-10 20:44:42.258969+05:00 (in 4.997215 seconds)
2025-01-10 20:44:37,261 Running job "checker (trigger: interval[0:00:05], next run at: 2025-01-10 20:44:42 +05)" (scheduled at 2025-01-10 20:44:37.258969+05:00)
2025-01-10 20:44:37,262 Job "checker (trigger: interval[0:00:05], next run at: 2025-01-10 20:44:42 +05)" executed successfully
2025-01-10 20:44:40,380 Infinity polling: polling exited
2025-01-10 20:44:40,382 Break infinity polling
