2025-01-06 21:44:06,682 Adding job tentatively -- it will be properly scheduled when the scheduler starts
2025-01-06 21:44:06,683 Added job "checker" to job store "default"
2025-01-06 21:44:06,684 Scheduler started
2025-01-06 21:44:06,687 Looking for jobs to run
2025-01-06 21:44:06,687 Next wakeup is due at 2025-01-06 21:44:11.682123+05:00 (in 4.994757 seconds)
2025-01-06 21:44:11,685 Looking for jobs to run
2025-01-06 21:44:11,685 Next wakeup is due at 2025-01-06 21:44:16.682123+05:00 (in 4.996481 seconds)
2025-01-06 21:44:11,685 Running job "checker (trigger: interval[0:00:05], next run at: 2025-01-06 21:44:16 +05)" (scheduled at 2025-01-06 21:44:11.682123+05:00)
2025-01-06 21:44:11,686 Job "checker (trigger: interval[0:00:05], next run at: 2025-01-06 21:44:16 +05)" executed successfully
2025-01-06 21:44:13,238 executing <function connect.<locals>.connector at 0x7f98653ec9a0>
2025-01-06 21:44:13,246 operation <function connect.<locals>.connector at 0x7f98653ec9a0> completed
2025-01-06 21:44:13,247 executing functools.partial(<built-in method execute of sqlite3.Connection object at 0x7f98655c5f30>, 'PRAGMA foreign_keys = ON', [])
2025-01-06 21:44:13,252 operation functools.partial(<built-in method execute of sqlite3.Connection object at 0x7f98655c5f30>, 'PRAGMA foreign_keys = ON', []) completed
2025-01-06 21:44:13,253 executing functools.partial(<built-in method execute of sqlite3.Connection object at 0x7f98655c5f30>, '\n                    CREATE TABLE IF NOT EXISTS users (\n                        chat_id INTEGER,\n                        topic_id INTEGER,\n                        user_name TEXT,\n                        PRIMARY KEY (chat_id, topic_id)\n                    )\n                ', [])
2025-01-06 21:44:13,255 operation functools.partial(<built-in method execute of sqlite3.Connection object at 0x7f98655c5f30>, '\n                    CREATE TABLE IF NOT EXISTS users (\n                        chat_id INTEGER,\n                        topic_id INTEGER,\n                        user_name TEXT,\n                        PRIMARY KEY (chat_id, topic_id)\n                    )\n                ', []) completed
2025-01-06 21:44:13,255 executing functools.partial(<built-in method execute of sqlite3.Connection object at 0x7f98655c5f30>, '\n                    CREATE TABLE IF NOT EXISTS group_messages (\n                        topic_id INTEGER,\n                        message_id INTEGER,\n                        local_id INTEGER,\n                        PRIMARY KEY (topic_id, local_id)\n                    )\n                ', [])
2025-01-06 21:44:13,256 operation functools.partial(<built-in method execute of sqlite3.Connection object at 0x7f98655c5f30>, '\n                    CREATE TABLE IF NOT EXISTS group_messages (\n                        topic_id INTEGER,\n                        message_id INTEGER,\n                        local_id INTEGER,\n                        PRIMARY KEY (topic_id, local_id)\n                    )\n                ', []) completed
2025-01-06 21:44:13,256 executing functools.partial(<built-in method execute of sqlite3.Connection object at 0x7f98655c5f30>, '\n                    CREATE TABLE IF NOT EXISTS private_messages (\n                        chat_id INTEGER,\n                        message_id INTEGER,\n                        local_id INTEGER,\n                        PRIMARY KEY (chat_id, local_id)\n                    )\n                ', [])
2025-01-06 21:44:13,256 operation functools.partial(<built-in method execute of sqlite3.Connection object at 0x7f98655c5f30>, '\n                    CREATE TABLE IF NOT EXISTS private_messages (\n                        chat_id INTEGER,\n                        message_id INTEGER,\n                        local_id INTEGER,\n                        PRIMARY KEY (chat_id, local_id)\n                    )\n                ', []) completed
2025-01-06 21:44:13,256 executing functools.partial(<built-in method commit of sqlite3.Connection object at 0x7f98655c5f30>)
2025-01-06 21:44:13,256 operation functools.partial(<built-in method commit of sqlite3.Connection object at 0x7f98655c5f30>) completed
2025-01-06 21:44:13,256 executing functools.partial(<built-in method execute of sqlite3.Connection object at 0x7f98655c5f30>, 'SELECT topic_id FROM users WHERE chat_id = ?', (5434361630,))
2025-01-06 21:44:13,257 operation functools.partial(<built-in method execute of sqlite3.Connection object at 0x7f98655c5f30>, 'SELECT topic_id FROM users WHERE chat_id = ?', (5434361630,)) completed
2025-01-06 21:44:13,257 executing functools.partial(<built-in method fetchone of sqlite3.Cursor object at 0x7f986538ca40>)
2025-01-06 21:44:13,257 operation functools.partial(<built-in method fetchone of sqlite3.Cursor object at 0x7f986538ca40>) completed
2025-01-06 21:44:13,257 executing functools.partial(<built-in method close of sqlite3.Cursor object at 0x7f986538ca40>)
2025-01-06 21:44:13,257 operation functools.partial(<built-in method close of sqlite3.Cursor object at 0x7f986538ca40>) completed
2025-01-06 21:44:13,259 executing <function connect.<locals>.connector at 0x7f98653ec900>
2025-01-06 21:44:13,259 operation <function connect.<locals>.connector at 0x7f98653ec900> completed
2025-01-06 21:44:13,261 executing functools.partial(<built-in method execute of sqlite3.Connection object at 0x7f98655c55d0>, 'PRAGMA foreign_keys = ON', [])
2025-01-06 21:44:13,261 operation functools.partial(<built-in method execute of sqlite3.Connection object at 0x7f98655c55d0>, 'PRAGMA foreign_keys = ON', []) completed
2025-01-06 21:44:13,261 executing functools.partial(<built-in method execute of sqlite3.Connection object at 0x7f98655c55d0>, '\n            CREATE TABLE IF NOT EXISTS users (\n                chat_id INTEGER,\n                topic_id INTEGER,\n                user_name TEXT,\n                PRIMARY KEY (chat_id, topic_id)\n            )\n        ', [])
2025-01-06 21:44:13,262 operation functools.partial(<built-in method execute of sqlite3.Connection object at 0x7f98655c55d0>, '\n            CREATE TABLE IF NOT EXISTS users (\n                chat_id INTEGER,\n                topic_id INTEGER,\n                user_name TEXT,\n                PRIMARY KEY (chat_id, topic_id)\n            )\n        ', []) completed
2025-01-06 21:44:13,262 executing functools.partial(<built-in method execute of sqlite3.Connection object at 0x7f98655c55d0>, '\n            CREATE TABLE IF NOT EXISTS group_messages (\n                topic_id INTEGER,\n                message_id INTEGER,\n                local_id INTEGER,\n                PRIMARY KEY (topic_id, local_id)\n            )\n        ', [])
2025-01-06 21:44:13,262 operation functools.partial(<built-in method execute of sqlite3.Connection object at 0x7f98655c55d0>, '\n            CREATE TABLE IF NOT EXISTS group_messages (\n                topic_id INTEGER,\n                message_id INTEGER,\n                local_id INTEGER,\n                PRIMARY KEY (topic_id, local_id)\n            )\n        ', []) completed
2025-01-06 21:44:13,262 executing functools.partial(<built-in method execute of sqlite3.Connection object at 0x7f98655c55d0>, '\n            CREATE TABLE IF NOT EXISTS private_messages (\n                chat_id INTEGER,\n                message_id INTEGER,\n                local_id INTEGER,\n                PRIMARY KEY (chat_id, local_id)\n            )\n        ', [])
2025-01-06 21:44:13,262 operation functools.partial(<built-in method execute of sqlite3.Connection object at 0x7f98655c55d0>, '\n            CREATE TABLE IF NOT EXISTS private_messages (\n                chat_id INTEGER,\n                message_id INTEGER,\n                local_id INTEGER,\n                PRIMARY KEY (chat_id, local_id)\n            )\n        ', []) completed
2025-01-06 21:44:13,263 executing functools.partial(<built-in method commit of sqlite3.Connection object at 0x7f98655c55d0>)
2025-01-06 21:44:13,263 operation functools.partial(<built-in method commit of sqlite3.Connection object at 0x7f98655c55d0>) completed
2025-01-06 21:44:13,264 executing functools.partial(<built-in method execute of sqlite3.Connection object at 0x7f98655c55d0>, 'SELECT topic_id FROM users WHERE chat_id = ? AND user_name = ?', (5434361630, 'yadgenn'))
2025-01-06 21:44:13,264 operation functools.partial(<built-in method execute of sqlite3.Connection object at 0x7f98655c55d0>, 'SELECT topic_id FROM users WHERE chat_id = ? AND user_name = ?', (5434361630, 'yadgenn')) completed
2025-01-06 21:44:13,264 executing functools.partial(<built-in method fetchone of sqlite3.Cursor object at 0x7f986538d040>)
2025-01-06 21:44:13,264 operation functools.partial(<built-in method fetchone of sqlite3.Cursor object at 0x7f986538d040>) completed
2025-01-06 21:44:13,264 executing functools.partial(<built-in method close of sqlite3.Cursor object at 0x7f986538d040>)
2025-01-06 21:44:13,265 operation functools.partial(<built-in method close of sqlite3.Cursor object at 0x7f986538d040>) completed
2025-01-06 21:44:13,952 executing functools.partial(<built-in method execute of sqlite3.Connection object at 0x7f98655c55d0>, 'SELECT chat_id FROM users WHERE topic_id = ?', (None,))
2025-01-06 21:44:13,952 operation functools.partial(<built-in method execute of sqlite3.Connection object at 0x7f98655c55d0>, 'SELECT chat_id FROM users WHERE topic_id = ?', (None,)) completed
2025-01-06 21:44:13,953 executing functools.partial(<built-in method fetchone of sqlite3.Cursor object at 0x7f986538d040>)
2025-01-06 21:44:13,953 operation functools.partial(<built-in method fetchone of sqlite3.Cursor object at 0x7f986538d040>) completed
2025-01-06 21:44:13,953 executing functools.partial(<built-in method close of sqlite3.Cursor object at 0x7f986538d040>)
2025-01-06 21:44:13,953 operation functools.partial(<built-in method close of sqlite3.Cursor object at 0x7f986538d040>) completed
2025-01-06 21:44:13,953 executing functools.partial(<built-in method execute of sqlite3.Connection object at 0x7f98655c55d0>, 'DELETE FROM group_messages WHERE topic_id = ?', (None,))
2025-01-06 21:44:13,953 operation functools.partial(<built-in method execute of sqlite3.Connection object at 0x7f98655c55d0>, 'DELETE FROM group_messages WHERE topic_id = ?', (None,)) completed
2025-01-06 21:44:13,954 executing functools.partial(<built-in method commit of sqlite3.Connection object at 0x7f98655c55d0>)
2025-01-06 21:44:13,954 operation functools.partial(<built-in method commit of sqlite3.Connection object at 0x7f98655c55d0>) completed
2025-01-06 21:44:14,174 executing functools.partial(<built-in method execute of sqlite3.Connection object at 0x7f98655c55d0>, '\n            UPDATE users \n            SET topic_id = ? \n            WHERE chat_id = ?\n        ', (1479, 5434361630))
2025-01-06 21:44:14,175 operation functools.partial(<built-in method execute of sqlite3.Connection object at 0x7f98655c55d0>, '\n            UPDATE users \n            SET topic_id = ? \n            WHERE chat_id = ?\n        ', (1479, 5434361630)) completed
2025-01-06 21:44:14,176 executing functools.partial(<built-in method commit of sqlite3.Connection object at 0x7f98655c55d0>)
2025-01-06 21:44:14,181 operation functools.partial(<built-in method commit of sqlite3.Connection object at 0x7f98655c55d0>) completed
2025-01-06 21:44:14,181 executing functools.partial(<built-in method execute of sqlite3.Connection object at 0x7f98655c55d0>, 'SELECT topic_id FROM users WHERE chat_id = ? AND user_name = ?', (5434361630, 'yadgenn'))
2025-01-06 21:44:14,181 operation functools.partial(<built-in method execute of sqlite3.Connection object at 0x7f98655c55d0>, 'SELECT topic_id FROM users WHERE chat_id = ? AND user_name = ?', (5434361630, 'yadgenn')) completed
2025-01-06 21:44:14,182 executing functools.partial(<built-in method fetchone of sqlite3.Cursor object at 0x7f98653820c0>)
2025-01-06 21:44:14,182 operation functools.partial(<built-in method fetchone of sqlite3.Cursor object at 0x7f98653820c0>) completed
2025-01-06 21:44:14,182 executing functools.partial(<built-in method close of sqlite3.Cursor object at 0x7f98653820c0>)
2025-01-06 21:44:14,182 operation functools.partial(<built-in method close of sqlite3.Cursor object at 0x7f98653820c0>) completed
2025-01-06 21:44:14,602 executing functools.partial(<built-in method execute of sqlite3.Connection object at 0x7f98655c55d0>, 'SELECT topic_id FROM users WHERE chat_id = ?', (5434361630,))
2025-01-06 21:44:14,602 operation functools.partial(<built-in method execute of sqlite3.Connection object at 0x7f98655c55d0>, 'SELECT topic_id FROM users WHERE chat_id = ?', (5434361630,)) completed
2025-01-06 21:44:14,603 executing functools.partial(<built-in method fetchone of sqlite3.Cursor object at 0x7f98653820c0>)
2025-01-06 21:44:14,603 operation functools.partial(<built-in method fetchone of sqlite3.Cursor object at 0x7f98653820c0>) completed
2025-01-06 21:44:14,603 executing functools.partial(<built-in method close of sqlite3.Cursor object at 0x7f98653820c0>)
2025-01-06 21:44:14,603 operation functools.partial(<built-in method close of sqlite3.Cursor object at 0x7f98653820c0>) completed
2025-01-06 21:44:14,603 executing functools.partial(<built-in method execute of sqlite3.Connection object at 0x7f98655c55d0>, 'SELECT MAX(local_id) FROM group_messages WHERE topic_id = ?', (1479,))
2025-01-06 21:44:14,604 operation functools.partial(<built-in method execute of sqlite3.Connection object at 0x7f98655c55d0>, 'SELECT MAX(local_id) FROM group_messages WHERE topic_id = ?', (1479,)) completed
2025-01-06 21:44:14,604 executing functools.partial(<built-in method fetchone of sqlite3.Cursor object at 0x7f98653820c0>)
2025-01-06 21:44:14,604 operation functools.partial(<built-in method fetchone of sqlite3.Cursor object at 0x7f98653820c0>) completed
2025-01-06 21:44:14,604 executing functools.partial(<built-in method close of sqlite3.Cursor object at 0x7f98653820c0>)
2025-01-06 21:44:14,604 operation functools.partial(<built-in method close of sqlite3.Cursor object at 0x7f98653820c0>) completed
2025-01-06 21:44:14,604 executing functools.partial(<built-in method execute of sqlite3.Connection object at 0x7f98655c55d0>, '\n                    INSERT INTO group_messages (topic_id, message_id, local_id)\n                    VALUES (?, ?, ?)\n                ', (1479, 1480, 1))
2025-01-06 21:44:14,605 operation functools.partial(<built-in method execute of sqlite3.Connection object at 0x7f98655c55d0>, '\n                    INSERT INTO group_messages (topic_id, message_id, local_id)\n                    VALUES (?, ?, ?)\n                ', (1479, 1480, 1)) completed
2025-01-06 21:44:14,605 executing functools.partial(<built-in method execute of sqlite3.Connection object at 0x7f98655c55d0>, 'SELECT MAX(local_id) FROM private_messages WHERE chat_id = ?', (5434361630,))
2025-01-06 21:44:14,605 operation functools.partial(<built-in method execute of sqlite3.Connection object at 0x7f98655c55d0>, 'SELECT MAX(local_id) FROM private_messages WHERE chat_id = ?', (5434361630,)) completed
2025-01-06 21:44:14,606 executing functools.partial(<built-in method fetchone of sqlite3.Cursor object at 0x7f9865380bc0>)
2025-01-06 21:44:14,606 operation functools.partial(<built-in method fetchone of sqlite3.Cursor object at 0x7f9865380bc0>) completed
2025-01-06 21:44:14,606 executing functools.partial(<built-in method close of sqlite3.Cursor object at 0x7f9865380bc0>)
2025-01-06 21:44:14,606 operation functools.partial(<built-in method close of sqlite3.Cursor object at 0x7f9865380bc0>) completed
2025-01-06 21:44:14,606 executing functools.partial(<built-in method execute of sqlite3.Connection object at 0x7f98655c55d0>, '\n                    INSERT INTO private_messages (chat_id, message_id, local_id)\n                    VALUES (?, ?, ?)\n                ', (5434361630, 23386, 10))
2025-01-06 21:44:14,606 operation functools.partial(<built-in method execute of sqlite3.Connection object at 0x7f98655c55d0>, '\n                    INSERT INTO private_messages (chat_id, message_id, local_id)\n                    VALUES (?, ?, ?)\n                ', (5434361630, 23386, 10)) completed
2025-01-06 21:44:14,607 executing functools.partial(<built-in method commit of sqlite3.Connection object at 0x7f98655c55d0>)
2025-01-06 21:44:14,613 operation functools.partial(<built-in method commit of sqlite3.Connection object at 0x7f98655c55d0>) completed
2025-01-06 21:44:16,684 Looking for jobs to run
2025-01-06 21:44:16,684 Next wakeup is due at 2025-01-06 21:44:21.682123+05:00 (in 4.997615 seconds)
2025-01-06 21:44:16,684 Running job "checker (trigger: interval[0:00:05], next run at: 2025-01-06 21:44:21 +05)" (scheduled at 2025-01-06 21:44:16.682123+05:00)
2025-01-06 21:44:16,685 Job "checker (trigger: interval[0:00:05], next run at: 2025-01-06 21:44:21 +05)" executed successfully
2025-01-06 21:44:21,687 Looking for jobs to run
2025-01-06 21:44:21,688 Next wakeup is due at 2025-01-06 21:44:26.682123+05:00 (in 4.993657 seconds)
2025-01-06 21:44:21,688 Running job "checker (trigger: interval[0:00:05], next run at: 2025-01-06 21:44:26 +05)" (scheduled at 2025-01-06 21:44:21.682123+05:00)
2025-01-06 21:44:21,689 Job "checker (trigger: interval[0:00:05], next run at: 2025-01-06 21:44:26 +05)" executed successfully
2025-01-06 21:44:26,685 Looking for jobs to run
2025-01-06 21:44:26,686 Next wakeup is due at 2025-01-06 21:44:31.682123+05:00 (in 4.995663 seconds)
2025-01-06 21:44:26,686 Running job "checker (trigger: interval[0:00:05], next run at: 2025-01-06 21:44:31 +05)" (scheduled at 2025-01-06 21:44:26.682123+05:00)
2025-01-06 21:44:26,686 Job "checker (trigger: interval[0:00:05], next run at: 2025-01-06 21:44:31 +05)" executed successfully
2025-01-06 21:44:31,684 Looking for jobs to run
2025-01-06 21:44:31,684 Next wakeup is due at 2025-01-06 21:44:36.682123+05:00 (in 4.997590 seconds)
2025-01-06 21:44:31,685 Running job "checker (trigger: interval[0:00:05], next run at: 2025-01-06 21:44:36 +05)" (scheduled at 2025-01-06 21:44:31.682123+05:00)
2025-01-06 21:44:31,685 Job "checker (trigger: interval[0:00:05], next run at: 2025-01-06 21:44:36 +05)" executed successfully
2025-01-06 21:44:36,683 Looking for jobs to run
2025-01-06 21:44:36,684 Next wakeup is due at 2025-01-06 21:44:41.682123+05:00 (in 4.997557 seconds)
2025-01-06 21:44:36,684 Running job "checker (trigger: interval[0:00:05], next run at: 2025-01-06 21:44:41 +05)" (scheduled at 2025-01-06 21:44:36.682123+05:00)
2025-01-06 21:44:36,684 Job "checker (trigger: interval[0:00:05], next run at: 2025-01-06 21:44:41 +05)" executed successfully
2025-01-06 21:44:41,684 Looking for jobs to run
2025-01-06 21:44:41,684 Next wakeup is due at 2025-01-06 21:44:46.682123+05:00 (in 4.997622 seconds)
2025-01-06 21:44:41,684 Running job "checker (trigger: interval[0:00:05], next run at: 2025-01-06 21:44:46 +05)" (scheduled at 2025-01-06 21:44:41.682123+05:00)
2025-01-06 21:44:41,684 Job "checker (trigger: interval[0:00:05], next run at: 2025-01-06 21:44:46 +05)" executed successfully
2025-01-06 21:44:43,024 Infinity polling: polling exited
2025-01-06 21:44:43,025 Break infinity polling
