2025-01-06 15:55:15,662 Adding job tentatively -- it will be properly scheduled when the scheduler starts
2025-01-06 15:55:15,663 Added job "checker" to job store "default"
2025-01-06 15:55:15,663 Scheduler started
2025-01-06 15:55:15,672 Looking for jobs to run
2025-01-06 15:55:15,672 Next wakeup is due at 2025-01-06 15:55:20.662572+05:00 (in 4.989653 seconds)
2025-01-06 15:55:20,665 Looking for jobs to run
2025-01-06 15:55:20,665 Next wakeup is due at 2025-01-06 15:55:25.662572+05:00 (in 4.996994 seconds)
2025-01-06 15:55:20,665 Running job "checker (trigger: interval[0:00:05], next run at: 2025-01-06 15:55:25 +05)" (scheduled at 2025-01-06 15:55:20.662572+05:00)
2025-01-06 15:55:20,666 Job "checker (trigger: interval[0:00:05], next run at: 2025-01-06 15:55:25 +05)" executed successfully
2025-01-06 15:55:25,668 Looking for jobs to run
2025-01-06 15:55:25,668 Next wakeup is due at 2025-01-06 15:55:30.662572+05:00 (in 4.993670 seconds)
2025-01-06 15:55:25,669 Running job "checker (trigger: interval[0:00:05], next run at: 2025-01-06 15:55:30 +05)" (scheduled at 2025-01-06 15:55:25.662572+05:00)
2025-01-06 15:55:25,669 Job "checker (trigger: interval[0:00:05], next run at: 2025-01-06 15:55:30 +05)" executed successfully
2025-01-06 15:55:30,668 Looking for jobs to run
2025-01-06 15:55:30,668 Next wakeup is due at 2025-01-06 15:55:35.662572+05:00 (in 4.993605 seconds)
2025-01-06 15:55:30,669 Running job "checker (trigger: interval[0:00:05], next run at: 2025-01-06 15:55:35 +05)" (scheduled at 2025-01-06 15:55:30.662572+05:00)
2025-01-06 15:55:30,669 Job "checker (trigger: interval[0:00:05], next run at: 2025-01-06 15:55:35 +05)" executed successfully
2025-01-06 15:55:35,665 Looking for jobs to run
2025-01-06 15:55:35,665 Next wakeup is due at 2025-01-06 15:55:40.662572+05:00 (in 4.996717 seconds)
2025-01-06 15:55:35,666 Running job "checker (trigger: interval[0:00:05], next run at: 2025-01-06 15:55:40 +05)" (scheduled at 2025-01-06 15:55:35.662572+05:00)
2025-01-06 15:55:35,666 Job "checker (trigger: interval[0:00:05], next run at: 2025-01-06 15:55:40 +05)" executed successfully
2025-01-06 15:55:40,665 Looking for jobs to run
2025-01-06 15:55:40,666 Next wakeup is due at 2025-01-06 15:55:45.662572+05:00 (in 4.996381 seconds)
2025-01-06 15:55:40,666 Running job "checker (trigger: interval[0:00:05], next run at: 2025-01-06 15:55:45 +05)" (scheduled at 2025-01-06 15:55:40.662572+05:00)
2025-01-06 15:55:40,666 Job "checker (trigger: interval[0:00:05], next run at: 2025-01-06 15:55:45 +05)" executed successfully
2025-01-06 15:55:45,665 Looking for jobs to run
2025-01-06 15:55:45,665 Next wakeup is due at 2025-01-06 15:55:50.662572+05:00 (in 4.997147 seconds)
2025-01-06 15:55:45,665 Running job "checker (trigger: interval[0:00:05], next run at: 2025-01-06 15:55:50 +05)" (scheduled at 2025-01-06 15:55:45.662572+05:00)
2025-01-06 15:55:45,665 Job "checker (trigger: interval[0:00:05], next run at: 2025-01-06 15:55:50 +05)" executed successfully
2025-01-06 15:55:50,666 Looking for jobs to run
2025-01-06 15:55:50,666 Next wakeup is due at 2025-01-06 15:55:55.662572+05:00 (in 4.995633 seconds)
2025-01-06 15:55:50,667 Running job "checker (trigger: interval[0:00:05], next run at: 2025-01-06 15:55:55 +05)" (scheduled at 2025-01-06 15:55:50.662572+05:00)
2025-01-06 15:55:50,667 Job "checker (trigger: interval[0:00:05], next run at: 2025-01-06 15:55:55 +05)" executed successfully
2025-01-06 15:55:55,666 Looking for jobs to run
2025-01-06 15:55:55,666 Next wakeup is due at 2025-01-06 15:56:00.662572+05:00 (in 4.995830 seconds)
2025-01-06 15:55:55,667 Running job "checker (trigger: interval[0:00:05], next run at: 2025-01-06 15:56:00 +05)" (scheduled at 2025-01-06 15:55:55.662572+05:00)
2025-01-06 15:55:55,667 Job "checker (trigger: interval[0:00:05], next run at: 2025-01-06 15:56:00 +05)" executed successfully
2025-01-06 15:56:00,664 Looking for jobs to run
2025-01-06 15:56:00,664 Next wakeup is due at 2025-01-06 15:56:05.662572+05:00 (in 4.997714 seconds)
2025-01-06 15:56:00,665 Running job "checker (trigger: interval[0:00:05], next run at: 2025-01-06 15:56:05 +05)" (scheduled at 2025-01-06 15:56:00.662572+05:00)
2025-01-06 15:56:00,665 Job "checker (trigger: interval[0:00:05], next run at: 2025-01-06 15:56:05 +05)" executed successfully
2025-01-06 15:56:05,668 Looking for jobs to run
2025-01-06 15:56:05,669 Next wakeup is due at 2025-01-06 15:56:10.662572+05:00 (in 4.993184 seconds)
2025-01-06 15:56:05,669 Running job "checker (trigger: interval[0:00:05], next run at: 2025-01-06 15:56:10 +05)" (scheduled at 2025-01-06 15:56:05.662572+05:00)
2025-01-06 15:56:05,669 Job "checker (trigger: interval[0:00:05], next run at: 2025-01-06 15:56:10 +05)" executed successfully
2025-01-06 15:56:10,141 Infinity polling: polling exited
2025-01-06 15:56:10,141 Break infinity polling
