2025-01-06 20:45:46,969 Adding job tentatively -- it will be properly scheduled when the scheduler starts
2025-01-06 20:45:46,971 Added job "checker" to job store "default"
2025-01-06 20:45:46,971 Scheduler started
2025-01-06 20:45:46,973 Looking for jobs to run
2025-01-06 20:45:46,973 Next wakeup is due at 2025-01-06 20:45:51.969334+05:00 (in 4.995538 seconds)
2025-01-06 20:45:48,025 executing <function connect.<locals>.connector at 0x7fe2b9b187c0>
2025-01-06 20:45:48,029 operation <function connect.<locals>.connector at 0x7fe2b9b187c0> completed
2025-01-06 20:45:48,030 executing functools.partial(<built-in method execute of sqlite3.Connection object at 0x7fe2b9cfdd50>, 'PRAGMA foreign_keys = ON', [])
2025-01-06 20:45:48,032 operation functools.partial(<built-in method execute of sqlite3.Connection object at 0x7fe2b9cfdd50>, 'PRAGMA foreign_keys = ON', []) completed
2025-01-06 20:45:48,032 executing functools.partial(<built-in method execute of sqlite3.Connection object at 0x7fe2b9cfdd50>, '\n                    CREATE TABLE IF NOT EXISTS users (\n                        chat_id INTEGER,\n                        topic_id INTEGER,\n                        user_name TEXT,\n                        PRIMARY KEY (chat_id, topic_id)\n                    )\n                ', [])
2025-01-06 20:45:48,033 operation functools.partial(<built-in method execute of sqlite3.Connection object at 0x7fe2b9cfdd50>, '\n                    CREATE TABLE IF NOT EXISTS users (\n                        chat_id INTEGER,\n                        topic_id INTEGER,\n                        user_name TEXT,\n                        PRIMARY KEY (chat_id, topic_id)\n                    )\n                ', []) completed
2025-01-06 20:45:48,033 executing functools.partial(<built-in method execute of sqlite3.Connection object at 0x7fe2b9cfdd50>, '\n                    CREATE TABLE IF NOT EXISTS group_messages (\n                        topic_id INTEGER,\n                        message_id INTEGER,\n                        local_id INTEGER,\n                        PRIMARY KEY (topic_id, local_id)\n                    )\n                ', [])
2025-01-06 20:45:48,033 operation functools.partial(<built-in method execute of sqlite3.Connection object at 0x7fe2b9cfdd50>, '\n                    CREATE TABLE IF NOT EXISTS group_messages (\n                        topic_id INTEGER,\n                        message_id INTEGER,\n                        local_id INTEGER,\n                        PRIMARY KEY (topic_id, local_id)\n                    )\n                ', []) completed
2025-01-06 20:45:48,033 executing functools.partial(<built-in method execute of sqlite3.Connection object at 0x7fe2b9cfdd50>, '\n                    CREATE TABLE IF NOT EXISTS private_messages (\n                        chat_id INTEGER,\n                        message_id INTEGER,\n                        local_id INTEGER,\n                        PRIMARY KEY (chat_id, local_id)\n                    )\n                ', [])
2025-01-06 20:45:48,033 operation functools.partial(<built-in method execute of sqlite3.Connection object at 0x7fe2b9cfdd50>, '\n                    CREATE TABLE IF NOT EXISTS private_messages (\n                        chat_id INTEGER,\n                        message_id INTEGER,\n                        local_id INTEGER,\n                        PRIMARY KEY (chat_id, local_id)\n                    )\n                ', []) completed
2025-01-06 20:45:48,033 executing functools.partial(<built-in method commit of sqlite3.Connection object at 0x7fe2b9cfdd50>)
2025-01-06 20:45:48,033 operation functools.partial(<built-in method commit of sqlite3.Connection object at 0x7fe2b9cfdd50>) completed
2025-01-06 20:45:48,034 executing functools.partial(<built-in method execute of sqlite3.Connection object at 0x7fe2b9cfdd50>, 'SELECT topic_id FROM users WHERE chat_id = ?', (5434361630,))
2025-01-06 20:45:48,034 operation functools.partial(<built-in method execute of sqlite3.Connection object at 0x7fe2b9cfdd50>, 'SELECT topic_id FROM users WHERE chat_id = ?', (5434361630,)) completed
2025-01-06 20:45:48,034 executing functools.partial(<built-in method fetchone of sqlite3.Cursor object at 0x7fe2b9ab9340>)
2025-01-06 20:45:48,034 operation functools.partial(<built-in method fetchone of sqlite3.Cursor object at 0x7fe2b9ab9340>) completed
2025-01-06 20:45:48,034 executing functools.partial(<built-in method close of sqlite3.Cursor object at 0x7fe2b9ab9340>)
2025-01-06 20:45:48,034 operation functools.partial(<built-in method close of sqlite3.Cursor object at 0x7fe2b9ab9340>) completed
2025-01-06 20:45:48,035 executing <function connect.<locals>.connector at 0x7fe2b9b1a020>
2025-01-06 20:45:48,035 operation <function connect.<locals>.connector at 0x7fe2b9b1a020> completed
2025-01-06 20:45:48,035 executing functools.partial(<built-in method execute of sqlite3.Connection object at 0x7fe2b9cfdf30>, 'PRAGMA foreign_keys = ON', [])
2025-01-06 20:45:48,035 operation functools.partial(<built-in method execute of sqlite3.Connection object at 0x7fe2b9cfdf30>, 'PRAGMA foreign_keys = ON', []) completed
2025-01-06 20:45:48,035 executing functools.partial(<built-in method execute of sqlite3.Connection object at 0x7fe2b9cfdf30>, '\n            CREATE TABLE IF NOT EXISTS users (\n                chat_id INTEGER,\n                topic_id INTEGER,\n                user_name TEXT,\n                PRIMARY KEY (chat_id, topic_id)\n            )\n        ', [])
2025-01-06 20:45:48,036 operation functools.partial(<built-in method execute of sqlite3.Connection object at 0x7fe2b9cfdf30>, '\n            CREATE TABLE IF NOT EXISTS users (\n                chat_id INTEGER,\n                topic_id INTEGER,\n                user_name TEXT,\n                PRIMARY KEY (chat_id, topic_id)\n            )\n        ', []) completed
2025-01-06 20:45:48,036 executing functools.partial(<built-in method execute of sqlite3.Connection object at 0x7fe2b9cfdf30>, '\n            CREATE TABLE IF NOT EXISTS group_messages (\n                topic_id INTEGER,\n                message_id INTEGER,\n                local_id INTEGER,\n                PRIMARY KEY (topic_id, local_id)\n            )\n        ', [])
2025-01-06 20:45:48,036 operation functools.partial(<built-in method execute of sqlite3.Connection object at 0x7fe2b9cfdf30>, '\n            CREATE TABLE IF NOT EXISTS group_messages (\n                topic_id INTEGER,\n                message_id INTEGER,\n                local_id INTEGER,\n                PRIMARY KEY (topic_id, local_id)\n            )\n        ', []) completed
2025-01-06 20:45:48,036 executing functools.partial(<built-in method execute of sqlite3.Connection object at 0x7fe2b9cfdf30>, '\n            CREATE TABLE IF NOT EXISTS private_messages (\n                chat_id INTEGER,\n                message_id INTEGER,\n                local_id INTEGER,\n                PRIMARY KEY (chat_id, local_id)\n            )\n        ', [])
2025-01-06 20:45:48,036 operation functools.partial(<built-in method execute of sqlite3.Connection object at 0x7fe2b9cfdf30>, '\n            CREATE TABLE IF NOT EXISTS private_messages (\n                chat_id INTEGER,\n                message_id INTEGER,\n                local_id INTEGER,\n                PRIMARY KEY (chat_id, local_id)\n            )\n        ', []) completed
2025-01-06 20:45:48,036 executing functools.partial(<built-in method commit of sqlite3.Connection object at 0x7fe2b9cfdf30>)
2025-01-06 20:45:48,036 operation functools.partial(<built-in method commit of sqlite3.Connection object at 0x7fe2b9cfdf30>) completed
2025-01-06 20:45:48,037 executing functools.partial(<built-in method execute of sqlite3.Connection object at 0x7fe2b9cfdf30>, 'SELECT topic_id FROM users WHERE chat_id = ? AND user_name = ?', (5434361630, 'yadgenn'))
2025-01-06 20:45:48,037 operation functools.partial(<built-in method execute of sqlite3.Connection object at 0x7fe2b9cfdf30>, 'SELECT topic_id FROM users WHERE chat_id = ? AND user_name = ?', (5434361630, 'yadgenn')) completed
2025-01-06 20:45:48,037 executing functools.partial(<built-in method fetchone of sqlite3.Cursor object at 0x7fe2b9ab8a40>)
2025-01-06 20:45:48,037 operation functools.partial(<built-in method fetchone of sqlite3.Cursor object at 0x7fe2b9ab8a40>) completed
2025-01-06 20:45:48,037 executing functools.partial(<built-in method close of sqlite3.Cursor object at 0x7fe2b9ab8a40>)
2025-01-06 20:45:48,037 operation functools.partial(<built-in method close of sqlite3.Cursor object at 0x7fe2b9ab8a40>) completed
2025-01-06 20:45:51,302 executing <function connect.<locals>.connector at 0x7fe2b9b19e40>
2025-01-06 20:45:51,303 operation <function connect.<locals>.connector at 0x7fe2b9b19e40> completed
2025-01-06 20:45:51,303 executing functools.partial(<built-in method execute of sqlite3.Connection object at 0x7fe2b9cfef20>, 'PRAGMA foreign_keys = ON', [])
2025-01-06 20:45:51,303 operation functools.partial(<built-in method execute of sqlite3.Connection object at 0x7fe2b9cfef20>, 'PRAGMA foreign_keys = ON', []) completed
2025-01-06 20:45:51,303 executing functools.partial(<built-in method execute of sqlite3.Connection object at 0x7fe2b9cfef20>, '\n                    CREATE TABLE IF NOT EXISTS users (\n                        chat_id INTEGER,\n                        topic_id INTEGER,\n                        user_name TEXT,\n                        PRIMARY KEY (chat_id, topic_id)\n                    )\n                ', [])
2025-01-06 20:45:51,304 operation functools.partial(<built-in method execute of sqlite3.Connection object at 0x7fe2b9cfef20>, '\n                    CREATE TABLE IF NOT EXISTS users (\n                        chat_id INTEGER,\n                        topic_id INTEGER,\n                        user_name TEXT,\n                        PRIMARY KEY (chat_id, topic_id)\n                    )\n                ', []) completed
2025-01-06 20:45:51,304 executing functools.partial(<built-in method execute of sqlite3.Connection object at 0x7fe2b9cfef20>, '\n                    CREATE TABLE IF NOT EXISTS group_messages (\n                        topic_id INTEGER,\n                        message_id INTEGER,\n                        local_id INTEGER,\n                        PRIMARY KEY (topic_id, local_id)\n                    )\n                ', [])
2025-01-06 20:45:51,304 operation functools.partial(<built-in method execute of sqlite3.Connection object at 0x7fe2b9cfef20>, '\n                    CREATE TABLE IF NOT EXISTS group_messages (\n                        topic_id INTEGER,\n                        message_id INTEGER,\n                        local_id INTEGER,\n                        PRIMARY KEY (topic_id, local_id)\n                    )\n                ', []) completed
2025-01-06 20:45:51,304 executing functools.partial(<built-in method execute of sqlite3.Connection object at 0x7fe2b9cfef20>, '\n                    CREATE TABLE IF NOT EXISTS private_messages (\n                        chat_id INTEGER,\n                        message_id INTEGER,\n                        local_id INTEGER,\n                        PRIMARY KEY (chat_id, local_id)\n                    )\n                ', [])
2025-01-06 20:45:51,304 operation functools.partial(<built-in method execute of sqlite3.Connection object at 0x7fe2b9cfef20>, '\n                    CREATE TABLE IF NOT EXISTS private_messages (\n                        chat_id INTEGER,\n                        message_id INTEGER,\n                        local_id INTEGER,\n                        PRIMARY KEY (chat_id, local_id)\n                    )\n                ', []) completed
2025-01-06 20:45:51,305 executing functools.partial(<built-in method commit of sqlite3.Connection object at 0x7fe2b9cfef20>)
2025-01-06 20:45:51,305 operation functools.partial(<built-in method commit of sqlite3.Connection object at 0x7fe2b9cfef20>) completed
2025-01-06 20:45:51,305 executing functools.partial(<built-in method execute of sqlite3.Connection object at 0x7fe2b9cfef20>, 'SELECT topic_id FROM users WHERE chat_id = ?', (5434361630,))
2025-01-06 20:45:51,305 operation functools.partial(<built-in method execute of sqlite3.Connection object at 0x7fe2b9cfef20>, 'SELECT topic_id FROM users WHERE chat_id = ?', (5434361630,)) completed
2025-01-06 20:45:51,305 executing functools.partial(<built-in method fetchone of sqlite3.Cursor object at 0x7fe2b9ab9140>)
2025-01-06 20:45:51,305 operation functools.partial(<built-in method fetchone of sqlite3.Cursor object at 0x7fe2b9ab9140>) completed
2025-01-06 20:45:51,305 executing functools.partial(<built-in method close of sqlite3.Cursor object at 0x7fe2b9ab9140>)
2025-01-06 20:45:51,305 operation functools.partial(<built-in method close of sqlite3.Cursor object at 0x7fe2b9ab9140>) completed
2025-01-06 20:45:51,306 executing functools.partial(<built-in method execute of sqlite3.Connection object at 0x7fe2b9cfdf30>, 'SELECT topic_id FROM users WHERE chat_id = ? AND user_name = ?', (5434361630, 'yadgenn'))
2025-01-06 20:45:51,306 operation functools.partial(<built-in method execute of sqlite3.Connection object at 0x7fe2b9cfdf30>, 'SELECT topic_id FROM users WHERE chat_id = ? AND user_name = ?', (5434361630, 'yadgenn')) completed
2025-01-06 20:45:51,306 executing functools.partial(<built-in method fetchone of sqlite3.Cursor object at 0x7fe2b9ab8a40>)
2025-01-06 20:45:51,306 operation functools.partial(<built-in method fetchone of sqlite3.Cursor object at 0x7fe2b9ab8a40>) completed
2025-01-06 20:45:51,306 executing functools.partial(<built-in method close of sqlite3.Cursor object at 0x7fe2b9ab8a40>)
2025-01-06 20:45:51,306 operation functools.partial(<built-in method close of sqlite3.Cursor object at 0x7fe2b9ab8a40>) completed
2025-01-06 20:45:51,969 Looking for jobs to run
2025-01-06 20:45:51,970 Next wakeup is due at 2025-01-06 20:45:56.969334+05:00 (in 4.999040 seconds)
2025-01-06 20:45:51,970 Running job "checker (trigger: interval[0:00:05], next run at: 2025-01-06 20:45:56 +05)" (scheduled at 2025-01-06 20:45:51.969334+05:00)
2025-01-06 20:45:51,970 Job "checker (trigger: interval[0:00:05], next run at: 2025-01-06 20:45:56 +05)" executed successfully
2025-01-06 20:45:56,973 Looking for jobs to run
2025-01-06 20:45:56,973 Next wakeup is due at 2025-01-06 20:46:01.969334+05:00 (in 4.995624 seconds)
2025-01-06 20:45:56,973 Running job "checker (trigger: interval[0:00:05], next run at: 2025-01-06 20:46:01 +05)" (scheduled at 2025-01-06 20:45:56.969334+05:00)
2025-01-06 20:45:56,974 Job "checker (trigger: interval[0:00:05], next run at: 2025-01-06 20:46:01 +05)" executed successfully
2025-01-06 20:46:01,974 Looking for jobs to run
2025-01-06 20:46:01,975 Next wakeup is due at 2025-01-06 20:46:06.969334+05:00 (in 4.993632 seconds)
2025-01-06 20:46:01,975 Running job "checker (trigger: interval[0:00:05], next run at: 2025-01-06 20:46:06 +05)" (scheduled at 2025-01-06 20:46:01.969334+05:00)
2025-01-06 20:46:01,976 Job "checker (trigger: interval[0:00:05], next run at: 2025-01-06 20:46:06 +05)" executed successfully
2025-01-06 20:46:06,973 Looking for jobs to run
2025-01-06 20:46:06,974 Next wakeup is due at 2025-01-06 20:46:11.969334+05:00 (in 4.994954 seconds)
2025-01-06 20:46:06,974 Running job "checker (trigger: interval[0:00:05], next run at: 2025-01-06 20:46:11 +05)" (scheduled at 2025-01-06 20:46:06.969334+05:00)
2025-01-06 20:46:06,974 Job "checker (trigger: interval[0:00:05], next run at: 2025-01-06 20:46:11 +05)" executed successfully
2025-01-06 20:46:11,973 Looking for jobs to run
2025-01-06 20:46:11,974 Next wakeup is due at 2025-01-06 20:46:16.969334+05:00 (in 4.994923 seconds)
2025-01-06 20:46:11,974 Running job "checker (trigger: interval[0:00:05], next run at: 2025-01-06 20:46:16 +05)" (scheduled at 2025-01-06 20:46:11.969334+05:00)
2025-01-06 20:46:11,974 Job "checker (trigger: interval[0:00:05], next run at: 2025-01-06 20:46:16 +05)" executed successfully
2025-01-06 20:46:16,976 Looking for jobs to run
2025-01-06 20:46:16,981 Next wakeup is due at 2025-01-06 20:46:21.969334+05:00 (in 4.987945 seconds)
2025-01-06 20:46:16,982 Running job "checker (trigger: interval[0:00:05], next run at: 2025-01-06 20:46:21 +05)" (scheduled at 2025-01-06 20:46:16.969334+05:00)
2025-01-06 20:46:16,982 Job "checker (trigger: interval[0:00:05], next run at: 2025-01-06 20:46:21 +05)" executed successfully
2025-01-06 20:46:21,988 Looking for jobs to run
2025-01-06 20:46:21,994 Next wakeup is due at 2025-01-06 20:46:26.969334+05:00 (in 4.975204 seconds)
2025-01-06 20:46:21,994 Running job "checker (trigger: interval[0:00:05], next run at: 2025-01-06 20:46:26 +05)" (scheduled at 2025-01-06 20:46:21.969334+05:00)
2025-01-06 20:46:21,994 Job "checker (trigger: interval[0:00:05], next run at: 2025-01-06 20:46:26 +05)" executed successfully
2025-01-06 20:46:26,974 Looking for jobs to run
2025-01-06 20:46:26,975 Next wakeup is due at 2025-01-06 20:46:31.969334+05:00 (in 4.994176 seconds)
2025-01-06 20:46:26,975 Running job "checker (trigger: interval[0:00:05], next run at: 2025-01-06 20:46:31 +05)" (scheduled at 2025-01-06 20:46:26.969334+05:00)
2025-01-06 20:46:26,975 Job "checker (trigger: interval[0:00:05], next run at: 2025-01-06 20:46:31 +05)" executed successfully
2025-01-06 20:46:31,984 Looking for jobs to run
2025-01-06 20:46:31,985 Next wakeup is due at 2025-01-06 20:46:36.969334+05:00 (in 4.983901 seconds)
2025-01-06 20:46:31,985 Running job "checker (trigger: interval[0:00:05], next run at: 2025-01-06 20:46:36 +05)" (scheduled at 2025-01-06 20:46:31.969334+05:00)
2025-01-06 20:46:31,985 Job "checker (trigger: interval[0:00:05], next run at: 2025-01-06 20:46:36 +05)" executed successfully
2025-01-06 20:46:36,973 Looking for jobs to run
2025-01-06 20:46:36,974 Next wakeup is due at 2025-01-06 20:46:41.969334+05:00 (in 4.995005 seconds)
2025-01-06 20:46:36,974 Running job "checker (trigger: interval[0:00:05], next run at: 2025-01-06 20:46:41 +05)" (scheduled at 2025-01-06 20:46:36.969334+05:00)
2025-01-06 20:46:36,974 Job "checker (trigger: interval[0:00:05], next run at: 2025-01-06 20:46:41 +05)" executed successfully
2025-01-06 20:46:41,974 Looking for jobs to run
2025-01-06 20:46:41,975 Next wakeup is due at 2025-01-06 20:46:46.969334+05:00 (in 4.994285 seconds)
2025-01-06 20:46:41,975 Running job "checker (trigger: interval[0:00:05], next run at: 2025-01-06 20:46:46 +05)" (scheduled at 2025-01-06 20:46:41.969334+05:00)
2025-01-06 20:46:41,975 Job "checker (trigger: interval[0:00:05], next run at: 2025-01-06 20:46:46 +05)" executed successfully
2025-01-06 20:46:46,973 Looking for jobs to run
2025-01-06 20:46:46,973 Next wakeup is due at 2025-01-06 20:46:51.969334+05:00 (in 4.995521 seconds)
2025-01-06 20:46:46,974 Running job "checker (trigger: interval[0:00:05], next run at: 2025-01-06 20:46:51 +05)" (scheduled at 2025-01-06 20:46:46.969334+05:00)
2025-01-06 20:46:46,974 Job "checker (trigger: interval[0:00:05], next run at: 2025-01-06 20:46:51 +05)" executed successfully
2025-01-06 20:46:51,973 Looking for jobs to run
2025-01-06 20:46:51,974 Next wakeup is due at 2025-01-06 20:46:56.969334+05:00 (in 4.995279 seconds)
2025-01-06 20:46:51,974 Running job "checker (trigger: interval[0:00:05], next run at: 2025-01-06 20:46:56 +05)" (scheduled at 2025-01-06 20:46:51.969334+05:00)
2025-01-06 20:46:51,974 Job "checker (trigger: interval[0:00:05], next run at: 2025-01-06 20:46:56 +05)" executed successfully
2025-01-06 20:46:56,982 Looking for jobs to run
2025-01-06 20:46:56,984 Next wakeup is due at 2025-01-06 20:47:01.969334+05:00 (in 4.984437 seconds)
2025-01-06 20:46:56,986 Running job "checker (trigger: interval[0:00:05], next run at: 2025-01-06 20:47:01 +05)" (scheduled at 2025-01-06 20:46:56.969334+05:00)
2025-01-06 20:46:56,986 Job "checker (trigger: interval[0:00:05], next run at: 2025-01-06 20:47:01 +05)" executed successfully
2025-01-06 20:47:01,975 Looking for jobs to run
2025-01-06 20:47:01,976 Next wakeup is due at 2025-01-06 20:47:06.969334+05:00 (in 4.992670 seconds)
2025-01-06 20:47:01,976 Running job "checker (trigger: interval[0:00:05], next run at: 2025-01-06 20:47:06 +05)" (scheduled at 2025-01-06 20:47:01.969334+05:00)
2025-01-06 20:47:01,977 Job "checker (trigger: interval[0:00:05], next run at: 2025-01-06 20:47:06 +05)" executed successfully
2025-01-06 20:47:06,982 Looking for jobs to run
2025-01-06 20:47:06,988 Next wakeup is due at 2025-01-06 20:47:11.969334+05:00 (in 4.980589 seconds)
2025-01-06 20:47:06,989 Running job "checker (trigger: interval[0:00:05], next run at: 2025-01-06 20:47:11 +05)" (scheduled at 2025-01-06 20:47:06.969334+05:00)
2025-01-06 20:47:06,989 Job "checker (trigger: interval[0:00:05], next run at: 2025-01-06 20:47:11 +05)" executed successfully
2025-01-06 20:47:11,973 Looking for jobs to run
2025-01-06 20:47:11,974 Next wakeup is due at 2025-01-06 20:47:16.969334+05:00 (in 4.994714 seconds)
2025-01-06 20:47:11,974 Running job "checker (trigger: interval[0:00:05], next run at: 2025-01-06 20:47:16 +05)" (scheduled at 2025-01-06 20:47:11.969334+05:00)
2025-01-06 20:47:11,975 Job "checker (trigger: interval[0:00:05], next run at: 2025-01-06 20:47:16 +05)" executed successfully
2025-01-06 20:47:16,979 Looking for jobs to run
2025-01-06 20:47:16,985 Next wakeup is due at 2025-01-06 20:47:21.969334+05:00 (in 4.984170 seconds)
2025-01-06 20:47:16,986 Running job "checker (trigger: interval[0:00:05], next run at: 2025-01-06 20:47:21 +05)" (scheduled at 2025-01-06 20:47:16.969334+05:00)
2025-01-06 20:47:16,987 Job "checker (trigger: interval[0:00:05], next run at: 2025-01-06 20:47:21 +05)" executed successfully
2025-01-06 20:47:21,974 Looking for jobs to run
2025-01-06 20:47:21,976 Next wakeup is due at 2025-01-06 20:47:26.969334+05:00 (in 4.993149 seconds)
2025-01-06 20:47:21,976 Running job "checker (trigger: interval[0:00:05], next run at: 2025-01-06 20:47:26 +05)" (scheduled at 2025-01-06 20:47:21.969334+05:00)
2025-01-06 20:47:21,977 Job "checker (trigger: interval[0:00:05], next run at: 2025-01-06 20:47:26 +05)" executed successfully
2025-01-06 20:47:26,973 Looking for jobs to run
2025-01-06 20:47:26,973 Next wakeup is due at 2025-01-06 20:47:31.969334+05:00 (in 4.995527 seconds)
2025-01-06 20:47:26,973 Running job "checker (trigger: interval[0:00:05], next run at: 2025-01-06 20:47:31 +05)" (scheduled at 2025-01-06 20:47:26.969334+05:00)
2025-01-06 20:47:26,974 Job "checker (trigger: interval[0:00:05], next run at: 2025-01-06 20:47:31 +05)" executed successfully
2025-01-06 20:47:31,973 Looking for jobs to run
2025-01-06 20:47:31,974 Next wakeup is due at 2025-01-06 20:47:36.969334+05:00 (in 4.994989 seconds)
2025-01-06 20:47:31,974 Running job "checker (trigger: interval[0:00:05], next run at: 2025-01-06 20:47:36 +05)" (scheduled at 2025-01-06 20:47:31.969334+05:00)
2025-01-06 20:47:31,974 Job "checker (trigger: interval[0:00:05], next run at: 2025-01-06 20:47:36 +05)" executed successfully
2025-01-06 20:47:36,973 Looking for jobs to run
2025-01-06 20:47:36,974 Next wakeup is due at 2025-01-06 20:47:41.969334+05:00 (in 4.995337 seconds)
2025-01-06 20:47:36,974 Running job "checker (trigger: interval[0:00:05], next run at: 2025-01-06 20:47:41 +05)" (scheduled at 2025-01-06 20:47:36.969334+05:00)
2025-01-06 20:47:36,974 Job "checker (trigger: interval[0:00:05], next run at: 2025-01-06 20:47:41 +05)" executed successfully
2025-01-06 20:47:41,974 Looking for jobs to run
2025-01-06 20:47:41,974 Next wakeup is due at 2025-01-06 20:47:46.969334+05:00 (in 4.994378 seconds)
2025-01-06 20:47:41,975 Running job "checker (trigger: interval[0:00:05], next run at: 2025-01-06 20:47:46 +05)" (scheduled at 2025-01-06 20:47:41.969334+05:00)
2025-01-06 20:47:41,975 Job "checker (trigger: interval[0:00:05], next run at: 2025-01-06 20:47:46 +05)" executed successfully
2025-01-06 20:47:46,973 Looking for jobs to run
2025-01-06 20:47:46,974 Next wakeup is due at 2025-01-06 20:47:51.969334+05:00 (in 4.994849 seconds)
2025-01-06 20:47:46,974 Running job "checker (trigger: interval[0:00:05], next run at: 2025-01-06 20:47:51 +05)" (scheduled at 2025-01-06 20:47:46.969334+05:00)
2025-01-06 20:47:46,975 Job "checker (trigger: interval[0:00:05], next run at: 2025-01-06 20:47:51 +05)" executed successfully
2025-01-06 20:47:51,971 Looking for jobs to run
2025-01-06 20:47:51,971 Next wakeup is due at 2025-01-06 20:47:56.969334+05:00 (in 4.997760 seconds)
2025-01-06 20:47:51,971 Running job "checker (trigger: interval[0:00:05], next run at: 2025-01-06 20:47:56 +05)" (scheduled at 2025-01-06 20:47:51.969334+05:00)
2025-01-06 20:47:51,971 Job "checker (trigger: interval[0:00:05], next run at: 2025-01-06 20:47:56 +05)" executed successfully
2025-01-06 20:47:56,973 Looking for jobs to run
2025-01-06 20:47:56,973 Next wakeup is due at 2025-01-06 20:48:01.969334+05:00 (in 4.995454 seconds)
2025-01-06 20:47:56,974 Running job "checker (trigger: interval[0:00:05], next run at: 2025-01-06 20:48:01 +05)" (scheduled at 2025-01-06 20:47:56.969334+05:00)
2025-01-06 20:47:56,974 Job "checker (trigger: interval[0:00:05], next run at: 2025-01-06 20:48:01 +05)" executed successfully
2025-01-06 20:48:01,975 Looking for jobs to run
2025-01-06 20:48:01,976 Next wakeup is due at 2025-01-06 20:48:06.969334+05:00 (in 4.992758 seconds)
2025-01-06 20:48:01,976 Running job "checker (trigger: interval[0:00:05], next run at: 2025-01-06 20:48:06 +05)" (scheduled at 2025-01-06 20:48:01.969334+05:00)
2025-01-06 20:48:01,977 Job "checker (trigger: interval[0:00:05], next run at: 2025-01-06 20:48:06 +05)" executed successfully
2025-01-06 20:48:06,975 Looking for jobs to run
2025-01-06 20:48:06,976 Next wakeup is due at 2025-01-06 20:48:11.969334+05:00 (in 4.993138 seconds)
2025-01-06 20:48:06,976 Running job "checker (trigger: interval[0:00:05], next run at: 2025-01-06 20:48:11 +05)" (scheduled at 2025-01-06 20:48:06.969334+05:00)
2025-01-06 20:48:06,977 Job "checker (trigger: interval[0:00:05], next run at: 2025-01-06 20:48:11 +05)" executed successfully
2025-01-06 20:48:11,971 Looking for jobs to run
2025-01-06 20:48:11,971 Next wakeup is due at 2025-01-06 20:48:16.969334+05:00 (in 4.997713 seconds)
2025-01-06 20:48:11,971 Running job "checker (trigger: interval[0:00:05], next run at: 2025-01-06 20:48:16 +05)" (scheduled at 2025-01-06 20:48:11.969334+05:00)
2025-01-06 20:48:11,971 Job "checker (trigger: interval[0:00:05], next run at: 2025-01-06 20:48:16 +05)" executed successfully
2025-01-06 20:48:16,972 Looking for jobs to run
2025-01-06 20:48:16,977 Next wakeup is due at 2025-01-06 20:48:21.969334+05:00 (in 4.992101 seconds)
2025-01-06 20:48:16,977 Running job "checker (trigger: interval[0:00:05], next run at: 2025-01-06 20:48:21 +05)" (scheduled at 2025-01-06 20:48:16.969334+05:00)
2025-01-06 20:48:16,977 Job "checker (trigger: interval[0:00:05], next run at: 2025-01-06 20:48:21 +05)" executed successfully
2025-01-06 20:48:21,974 Looking for jobs to run
2025-01-06 20:48:21,975 Next wakeup is due at 2025-01-06 20:48:26.969334+05:00 (in 4.993429 seconds)
2025-01-06 20:48:21,976 Running job "checker (trigger: interval[0:00:05], next run at: 2025-01-06 20:48:26 +05)" (scheduled at 2025-01-06 20:48:21.969334+05:00)
2025-01-06 20:48:21,976 Job "checker (trigger: interval[0:00:05], next run at: 2025-01-06 20:48:26 +05)" executed successfully
2025-01-06 20:48:26,974 Looking for jobs to run
2025-01-06 20:48:26,975 Next wakeup is due at 2025-01-06 20:48:31.969334+05:00 (in 4.994024 seconds)
2025-01-06 20:48:26,975 Running job "checker (trigger: interval[0:00:05], next run at: 2025-01-06 20:48:31 +05)" (scheduled at 2025-01-06 20:48:26.969334+05:00)
2025-01-06 20:48:26,975 Job "checker (trigger: interval[0:00:05], next run at: 2025-01-06 20:48:31 +05)" executed successfully
2025-01-06 20:48:31,973 Looking for jobs to run
2025-01-06 20:48:31,973 Next wakeup is due at 2025-01-06 20:48:36.969334+05:00 (in 4.995672 seconds)
2025-01-06 20:48:31,973 Running job "checker (trigger: interval[0:00:05], next run at: 2025-01-06 20:48:36 +05)" (scheduled at 2025-01-06 20:48:31.969334+05:00)
2025-01-06 20:48:31,973 Job "checker (trigger: interval[0:00:05], next run at: 2025-01-06 20:48:36 +05)" executed successfully
2025-01-06 20:48:36,973 Looking for jobs to run
2025-01-06 20:48:36,973 Next wakeup is due at 2025-01-06 20:48:41.969334+05:00 (in 4.995463 seconds)
2025-01-06 20:48:36,974 Running job "checker (trigger: interval[0:00:05], next run at: 2025-01-06 20:48:41 +05)" (scheduled at 2025-01-06 20:48:36.969334+05:00)
2025-01-06 20:48:36,974 Job "checker (trigger: interval[0:00:05], next run at: 2025-01-06 20:48:41 +05)" executed successfully
2025-01-06 20:48:41,973 Looking for jobs to run
2025-01-06 20:48:41,973 Next wakeup is due at 2025-01-06 20:48:46.969334+05:00 (in 4.995599 seconds)
2025-01-06 20:48:41,974 Running job "checker (trigger: interval[0:00:05], next run at: 2025-01-06 20:48:46 +05)" (scheduled at 2025-01-06 20:48:41.969334+05:00)
2025-01-06 20:48:41,974 Job "checker (trigger: interval[0:00:05], next run at: 2025-01-06 20:48:46 +05)" executed successfully
2025-01-06 20:48:45,382 Infinity polling: polling exited
2025-01-06 20:48:45,384 Break infinity polling
