2025-01-06 21:42:33,291 Adding job tentatively -- it will be properly scheduled when the scheduler starts
2025-01-06 21:42:33,292 Added job "checker" to job store "default"
2025-01-06 21:42:33,292 Scheduler started
2025-01-06 21:42:33,302 Looking for jobs to run
2025-01-06 21:42:33,303 Next wakeup is due at 2025-01-06 21:42:38.291141+05:00 (in 4.987912 seconds)
2025-01-06 21:42:38,296 Looking for jobs to run
2025-01-06 21:42:38,296 Next wakeup is due at 2025-01-06 21:42:43.291141+05:00 (in 4.994620 seconds)
2025-01-06 21:42:38,296 Running job "checker (trigger: interval[0:00:05], next run at: 2025-01-06 21:42:43 +05)" (scheduled at 2025-01-06 21:42:38.291141+05:00)
2025-01-06 21:42:38,297 Job "checker (trigger: interval[0:00:05], next run at: 2025-01-06 21:42:43 +05)" executed successfully
2025-01-06 21:42:39,751 executing <function connect.<locals>.connector at 0x7f2bafc4c9a0>
2025-01-06 21:42:39,755 operation <function connect.<locals>.connector at 0x7f2bafc4c9a0> completed
2025-01-06 21:42:39,756 executing functools.partial(<built-in method execute of sqlite3.Connection object at 0x7f2bafe29f30>, 'PRAGMA foreign_keys = ON', [])
2025-01-06 21:42:39,759 operation functools.partial(<built-in method execute of sqlite3.Connection object at 0x7f2bafe29f30>, 'PRAGMA foreign_keys = ON', []) completed
2025-01-06 21:42:39,760 executing functools.partial(<built-in method execute of sqlite3.Connection object at 0x7f2bafe29f30>, '\n                    CREATE TABLE IF NOT EXISTS users (\n                        chat_id INTEGER,\n                        topic_id INTEGER,\n                        user_name TEXT,\n                        PRIMARY KEY (chat_id, topic_id)\n                    )\n                ', [])
2025-01-06 21:42:39,761 operation functools.partial(<built-in method execute of sqlite3.Connection object at 0x7f2bafe29f30>, '\n                    CREATE TABLE IF NOT EXISTS users (\n                        chat_id INTEGER,\n                        topic_id INTEGER,\n                        user_name TEXT,\n                        PRIMARY KEY (chat_id, topic_id)\n                    )\n                ', []) completed
2025-01-06 21:42:39,762 executing functools.partial(<built-in method execute of sqlite3.Connection object at 0x7f2bafe29f30>, '\n                    CREATE TABLE IF NOT EXISTS group_messages (\n                        topic_id INTEGER,\n                        message_id INTEGER,\n                        local_id INTEGER,\n                        PRIMARY KEY (topic_id, local_id)\n                    )\n                ', [])
2025-01-06 21:42:39,763 operation functools.partial(<built-in method execute of sqlite3.Connection object at 0x7f2bafe29f30>, '\n                    CREATE TABLE IF NOT EXISTS group_messages (\n                        topic_id INTEGER,\n                        message_id INTEGER,\n                        local_id INTEGER,\n                        PRIMARY KEY (topic_id, local_id)\n                    )\n                ', []) completed
2025-01-06 21:42:39,763 executing functools.partial(<built-in method execute of sqlite3.Connection object at 0x7f2bafe29f30>, '\n                    CREATE TABLE IF NOT EXISTS private_messages (\n                        chat_id INTEGER,\n                        message_id INTEGER,\n                        local_id INTEGER,\n                        PRIMARY KEY (chat_id, local_id)\n                    )\n                ', [])
2025-01-06 21:42:39,763 operation functools.partial(<built-in method execute of sqlite3.Connection object at 0x7f2bafe29f30>, '\n                    CREATE TABLE IF NOT EXISTS private_messages (\n                        chat_id INTEGER,\n                        message_id INTEGER,\n                        local_id INTEGER,\n                        PRIMARY KEY (chat_id, local_id)\n                    )\n                ', []) completed
2025-01-06 21:42:39,763 executing functools.partial(<built-in method commit of sqlite3.Connection object at 0x7f2bafe29f30>)
2025-01-06 21:42:39,763 operation functools.partial(<built-in method commit of sqlite3.Connection object at 0x7f2bafe29f30>) completed
2025-01-06 21:42:39,764 executing functools.partial(<built-in method execute of sqlite3.Connection object at 0x7f2bafe29f30>, 'SELECT topic_id FROM users WHERE chat_id = ?', (5434361630,))
2025-01-06 21:42:39,764 operation functools.partial(<built-in method execute of sqlite3.Connection object at 0x7f2bafe29f30>, 'SELECT topic_id FROM users WHERE chat_id = ?', (5434361630,)) completed
2025-01-06 21:42:39,764 executing functools.partial(<built-in method fetchone of sqlite3.Cursor object at 0x7f2bafbeca40>)
2025-01-06 21:42:39,764 operation functools.partial(<built-in method fetchone of sqlite3.Cursor object at 0x7f2bafbeca40>) completed
2025-01-06 21:42:39,765 executing functools.partial(<built-in method close of sqlite3.Cursor object at 0x7f2bafbeca40>)
2025-01-06 21:42:39,765 operation functools.partial(<built-in method close of sqlite3.Cursor object at 0x7f2bafbeca40>) completed
2025-01-06 21:42:39,765 executing <function connect.<locals>.connector at 0x7f2bafc4c900>
2025-01-06 21:42:39,765 operation <function connect.<locals>.connector at 0x7f2bafc4c900> completed
2025-01-06 21:42:39,766 executing functools.partial(<built-in method execute of sqlite3.Connection object at 0x7f2bafe295d0>, 'PRAGMA foreign_keys = ON', [])
2025-01-06 21:42:39,766 operation functools.partial(<built-in method execute of sqlite3.Connection object at 0x7f2bafe295d0>, 'PRAGMA foreign_keys = ON', []) completed
2025-01-06 21:42:39,766 executing functools.partial(<built-in method execute of sqlite3.Connection object at 0x7f2bafe295d0>, '\n            CREATE TABLE IF NOT EXISTS users (\n                chat_id INTEGER,\n                topic_id INTEGER,\n                user_name TEXT,\n                PRIMARY KEY (chat_id, topic_id)\n            )\n        ', [])
2025-01-06 21:42:39,766 operation functools.partial(<built-in method execute of sqlite3.Connection object at 0x7f2bafe295d0>, '\n            CREATE TABLE IF NOT EXISTS users (\n                chat_id INTEGER,\n                topic_id INTEGER,\n                user_name TEXT,\n                PRIMARY KEY (chat_id, topic_id)\n            )\n        ', []) completed
2025-01-06 21:42:39,767 executing functools.partial(<built-in method execute of sqlite3.Connection object at 0x7f2bafe295d0>, '\n            CREATE TABLE IF NOT EXISTS group_messages (\n                topic_id INTEGER,\n                message_id INTEGER,\n                local_id INTEGER,\n                PRIMARY KEY (topic_id, local_id)\n            )\n        ', [])
2025-01-06 21:42:39,767 operation functools.partial(<built-in method execute of sqlite3.Connection object at 0x7f2bafe295d0>, '\n            CREATE TABLE IF NOT EXISTS group_messages (\n                topic_id INTEGER,\n                message_id INTEGER,\n                local_id INTEGER,\n                PRIMARY KEY (topic_id, local_id)\n            )\n        ', []) completed
2025-01-06 21:42:39,767 executing functools.partial(<built-in method execute of sqlite3.Connection object at 0x7f2bafe295d0>, '\n            CREATE TABLE IF NOT EXISTS private_messages (\n                chat_id INTEGER,\n                message_id INTEGER,\n                local_id INTEGER,\n                PRIMARY KEY (chat_id, local_id)\n            )\n        ', [])
2025-01-06 21:42:39,767 operation functools.partial(<built-in method execute of sqlite3.Connection object at 0x7f2bafe295d0>, '\n            CREATE TABLE IF NOT EXISTS private_messages (\n                chat_id INTEGER,\n                message_id INTEGER,\n                local_id INTEGER,\n                PRIMARY KEY (chat_id, local_id)\n            )\n        ', []) completed
2025-01-06 21:42:39,767 executing functools.partial(<built-in method commit of sqlite3.Connection object at 0x7f2bafe295d0>)
2025-01-06 21:42:39,767 operation functools.partial(<built-in method commit of sqlite3.Connection object at 0x7f2bafe295d0>) completed
2025-01-06 21:42:39,768 executing functools.partial(<built-in method execute of sqlite3.Connection object at 0x7f2bafe295d0>, 'SELECT topic_id FROM users WHERE chat_id = ? AND user_name = ?', (5434361630, 'yadgenn'))
2025-01-06 21:42:39,768 operation functools.partial(<built-in method execute of sqlite3.Connection object at 0x7f2bafe295d0>, 'SELECT topic_id FROM users WHERE chat_id = ? AND user_name = ?', (5434361630, 'yadgenn')) completed
2025-01-06 21:42:39,768 executing functools.partial(<built-in method fetchone of sqlite3.Cursor object at 0x7f2bafbed040>)
2025-01-06 21:42:39,768 operation functools.partial(<built-in method fetchone of sqlite3.Cursor object at 0x7f2bafbed040>) completed
2025-01-06 21:42:39,768 executing functools.partial(<built-in method close of sqlite3.Cursor object at 0x7f2bafbed040>)
2025-01-06 21:42:39,768 operation functools.partial(<built-in method close of sqlite3.Cursor object at 0x7f2bafbed040>) completed
2025-01-06 21:42:40,363 executing functools.partial(<built-in method execute of sqlite3.Connection object at 0x7f2bafe295d0>, 'SELECT chat_id FROM users WHERE topic_id = ?', (None,))
2025-01-06 21:42:40,363 operation functools.partial(<built-in method execute of sqlite3.Connection object at 0x7f2bafe295d0>, 'SELECT chat_id FROM users WHERE topic_id = ?', (None,)) completed
2025-01-06 21:42:40,363 executing functools.partial(<built-in method fetchone of sqlite3.Cursor object at 0x7f2bafbed040>)
2025-01-06 21:42:40,363 operation functools.partial(<built-in method fetchone of sqlite3.Cursor object at 0x7f2bafbed040>) completed
2025-01-06 21:42:40,364 executing functools.partial(<built-in method close of sqlite3.Cursor object at 0x7f2bafbed040>)
2025-01-06 21:42:40,364 operation functools.partial(<built-in method close of sqlite3.Cursor object at 0x7f2bafbed040>) completed
2025-01-06 21:42:40,364 executing functools.partial(<built-in method execute of sqlite3.Connection object at 0x7f2bafe295d0>, 'DELETE FROM group_messages WHERE topic_id = ?', (None,))
2025-01-06 21:42:40,364 operation functools.partial(<built-in method execute of sqlite3.Connection object at 0x7f2bafe295d0>, 'DELETE FROM group_messages WHERE topic_id = ?', (None,)) completed
2025-01-06 21:42:40,365 executing functools.partial(<built-in method commit of sqlite3.Connection object at 0x7f2bafe295d0>)
2025-01-06 21:42:40,365 operation functools.partial(<built-in method commit of sqlite3.Connection object at 0x7f2bafe295d0>) completed
2025-01-06 21:42:40,979 executing functools.partial(<built-in method execute of sqlite3.Connection object at 0x7f2bafe295d0>, '\n            UPDATE users \n            SET topic_id = ? \n            WHERE chat_id = ?\n        ', (1477, 5434361630))
2025-01-06 21:42:40,981 operation functools.partial(<built-in method execute of sqlite3.Connection object at 0x7f2bafe295d0>, '\n            UPDATE users \n            SET topic_id = ? \n            WHERE chat_id = ?\n        ', (1477, 5434361630)) completed
2025-01-06 21:42:40,982 executing functools.partial(<built-in method commit of sqlite3.Connection object at 0x7f2bafe295d0>)
2025-01-06 21:42:40,989 operation functools.partial(<built-in method commit of sqlite3.Connection object at 0x7f2bafe295d0>) completed
2025-01-06 21:42:40,989 executing functools.partial(<built-in method execute of sqlite3.Connection object at 0x7f2bafe295d0>, 'SELECT topic_id FROM users WHERE chat_id = ? AND user_name = ?', (5434361630, 'yadgenn'))
2025-01-06 21:42:40,989 operation functools.partial(<built-in method execute of sqlite3.Connection object at 0x7f2bafe295d0>, 'SELECT topic_id FROM users WHERE chat_id = ? AND user_name = ?', (5434361630, 'yadgenn')) completed
2025-01-06 21:42:40,990 executing functools.partial(<built-in method fetchone of sqlite3.Cursor object at 0x7f2bafbe2ec0>)
2025-01-06 21:42:40,990 operation functools.partial(<built-in method fetchone of sqlite3.Cursor object at 0x7f2bafbe2ec0>) completed
2025-01-06 21:42:40,990 executing functools.partial(<built-in method close of sqlite3.Cursor object at 0x7f2bafbe2ec0>)
2025-01-06 21:42:40,990 operation functools.partial(<built-in method close of sqlite3.Cursor object at 0x7f2bafbe2ec0>) completed
2025-01-06 21:42:41,387 executing functools.partial(<built-in method execute of sqlite3.Connection object at 0x7f2bafe295d0>, 'SELECT topic_id FROM users WHERE chat_id = ?', (5434361630,))
2025-01-06 21:42:41,388 operation functools.partial(<built-in method execute of sqlite3.Connection object at 0x7f2bafe295d0>, 'SELECT topic_id FROM users WHERE chat_id = ?', (5434361630,)) completed
2025-01-06 21:42:41,389 executing functools.partial(<built-in method fetchone of sqlite3.Cursor object at 0x7f2bafbe2ec0>)
2025-01-06 21:42:41,389 operation functools.partial(<built-in method fetchone of sqlite3.Cursor object at 0x7f2bafbe2ec0>) completed
2025-01-06 21:42:41,389 executing functools.partial(<built-in method close of sqlite3.Cursor object at 0x7f2bafbe2ec0>)
2025-01-06 21:42:41,389 operation functools.partial(<built-in method close of sqlite3.Cursor object at 0x7f2bafbe2ec0>) completed
2025-01-06 21:42:41,390 executing functools.partial(<built-in method execute of sqlite3.Connection object at 0x7f2bafe295d0>, 'SELECT MAX(local_id) FROM group_messages WHERE topic_id = ?', (1477,))
2025-01-06 21:42:41,390 operation functools.partial(<built-in method execute of sqlite3.Connection object at 0x7f2bafe295d0>, 'SELECT MAX(local_id) FROM group_messages WHERE topic_id = ?', (1477,)) completed
2025-01-06 21:42:41,390 executing functools.partial(<built-in method fetchone of sqlite3.Cursor object at 0x7f2bafbe2ec0>)
2025-01-06 21:42:41,390 operation functools.partial(<built-in method fetchone of sqlite3.Cursor object at 0x7f2bafbe2ec0>) completed
2025-01-06 21:42:41,390 executing functools.partial(<built-in method close of sqlite3.Cursor object at 0x7f2bafbe2ec0>)
2025-01-06 21:42:41,390 operation functools.partial(<built-in method close of sqlite3.Cursor object at 0x7f2bafbe2ec0>) completed
2025-01-06 21:42:41,391 executing functools.partial(<built-in method execute of sqlite3.Connection object at 0x7f2bafe295d0>, '\n                    INSERT INTO group_messages (topic_id, message_id, local_id)\n                    VALUES (?, ?, ?)\n                ', (1477, 1478, 1))
2025-01-06 21:42:41,391 operation functools.partial(<built-in method execute of sqlite3.Connection object at 0x7f2bafe295d0>, '\n                    INSERT INTO group_messages (topic_id, message_id, local_id)\n                    VALUES (?, ?, ?)\n                ', (1477, 1478, 1)) completed
2025-01-06 21:42:41,393 executing functools.partial(<built-in method execute of sqlite3.Connection object at 0x7f2bafe295d0>, 'SELECT MAX(local_id) FROM private_messages WHERE chat_id = ?', (5434361630,))
2025-01-06 21:42:41,393 operation functools.partial(<built-in method execute of sqlite3.Connection object at 0x7f2bafe295d0>, 'SELECT MAX(local_id) FROM private_messages WHERE chat_id = ?', (5434361630,)) completed
2025-01-06 21:42:41,394 executing functools.partial(<built-in method fetchone of sqlite3.Cursor object at 0x7f2bafbe0bc0>)
2025-01-06 21:42:41,394 operation functools.partial(<built-in method fetchone of sqlite3.Cursor object at 0x7f2bafbe0bc0>) completed
2025-01-06 21:42:41,395 executing functools.partial(<built-in method close of sqlite3.Cursor object at 0x7f2bafbe0bc0>)
2025-01-06 21:42:41,395 operation functools.partial(<built-in method close of sqlite3.Cursor object at 0x7f2bafbe0bc0>) completed
2025-01-06 21:42:41,396 executing functools.partial(<built-in method execute of sqlite3.Connection object at 0x7f2bafe295d0>, '\n                    INSERT INTO private_messages (chat_id, message_id, local_id)\n                    VALUES (?, ?, ?)\n                ', (5434361630, 23385, 9))
2025-01-06 21:42:41,396 operation functools.partial(<built-in method execute of sqlite3.Connection object at 0x7f2bafe295d0>, '\n                    INSERT INTO private_messages (chat_id, message_id, local_id)\n                    VALUES (?, ?, ?)\n                ', (5434361630, 23385, 9)) completed
2025-01-06 21:42:41,397 executing functools.partial(<built-in method commit of sqlite3.Connection object at 0x7f2bafe295d0>)
2025-01-06 21:42:41,402 operation functools.partial(<built-in method commit of sqlite3.Connection object at 0x7f2bafe295d0>) completed
2025-01-06 21:42:43,293 Looking for jobs to run
2025-01-06 21:42:43,294 Next wakeup is due at 2025-01-06 21:42:48.291141+05:00 (in 4.996809 seconds)
2025-01-06 21:42:43,294 Running job "checker (trigger: interval[0:00:05], next run at: 2025-01-06 21:42:48 +05)" (scheduled at 2025-01-06 21:42:43.291141+05:00)
2025-01-06 21:42:43,294 Job "checker (trigger: interval[0:00:05], next run at: 2025-01-06 21:42:48 +05)" executed successfully
2025-01-06 21:42:48,295 Looking for jobs to run
2025-01-06 21:42:48,296 Next wakeup is due at 2025-01-06 21:42:53.291141+05:00 (in 4.994669 seconds)
2025-01-06 21:42:48,296 Running job "checker (trigger: interval[0:00:05], next run at: 2025-01-06 21:42:53 +05)" (scheduled at 2025-01-06 21:42:48.291141+05:00)
2025-01-06 21:42:48,296 Job "checker (trigger: interval[0:00:05], next run at: 2025-01-06 21:42:53 +05)" executed successfully
2025-01-06 21:42:53,292 Looking for jobs to run
2025-01-06 21:42:53,292 Next wakeup is due at 2025-01-06 21:42:58.291141+05:00 (in 4.998333 seconds)
2025-01-06 21:42:53,293 Running job "checker (trigger: interval[0:00:05], next run at: 2025-01-06 21:42:58 +05)" (scheduled at 2025-01-06 21:42:53.291141+05:00)
2025-01-06 21:42:53,293 Job "checker (trigger: interval[0:00:05], next run at: 2025-01-06 21:42:58 +05)" executed successfully
2025-01-06 21:42:58,296 Looking for jobs to run
2025-01-06 21:42:58,297 Next wakeup is due at 2025-01-06 21:43:03.291141+05:00 (in 4.993340 seconds)
2025-01-06 21:42:58,298 Running job "checker (trigger: interval[0:00:05], next run at: 2025-01-06 21:43:03 +05)" (scheduled at 2025-01-06 21:42:58.291141+05:00)
2025-01-06 21:42:58,298 Job "checker (trigger: interval[0:00:05], next run at: 2025-01-06 21:43:03 +05)" executed successfully
2025-01-06 21:43:03,294 Looking for jobs to run
2025-01-06 21:43:03,295 Next wakeup is due at 2025-01-06 21:43:08.291141+05:00 (in 4.995939 seconds)
2025-01-06 21:43:03,295 Running job "checker (trigger: interval[0:00:05], next run at: 2025-01-06 21:43:08 +05)" (scheduled at 2025-01-06 21:43:03.291141+05:00)
2025-01-06 21:43:03,295 Job "checker (trigger: interval[0:00:05], next run at: 2025-01-06 21:43:08 +05)" executed successfully
2025-01-06 21:43:08,292 Looking for jobs to run
2025-01-06 21:43:08,293 Next wakeup is due at 2025-01-06 21:43:13.291141+05:00 (in 4.997775 seconds)
2025-01-06 21:43:08,293 Running job "checker (trigger: interval[0:00:05], next run at: 2025-01-06 21:43:13 +05)" (scheduled at 2025-01-06 21:43:08.291141+05:00)
2025-01-06 21:43:08,293 Job "checker (trigger: interval[0:00:05], next run at: 2025-01-06 21:43:13 +05)" executed successfully
2025-01-06 21:43:13,295 Looking for jobs to run
2025-01-06 21:43:13,296 Next wakeup is due at 2025-01-06 21:43:18.291141+05:00 (in 4.994701 seconds)
2025-01-06 21:43:13,296 Running job "checker (trigger: interval[0:00:05], next run at: 2025-01-06 21:43:18 +05)" (scheduled at 2025-01-06 21:43:13.291141+05:00)
2025-01-06 21:43:13,296 Job "checker (trigger: interval[0:00:05], next run at: 2025-01-06 21:43:18 +05)" executed successfully
2025-01-06 21:43:18,295 Looking for jobs to run
2025-01-06 21:43:18,296 Next wakeup is due at 2025-01-06 21:43:23.291141+05:00 (in 4.994709 seconds)
2025-01-06 21:43:18,298 Running job "checker (trigger: interval[0:00:05], next run at: 2025-01-06 21:43:23 +05)" (scheduled at 2025-01-06 21:43:18.291141+05:00)
2025-01-06 21:43:18,299 Job "checker (trigger: interval[0:00:05], next run at: 2025-01-06 21:43:23 +05)" executed successfully
2025-01-06 21:43:23,298 Looking for jobs to run
2025-01-06 21:43:23,300 Next wakeup is due at 2025-01-06 21:43:28.291141+05:00 (in 4.990993 seconds)
2025-01-06 21:43:23,300 Running job "checker (trigger: interval[0:00:05], next run at: 2025-01-06 21:43:28 +05)" (scheduled at 2025-01-06 21:43:23.291141+05:00)
2025-01-06 21:43:23,301 Job "checker (trigger: interval[0:00:05], next run at: 2025-01-06 21:43:28 +05)" executed successfully
2025-01-06 21:43:28,298 Looking for jobs to run
2025-01-06 21:43:28,298 Next wakeup is due at 2025-01-06 21:43:33.291141+05:00 (in 4.992437 seconds)
2025-01-06 21:43:28,298 Running job "checker (trigger: interval[0:00:05], next run at: 2025-01-06 21:43:33 +05)" (scheduled at 2025-01-06 21:43:28.291141+05:00)
2025-01-06 21:43:28,299 Job "checker (trigger: interval[0:00:05], next run at: 2025-01-06 21:43:33 +05)" executed successfully
2025-01-06 21:43:33,295 Looking for jobs to run
2025-01-06 21:43:33,296 Next wakeup is due at 2025-01-06 21:43:38.291141+05:00 (in 4.994767 seconds)
2025-01-06 21:43:33,296 Running job "checker (trigger: interval[0:00:05], next run at: 2025-01-06 21:43:38 +05)" (scheduled at 2025-01-06 21:43:33.291141+05:00)
2025-01-06 21:43:33,296 Job "checker (trigger: interval[0:00:05], next run at: 2025-01-06 21:43:38 +05)" executed successfully
2025-01-06 21:43:37,403 Infinity polling: polling exited
2025-01-06 21:43:37,403 Break infinity polling
