2024-12-31 23:44:13,368 Adding job tentatively -- it will be properly scheduled when the scheduler starts
2024-12-31 23:44:13,370 Added job "checker" to job store "default"
2024-12-31 23:44:13,370 Scheduler started
2024-12-31 23:44:13,375 Looking for jobs to run
2024-12-31 23:44:13,375 Next wakeup is due at 2024-12-31 23:44:18.368020+05:00 (in 4.992642 seconds)
2024-12-31 23:44:18,372 Looking for jobs to run
2024-12-31 23:44:18,374 Next wakeup is due at 2024-12-31 23:44:23.368020+05:00 (in 4.993273 seconds)
2024-12-31 23:44:18,375 Running job "checker (trigger: interval[0:00:05], next run at: 2024-12-31 23:44:23 +05)" (scheduled at 2024-12-31 23:44:18.368020+05:00)
2024-12-31 23:44:18,375 Job "checker (trigger: interval[0:00:05], next run at: 2024-12-31 23:44:23 +05)" executed successfully
2024-12-31 23:44:23,371 Looking for jobs to run
2024-12-31 23:44:23,372 Next wakeup is due at 2024-12-31 23:44:28.368020+05:00 (in 4.995990 seconds)
2024-12-31 23:44:23,372 Running job "checker (trigger: interval[0:00:05], next run at: 2024-12-31 23:44:28 +05)" (scheduled at 2024-12-31 23:44:23.368020+05:00)
2024-12-31 23:44:23,372 Job "checker (trigger: interval[0:00:05], next run at: 2024-12-31 23:44:28 +05)" executed successfully
2024-12-31 23:44:28,371 Looking for jobs to run
2024-12-31 23:44:28,372 Next wakeup is due at 2024-12-31 23:44:33.368020+05:00 (in 4.996012 seconds)
2024-12-31 23:44:28,372 Running job "checker (trigger: interval[0:00:05], next run at: 2024-12-31 23:44:33 +05)" (scheduled at 2024-12-31 23:44:28.368020+05:00)
2024-12-31 23:44:28,372 Job "checker (trigger: interval[0:00:05], next run at: 2024-12-31 23:44:33 +05)" executed successfully
2024-12-31 23:44:29,550 executing <function connect.<locals>.connector at 0x7fc30941f4c0>
2024-12-31 23:44:29,557 operation <function connect.<locals>.connector at 0x7fc30941f4c0> completed
2024-12-31 23:44:29,558 executing functools.partial(<built-in method execute of sqlite3.Connection object at 0x7fc3093d1e40>, 'SELECT topic_id FROM users WHERE chat_id = ?', (5434361630,))
2024-12-31 23:44:29,561 operation functools.partial(<built-in method execute of sqlite3.Connection object at 0x7fc3093d1e40>, 'SELECT topic_id FROM users WHERE chat_id = ?', (5434361630,)) completed
2024-12-31 23:44:29,562 executing functools.partial(<built-in method fetchone of sqlite3.Cursor object at 0x7fc3093e3f40>)
2024-12-31 23:44:29,562 operation functools.partial(<built-in method fetchone of sqlite3.Cursor object at 0x7fc3093e3f40>) completed
2024-12-31 23:44:29,563 executing functools.partial(<built-in method close of sqlite3.Cursor object at 0x7fc3093e3f40>)
2024-12-31 23:44:29,563 operation functools.partial(<built-in method close of sqlite3.Cursor object at 0x7fc3093e3f40>) completed
2024-12-31 23:44:29,575 executing <function connect.<locals>.connector at 0x7fc30941f6a0>
2024-12-31 23:44:29,575 operation <function connect.<locals>.connector at 0x7fc30941f6a0> completed
2024-12-31 23:44:29,575 executing functools.partial(<built-in method execute of sqlite3.Connection object at 0x7fc3093d2200>, 'PRAGMA foreign_keys = ON', [])
2024-12-31 23:44:29,575 operation functools.partial(<built-in method execute of sqlite3.Connection object at 0x7fc3093d2200>, 'PRAGMA foreign_keys = ON', []) completed
2024-12-31 23:44:29,576 executing functools.partial(<built-in method execute of sqlite3.Connection object at 0x7fc3093d2200>, '\n            CREATE TABLE IF NOT EXISTS users (\n                chat_id INTEGER,\n                topic_id INTEGER,\n                user_name TEXT,\n                PRIMARY KEY (chat_id, topic_id)\n            )\n        ', [])
2024-12-31 23:44:29,576 operation functools.partial(<built-in method execute of sqlite3.Connection object at 0x7fc3093d2200>, '\n            CREATE TABLE IF NOT EXISTS users (\n                chat_id INTEGER,\n                topic_id INTEGER,\n                user_name TEXT,\n                PRIMARY KEY (chat_id, topic_id)\n            )\n        ', []) completed
2024-12-31 23:44:29,577 executing functools.partial(<built-in method execute of sqlite3.Connection object at 0x7fc3093d2200>, '\n            CREATE TABLE IF NOT EXISTS group_messages (\n                topic_id INTEGER,\n                message_id INTEGER,\n                local_id INTEGER,\n                PRIMARY KEY (topic_id, local_id)\n            )\n        ', [])
2024-12-31 23:44:29,577 operation functools.partial(<built-in method execute of sqlite3.Connection object at 0x7fc3093d2200>, '\n            CREATE TABLE IF NOT EXISTS group_messages (\n                topic_id INTEGER,\n                message_id INTEGER,\n                local_id INTEGER,\n                PRIMARY KEY (topic_id, local_id)\n            )\n        ', []) completed
2024-12-31 23:44:29,577 executing functools.partial(<built-in method execute of sqlite3.Connection object at 0x7fc3093d2200>, '\n            CREATE TABLE IF NOT EXISTS private_messages (\n                chat_id INTEGER,\n                message_id INTEGER,\n                local_id INTEGER,\n                PRIMARY KEY (chat_id, local_id)\n            )\n        ', [])
2024-12-31 23:44:29,577 operation functools.partial(<built-in method execute of sqlite3.Connection object at 0x7fc3093d2200>, '\n            CREATE TABLE IF NOT EXISTS private_messages (\n                chat_id INTEGER,\n                message_id INTEGER,\n                local_id INTEGER,\n                PRIMARY KEY (chat_id, local_id)\n            )\n        ', []) completed
2024-12-31 23:44:29,578 executing functools.partial(<built-in method commit of sqlite3.Connection object at 0x7fc3093d2200>)
2024-12-31 23:44:29,578 operation functools.partial(<built-in method commit of sqlite3.Connection object at 0x7fc3093d2200>) completed
2024-12-31 23:44:29,580 executing functools.partial(<built-in method execute of sqlite3.Connection object at 0x7fc3093d2200>, 'SELECT topic_id FROM users WHERE chat_id = ? AND user_name = ?', (5434361630, 'yadgenn'))
2024-12-31 23:44:29,580 operation functools.partial(<built-in method execute of sqlite3.Connection object at 0x7fc3093d2200>, 'SELECT topic_id FROM users WHERE chat_id = ? AND user_name = ?', (5434361630, 'yadgenn')) completed
2024-12-31 23:44:29,580 executing functools.partial(<built-in method fetchone of sqlite3.Cursor object at 0x7fc309430840>)
2024-12-31 23:44:29,580 operation functools.partial(<built-in method fetchone of sqlite3.Cursor object at 0x7fc309430840>) completed
2024-12-31 23:44:29,580 executing functools.partial(<built-in method close of sqlite3.Cursor object at 0x7fc309430840>)
2024-12-31 23:44:29,580 operation functools.partial(<built-in method close of sqlite3.Cursor object at 0x7fc309430840>) completed
2024-12-31 23:44:33,370 Looking for jobs to run
2024-12-31 23:44:33,371 Next wakeup is due at 2024-12-31 23:44:38.368020+05:00 (in 4.996761 seconds)
2024-12-31 23:44:33,371 Running job "checker (trigger: interval[0:00:05], next run at: 2024-12-31 23:44:38 +05)" (scheduled at 2024-12-31 23:44:33.368020+05:00)
2024-12-31 23:44:33,371 Job "checker (trigger: interval[0:00:05], next run at: 2024-12-31 23:44:38 +05)" executed successfully
2024-12-31 23:44:38,371 Looking for jobs to run
2024-12-31 23:44:38,372 Next wakeup is due at 2024-12-31 23:44:43.368020+05:00 (in 4.996025 seconds)
2024-12-31 23:44:38,372 Running job "checker (trigger: interval[0:00:05], next run at: 2024-12-31 23:44:43 +05)" (scheduled at 2024-12-31 23:44:38.368020+05:00)
2024-12-31 23:44:38,372 Job "checker (trigger: interval[0:00:05], next run at: 2024-12-31 23:44:43 +05)" executed successfully
2024-12-31 23:44:43,371 Looking for jobs to run
2024-12-31 23:44:43,372 Next wakeup is due at 2024-12-31 23:44:48.368020+05:00 (in 4.995807 seconds)
2024-12-31 23:44:43,372 Running job "checker (trigger: interval[0:00:05], next run at: 2024-12-31 23:44:48 +05)" (scheduled at 2024-12-31 23:44:43.368020+05:00)
2024-12-31 23:44:43,372 Job "checker (trigger: interval[0:00:05], next run at: 2024-12-31 23:44:48 +05)" executed successfully
2024-12-31 23:44:48,373 Looking for jobs to run
2024-12-31 23:44:48,374 Next wakeup is due at 2024-12-31 23:44:53.368020+05:00 (in 4.993638 seconds)
2024-12-31 23:44:48,374 Running job "checker (trigger: interval[0:00:05], next run at: 2024-12-31 23:44:53 +05)" (scheduled at 2024-12-31 23:44:48.368020+05:00)
2024-12-31 23:44:48,374 Job "checker (trigger: interval[0:00:05], next run at: 2024-12-31 23:44:53 +05)" executed successfully
2024-12-31 23:44:53,369 Looking for jobs to run
2024-12-31 23:44:53,369 Next wakeup is due at 2024-12-31 23:44:58.368020+05:00 (in 4.998138 seconds)
2024-12-31 23:44:53,370 Running job "checker (trigger: interval[0:00:05], next run at: 2024-12-31 23:44:58 +05)" (scheduled at 2024-12-31 23:44:53.368020+05:00)
2024-12-31 23:44:53,370 Job "checker (trigger: interval[0:00:05], next run at: 2024-12-31 23:44:58 +05)" executed successfully
2024-12-31 23:44:58,376 Looking for jobs to run
2024-12-31 23:44:58,379 Next wakeup is due at 2024-12-31 23:45:03.368020+05:00 (in 4.988097 seconds)
2024-12-31 23:44:58,380 Running job "checker (trigger: interval[0:00:05], next run at: 2024-12-31 23:45:03 +05)" (scheduled at 2024-12-31 23:44:58.368020+05:00)
2024-12-31 23:44:58,381 Job "checker (trigger: interval[0:00:05], next run at: 2024-12-31 23:45:03 +05)" executed successfully
2024-12-31 23:45:03,371 Looking for jobs to run
2024-12-31 23:45:03,372 Next wakeup is due at 2024-12-31 23:45:08.368020+05:00 (in 4.995852 seconds)
2024-12-31 23:45:03,372 Running job "checker (trigger: interval[0:00:05], next run at: 2024-12-31 23:45:08 +05)" (scheduled at 2024-12-31 23:45:03.368020+05:00)
2024-12-31 23:45:03,373 Job "checker (trigger: interval[0:00:05], next run at: 2024-12-31 23:45:08 +05)" executed successfully
2024-12-31 23:45:08,371 Looking for jobs to run
2024-12-31 23:45:08,372 Next wakeup is due at 2024-12-31 23:45:13.368020+05:00 (in 4.995815 seconds)
2024-12-31 23:45:08,372 Running job "checker (trigger: interval[0:00:05], next run at: 2024-12-31 23:45:13 +05)" (scheduled at 2024-12-31 23:45:08.368020+05:00)
2024-12-31 23:45:08,373 Job "checker (trigger: interval[0:00:05], next run at: 2024-12-31 23:45:13 +05)" executed successfully
2024-12-31 23:45:13,371 Looking for jobs to run
2024-12-31 23:45:13,371 Next wakeup is due at 2024-12-31 23:45:18.368020+05:00 (in 4.996051 seconds)
2024-12-31 23:45:13,372 Running job "checker (trigger: interval[0:00:05], next run at: 2024-12-31 23:45:18 +05)" (scheduled at 2024-12-31 23:45:13.368020+05:00)
2024-12-31 23:45:13,372 Job "checker (trigger: interval[0:00:05], next run at: 2024-12-31 23:45:18 +05)" executed successfully
2024-12-31 23:45:18,371 Looking for jobs to run
2024-12-31 23:45:18,372 Next wakeup is due at 2024-12-31 23:45:23.368020+05:00 (in 4.995102 seconds)
2024-12-31 23:45:18,373 Running job "checker (trigger: interval[0:00:05], next run at: 2024-12-31 23:45:23 +05)" (scheduled at 2024-12-31 23:45:18.368020+05:00)
2024-12-31 23:45:18,373 Job "checker (trigger: interval[0:00:05], next run at: 2024-12-31 23:45:23 +05)" executed successfully
2024-12-31 23:45:21,953 Infinity polling: polling exited
2024-12-31 23:45:21,957 Break infinity polling
