2025-01-06 16:27:12,788 Adding job tentatively -- it will be properly scheduled when the scheduler starts
2025-01-06 16:27:12,789 Added job "checker" to job store "default"
2025-01-06 16:27:12,789 Scheduler started
2025-01-06 16:27:12,791 Looking for jobs to run
2025-01-06 16:27:12,791 Next wakeup is due at 2025-01-06 16:27:17.788035+05:00 (in 4.996462 seconds)
2025-01-06 16:27:17,788 Looking for jobs to run
2025-01-06 16:27:17,789 Next wakeup is due at 2025-01-06 16:27:22.788035+05:00 (in 4.998812 seconds)
2025-01-06 16:27:17,789 Running job "checker (trigger: interval[0:00:05], next run at: 2025-01-06 16:27:22 +05)" (scheduled at 2025-01-06 16:27:17.788035+05:00)
2025-01-06 16:27:17,789 Job "checker (trigger: interval[0:00:05], next run at: 2025-01-06 16:27:22 +05)" executed successfully
2025-01-06 16:27:22,792 Looking for jobs to run
2025-01-06 16:27:22,793 Next wakeup is due at 2025-01-06 16:27:27.788035+05:00 (in 4.994888 seconds)
2025-01-06 16:27:22,793 Running job "checker (trigger: interval[0:00:05], next run at: 2025-01-06 16:27:27 +05)" (scheduled at 2025-01-06 16:27:22.788035+05:00)
2025-01-06 16:27:22,793 Job "checker (trigger: interval[0:00:05], next run at: 2025-01-06 16:27:27 +05)" executed successfully
2025-01-06 16:27:27,793 Looking for jobs to run
2025-01-06 16:27:27,794 Next wakeup is due at 2025-01-06 16:27:32.788035+05:00 (in 4.993935 seconds)
2025-01-06 16:27:27,794 Running job "checker (trigger: interval[0:00:05], next run at: 2025-01-06 16:27:32 +05)" (scheduled at 2025-01-06 16:27:27.788035+05:00)
2025-01-06 16:27:27,794 Job "checker (trigger: interval[0:00:05], next run at: 2025-01-06 16:27:32 +05)" executed successfully
2025-01-06 16:27:32,791 Looking for jobs to run
2025-01-06 16:27:32,791 Next wakeup is due at 2025-01-06 16:27:37.788035+05:00 (in 4.996724 seconds)
2025-01-06 16:27:32,791 Running job "checker (trigger: interval[0:00:05], next run at: 2025-01-06 16:27:37 +05)" (scheduled at 2025-01-06 16:27:32.788035+05:00)
2025-01-06 16:27:32,791 Job "checker (trigger: interval[0:00:05], next run at: 2025-01-06 16:27:37 +05)" executed successfully
2025-01-06 16:27:37,791 Looking for jobs to run
2025-01-06 16:27:37,791 Next wakeup is due at 2025-01-06 16:27:42.788035+05:00 (in 4.996403 seconds)
2025-01-06 16:27:37,791 Running job "checker (trigger: interval[0:00:05], next run at: 2025-01-06 16:27:42 +05)" (scheduled at 2025-01-06 16:27:37.788035+05:00)
2025-01-06 16:27:37,792 Job "checker (trigger: interval[0:00:05], next run at: 2025-01-06 16:27:42 +05)" executed successfully
2025-01-06 16:27:42,793 Looking for jobs to run
2025-01-06 16:27:42,793 Next wakeup is due at 2025-01-06 16:27:47.788035+05:00 (in 4.994253 seconds)
2025-01-06 16:27:42,793 Running job "checker (trigger: interval[0:00:05], next run at: 2025-01-06 16:27:47 +05)" (scheduled at 2025-01-06 16:27:42.788035+05:00)
2025-01-06 16:27:42,794 Job "checker (trigger: interval[0:00:05], next run at: 2025-01-06 16:27:47 +05)" executed successfully
2025-01-06 16:27:47,252 executing <function connect.<locals>.connector at 0x7fbbc3bf6020>
2025-01-06 16:27:47,260 operation <function connect.<locals>.connector at 0x7fbbc3bf6020> completed
2025-01-06 16:27:47,260 executing functools.partial(<built-in method execute of sqlite3.Connection object at 0x7fbbc3e064d0>, 'PRAGMA foreign_keys = ON', [])
2025-01-06 16:27:47,263 operation functools.partial(<built-in method execute of sqlite3.Connection object at 0x7fbbc3e064d0>, 'PRAGMA foreign_keys = ON', []) completed
2025-01-06 16:27:47,264 executing functools.partial(<built-in method execute of sqlite3.Connection object at 0x7fbbc3e064d0>, '\n            CREATE TABLE IF NOT EXISTS users (\n                chat_id INTEGER,\n                topic_id INTEGER,\n                user_name TEXT,\n                PRIMARY KEY (chat_id, topic_id)\n            )\n        ', [])
2025-01-06 16:27:47,265 operation functools.partial(<built-in method execute of sqlite3.Connection object at 0x7fbbc3e064d0>, '\n            CREATE TABLE IF NOT EXISTS users (\n                chat_id INTEGER,\n                topic_id INTEGER,\n                user_name TEXT,\n                PRIMARY KEY (chat_id, topic_id)\n            )\n        ', []) completed
2025-01-06 16:27:47,265 executing functools.partial(<built-in method execute of sqlite3.Connection object at 0x7fbbc3e064d0>, '\n            CREATE TABLE IF NOT EXISTS group_messages (\n                topic_id INTEGER,\n                message_id INTEGER,\n                local_id INTEGER,\n                PRIMARY KEY (topic_id, local_id)\n            )\n        ', [])
2025-01-06 16:27:47,265 operation functools.partial(<built-in method execute of sqlite3.Connection object at 0x7fbbc3e064d0>, '\n            CREATE TABLE IF NOT EXISTS group_messages (\n                topic_id INTEGER,\n                message_id INTEGER,\n                local_id INTEGER,\n                PRIMARY KEY (topic_id, local_id)\n            )\n        ', []) completed
2025-01-06 16:27:47,265 executing functools.partial(<built-in method execute of sqlite3.Connection object at 0x7fbbc3e064d0>, '\n            CREATE TABLE IF NOT EXISTS private_messages (\n                chat_id INTEGER,\n                message_id INTEGER,\n                local_id INTEGER,\n                PRIMARY KEY (chat_id, local_id)\n            )\n        ', [])
2025-01-06 16:27:47,265 operation functools.partial(<built-in method execute of sqlite3.Connection object at 0x7fbbc3e064d0>, '\n            CREATE TABLE IF NOT EXISTS private_messages (\n                chat_id INTEGER,\n                message_id INTEGER,\n                local_id INTEGER,\n                PRIMARY KEY (chat_id, local_id)\n            )\n        ', []) completed
2025-01-06 16:27:47,266 executing functools.partial(<built-in method commit of sqlite3.Connection object at 0x7fbbc3e064d0>)
2025-01-06 16:27:47,266 operation functools.partial(<built-in method commit of sqlite3.Connection object at 0x7fbbc3e064d0>) completed
2025-01-06 16:27:47,266 executing functools.partial(<built-in method execute of sqlite3.Connection object at 0x7fbbc3e064d0>, 'SELECT topic_id FROM users WHERE chat_id = ?', (5434361630,))
2025-01-06 16:27:47,266 operation functools.partial(<built-in method execute of sqlite3.Connection object at 0x7fbbc3e064d0>, 'SELECT topic_id FROM users WHERE chat_id = ?', (5434361630,)) completed
2025-01-06 16:27:47,266 executing functools.partial(<built-in method fetchone of sqlite3.Cursor object at 0x7fbbc3c086c0>)
2025-01-06 16:27:47,267 operation functools.partial(<built-in method fetchone of sqlite3.Cursor object at 0x7fbbc3c086c0>) completed
2025-01-06 16:27:47,267 executing functools.partial(<built-in method close of sqlite3.Cursor object at 0x7fbbc3c086c0>)
2025-01-06 16:27:47,267 operation functools.partial(<built-in method close of sqlite3.Cursor object at 0x7fbbc3c086c0>) completed
2025-01-06 16:27:47,267 executing functools.partial(<built-in method execute of sqlite3.Connection object at 0x7fbbc3e064d0>, 'SELECT local_id FROM private_messages WHERE chat_id = ? AND message_id = ?', (5434361630, 23182))
2025-01-06 16:27:47,271 operation functools.partial(<built-in method execute of sqlite3.Connection object at 0x7fbbc3e064d0>, 'SELECT local_id FROM private_messages WHERE chat_id = ? AND message_id = ?', (5434361630, 23182)) completed
2025-01-06 16:27:47,271 executing functools.partial(<built-in method fetchone of sqlite3.Cursor object at 0x7fbbc3c086c0>)
2025-01-06 16:27:47,271 operation functools.partial(<built-in method fetchone of sqlite3.Cursor object at 0x7fbbc3c086c0>) completed
2025-01-06 16:27:47,271 executing functools.partial(<built-in method execute of sqlite3.Connection object at 0x7fbbc3e064d0>, 'SELECT message_id FROM group_messages WHERE topic_id = ? AND local_id = ?', (186, 348))
2025-01-06 16:27:47,272 operation functools.partial(<built-in method execute of sqlite3.Connection object at 0x7fbbc3e064d0>, 'SELECT message_id FROM group_messages WHERE topic_id = ? AND local_id = ?', (186, 348)) completed
2025-01-06 16:27:47,272 executing functools.partial(<built-in method fetchone of sqlite3.Cursor object at 0x7fbbc3c08740>)
2025-01-06 16:27:47,272 operation functools.partial(<built-in method fetchone of sqlite3.Cursor object at 0x7fbbc3c08740>) completed
2025-01-06 16:27:47,272 executing functools.partial(<built-in method close of sqlite3.Cursor object at 0x7fbbc3c08740>)
2025-01-06 16:27:47,272 operation functools.partial(<built-in method close of sqlite3.Cursor object at 0x7fbbc3c08740>) completed
2025-01-06 16:27:47,273 executing functools.partial(<built-in method close of sqlite3.Cursor object at 0x7fbbc3c086c0>)
2025-01-06 16:27:47,273 operation functools.partial(<built-in method close of sqlite3.Cursor object at 0x7fbbc3c086c0>) completed
2025-01-06 16:27:47,789 Looking for jobs to run
2025-01-06 16:27:47,790 Next wakeup is due at 2025-01-06 16:27:52.788035+05:00 (in 4.997543 seconds)
2025-01-06 16:27:47,790 Running job "checker (trigger: interval[0:00:05], next run at: 2025-01-06 16:27:52 +05)" (scheduled at 2025-01-06 16:27:47.788035+05:00)
2025-01-06 16:27:47,791 Job "checker (trigger: interval[0:00:05], next run at: 2025-01-06 16:27:52 +05)" executed successfully
2025-01-06 16:27:52,790 Looking for jobs to run
2025-01-06 16:27:52,791 Next wakeup is due at 2025-01-06 16:27:57.788035+05:00 (in 4.996860 seconds)
2025-01-06 16:27:52,791 Running job "checker (trigger: interval[0:00:05], next run at: 2025-01-06 16:27:57 +05)" (scheduled at 2025-01-06 16:27:52.788035+05:00)
2025-01-06 16:27:52,791 Job "checker (trigger: interval[0:00:05], next run at: 2025-01-06 16:27:57 +05)" executed successfully
2025-01-06 16:27:57,792 Looking for jobs to run
2025-01-06 16:27:57,793 Next wakeup is due at 2025-01-06 16:28:02.788035+05:00 (in 4.994529 seconds)
2025-01-06 16:27:57,793 Running job "checker (trigger: interval[0:00:05], next run at: 2025-01-06 16:28:02 +05)" (scheduled at 2025-01-06 16:27:57.788035+05:00)
2025-01-06 16:27:57,793 Job "checker (trigger: interval[0:00:05], next run at: 2025-01-06 16:28:02 +05)" executed successfully
2025-01-06 16:28:02,794 Looking for jobs to run
2025-01-06 16:28:02,794 Next wakeup is due at 2025-01-06 16:28:07.788035+05:00 (in 4.993667 seconds)
2025-01-06 16:28:02,794 Running job "checker (trigger: interval[0:00:05], next run at: 2025-01-06 16:28:07 +05)" (scheduled at 2025-01-06 16:28:02.788035+05:00)
2025-01-06 16:28:02,794 Job "checker (trigger: interval[0:00:05], next run at: 2025-01-06 16:28:07 +05)" executed successfully
2025-01-06 16:28:07,789 Looking for jobs to run
2025-01-06 16:28:07,789 Next wakeup is due at 2025-01-06 16:28:12.788035+05:00 (in 4.998458 seconds)
2025-01-06 16:28:07,789 Running job "checker (trigger: interval[0:00:05], next run at: 2025-01-06 16:28:12 +05)" (scheduled at 2025-01-06 16:28:07.788035+05:00)
2025-01-06 16:28:07,790 Job "checker (trigger: interval[0:00:05], next run at: 2025-01-06 16:28:12 +05)" executed successfully
2025-01-06 16:28:12,792 Looking for jobs to run
2025-01-06 16:28:12,793 Next wakeup is due at 2025-01-06 16:28:17.788035+05:00 (in 4.994996 seconds)
2025-01-06 16:28:12,793 Running job "checker (trigger: interval[0:00:05], next run at: 2025-01-06 16:28:17 +05)" (scheduled at 2025-01-06 16:28:12.788035+05:00)
2025-01-06 16:28:12,793 Job "checker (trigger: interval[0:00:05], next run at: 2025-01-06 16:28:17 +05)" executed successfully
2025-01-06 16:28:17,792 Looking for jobs to run
2025-01-06 16:28:17,792 Next wakeup is due at 2025-01-06 16:28:22.788035+05:00 (in 4.995190 seconds)
2025-01-06 16:28:17,793 Running job "checker (trigger: interval[0:00:05], next run at: 2025-01-06 16:28:22 +05)" (scheduled at 2025-01-06 16:28:17.788035+05:00)
2025-01-06 16:28:17,793 Job "checker (trigger: interval[0:00:05], next run at: 2025-01-06 16:28:22 +05)" executed successfully
2025-01-06 16:28:22,788 Looking for jobs to run
2025-01-06 16:28:22,789 Next wakeup is due at 2025-01-06 16:28:27.788035+05:00 (in 4.998232 seconds)
2025-01-06 16:28:22,790 Running job "checker (trigger: interval[0:00:05], next run at: 2025-01-06 16:28:27 +05)" (scheduled at 2025-01-06 16:28:22.788035+05:00)
2025-01-06 16:28:22,790 Job "checker (trigger: interval[0:00:05], next run at: 2025-01-06 16:28:27 +05)" executed successfully
2025-01-06 16:28:27,789 Looking for jobs to run
2025-01-06 16:28:27,792 Next wakeup is due at 2025-01-06 16:28:32.788035+05:00 (in 4.995549 seconds)
2025-01-06 16:28:27,792 Running job "checker (trigger: interval[0:00:05], next run at: 2025-01-06 16:28:32 +05)" (scheduled at 2025-01-06 16:28:27.788035+05:00)
2025-01-06 16:28:27,792 Job "checker (trigger: interval[0:00:05], next run at: 2025-01-06 16:28:32 +05)" executed successfully
2025-01-06 16:28:32,792 Looking for jobs to run
2025-01-06 16:28:32,792 Next wakeup is due at 2025-01-06 16:28:37.788035+05:00 (in 4.995259 seconds)
2025-01-06 16:28:32,792 Running job "checker (trigger: interval[0:00:05], next run at: 2025-01-06 16:28:37 +05)" (scheduled at 2025-01-06 16:28:32.788035+05:00)
2025-01-06 16:28:32,793 Job "checker (trigger: interval[0:00:05], next run at: 2025-01-06 16:28:37 +05)" executed successfully
2025-01-06 16:28:37,792 Looking for jobs to run
2025-01-06 16:28:37,793 Next wakeup is due at 2025-01-06 16:28:42.788035+05:00 (in 4.994925 seconds)
2025-01-06 16:28:37,793 Running job "checker (trigger: interval[0:00:05], next run at: 2025-01-06 16:28:42 +05)" (scheduled at 2025-01-06 16:28:37.788035+05:00)
2025-01-06 16:28:37,793 Job "checker (trigger: interval[0:00:05], next run at: 2025-01-06 16:28:42 +05)" executed successfully
2025-01-06 16:28:42,792 Looking for jobs to run
2025-01-06 16:28:42,792 Next wakeup is due at 2025-01-06 16:28:47.788035+05:00 (in 4.995189 seconds)
2025-01-06 16:28:42,793 Running job "checker (trigger: interval[0:00:05], next run at: 2025-01-06 16:28:47 +05)" (scheduled at 2025-01-06 16:28:42.788035+05:00)
2025-01-06 16:28:42,793 Job "checker (trigger: interval[0:00:05], next run at: 2025-01-06 16:28:47 +05)" executed successfully
2025-01-06 16:28:47,792 Looking for jobs to run
2025-01-06 16:28:47,793 Next wakeup is due at 2025-01-06 16:28:52.788035+05:00 (in 4.994961 seconds)
2025-01-06 16:28:47,793 Running job "checker (trigger: interval[0:00:05], next run at: 2025-01-06 16:28:52 +05)" (scheduled at 2025-01-06 16:28:47.788035+05:00)
2025-01-06 16:28:47,793 Job "checker (trigger: interval[0:00:05], next run at: 2025-01-06 16:28:52 +05)" executed successfully
2025-01-06 16:28:52,792 Looking for jobs to run
2025-01-06 16:28:52,792 Next wakeup is due at 2025-01-06 16:28:57.788035+05:00 (in 4.995090 seconds)
2025-01-06 16:28:52,793 Running job "checker (trigger: interval[0:00:05], next run at: 2025-01-06 16:28:57 +05)" (scheduled at 2025-01-06 16:28:52.788035+05:00)
2025-01-06 16:28:52,793 Job "checker (trigger: interval[0:00:05], next run at: 2025-01-06 16:28:57 +05)" executed successfully
2025-01-06 16:28:57,794 Looking for jobs to run
2025-01-06 16:28:57,796 Next wakeup is due at 2025-01-06 16:29:02.788035+05:00 (in 4.991769 seconds)
2025-01-06 16:28:57,796 Running job "checker (trigger: interval[0:00:05], next run at: 2025-01-06 16:29:02 +05)" (scheduled at 2025-01-06 16:28:57.788035+05:00)
2025-01-06 16:28:57,796 Job "checker (trigger: interval[0:00:05], next run at: 2025-01-06 16:29:02 +05)" executed successfully
2025-01-06 16:29:02,792 Looking for jobs to run
2025-01-06 16:29:02,793 Next wakeup is due at 2025-01-06 16:29:07.788035+05:00 (in 4.994283 seconds)
2025-01-06 16:29:02,794 Running job "checker (trigger: interval[0:00:05], next run at: 2025-01-06 16:29:07 +05)" (scheduled at 2025-01-06 16:29:02.788035+05:00)
2025-01-06 16:29:02,794 Job "checker (trigger: interval[0:00:05], next run at: 2025-01-06 16:29:07 +05)" executed successfully
2025-01-06 16:29:07,792 Looking for jobs to run
2025-01-06 16:29:07,792 Next wakeup is due at 2025-01-06 16:29:12.788035+05:00 (in 4.995225 seconds)
2025-01-06 16:29:07,793 Running job "checker (trigger: interval[0:00:05], next run at: 2025-01-06 16:29:12 +05)" (scheduled at 2025-01-06 16:29:07.788035+05:00)
2025-01-06 16:29:07,793 Job "checker (trigger: interval[0:00:05], next run at: 2025-01-06 16:29:12 +05)" executed successfully
2025-01-06 16:29:12,793 Looking for jobs to run
2025-01-06 16:29:12,793 Next wakeup is due at 2025-01-06 16:29:17.788035+05:00 (in 4.994299 seconds)
2025-01-06 16:29:12,793 Running job "checker (trigger: interval[0:00:05], next run at: 2025-01-06 16:29:17 +05)" (scheduled at 2025-01-06 16:29:12.788035+05:00)
2025-01-06 16:29:12,794 Job "checker (trigger: interval[0:00:05], next run at: 2025-01-06 16:29:17 +05)" executed successfully
2025-01-06 16:29:17,792 Looking for jobs to run
2025-01-06 16:29:17,794 Next wakeup is due at 2025-01-06 16:29:22.788035+05:00 (in 4.993769 seconds)
2025-01-06 16:29:17,794 Running job "checker (trigger: interval[0:00:05], next run at: 2025-01-06 16:29:22 +05)" (scheduled at 2025-01-06 16:29:17.788035+05:00)
2025-01-06 16:29:17,795 Job "checker (trigger: interval[0:00:05], next run at: 2025-01-06 16:29:22 +05)" executed successfully
2025-01-06 16:29:22,792 Looking for jobs to run
2025-01-06 16:29:22,793 Next wakeup is due at 2025-01-06 16:29:27.788035+05:00 (in 4.994562 seconds)
2025-01-06 16:29:22,793 Running job "checker (trigger: interval[0:00:05], next run at: 2025-01-06 16:29:27 +05)" (scheduled at 2025-01-06 16:29:22.788035+05:00)
2025-01-06 16:29:22,793 Job "checker (trigger: interval[0:00:05], next run at: 2025-01-06 16:29:27 +05)" executed successfully
2025-01-06 16:29:27,792 Looking for jobs to run
2025-01-06 16:29:27,792 Next wakeup is due at 2025-01-06 16:29:32.788035+05:00 (in 4.995218 seconds)
2025-01-06 16:29:27,793 Running job "checker (trigger: interval[0:00:05], next run at: 2025-01-06 16:29:32 +05)" (scheduled at 2025-01-06 16:29:27.788035+05:00)
2025-01-06 16:29:27,793 Job "checker (trigger: interval[0:00:05], next run at: 2025-01-06 16:29:32 +05)" executed successfully
2025-01-06 16:29:32,792 Looking for jobs to run
2025-01-06 16:29:32,795 Next wakeup is due at 2025-01-06 16:29:37.788035+05:00 (in 4.992913 seconds)
2025-01-06 16:29:32,795 Running job "checker (trigger: interval[0:00:05], next run at: 2025-01-06 16:29:37 +05)" (scheduled at 2025-01-06 16:29:32.788035+05:00)
2025-01-06 16:29:32,795 Job "checker (trigger: interval[0:00:05], next run at: 2025-01-06 16:29:37 +05)" executed successfully
2025-01-06 16:29:37,793 Looking for jobs to run
2025-01-06 16:29:37,794 Next wakeup is due at 2025-01-06 16:29:42.788035+05:00 (in 4.993767 seconds)
2025-01-06 16:29:37,794 Running job "checker (trigger: interval[0:00:05], next run at: 2025-01-06 16:29:42 +05)" (scheduled at 2025-01-06 16:29:37.788035+05:00)
2025-01-06 16:29:37,794 Job "checker (trigger: interval[0:00:05], next run at: 2025-01-06 16:29:42 +05)" executed successfully
2025-01-06 16:29:42,792 Looking for jobs to run
2025-01-06 16:29:42,792 Next wakeup is due at 2025-01-06 16:29:47.788035+05:00 (in 4.995226 seconds)
2025-01-06 16:29:42,793 Running job "checker (trigger: interval[0:00:05], next run at: 2025-01-06 16:29:47 +05)" (scheduled at 2025-01-06 16:29:42.788035+05:00)
2025-01-06 16:29:42,793 Job "checker (trigger: interval[0:00:05], next run at: 2025-01-06 16:29:47 +05)" executed successfully
2025-01-06 16:29:47,789 Looking for jobs to run
2025-01-06 16:29:47,790 Next wakeup is due at 2025-01-06 16:29:52.788035+05:00 (in 4.997998 seconds)
2025-01-06 16:29:47,790 Running job "checker (trigger: interval[0:00:05], next run at: 2025-01-06 16:29:52 +05)" (scheduled at 2025-01-06 16:29:47.788035+05:00)
2025-01-06 16:29:47,790 Job "checker (trigger: interval[0:00:05], next run at: 2025-01-06 16:29:52 +05)" executed successfully
2025-01-06 16:29:52,792 Looking for jobs to run
2025-01-06 16:29:52,792 Next wakeup is due at 2025-01-06 16:29:57.788035+05:00 (in 4.995342 seconds)
2025-01-06 16:29:52,793 Running job "checker (trigger: interval[0:00:05], next run at: 2025-01-06 16:29:57 +05)" (scheduled at 2025-01-06 16:29:52.788035+05:00)
2025-01-06 16:29:52,793 Job "checker (trigger: interval[0:00:05], next run at: 2025-01-06 16:29:57 +05)" executed successfully
2025-01-06 16:29:57,792 Looking for jobs to run
2025-01-06 16:29:57,793 Next wakeup is due at 2025-01-06 16:30:02.788035+05:00 (in 4.994901 seconds)
2025-01-06 16:29:57,793 Running job "checker (trigger: interval[0:00:05], next run at: 2025-01-06 16:30:02 +05)" (scheduled at 2025-01-06 16:29:57.788035+05:00)
2025-01-06 16:29:57,793 Job "checker (trigger: interval[0:00:05], next run at: 2025-01-06 16:30:02 +05)" executed successfully
2025-01-06 16:30:02,795 Looking for jobs to run
2025-01-06 16:30:02,797 Next wakeup is due at 2025-01-06 16:30:07.788035+05:00 (in 4.990805 seconds)
2025-01-06 16:30:02,797 Running job "checker (trigger: interval[0:00:05], next run at: 2025-01-06 16:30:07 +05)" (scheduled at 2025-01-06 16:30:02.788035+05:00)
2025-01-06 16:30:02,797 Job "checker (trigger: interval[0:00:05], next run at: 2025-01-06 16:30:07 +05)" executed successfully
2025-01-06 16:30:07,792 Looking for jobs to run
2025-01-06 16:30:07,792 Next wakeup is due at 2025-01-06 16:30:12.788035+05:00 (in 4.995300 seconds)
2025-01-06 16:30:07,793 Running job "checker (trigger: interval[0:00:05], next run at: 2025-01-06 16:30:12 +05)" (scheduled at 2025-01-06 16:30:07.788035+05:00)
2025-01-06 16:30:07,793 Job "checker (trigger: interval[0:00:05], next run at: 2025-01-06 16:30:12 +05)" executed successfully
2025-01-06 16:30:12,789 Looking for jobs to run
2025-01-06 16:30:12,790 Next wakeup is due at 2025-01-06 16:30:17.788035+05:00 (in 4.997555 seconds)
2025-01-06 16:30:12,790 Running job "checker (trigger: interval[0:00:05], next run at: 2025-01-06 16:30:17 +05)" (scheduled at 2025-01-06 16:30:12.788035+05:00)
2025-01-06 16:30:12,790 Job "checker (trigger: interval[0:00:05], next run at: 2025-01-06 16:30:17 +05)" executed successfully
2025-01-06 16:30:17,792 Looking for jobs to run
2025-01-06 16:30:17,793 Next wakeup is due at 2025-01-06 16:30:22.788035+05:00 (in 4.994942 seconds)
2025-01-06 16:30:17,793 Running job "checker (trigger: interval[0:00:05], next run at: 2025-01-06 16:30:22 +05)" (scheduled at 2025-01-06 16:30:17.788035+05:00)
2025-01-06 16:30:17,793 Job "checker (trigger: interval[0:00:05], next run at: 2025-01-06 16:30:22 +05)" executed successfully
2025-01-06 16:30:22,792 Looking for jobs to run
2025-01-06 16:30:22,793 Next wakeup is due at 2025-01-06 16:30:27.788035+05:00 (in 4.995002 seconds)
2025-01-06 16:30:22,793 Running job "checker (trigger: interval[0:00:05], next run at: 2025-01-06 16:30:27 +05)" (scheduled at 2025-01-06 16:30:22.788035+05:00)
2025-01-06 16:30:22,793 Job "checker (trigger: interval[0:00:05], next run at: 2025-01-06 16:30:27 +05)" executed successfully
2025-01-06 16:30:27,791 Looking for jobs to run
2025-01-06 16:30:27,792 Next wakeup is due at 2025-01-06 16:30:32.788035+05:00 (in 4.995476 seconds)
2025-01-06 16:30:27,793 Running job "checker (trigger: interval[0:00:05], next run at: 2025-01-06 16:30:32 +05)" (scheduled at 2025-01-06 16:30:27.788035+05:00)
2025-01-06 16:30:27,793 Job "checker (trigger: interval[0:00:05], next run at: 2025-01-06 16:30:32 +05)" executed successfully
2025-01-06 16:30:32,792 Looking for jobs to run
2025-01-06 16:30:32,793 Next wakeup is due at 2025-01-06 16:30:37.788035+05:00 (in 4.994783 seconds)
2025-01-06 16:30:32,793 Running job "checker (trigger: interval[0:00:05], next run at: 2025-01-06 16:30:37 +05)" (scheduled at 2025-01-06 16:30:32.788035+05:00)
2025-01-06 16:30:32,793 Job "checker (trigger: interval[0:00:05], next run at: 2025-01-06 16:30:37 +05)" executed successfully
2025-01-06 16:30:37,793 Looking for jobs to run
2025-01-06 16:30:37,793 Next wakeup is due at 2025-01-06 16:30:42.788035+05:00 (in 4.994588 seconds)
2025-01-06 16:30:37,793 Running job "checker (trigger: interval[0:00:05], next run at: 2025-01-06 16:30:42 +05)" (scheduled at 2025-01-06 16:30:37.788035+05:00)
2025-01-06 16:30:37,793 Job "checker (trigger: interval[0:00:05], next run at: 2025-01-06 16:30:42 +05)" executed successfully
2025-01-06 16:30:42,792 Looking for jobs to run
2025-01-06 16:30:42,793 Next wakeup is due at 2025-01-06 16:30:47.788035+05:00 (in 4.994989 seconds)
2025-01-06 16:30:42,793 Running job "checker (trigger: interval[0:00:05], next run at: 2025-01-06 16:30:47 +05)" (scheduled at 2025-01-06 16:30:42.788035+05:00)
2025-01-06 16:30:42,793 Job "checker (trigger: interval[0:00:05], next run at: 2025-01-06 16:30:47 +05)" executed successfully
2025-01-06 16:30:47,791 Looking for jobs to run
2025-01-06 16:30:47,791 Next wakeup is due at 2025-01-06 16:30:52.788035+05:00 (in 4.996680 seconds)
2025-01-06 16:30:47,791 Running job "checker (trigger: interval[0:00:05], next run at: 2025-01-06 16:30:52 +05)" (scheduled at 2025-01-06 16:30:47.788035+05:00)
2025-01-06 16:30:47,791 Job "checker (trigger: interval[0:00:05], next run at: 2025-01-06 16:30:52 +05)" executed successfully
2025-01-06 16:30:52,788 Looking for jobs to run
2025-01-06 16:30:52,789 Next wakeup is due at 2025-01-06 16:30:57.788035+05:00 (in 4.998623 seconds)
2025-01-06 16:30:52,789 Running job "checker (trigger: interval[0:00:05], next run at: 2025-01-06 16:30:57 +05)" (scheduled at 2025-01-06 16:30:52.788035+05:00)
2025-01-06 16:30:52,789 Job "checker (trigger: interval[0:00:05], next run at: 2025-01-06 16:30:57 +05)" executed successfully
2025-01-06 16:30:57,792 Looking for jobs to run
2025-01-06 16:30:57,793 Next wakeup is due at 2025-01-06 16:31:02.788035+05:00 (in 4.994628 seconds)
2025-01-06 16:30:57,793 Running job "checker (trigger: interval[0:00:05], next run at: 2025-01-06 16:31:02 +05)" (scheduled at 2025-01-06 16:30:57.788035+05:00)
2025-01-06 16:30:57,793 Job "checker (trigger: interval[0:00:05], next run at: 2025-01-06 16:31:02 +05)" executed successfully
2025-01-06 16:31:02,793 Looking for jobs to run
2025-01-06 16:31:02,793 Next wakeup is due at 2025-01-06 16:31:07.788035+05:00 (in 4.994652 seconds)
2025-01-06 16:31:02,794 Running job "checker (trigger: interval[0:00:05], next run at: 2025-01-06 16:31:07 +05)" (scheduled at 2025-01-06 16:31:02.788035+05:00)
2025-01-06 16:31:02,794 Job "checker (trigger: interval[0:00:05], next run at: 2025-01-06 16:31:07 +05)" executed successfully
2025-01-06 16:31:07,791 Looking for jobs to run
2025-01-06 16:31:07,791 Next wakeup is due at 2025-01-06 16:31:12.788035+05:00 (in 4.996308 seconds)
2025-01-06 16:31:07,792 Running job "checker (trigger: interval[0:00:05], next run at: 2025-01-06 16:31:12 +05)" (scheduled at 2025-01-06 16:31:07.788035+05:00)
2025-01-06 16:31:07,792 Job "checker (trigger: interval[0:00:05], next run at: 2025-01-06 16:31:12 +05)" executed successfully
2025-01-06 16:31:12,790 Looking for jobs to run
2025-01-06 16:31:12,790 Next wakeup is due at 2025-01-06 16:31:17.788035+05:00 (in 4.997563 seconds)
2025-01-06 16:31:12,791 Running job "checker (trigger: interval[0:00:05], next run at: 2025-01-06 16:31:17 +05)" (scheduled at 2025-01-06 16:31:12.788035+05:00)
2025-01-06 16:31:12,791 Job "checker (trigger: interval[0:00:05], next run at: 2025-01-06 16:31:17 +05)" executed successfully
2025-01-06 16:31:17,795 Looking for jobs to run
2025-01-06 16:31:17,801 Next wakeup is due at 2025-01-06 16:31:22.788035+05:00 (in 4.986783 seconds)
2025-01-06 16:31:17,801 Running job "checker (trigger: interval[0:00:05], next run at: 2025-01-06 16:31:22 +05)" (scheduled at 2025-01-06 16:31:17.788035+05:00)
2025-01-06 16:31:17,803 Job "checker (trigger: interval[0:00:05], next run at: 2025-01-06 16:31:22 +05)" executed successfully
2025-01-06 16:31:22,792 Looking for jobs to run
2025-01-06 16:31:22,792 Next wakeup is due at 2025-01-06 16:31:27.788035+05:00 (in 4.995236 seconds)
2025-01-06 16:31:22,792 Running job "checker (trigger: interval[0:00:05], next run at: 2025-01-06 16:31:27 +05)" (scheduled at 2025-01-06 16:31:22.788035+05:00)
2025-01-06 16:31:22,793 Job "checker (trigger: interval[0:00:05], next run at: 2025-01-06 16:31:27 +05)" executed successfully
2025-01-06 16:31:27,789 Looking for jobs to run
2025-01-06 16:31:27,791 Next wakeup is due at 2025-01-06 16:31:32.788035+05:00 (in 4.996985 seconds)
2025-01-06 16:31:27,791 Running job "checker (trigger: interval[0:00:05], next run at: 2025-01-06 16:31:32 +05)" (scheduled at 2025-01-06 16:31:27.788035+05:00)
2025-01-06 16:31:27,791 Job "checker (trigger: interval[0:00:05], next run at: 2025-01-06 16:31:32 +05)" executed successfully
2025-01-06 16:31:32,790 Looking for jobs to run
2025-01-06 16:31:32,791 Next wakeup is due at 2025-01-06 16:31:37.788035+05:00 (in 4.997000 seconds)
2025-01-06 16:31:32,791 Running job "checker (trigger: interval[0:00:05], next run at: 2025-01-06 16:31:37 +05)" (scheduled at 2025-01-06 16:31:32.788035+05:00)
2025-01-06 16:31:32,791 Job "checker (trigger: interval[0:00:05], next run at: 2025-01-06 16:31:37 +05)" executed successfully
2025-01-06 16:31:37,792 Looking for jobs to run
2025-01-06 16:31:37,793 Next wakeup is due at 2025-01-06 16:31:42.788035+05:00 (in 4.994974 seconds)
2025-01-06 16:31:37,793 Running job "checker (trigger: interval[0:00:05], next run at: 2025-01-06 16:31:42 +05)" (scheduled at 2025-01-06 16:31:37.788035+05:00)
2025-01-06 16:31:37,793 Job "checker (trigger: interval[0:00:05], next run at: 2025-01-06 16:31:42 +05)" executed successfully
2025-01-06 16:31:42,795 Looking for jobs to run
2025-01-06 16:31:42,796 Next wakeup is due at 2025-01-06 16:31:47.788035+05:00 (in 4.991503 seconds)
2025-01-06 16:31:42,796 Running job "checker (trigger: interval[0:00:05], next run at: 2025-01-06 16:31:47 +05)" (scheduled at 2025-01-06 16:31:42.788035+05:00)
2025-01-06 16:31:42,801 Job "checker (trigger: interval[0:00:05], next run at: 2025-01-06 16:31:47 +05)" executed successfully
2025-01-06 16:31:47,790 Looking for jobs to run
2025-01-06 16:31:47,790 Next wakeup is due at 2025-01-06 16:31:52.788035+05:00 (in 4.997476 seconds)
2025-01-06 16:31:47,790 Running job "checker (trigger: interval[0:00:05], next run at: 2025-01-06 16:31:52 +05)" (scheduled at 2025-01-06 16:31:47.788035+05:00)
2025-01-06 16:31:47,791 Job "checker (trigger: interval[0:00:05], next run at: 2025-01-06 16:31:52 +05)" executed successfully
2025-01-06 16:31:52,790 Looking for jobs to run
2025-01-06 16:31:52,791 Next wakeup is due at 2025-01-06 16:31:57.788035+05:00 (in 4.997045 seconds)
2025-01-06 16:31:52,791 Running job "checker (trigger: interval[0:00:05], next run at: 2025-01-06 16:31:57 +05)" (scheduled at 2025-01-06 16:31:52.788035+05:00)
2025-01-06 16:31:52,791 Job "checker (trigger: interval[0:00:05], next run at: 2025-01-06 16:31:57 +05)" executed successfully
2025-01-06 16:31:57,792 Looking for jobs to run
2025-01-06 16:31:57,793 Next wakeup is due at 2025-01-06 16:32:02.788035+05:00 (in 4.995011 seconds)
2025-01-06 16:31:57,793 Running job "checker (trigger: interval[0:00:05], next run at: 2025-01-06 16:32:02 +05)" (scheduled at 2025-01-06 16:31:57.788035+05:00)
2025-01-06 16:31:57,793 Job "checker (trigger: interval[0:00:05], next run at: 2025-01-06 16:32:02 +05)" executed successfully
2025-01-06 16:32:02,792 Looking for jobs to run
2025-01-06 16:32:02,792 Next wakeup is due at 2025-01-06 16:32:07.788035+05:00 (in 4.995224 seconds)
2025-01-06 16:32:02,793 Running job "checker (trigger: interval[0:00:05], next run at: 2025-01-06 16:32:07 +05)" (scheduled at 2025-01-06 16:32:02.788035+05:00)
2025-01-06 16:32:02,793 Job "checker (trigger: interval[0:00:05], next run at: 2025-01-06 16:32:07 +05)" executed successfully
2025-01-06 16:32:07,788 Looking for jobs to run
2025-01-06 16:32:07,789 Next wakeup is due at 2025-01-06 16:32:12.788035+05:00 (in 4.998741 seconds)
2025-01-06 16:32:07,789 Running job "checker (trigger: interval[0:00:05], next run at: 2025-01-06 16:32:12 +05)" (scheduled at 2025-01-06 16:32:07.788035+05:00)
2025-01-06 16:32:07,789 Job "checker (trigger: interval[0:00:05], next run at: 2025-01-06 16:32:12 +05)" executed successfully
2025-01-06 16:32:12,789 Looking for jobs to run
2025-01-06 16:32:12,790 Next wakeup is due at 2025-01-06 16:32:17.788035+05:00 (in 4.997871 seconds)
2025-01-06 16:32:12,791 Running job "checker (trigger: interval[0:00:05], next run at: 2025-01-06 16:32:17 +05)" (scheduled at 2025-01-06 16:32:12.788035+05:00)
2025-01-06 16:32:12,791 Job "checker (trigger: interval[0:00:05], next run at: 2025-01-06 16:32:17 +05)" executed successfully
2025-01-06 16:32:17,793 Looking for jobs to run
2025-01-06 16:32:17,794 Next wakeup is due at 2025-01-06 16:32:22.788035+05:00 (in 4.993911 seconds)
2025-01-06 16:32:17,794 Running job "checker (trigger: interval[0:00:05], next run at: 2025-01-06 16:32:22 +05)" (scheduled at 2025-01-06 16:32:17.788035+05:00)
2025-01-06 16:32:17,795 Job "checker (trigger: interval[0:00:05], next run at: 2025-01-06 16:32:22 +05)" executed successfully
2025-01-06 16:32:22,792 Looking for jobs to run
2025-01-06 16:32:22,792 Next wakeup is due at 2025-01-06 16:32:27.788035+05:00 (in 4.995161 seconds)
2025-01-06 16:32:22,793 Running job "checker (trigger: interval[0:00:05], next run at: 2025-01-06 16:32:27 +05)" (scheduled at 2025-01-06 16:32:22.788035+05:00)
2025-01-06 16:32:22,793 Job "checker (trigger: interval[0:00:05], next run at: 2025-01-06 16:32:27 +05)" executed successfully
2025-01-06 16:32:27,789 Looking for jobs to run
2025-01-06 16:32:27,790 Next wakeup is due at 2025-01-06 16:32:32.788035+05:00 (in 4.998051 seconds)
2025-01-06 16:32:27,790 Running job "checker (trigger: interval[0:00:05], next run at: 2025-01-06 16:32:32 +05)" (scheduled at 2025-01-06 16:32:27.788035+05:00)
2025-01-06 16:32:27,790 Job "checker (trigger: interval[0:00:05], next run at: 2025-01-06 16:32:32 +05)" executed successfully
2025-01-06 16:32:32,792 Looking for jobs to run
2025-01-06 16:32:32,793 Next wakeup is due at 2025-01-06 16:32:37.788035+05:00 (in 4.994237 seconds)
2025-01-06 16:32:32,794 Running job "checker (trigger: interval[0:00:05], next run at: 2025-01-06 16:32:37 +05)" (scheduled at 2025-01-06 16:32:32.788035+05:00)
2025-01-06 16:32:32,794 Job "checker (trigger: interval[0:00:05], next run at: 2025-01-06 16:32:37 +05)" executed successfully
2025-01-06 16:32:37,792 Looking for jobs to run
2025-01-06 16:32:37,793 Next wakeup is due at 2025-01-06 16:32:42.788035+05:00 (in 4.994741 seconds)
2025-01-06 16:32:37,793 Running job "checker (trigger: interval[0:00:05], next run at: 2025-01-06 16:32:42 +05)" (scheduled at 2025-01-06 16:32:37.788035+05:00)
2025-01-06 16:32:37,793 Job "checker (trigger: interval[0:00:05], next run at: 2025-01-06 16:32:42 +05)" executed successfully
2025-01-06 16:32:42,793 Looking for jobs to run
2025-01-06 16:32:42,793 Next wakeup is due at 2025-01-06 16:32:47.788035+05:00 (in 4.994193 seconds)
2025-01-06 16:32:42,794 Running job "checker (trigger: interval[0:00:05], next run at: 2025-01-06 16:32:47 +05)" (scheduled at 2025-01-06 16:32:42.788035+05:00)
2025-01-06 16:32:42,794 Job "checker (trigger: interval[0:00:05], next run at: 2025-01-06 16:32:47 +05)" executed successfully
2025-01-06 16:32:47,793 Looking for jobs to run
2025-01-06 16:32:47,794 Next wakeup is due at 2025-01-06 16:32:52.788035+05:00 (in 4.993453 seconds)
2025-01-06 16:32:47,794 Running job "checker (trigger: interval[0:00:05], next run at: 2025-01-06 16:32:52 +05)" (scheduled at 2025-01-06 16:32:47.788035+05:00)
2025-01-06 16:32:47,795 Job "checker (trigger: interval[0:00:05], next run at: 2025-01-06 16:32:52 +05)" executed successfully
2025-01-06 16:32:52,792 Looking for jobs to run
2025-01-06 16:32:52,793 Next wakeup is due at 2025-01-06 16:32:57.788035+05:00 (in 4.994179 seconds)
2025-01-06 16:32:52,794 Running job "checker (trigger: interval[0:00:05], next run at: 2025-01-06 16:32:57 +05)" (scheduled at 2025-01-06 16:32:52.788035+05:00)
2025-01-06 16:32:52,794 Job "checker (trigger: interval[0:00:05], next run at: 2025-01-06 16:32:57 +05)" executed successfully
2025-01-06 16:32:57,793 Looking for jobs to run
2025-01-06 16:32:57,794 Next wakeup is due at 2025-01-06 16:33:02.788035+05:00 (in 4.993792 seconds)
2025-01-06 16:32:57,794 Running job "checker (trigger: interval[0:00:05], next run at: 2025-01-06 16:33:02 +05)" (scheduled at 2025-01-06 16:32:57.788035+05:00)
2025-01-06 16:32:57,794 Job "checker (trigger: interval[0:00:05], next run at: 2025-01-06 16:33:02 +05)" executed successfully
2025-01-06 16:33:02,792 Looking for jobs to run
2025-01-06 16:33:02,792 Next wakeup is due at 2025-01-06 16:33:07.788035+05:00 (in 4.995177 seconds)
2025-01-06 16:33:02,793 Running job "checker (trigger: interval[0:00:05], next run at: 2025-01-06 16:33:07 +05)" (scheduled at 2025-01-06 16:33:02.788035+05:00)
2025-01-06 16:33:02,793 Job "checker (trigger: interval[0:00:05], next run at: 2025-01-06 16:33:07 +05)" executed successfully
2025-01-06 16:33:07,792 Looking for jobs to run
2025-01-06 16:33:07,792 Next wakeup is due at 2025-01-06 16:33:12.788035+05:00 (in 4.995088 seconds)
2025-01-06 16:33:07,793 Running job "checker (trigger: interval[0:00:05], next run at: 2025-01-06 16:33:12 +05)" (scheduled at 2025-01-06 16:33:07.788035+05:00)
2025-01-06 16:33:07,793 Job "checker (trigger: interval[0:00:05], next run at: 2025-01-06 16:33:12 +05)" executed successfully
2025-01-06 16:33:12,792 Looking for jobs to run
2025-01-06 16:33:12,792 Next wakeup is due at 2025-01-06 16:33:17.788035+05:00 (in 4.995180 seconds)
2025-01-06 16:33:12,793 Running job "checker (trigger: interval[0:00:05], next run at: 2025-01-06 16:33:17 +05)" (scheduled at 2025-01-06 16:33:12.788035+05:00)
2025-01-06 16:33:12,793 Job "checker (trigger: interval[0:00:05], next run at: 2025-01-06 16:33:17 +05)" executed successfully
2025-01-06 16:33:17,792 Looking for jobs to run
2025-01-06 16:33:17,793 Next wakeup is due at 2025-01-06 16:33:22.788035+05:00 (in 4.994785 seconds)
2025-01-06 16:33:17,793 Running job "checker (trigger: interval[0:00:05], next run at: 2025-01-06 16:33:22 +05)" (scheduled at 2025-01-06 16:33:17.788035+05:00)
2025-01-06 16:33:17,794 Job "checker (trigger: interval[0:00:05], next run at: 2025-01-06 16:33:22 +05)" executed successfully
2025-01-06 16:33:22,793 Looking for jobs to run
2025-01-06 16:33:22,794 Next wakeup is due at 2025-01-06 16:33:27.788035+05:00 (in 4.993417 seconds)
2025-01-06 16:33:22,794 Running job "checker (trigger: interval[0:00:05], next run at: 2025-01-06 16:33:27 +05)" (scheduled at 2025-01-06 16:33:22.788035+05:00)
2025-01-06 16:33:22,794 Job "checker (trigger: interval[0:00:05], next run at: 2025-01-06 16:33:27 +05)" executed successfully
2025-01-06 16:33:27,792 Looking for jobs to run
2025-01-06 16:33:27,792 Next wakeup is due at 2025-01-06 16:33:32.788035+05:00 (in 4.995312 seconds)
2025-01-06 16:33:27,793 Running job "checker (trigger: interval[0:00:05], next run at: 2025-01-06 16:33:32 +05)" (scheduled at 2025-01-06 16:33:27.788035+05:00)
2025-01-06 16:33:27,793 Job "checker (trigger: interval[0:00:05], next run at: 2025-01-06 16:33:32 +05)" executed successfully
2025-01-06 16:33:32,792 Looking for jobs to run
2025-01-06 16:33:32,792 Next wakeup is due at 2025-01-06 16:33:37.788035+05:00 (in 4.995131 seconds)
2025-01-06 16:33:32,793 Running job "checker (trigger: interval[0:00:05], next run at: 2025-01-06 16:33:37 +05)" (scheduled at 2025-01-06 16:33:32.788035+05:00)
2025-01-06 16:33:32,793 Job "checker (trigger: interval[0:00:05], next run at: 2025-01-06 16:33:37 +05)" executed successfully
2025-01-06 16:33:37,792 Looking for jobs to run
2025-01-06 16:33:37,793 Next wakeup is due at 2025-01-06 16:33:42.788035+05:00 (in 4.994736 seconds)
2025-01-06 16:33:37,793 Running job "checker (trigger: interval[0:00:05], next run at: 2025-01-06 16:33:42 +05)" (scheduled at 2025-01-06 16:33:37.788035+05:00)
2025-01-06 16:33:37,793 Job "checker (trigger: interval[0:00:05], next run at: 2025-01-06 16:33:42 +05)" executed successfully
2025-01-06 16:33:42,792 Looking for jobs to run
2025-01-06 16:33:42,792 Next wakeup is due at 2025-01-06 16:33:47.788035+05:00 (in 4.995118 seconds)
2025-01-06 16:33:42,793 Running job "checker (trigger: interval[0:00:05], next run at: 2025-01-06 16:33:47 +05)" (scheduled at 2025-01-06 16:33:42.788035+05:00)
2025-01-06 16:33:42,793 Job "checker (trigger: interval[0:00:05], next run at: 2025-01-06 16:33:47 +05)" executed successfully
2025-01-06 16:33:47,792 Looking for jobs to run
2025-01-06 16:33:47,792 Next wakeup is due at 2025-01-06 16:33:52.788035+05:00 (in 4.995195 seconds)
2025-01-06 16:33:47,793 Running job "checker (trigger: interval[0:00:05], next run at: 2025-01-06 16:33:52 +05)" (scheduled at 2025-01-06 16:33:47.788035+05:00)
2025-01-06 16:33:47,793 Job "checker (trigger: interval[0:00:05], next run at: 2025-01-06 16:33:52 +05)" executed successfully
2025-01-06 16:33:52,793 Looking for jobs to run
2025-01-06 16:33:52,793 Next wakeup is due at 2025-01-06 16:33:57.788035+05:00 (in 4.994130 seconds)
2025-01-06 16:33:52,794 Running job "checker (trigger: interval[0:00:05], next run at: 2025-01-06 16:33:57 +05)" (scheduled at 2025-01-06 16:33:52.788035+05:00)
2025-01-06 16:33:52,794 Job "checker (trigger: interval[0:00:05], next run at: 2025-01-06 16:33:57 +05)" executed successfully
2025-01-06 16:33:57,794 Looking for jobs to run
2025-01-06 16:33:57,796 Next wakeup is due at 2025-01-06 16:34:02.788035+05:00 (in 4.991923 seconds)
2025-01-06 16:33:57,796 Running job "checker (trigger: interval[0:00:05], next run at: 2025-01-06 16:34:02 +05)" (scheduled at 2025-01-06 16:33:57.788035+05:00)
2025-01-06 16:33:57,797 Job "checker (trigger: interval[0:00:05], next run at: 2025-01-06 16:34:02 +05)" executed successfully
2025-01-06 16:34:02,792 Looking for jobs to run
2025-01-06 16:34:02,792 Next wakeup is due at 2025-01-06 16:34:07.788035+05:00 (in 4.995211 seconds)
2025-01-06 16:34:02,792 Running job "checker (trigger: interval[0:00:05], next run at: 2025-01-06 16:34:07 +05)" (scheduled at 2025-01-06 16:34:02.788035+05:00)
2025-01-06 16:34:02,793 Job "checker (trigger: interval[0:00:05], next run at: 2025-01-06 16:34:07 +05)" executed successfully
2025-01-06 16:34:07,792 Looking for jobs to run
2025-01-06 16:34:07,793 Next wakeup is due at 2025-01-06 16:34:12.788035+05:00 (in 4.994321 seconds)
2025-01-06 16:34:07,793 Running job "checker (trigger: interval[0:00:05], next run at: 2025-01-06 16:34:12 +05)" (scheduled at 2025-01-06 16:34:07.788035+05:00)
2025-01-06 16:34:07,794 Job "checker (trigger: interval[0:00:05], next run at: 2025-01-06 16:34:12 +05)" executed successfully
2025-01-06 16:34:12,794 Looking for jobs to run
2025-01-06 16:34:12,794 Next wakeup is due at 2025-01-06 16:34:17.788035+05:00 (in 4.993246 seconds)
2025-01-06 16:34:12,794 Running job "checker (trigger: interval[0:00:05], next run at: 2025-01-06 16:34:17 +05)" (scheduled at 2025-01-06 16:34:12.788035+05:00)
2025-01-06 16:34:12,795 Job "checker (trigger: interval[0:00:05], next run at: 2025-01-06 16:34:17 +05)" executed successfully
2025-01-06 16:34:17,792 Looking for jobs to run
2025-01-06 16:34:17,793 Next wakeup is due at 2025-01-06 16:34:22.788035+05:00 (in 4.994661 seconds)
2025-01-06 16:34:17,793 Running job "checker (trigger: interval[0:00:05], next run at: 2025-01-06 16:34:22 +05)" (scheduled at 2025-01-06 16:34:17.788035+05:00)
2025-01-06 16:34:17,794 Job "checker (trigger: interval[0:00:05], next run at: 2025-01-06 16:34:22 +05)" executed successfully
2025-01-06 16:34:19,545 Infinity polling: polling exited
2025-01-06 16:34:19,548 Break infinity polling
