2025-01-10 21:15:23,517 Adding job tentatively -- it will be properly scheduled when the scheduler starts
2025-01-10 21:15:23,525 Added job "checker" to job store "default"
2025-01-10 21:15:23,525 Scheduler started
2025-01-10 21:15:23,576 Looking for jobs to run
2025-01-10 21:15:23,576 Next wakeup is due at 2025-01-10 21:15:28.516996+05:00 (in 4.940317 seconds)
2025-01-10 21:15:24,795 executing <function connect.<locals>.connector at 0x7ff4de711da0>
2025-01-10 21:15:24,798 executing <function connect.<locals>.connector at 0x7ff4de7122a0>
2025-01-10 21:15:24,801 operation <function connect.<locals>.connector at 0x7ff4de711da0> completed
2025-01-10 21:15:24,802 operation <function connect.<locals>.connector at 0x7ff4de7122a0> completed
2025-01-10 21:15:24,803 executing functools.partial(<built-in method execute of sqlite3.Connection object at 0x7ff4de8f55d0>, 'PRAGMA foreign_keys = ON', [])
2025-01-10 21:15:24,803 executing functools.partial(<built-in method execute of sqlite3.Connection object at 0x7ff4de8f62f0>, 'PRAGMA foreign_keys = ON', [])
2025-01-10 21:15:24,805 operation functools.partial(<built-in method execute of sqlite3.Connection object at 0x7ff4de8f55d0>, 'PRAGMA foreign_keys = ON', []) completed
2025-01-10 21:15:24,806 operation functools.partial(<built-in method execute of sqlite3.Connection object at 0x7ff4de8f62f0>, 'PRAGMA foreign_keys = ON', []) completed
2025-01-10 21:15:24,807 executing functools.partial(<built-in method execute of sqlite3.Connection object at 0x7ff4de8f62f0>, '\n            CREATE TABLE IF NOT EXISTS users (\n                chat_id INTEGER,\n                topic_id INTEGER,\n                user_name TEXT,\n                PRIMARY KEY (chat_id, topic_id)\n            )\n        ', [])
2025-01-10 21:15:24,808 operation functools.partial(<built-in method execute of sqlite3.Connection object at 0x7ff4de8f62f0>, '\n            CREATE TABLE IF NOT EXISTS users (\n                chat_id INTEGER,\n                topic_id INTEGER,\n                user_name TEXT,\n                PRIMARY KEY (chat_id, topic_id)\n            )\n        ', []) completed
2025-01-10 21:15:24,809 executing functools.partial(<built-in method execute of sqlite3.Connection object at 0x7ff4de8f62f0>, '\n            CREATE TABLE IF NOT EXISTS users (\n                chat_id INTEGER,\n                topic_id INTEGER,\n                user_name TEXT,\n                PRIMARY KEY (chat_id, topic_id)\n            )\n        ', [])
2025-01-10 21:15:24,809 operation functools.partial(<built-in method execute of sqlite3.Connection object at 0x7ff4de8f62f0>, '\n            CREATE TABLE IF NOT EXISTS users (\n                chat_id INTEGER,\n                topic_id INTEGER,\n                user_name TEXT,\n                PRIMARY KEY (chat_id, topic_id)\n            )\n        ', []) completed
2025-01-10 21:15:24,809 executing functools.partial(<built-in method execute of sqlite3.Connection object at 0x7ff4de8f62f0>, '\n            CREATE TABLE IF NOT EXISTS group_messages (\n                topic_id INTEGER,\n                message_id INTEGER,\n                local_id INTEGER,\n                PRIMARY KEY (topic_id, local_id)\n            )\n        ', [])
2025-01-10 21:15:24,809 operation functools.partial(<built-in method execute of sqlite3.Connection object at 0x7ff4de8f62f0>, '\n            CREATE TABLE IF NOT EXISTS group_messages (\n                topic_id INTEGER,\n                message_id INTEGER,\n                local_id INTEGER,\n                PRIMARY KEY (topic_id, local_id)\n            )\n        ', []) completed
2025-01-10 21:15:24,809 executing functools.partial(<built-in method execute of sqlite3.Connection object at 0x7ff4de8f62f0>, '\n            CREATE TABLE IF NOT EXISTS group_messages (\n                topic_id INTEGER,\n                message_id INTEGER,\n                local_id INTEGER,\n                PRIMARY KEY (topic_id, local_id)\n            )\n        ', [])
2025-01-10 21:15:24,809 operation functools.partial(<built-in method execute of sqlite3.Connection object at 0x7ff4de8f62f0>, '\n            CREATE TABLE IF NOT EXISTS group_messages (\n                topic_id INTEGER,\n                message_id INTEGER,\n                local_id INTEGER,\n                PRIMARY KEY (topic_id, local_id)\n            )\n        ', []) completed
2025-01-10 21:15:24,809 executing functools.partial(<built-in method execute of sqlite3.Connection object at 0x7ff4de8f62f0>, '\n            CREATE TABLE IF NOT EXISTS private_messages (\n                chat_id INTEGER,\n                message_id INTEGER,\n                local_id INTEGER,\n                PRIMARY KEY (chat_id, local_id)\n            )\n        ', [])
2025-01-10 21:15:24,809 operation functools.partial(<built-in method execute of sqlite3.Connection object at 0x7ff4de8f62f0>, '\n            CREATE TABLE IF NOT EXISTS private_messages (\n                chat_id INTEGER,\n                message_id INTEGER,\n                local_id INTEGER,\n                PRIMARY KEY (chat_id, local_id)\n            )\n        ', []) completed
2025-01-10 21:15:24,809 executing functools.partial(<built-in method execute of sqlite3.Connection object at 0x7ff4de8f62f0>, '\n            CREATE TABLE IF NOT EXISTS private_messages (\n                chat_id INTEGER,\n                message_id INTEGER,\n                local_id INTEGER,\n                PRIMARY KEY (chat_id, local_id)\n            )\n        ', [])
2025-01-10 21:15:24,809 operation functools.partial(<built-in method execute of sqlite3.Connection object at 0x7ff4de8f62f0>, '\n            CREATE TABLE IF NOT EXISTS private_messages (\n                chat_id INTEGER,\n                message_id INTEGER,\n                local_id INTEGER,\n                PRIMARY KEY (chat_id, local_id)\n            )\n        ', []) completed
2025-01-10 21:15:24,810 executing functools.partial(<built-in method execute of sqlite3.Connection object at 0x7ff4de8f62f0>, '\n            CREATE TABLE IF NOT EXISTS message_reactions (\n                chat_id INTEGER,\n                message_id INTEGER,\n                user_id INTEGER,\n                reaction TEXT,\n                PRIMARY KEY (chat_id, message_id, user_id)\n            )\n        ', [])
2025-01-10 21:15:24,810 operation functools.partial(<built-in method execute of sqlite3.Connection object at 0x7ff4de8f62f0>, '\n            CREATE TABLE IF NOT EXISTS message_reactions (\n                chat_id INTEGER,\n                message_id INTEGER,\n                user_id INTEGER,\n                reaction TEXT,\n                PRIMARY KEY (chat_id, message_id, user_id)\n            )\n        ', []) completed
2025-01-10 21:15:24,810 executing functools.partial(<built-in method execute of sqlite3.Connection object at 0x7ff4de8f62f0>, '\n            CREATE TABLE IF NOT EXISTS message_reactions (\n                chat_id INTEGER,\n                message_id INTEGER,\n                user_id INTEGER,\n                reaction TEXT,\n                PRIMARY KEY (chat_id, message_id, user_id)\n            )\n        ', [])
2025-01-10 21:15:24,810 operation functools.partial(<built-in method execute of sqlite3.Connection object at 0x7ff4de8f62f0>, '\n            CREATE TABLE IF NOT EXISTS message_reactions (\n                chat_id INTEGER,\n                message_id INTEGER,\n                user_id INTEGER,\n                reaction TEXT,\n                PRIMARY KEY (chat_id, message_id, user_id)\n            )\n        ', []) completed
2025-01-10 21:15:24,810 executing functools.partial(<built-in method commit of sqlite3.Connection object at 0x7ff4de8f62f0>)
2025-01-10 21:15:24,810 operation functools.partial(<built-in method commit of sqlite3.Connection object at 0x7ff4de8f62f0>) completed
2025-01-10 21:15:24,811 executing functools.partial(<built-in method commit of sqlite3.Connection object at 0x7ff4de8f62f0>)
2025-01-10 21:15:24,811 operation functools.partial(<built-in method commit of sqlite3.Connection object at 0x7ff4de8f62f0>) completed
2025-01-10 21:15:24,811 executing functools.partial(<built-in method execute of sqlite3.Connection object at 0x7ff4de8f62f0>, 'SELECT topic_id FROM users WHERE chat_id = ?', (5434361630,))
2025-01-10 21:15:24,811 operation functools.partial(<built-in method execute of sqlite3.Connection object at 0x7ff4de8f62f0>, 'SELECT topic_id FROM users WHERE chat_id = ?', (5434361630,)) completed
2025-01-10 21:15:24,811 executing functools.partial(<built-in method execute of sqlite3.Connection object at 0x7ff4de8f62f0>, 'SELECT topic_id FROM users WHERE chat_id = ?', (5434361630,))
2025-01-10 21:15:24,811 operation functools.partial(<built-in method execute of sqlite3.Connection object at 0x7ff4de8f62f0>, 'SELECT topic_id FROM users WHERE chat_id = ?', (5434361630,)) completed
2025-01-10 21:15:24,812 executing functools.partial(<built-in method fetchone of sqlite3.Cursor object at 0x7ff4de6b0ac0>)
2025-01-10 21:15:24,812 operation functools.partial(<built-in method fetchone of sqlite3.Cursor object at 0x7ff4de6b0ac0>) completed
2025-01-10 21:15:24,812 executing functools.partial(<built-in method fetchone of sqlite3.Cursor object at 0x7ff4de6a5b40>)
2025-01-10 21:15:24,812 operation functools.partial(<built-in method fetchone of sqlite3.Cursor object at 0x7ff4de6a5b40>) completed
2025-01-10 21:15:24,812 executing functools.partial(<built-in method close of sqlite3.Cursor object at 0x7ff4de6b0ac0>)
2025-01-10 21:15:24,812 operation functools.partial(<built-in method close of sqlite3.Cursor object at 0x7ff4de6b0ac0>) completed
2025-01-10 21:15:24,812 executing functools.partial(<built-in method close of sqlite3.Cursor object at 0x7ff4de6a5b40>)
2025-01-10 21:15:24,812 operation functools.partial(<built-in method close of sqlite3.Cursor object at 0x7ff4de6a5b40>) completed
2025-01-10 21:15:24,817 executing <function connect.<locals>.connector at 0x7ff4de710a40>
2025-01-10 21:15:24,818 operation <function connect.<locals>.connector at 0x7ff4de710a40> completed
2025-01-10 21:15:24,823 executing functools.partial(<built-in method execute of sqlite3.Connection object at 0x7ff4de8f67a0>, 'PRAGMA foreign_keys = ON', [])
2025-01-10 21:15:24,823 operation functools.partial(<built-in method execute of sqlite3.Connection object at 0x7ff4de8f67a0>, 'PRAGMA foreign_keys = ON', []) completed
2025-01-10 21:15:24,824 executing functools.partial(<built-in method execute of sqlite3.Connection object at 0x7ff4de8f67a0>, '\n            CREATE TABLE IF NOT EXISTS users (\n                chat_id INTEGER,\n                topic_id INTEGER,\n                user_name TEXT,\n                PRIMARY KEY (chat_id, topic_id)\n            )\n        ', [])
2025-01-10 21:15:24,824 operation functools.partial(<built-in method execute of sqlite3.Connection object at 0x7ff4de8f67a0>, '\n            CREATE TABLE IF NOT EXISTS users (\n                chat_id INTEGER,\n                topic_id INTEGER,\n                user_name TEXT,\n                PRIMARY KEY (chat_id, topic_id)\n            )\n        ', []) completed
2025-01-10 21:15:24,825 executing functools.partial(<built-in method execute of sqlite3.Connection object at 0x7ff4de8f67a0>, '\n            CREATE TABLE IF NOT EXISTS group_messages (\n                topic_id INTEGER,\n                message_id INTEGER,\n                local_id INTEGER,\n                PRIMARY KEY (topic_id, local_id)\n            )\n        ', [])
2025-01-10 21:15:24,825 operation functools.partial(<built-in method execute of sqlite3.Connection object at 0x7ff4de8f67a0>, '\n            CREATE TABLE IF NOT EXISTS group_messages (\n                topic_id INTEGER,\n                message_id INTEGER,\n                local_id INTEGER,\n                PRIMARY KEY (topic_id, local_id)\n            )\n        ', []) completed
2025-01-10 21:15:24,826 executing functools.partial(<built-in method execute of sqlite3.Connection object at 0x7ff4de8f67a0>, '\n            CREATE TABLE IF NOT EXISTS private_messages (\n                chat_id INTEGER,\n                message_id INTEGER,\n                local_id INTEGER,\n                PRIMARY KEY (chat_id, local_id)\n            )\n        ', [])
2025-01-10 21:15:24,826 operation functools.partial(<built-in method execute of sqlite3.Connection object at 0x7ff4de8f67a0>, '\n            CREATE TABLE IF NOT EXISTS private_messages (\n                chat_id INTEGER,\n                message_id INTEGER,\n                local_id INTEGER,\n                PRIMARY KEY (chat_id, local_id)\n            )\n        ', []) completed
2025-01-10 21:15:24,826 executing functools.partial(<built-in method commit of sqlite3.Connection object at 0x7ff4de8f67a0>)
2025-01-10 21:15:24,826 operation functools.partial(<built-in method commit of sqlite3.Connection object at 0x7ff4de8f67a0>) completed
2025-01-10 21:15:24,826 executing <function connect.<locals>.connector at 0x7ff4de712660>
2025-01-10 21:15:24,826 operation <function connect.<locals>.connector at 0x7ff4de712660> completed
2025-01-10 21:15:24,827 executing functools.partial(<built-in method execute of sqlite3.Connection object at 0x7ff4de8f6980>, 'PRAGMA foreign_keys = ON', [])
2025-01-10 21:15:24,827 operation functools.partial(<built-in method execute of sqlite3.Connection object at 0x7ff4de8f6980>, 'PRAGMA foreign_keys = ON', []) completed
2025-01-10 21:15:24,827 executing functools.partial(<built-in method execute of sqlite3.Connection object at 0x7ff4de8f6980>, '\n            CREATE TABLE IF NOT EXISTS users (\n                chat_id INTEGER,\n                topic_id INTEGER,\n                user_name TEXT,\n                PRIMARY KEY (chat_id, topic_id)\n            )\n        ', [])
2025-01-10 21:15:24,840 operation functools.partial(<built-in method execute of sqlite3.Connection object at 0x7ff4de8f6980>, '\n            CREATE TABLE IF NOT EXISTS users (\n                chat_id INTEGER,\n                topic_id INTEGER,\n                user_name TEXT,\n                PRIMARY KEY (chat_id, topic_id)\n            )\n        ', []) completed
2025-01-10 21:15:24,849 executing functools.partial(<built-in method execute of sqlite3.Connection object at 0x7ff4de8f6980>, '\n            CREATE TABLE IF NOT EXISTS group_messages (\n                topic_id INTEGER,\n                message_id INTEGER,\n                local_id INTEGER,\n                PRIMARY KEY (topic_id, local_id)\n            )\n        ', [])
2025-01-10 21:15:24,850 operation functools.partial(<built-in method execute of sqlite3.Connection object at 0x7ff4de8f6980>, '\n            CREATE TABLE IF NOT EXISTS group_messages (\n                topic_id INTEGER,\n                message_id INTEGER,\n                local_id INTEGER,\n                PRIMARY KEY (topic_id, local_id)\n            )\n        ', []) completed
2025-01-10 21:15:24,850 executing functools.partial(<built-in method execute of sqlite3.Connection object at 0x7ff4de8f6980>, '\n            CREATE TABLE IF NOT EXISTS private_messages (\n                chat_id INTEGER,\n                message_id INTEGER,\n                local_id INTEGER,\n                PRIMARY KEY (chat_id, local_id)\n            )\n        ', [])
2025-01-10 21:15:24,850 operation functools.partial(<built-in method execute of sqlite3.Connection object at 0x7ff4de8f6980>, '\n            CREATE TABLE IF NOT EXISTS private_messages (\n                chat_id INTEGER,\n                message_id INTEGER,\n                local_id INTEGER,\n                PRIMARY KEY (chat_id, local_id)\n            )\n        ', []) completed
2025-01-10 21:15:24,850 executing functools.partial(<built-in method commit of sqlite3.Connection object at 0x7ff4de8f6980>)
2025-01-10 21:15:24,850 operation functools.partial(<built-in method commit of sqlite3.Connection object at 0x7ff4de8f6980>) completed
2025-01-10 21:15:24,951 executing functools.partial(<built-in method execute of sqlite3.Connection object at 0x7ff4de8f6980>, 'SELECT topic_id FROM users WHERE chat_id = ? AND user_name = ?', (5434361630, 'yadgenn'))
2025-01-10 21:15:24,951 operation functools.partial(<built-in method execute of sqlite3.Connection object at 0x7ff4de8f6980>, 'SELECT topic_id FROM users WHERE chat_id = ? AND user_name = ?', (5434361630, 'yadgenn')) completed
2025-01-10 21:15:24,951 executing functools.partial(<built-in method fetchone of sqlite3.Cursor object at 0x7ff4de6a6740>)
2025-01-10 21:15:24,951 operation functools.partial(<built-in method fetchone of sqlite3.Cursor object at 0x7ff4de6a6740>) completed
2025-01-10 21:15:24,952 executing functools.partial(<built-in method close of sqlite3.Cursor object at 0x7ff4de6a6740>)
2025-01-10 21:15:24,952 operation functools.partial(<built-in method close of sqlite3.Cursor object at 0x7ff4de6a6740>) completed
2025-01-10 21:15:28,519 Looking for jobs to run
2025-01-10 21:15:28,520 Next wakeup is due at 2025-01-10 21:15:33.516996+05:00 (in 4.996853 seconds)
2025-01-10 21:15:28,520 Running job "checker (trigger: interval[0:00:05], next run at: 2025-01-10 21:15:33 +05)" (scheduled at 2025-01-10 21:15:28.516996+05:00)
2025-01-10 21:15:28,521 Job "checker (trigger: interval[0:00:05], next run at: 2025-01-10 21:15:33 +05)" executed successfully
2025-01-10 21:15:33,523 Looking for jobs to run
2025-01-10 21:15:33,524 Next wakeup is due at 2025-01-10 21:15:38.516996+05:00 (in 4.993013 seconds)
2025-01-10 21:15:33,524 Running job "checker (trigger: interval[0:00:05], next run at: 2025-01-10 21:15:38 +05)" (scheduled at 2025-01-10 21:15:33.516996+05:00)
2025-01-10 21:15:33,524 Job "checker (trigger: interval[0:00:05], next run at: 2025-01-10 21:15:38 +05)" executed successfully
2025-01-10 21:15:38,522 Looking for jobs to run
2025-01-10 21:15:38,523 Next wakeup is due at 2025-01-10 21:15:43.516996+05:00 (in 4.993685 seconds)
2025-01-10 21:15:38,523 Running job "checker (trigger: interval[0:00:05], next run at: 2025-01-10 21:15:43 +05)" (scheduled at 2025-01-10 21:15:38.516996+05:00)
2025-01-10 21:15:38,523 Job "checker (trigger: interval[0:00:05], next run at: 2025-01-10 21:15:43 +05)" executed successfully
2025-01-10 21:15:43,519 Looking for jobs to run
2025-01-10 21:15:43,519 Next wakeup is due at 2025-01-10 21:15:48.516996+05:00 (in 4.997514 seconds)
2025-01-10 21:15:43,519 Running job "checker (trigger: interval[0:00:05], next run at: 2025-01-10 21:15:48 +05)" (scheduled at 2025-01-10 21:15:43.516996+05:00)
2025-01-10 21:15:43,519 Job "checker (trigger: interval[0:00:05], next run at: 2025-01-10 21:15:48 +05)" executed successfully
2025-01-10 21:15:48,520 Looking for jobs to run
2025-01-10 21:15:48,522 Next wakeup is due at 2025-01-10 21:15:53.516996+05:00 (in 4.994979 seconds)
2025-01-10 21:15:48,522 Running job "checker (trigger: interval[0:00:05], next run at: 2025-01-10 21:15:53 +05)" (scheduled at 2025-01-10 21:15:48.516996+05:00)
2025-01-10 21:15:48,522 Job "checker (trigger: interval[0:00:05], next run at: 2025-01-10 21:15:53 +05)" executed successfully
2025-01-10 21:15:53,522 Looking for jobs to run
2025-01-10 21:15:53,523 Next wakeup is due at 2025-01-10 21:15:58.516996+05:00 (in 4.993860 seconds)
2025-01-10 21:15:53,523 Running job "checker (trigger: interval[0:00:05], next run at: 2025-01-10 21:15:58 +05)" (scheduled at 2025-01-10 21:15:53.516996+05:00)
2025-01-10 21:15:53,523 Job "checker (trigger: interval[0:00:05], next run at: 2025-01-10 21:15:58 +05)" executed successfully
2025-01-10 21:15:58,520 Looking for jobs to run
2025-01-10 21:15:58,520 Next wakeup is due at 2025-01-10 21:16:03.516996+05:00 (in 4.996080 seconds)
2025-01-10 21:15:58,521 Running job "checker (trigger: interval[0:00:05], next run at: 2025-01-10 21:16:03 +05)" (scheduled at 2025-01-10 21:15:58.516996+05:00)
2025-01-10 21:15:58,521 Job "checker (trigger: interval[0:00:05], next run at: 2025-01-10 21:16:03 +05)" executed successfully
2025-01-10 21:16:03,522 Looking for jobs to run
2025-01-10 21:16:03,523 Next wakeup is due at 2025-01-10 21:16:08.516996+05:00 (in 4.993689 seconds)
2025-01-10 21:16:03,523 Running job "checker (trigger: interval[0:00:05], next run at: 2025-01-10 21:16:08 +05)" (scheduled at 2025-01-10 21:16:03.516996+05:00)
2025-01-10 21:16:03,523 Job "checker (trigger: interval[0:00:05], next run at: 2025-01-10 21:16:08 +05)" executed successfully
2025-01-10 21:16:06,994 Infinity polling: polling exited
2025-01-10 21:16:06,994 Break infinity polling
