2025-01-10 20:49:23,784 Adding job tentatively -- it will be properly scheduled when the scheduler starts
2025-01-10 20:49:23,785 Added job "checker" to job store "default"
2025-01-10 20:49:23,785 Scheduler started
2025-01-10 20:49:23,787 Looking for jobs to run
2025-01-10 20:49:23,787 Next wakeup is due at 2025-01-10 20:49:28.784651+05:00 (in 4.997536 seconds)
2025-01-10 20:49:25,797 executing <function connect.<locals>.connector at 0x7ffba45409a0>
2025-01-10 20:49:25,798 operation <function connect.<locals>.connector at 0x7ffba45409a0> completed
2025-01-10 20:49:25,798 executing functools.partial(<built-in method execute of sqlite3.Connection object at 0x7ffba471de40>, 'PRAGMA foreign_keys = ON', [])
2025-01-10 20:49:25,798 operation functools.partial(<built-in method execute of sqlite3.Connection object at 0x7ffba471de40>, 'PRAGMA foreign_keys = ON', []) completed
2025-01-10 20:49:25,798 executing functools.partial(<built-in method execute of sqlite3.Connection object at 0x7ffba471de40>, '\n            CREATE TABLE IF NOT EXISTS users (\n                chat_id INTEGER,\n                topic_id INTEGER,\n                user_name TEXT,\n                PRIMARY KEY (chat_id, topic_id)\n            )\n        ', [])
2025-01-10 20:49:25,799 operation functools.partial(<built-in method execute of sqlite3.Connection object at 0x7ffba471de40>, '\n            CREATE TABLE IF NOT EXISTS users (\n                chat_id INTEGER,\n                topic_id INTEGER,\n                user_name TEXT,\n                PRIMARY KEY (chat_id, topic_id)\n            )\n        ', []) completed
2025-01-10 20:49:25,799 executing functools.partial(<built-in method execute of sqlite3.Connection object at 0x7ffba471de40>, '\n            CREATE TABLE IF NOT EXISTS group_messages (\n                topic_id INTEGER,\n                message_id INTEGER,\n                local_id INTEGER,\n                PRIMARY KEY (topic_id, local_id)\n            )\n        ', [])
2025-01-10 20:49:25,799 operation functools.partial(<built-in method execute of sqlite3.Connection object at 0x7ffba471de40>, '\n            CREATE TABLE IF NOT EXISTS group_messages (\n                topic_id INTEGER,\n                message_id INTEGER,\n                local_id INTEGER,\n                PRIMARY KEY (topic_id, local_id)\n            )\n        ', []) completed
2025-01-10 20:49:25,799 executing functools.partial(<built-in method execute of sqlite3.Connection object at 0x7ffba471de40>, '\n            CREATE TABLE IF NOT EXISTS private_messages (\n                chat_id INTEGER,\n                message_id INTEGER,\n                local_id INTEGER,\n                PRIMARY KEY (chat_id, local_id)\n            )\n        ', [])
2025-01-10 20:49:25,799 operation functools.partial(<built-in method execute of sqlite3.Connection object at 0x7ffba471de40>, '\n            CREATE TABLE IF NOT EXISTS private_messages (\n                chat_id INTEGER,\n                message_id INTEGER,\n                local_id INTEGER,\n                PRIMARY KEY (chat_id, local_id)\n            )\n        ', []) completed
2025-01-10 20:49:25,799 executing functools.partial(<built-in method execute of sqlite3.Connection object at 0x7ffba471de40>, '\n            CREATE TABLE IF NOT EXISTS message_reactions (\n                chat_id INTEGER,\n                message_id INTEGER,\n                user_id INTEGER,\n                reaction TEXT,\n                PRIMARY KEY (chat_id, message_id, user_id)\n            )\n        ', [])
2025-01-10 20:49:25,799 operation functools.partial(<built-in method execute of sqlite3.Connection object at 0x7ffba471de40>, '\n            CREATE TABLE IF NOT EXISTS message_reactions (\n                chat_id INTEGER,\n                message_id INTEGER,\n                user_id INTEGER,\n                reaction TEXT,\n                PRIMARY KEY (chat_id, message_id, user_id)\n            )\n        ', []) completed
2025-01-10 20:49:25,800 executing functools.partial(<built-in method commit of sqlite3.Connection object at 0x7ffba471de40>)
2025-01-10 20:49:25,800 operation functools.partial(<built-in method commit of sqlite3.Connection object at 0x7ffba471de40>) completed
2025-01-10 20:49:25,800 executing functools.partial(<built-in method execute of sqlite3.Connection object at 0x7ffba471de40>, 'SELECT topic_id FROM users WHERE chat_id = ?', (5434361630,))
2025-01-10 20:49:25,800 operation functools.partial(<built-in method execute of sqlite3.Connection object at 0x7ffba471de40>, 'SELECT topic_id FROM users WHERE chat_id = ?', (5434361630,)) completed
2025-01-10 20:49:25,800 executing functools.partial(<built-in method fetchone of sqlite3.Cursor object at 0x7ffba44e12c0>)
2025-01-10 20:49:25,800 operation functools.partial(<built-in method fetchone of sqlite3.Cursor object at 0x7ffba44e12c0>) completed
2025-01-10 20:49:25,800 executing functools.partial(<built-in method close of sqlite3.Cursor object at 0x7ffba44e12c0>)
2025-01-10 20:49:25,800 operation functools.partial(<built-in method close of sqlite3.Cursor object at 0x7ffba44e12c0>) completed
2025-01-10 20:49:25,802 executing <function connect.<locals>.connector at 0x7ffba4542200>
2025-01-10 20:49:25,803 operation <function connect.<locals>.connector at 0x7ffba4542200> completed
2025-01-10 20:49:25,803 executing functools.partial(<built-in method execute of sqlite3.Connection object at 0x7ffba471e200>, 'PRAGMA foreign_keys = ON', [])
2025-01-10 20:49:25,803 operation functools.partial(<built-in method execute of sqlite3.Connection object at 0x7ffba471e200>, 'PRAGMA foreign_keys = ON', []) completed
2025-01-10 20:49:25,803 executing functools.partial(<built-in method execute of sqlite3.Connection object at 0x7ffba471e200>, '\n            CREATE TABLE IF NOT EXISTS users (\n                chat_id INTEGER,\n                topic_id INTEGER,\n                user_name TEXT,\n                PRIMARY KEY (chat_id, topic_id)\n            )\n        ', [])
2025-01-10 20:49:25,804 operation functools.partial(<built-in method execute of sqlite3.Connection object at 0x7ffba471e200>, '\n            CREATE TABLE IF NOT EXISTS users (\n                chat_id INTEGER,\n                topic_id INTEGER,\n                user_name TEXT,\n                PRIMARY KEY (chat_id, topic_id)\n            )\n        ', []) completed
2025-01-10 20:49:25,804 executing functools.partial(<built-in method execute of sqlite3.Connection object at 0x7ffba471e200>, '\n            CREATE TABLE IF NOT EXISTS group_messages (\n                topic_id INTEGER,\n                message_id INTEGER,\n                local_id INTEGER,\n                PRIMARY KEY (topic_id, local_id)\n            )\n        ', [])
2025-01-10 20:49:25,804 operation functools.partial(<built-in method execute of sqlite3.Connection object at 0x7ffba471e200>, '\n            CREATE TABLE IF NOT EXISTS group_messages (\n                topic_id INTEGER,\n                message_id INTEGER,\n                local_id INTEGER,\n                PRIMARY KEY (topic_id, local_id)\n            )\n        ', []) completed
2025-01-10 20:49:25,805 executing functools.partial(<built-in method execute of sqlite3.Connection object at 0x7ffba471e200>, '\n            CREATE TABLE IF NOT EXISTS private_messages (\n                chat_id INTEGER,\n                message_id INTEGER,\n                local_id INTEGER,\n                PRIMARY KEY (chat_id, local_id)\n            )\n        ', [])
2025-01-10 20:49:25,805 operation functools.partial(<built-in method execute of sqlite3.Connection object at 0x7ffba471e200>, '\n            CREATE TABLE IF NOT EXISTS private_messages (\n                chat_id INTEGER,\n                message_id INTEGER,\n                local_id INTEGER,\n                PRIMARY KEY (chat_id, local_id)\n            )\n        ', []) completed
2025-01-10 20:49:25,805 executing functools.partial(<built-in method commit of sqlite3.Connection object at 0x7ffba471e200>)
2025-01-10 20:49:25,805 operation functools.partial(<built-in method commit of sqlite3.Connection object at 0x7ffba471e200>) completed
2025-01-10 20:49:25,805 executing functools.partial(<built-in method execute of sqlite3.Connection object at 0x7ffba471e200>, 'SELECT topic_id FROM users WHERE chat_id = ? AND user_name = ?', (5434361630, 'yadgenn'))
2025-01-10 20:49:25,805 operation functools.partial(<built-in method execute of sqlite3.Connection object at 0x7ffba471e200>, 'SELECT topic_id FROM users WHERE chat_id = ? AND user_name = ?', (5434361630, 'yadgenn')) completed
2025-01-10 20:49:25,806 executing functools.partial(<built-in method fetchone of sqlite3.Cursor object at 0x7ffba44e1340>)
2025-01-10 20:49:25,806 operation functools.partial(<built-in method fetchone of sqlite3.Cursor object at 0x7ffba44e1340>) completed
2025-01-10 20:49:25,806 executing functools.partial(<built-in method close of sqlite3.Cursor object at 0x7ffba44e1340>)
2025-01-10 20:49:25,806 operation functools.partial(<built-in method close of sqlite3.Cursor object at 0x7ffba44e1340>) completed
2025-01-10 20:49:26,119 executing functools.partial(<built-in method execute of sqlite3.Connection object at 0x7ffba471e200>, 'SELECT topic_id FROM users WHERE chat_id = ?', (5434361630,))
2025-01-10 20:49:26,119 operation functools.partial(<built-in method execute of sqlite3.Connection object at 0x7ffba471e200>, 'SELECT topic_id FROM users WHERE chat_id = ?', (5434361630,)) completed
2025-01-10 20:49:26,120 executing functools.partial(<built-in method fetchone of sqlite3.Cursor object at 0x7ffba44e1340>)
2025-01-10 20:49:26,120 operation functools.partial(<built-in method fetchone of sqlite3.Cursor object at 0x7ffba44e1340>) completed
2025-01-10 20:49:26,120 executing functools.partial(<built-in method close of sqlite3.Cursor object at 0x7ffba44e1340>)
2025-01-10 20:49:26,120 operation functools.partial(<built-in method close of sqlite3.Cursor object at 0x7ffba44e1340>) completed
2025-01-10 20:49:26,120 executing functools.partial(<built-in method execute of sqlite3.Connection object at 0x7ffba471e200>, 'SELECT MAX(local_id) FROM group_messages WHERE topic_id = ?', (1488,))
2025-01-10 20:49:26,120 operation functools.partial(<built-in method execute of sqlite3.Connection object at 0x7ffba471e200>, 'SELECT MAX(local_id) FROM group_messages WHERE topic_id = ?', (1488,)) completed
2025-01-10 20:49:26,120 executing functools.partial(<built-in method fetchone of sqlite3.Cursor object at 0x7ffba44e1340>)
2025-01-10 20:49:26,120 operation functools.partial(<built-in method fetchone of sqlite3.Cursor object at 0x7ffba44e1340>) completed
2025-01-10 20:49:26,120 executing functools.partial(<built-in method close of sqlite3.Cursor object at 0x7ffba44e1340>)
2025-01-10 20:49:26,120 operation functools.partial(<built-in method close of sqlite3.Cursor object at 0x7ffba44e1340>) completed
2025-01-10 20:49:26,121 executing functools.partial(<built-in method execute of sqlite3.Connection object at 0x7ffba471e200>, '\n                    INSERT INTO group_messages (topic_id, message_id, local_id)\n                    VALUES (?, ?, ?)\n                ', (1488, 1509, 12))
2025-01-10 20:49:26,121 operation functools.partial(<built-in method execute of sqlite3.Connection object at 0x7ffba471e200>, '\n                    INSERT INTO group_messages (topic_id, message_id, local_id)\n                    VALUES (?, ?, ?)\n                ', (1488, 1509, 12)) completed
2025-01-10 20:49:26,122 executing functools.partial(<built-in method execute of sqlite3.Connection object at 0x7ffba471e200>, 'SELECT MAX(local_id) FROM private_messages WHERE chat_id = ?', (5434361630,))
2025-01-10 20:49:26,122 operation functools.partial(<built-in method execute of sqlite3.Connection object at 0x7ffba471e200>, 'SELECT MAX(local_id) FROM private_messages WHERE chat_id = ?', (5434361630,)) completed
2025-01-10 20:49:26,122 executing functools.partial(<built-in method fetchone of sqlite3.Cursor object at 0x7ffba44d7040>)
2025-01-10 20:49:26,122 operation functools.partial(<built-in method fetchone of sqlite3.Cursor object at 0x7ffba44d7040>) completed
2025-01-10 20:49:26,122 executing functools.partial(<built-in method close of sqlite3.Cursor object at 0x7ffba44d7040>)
2025-01-10 20:49:26,122 operation functools.partial(<built-in method close of sqlite3.Cursor object at 0x7ffba44d7040>) completed
2025-01-10 20:49:26,122 executing functools.partial(<built-in method execute of sqlite3.Connection object at 0x7ffba471e200>, '\n                    INSERT INTO private_messages (chat_id, message_id, local_id)\n                    VALUES (?, ?, ?)\n                ', (5434361630, 23415, 12))
2025-01-10 20:49:26,123 operation functools.partial(<built-in method execute of sqlite3.Connection object at 0x7ffba471e200>, '\n                    INSERT INTO private_messages (chat_id, message_id, local_id)\n                    VALUES (?, ?, ?)\n                ', (5434361630, 23415, 12)) completed
2025-01-10 20:49:26,123 executing functools.partial(<built-in method commit of sqlite3.Connection object at 0x7ffba471e200>)
2025-01-10 20:49:26,127 operation functools.partial(<built-in method commit of sqlite3.Connection object at 0x7ffba471e200>) completed
2025-01-10 20:49:28,787 Looking for jobs to run
2025-01-10 20:49:28,787 Next wakeup is due at 2025-01-10 20:49:33.784651+05:00 (in 4.997130 seconds)
2025-01-10 20:49:28,787 Running job "checker (trigger: interval[0:00:05], next run at: 2025-01-10 20:49:33 +05)" (scheduled at 2025-01-10 20:49:28.784651+05:00)
2025-01-10 20:49:28,787 Job "checker (trigger: interval[0:00:05], next run at: 2025-01-10 20:49:33 +05)" executed successfully
2025-01-10 20:49:33,785 Looking for jobs to run
2025-01-10 20:49:33,786 Next wakeup is due at 2025-01-10 20:49:38.784651+05:00 (in 4.998447 seconds)
2025-01-10 20:49:33,786 Running job "checker (trigger: interval[0:00:05], next run at: 2025-01-10 20:49:38 +05)" (scheduled at 2025-01-10 20:49:33.784651+05:00)
2025-01-10 20:49:33,786 Job "checker (trigger: interval[0:00:05], next run at: 2025-01-10 20:49:38 +05)" executed successfully
2025-01-10 20:49:38,790 Looking for jobs to run
2025-01-10 20:49:38,790 Next wakeup is due at 2025-01-10 20:49:43.784651+05:00 (in 4.994164 seconds)
2025-01-10 20:49:38,790 Running job "checker (trigger: interval[0:00:05], next run at: 2025-01-10 20:49:43 +05)" (scheduled at 2025-01-10 20:49:38.784651+05:00)
2025-01-10 20:49:38,790 Job "checker (trigger: interval[0:00:05], next run at: 2025-01-10 20:49:43 +05)" executed successfully
2025-01-10 20:49:43,787 Looking for jobs to run
2025-01-10 20:49:43,787 Next wakeup is due at 2025-01-10 20:49:48.784651+05:00 (in 4.997177 seconds)
2025-01-10 20:49:43,787 Running job "checker (trigger: interval[0:00:05], next run at: 2025-01-10 20:49:48 +05)" (scheduled at 2025-01-10 20:49:43.784651+05:00)
2025-01-10 20:49:43,787 Job "checker (trigger: interval[0:00:05], next run at: 2025-01-10 20:49:48 +05)" executed successfully
2025-01-10 20:49:47,298 executing <function connect.<locals>.connector at 0x7ffba4540a40>
2025-01-10 20:49:47,300 operation <function connect.<locals>.connector at 0x7ffba4540a40> completed
2025-01-10 20:49:47,300 executing functools.partial(<built-in method execute of sqlite3.Connection object at 0x7ffba471e5c0>, 'PRAGMA foreign_keys = ON', [])
2025-01-10 20:49:47,300 operation functools.partial(<built-in method execute of sqlite3.Connection object at 0x7ffba471e5c0>, 'PRAGMA foreign_keys = ON', []) completed
2025-01-10 20:49:47,300 executing functools.partial(<built-in method execute of sqlite3.Connection object at 0x7ffba471e5c0>, '\n            CREATE TABLE IF NOT EXISTS users (\n                chat_id INTEGER,\n                topic_id INTEGER,\n                user_name TEXT,\n                PRIMARY KEY (chat_id, topic_id)\n            )\n        ', [])
2025-01-10 20:49:47,300 operation functools.partial(<built-in method execute of sqlite3.Connection object at 0x7ffba471e5c0>, '\n            CREATE TABLE IF NOT EXISTS users (\n                chat_id INTEGER,\n                topic_id INTEGER,\n                user_name TEXT,\n                PRIMARY KEY (chat_id, topic_id)\n            )\n        ', []) completed
2025-01-10 20:49:47,301 executing functools.partial(<built-in method execute of sqlite3.Connection object at 0x7ffba471e5c0>, '\n            CREATE TABLE IF NOT EXISTS group_messages (\n                topic_id INTEGER,\n                message_id INTEGER,\n                local_id INTEGER,\n                PRIMARY KEY (topic_id, local_id)\n            )\n        ', [])
2025-01-10 20:49:47,301 operation functools.partial(<built-in method execute of sqlite3.Connection object at 0x7ffba471e5c0>, '\n            CREATE TABLE IF NOT EXISTS group_messages (\n                topic_id INTEGER,\n                message_id INTEGER,\n                local_id INTEGER,\n                PRIMARY KEY (topic_id, local_id)\n            )\n        ', []) completed
2025-01-10 20:49:47,301 executing functools.partial(<built-in method execute of sqlite3.Connection object at 0x7ffba471e5c0>, '\n            CREATE TABLE IF NOT EXISTS private_messages (\n                chat_id INTEGER,\n                message_id INTEGER,\n                local_id INTEGER,\n                PRIMARY KEY (chat_id, local_id)\n            )\n        ', [])
2025-01-10 20:49:47,301 operation functools.partial(<built-in method execute of sqlite3.Connection object at 0x7ffba471e5c0>, '\n            CREATE TABLE IF NOT EXISTS private_messages (\n                chat_id INTEGER,\n                message_id INTEGER,\n                local_id INTEGER,\n                PRIMARY KEY (chat_id, local_id)\n            )\n        ', []) completed
2025-01-10 20:49:47,301 executing functools.partial(<built-in method execute of sqlite3.Connection object at 0x7ffba471e5c0>, '\n            CREATE TABLE IF NOT EXISTS message_reactions (\n                chat_id INTEGER,\n                message_id INTEGER,\n                user_id INTEGER,\n                reaction TEXT,\n                PRIMARY KEY (chat_id, message_id, user_id)\n            )\n        ', [])
2025-01-10 20:49:47,301 operation functools.partial(<built-in method execute of sqlite3.Connection object at 0x7ffba471e5c0>, '\n            CREATE TABLE IF NOT EXISTS message_reactions (\n                chat_id INTEGER,\n                message_id INTEGER,\n                user_id INTEGER,\n                reaction TEXT,\n                PRIMARY KEY (chat_id, message_id, user_id)\n            )\n        ', []) completed
2025-01-10 20:49:47,301 executing functools.partial(<built-in method commit of sqlite3.Connection object at 0x7ffba471e5c0>)
2025-01-10 20:49:47,301 operation functools.partial(<built-in method commit of sqlite3.Connection object at 0x7ffba471e5c0>) completed
2025-01-10 20:49:47,302 executing functools.partial(<built-in method execute of sqlite3.Connection object at 0x7ffba471e5c0>, 'SELECT topic_id FROM users WHERE chat_id = ?', (5434361630,))
2025-01-10 20:49:47,302 operation functools.partial(<built-in method execute of sqlite3.Connection object at 0x7ffba471e5c0>, 'SELECT topic_id FROM users WHERE chat_id = ?', (5434361630,)) completed
2025-01-10 20:49:47,302 executing functools.partial(<built-in method fetchone of sqlite3.Cursor object at 0x7ffba44e1340>)
2025-01-10 20:49:47,302 operation functools.partial(<built-in method fetchone of sqlite3.Cursor object at 0x7ffba44e1340>) completed
2025-01-10 20:49:47,302 executing functools.partial(<built-in method close of sqlite3.Cursor object at 0x7ffba44e1340>)
2025-01-10 20:49:47,302 operation functools.partial(<built-in method close of sqlite3.Cursor object at 0x7ffba44e1340>) completed
2025-01-10 20:49:47,302 executing functools.partial(<built-in method execute of sqlite3.Connection object at 0x7ffba471e200>, 'SELECT topic_id FROM users WHERE chat_id = ? AND user_name = ?', (5434361630, 'yadgenn'))
2025-01-10 20:49:47,302 operation functools.partial(<built-in method execute of sqlite3.Connection object at 0x7ffba471e200>, 'SELECT topic_id FROM users WHERE chat_id = ? AND user_name = ?', (5434361630, 'yadgenn')) completed
2025-01-10 20:49:47,303 executing functools.partial(<built-in method fetchone of sqlite3.Cursor object at 0x7ffba44d4cc0>)
2025-01-10 20:49:47,303 operation functools.partial(<built-in method fetchone of sqlite3.Cursor object at 0x7ffba44d4cc0>) completed
2025-01-10 20:49:47,303 executing functools.partial(<built-in method close of sqlite3.Cursor object at 0x7ffba44d4cc0>)
2025-01-10 20:49:47,303 operation functools.partial(<built-in method close of sqlite3.Cursor object at 0x7ffba44d4cc0>) completed
2025-01-10 20:49:47,423 executing functools.partial(<built-in method execute of sqlite3.Connection object at 0x7ffba471e200>, 'SELECT topic_id FROM users WHERE chat_id = ?', (5434361630,))
2025-01-10 20:49:47,423 operation functools.partial(<built-in method execute of sqlite3.Connection object at 0x7ffba471e200>, 'SELECT topic_id FROM users WHERE chat_id = ?', (5434361630,)) completed
2025-01-10 20:49:47,424 executing functools.partial(<built-in method fetchone of sqlite3.Cursor object at 0x7ffba44d4cc0>)
2025-01-10 20:49:47,424 operation functools.partial(<built-in method fetchone of sqlite3.Cursor object at 0x7ffba44d4cc0>) completed
2025-01-10 20:49:47,424 executing functools.partial(<built-in method close of sqlite3.Cursor object at 0x7ffba44d4cc0>)
2025-01-10 20:49:47,424 operation functools.partial(<built-in method close of sqlite3.Cursor object at 0x7ffba44d4cc0>) completed
2025-01-10 20:49:47,424 executing functools.partial(<built-in method execute of sqlite3.Connection object at 0x7ffba471e200>, 'SELECT MAX(local_id) FROM group_messages WHERE topic_id = ?', (1488,))
2025-01-10 20:49:47,424 operation functools.partial(<built-in method execute of sqlite3.Connection object at 0x7ffba471e200>, 'SELECT MAX(local_id) FROM group_messages WHERE topic_id = ?', (1488,)) completed
2025-01-10 20:49:47,424 executing functools.partial(<built-in method fetchone of sqlite3.Cursor object at 0x7ffba44d4cc0>)
2025-01-10 20:49:47,424 operation functools.partial(<built-in method fetchone of sqlite3.Cursor object at 0x7ffba44d4cc0>) completed
2025-01-10 20:49:47,425 executing functools.partial(<built-in method close of sqlite3.Cursor object at 0x7ffba44d4cc0>)
2025-01-10 20:49:47,425 operation functools.partial(<built-in method close of sqlite3.Cursor object at 0x7ffba44d4cc0>) completed
2025-01-10 20:49:47,425 executing functools.partial(<built-in method execute of sqlite3.Connection object at 0x7ffba471e200>, '\n                    INSERT INTO group_messages (topic_id, message_id, local_id)\n                    VALUES (?, ?, ?)\n                ', (1488, 1511, 13))
2025-01-10 20:49:47,425 operation functools.partial(<built-in method execute of sqlite3.Connection object at 0x7ffba471e200>, '\n                    INSERT INTO group_messages (topic_id, message_id, local_id)\n                    VALUES (?, ?, ?)\n                ', (1488, 1511, 13)) completed
2025-01-10 20:49:47,425 executing functools.partial(<built-in method execute of sqlite3.Connection object at 0x7ffba471e200>, 'SELECT MAX(local_id) FROM private_messages WHERE chat_id = ?', (5434361630,))
2025-01-10 20:49:47,425 operation functools.partial(<built-in method execute of sqlite3.Connection object at 0x7ffba471e200>, 'SELECT MAX(local_id) FROM private_messages WHERE chat_id = ?', (5434361630,)) completed
2025-01-10 20:49:47,426 executing functools.partial(<built-in method fetchone of sqlite3.Cursor object at 0x7ffba44cf2c0>)
2025-01-10 20:49:47,426 operation functools.partial(<built-in method fetchone of sqlite3.Cursor object at 0x7ffba44cf2c0>) completed
2025-01-10 20:49:47,426 executing functools.partial(<built-in method close of sqlite3.Cursor object at 0x7ffba44cf2c0>)
2025-01-10 20:49:47,426 operation functools.partial(<built-in method close of sqlite3.Cursor object at 0x7ffba44cf2c0>) completed
2025-01-10 20:49:47,426 executing functools.partial(<built-in method execute of sqlite3.Connection object at 0x7ffba471e200>, '\n                    INSERT INTO private_messages (chat_id, message_id, local_id)\n                    VALUES (?, ?, ?)\n                ', (5434361630, 23416, 13))
2025-01-10 20:49:47,426 operation functools.partial(<built-in method execute of sqlite3.Connection object at 0x7ffba471e200>, '\n                    INSERT INTO private_messages (chat_id, message_id, local_id)\n                    VALUES (?, ?, ?)\n                ', (5434361630, 23416, 13)) completed
2025-01-10 20:49:47,426 executing functools.partial(<built-in method commit of sqlite3.Connection object at 0x7ffba471e200>)
2025-01-10 20:49:47,430 operation functools.partial(<built-in method commit of sqlite3.Connection object at 0x7ffba471e200>) completed
2025-01-10 20:49:48,786 Looking for jobs to run
2025-01-10 20:49:48,787 Next wakeup is due at 2025-01-10 20:49:53.784651+05:00 (in 4.997260 seconds)
2025-01-10 20:49:48,787 Running job "checker (trigger: interval[0:00:05], next run at: 2025-01-10 20:49:53 +05)" (scheduled at 2025-01-10 20:49:48.784651+05:00)
2025-01-10 20:49:48,788 Job "checker (trigger: interval[0:00:05], next run at: 2025-01-10 20:49:53 +05)" executed successfully
2025-01-10 20:49:53,789 Looking for jobs to run
2025-01-10 20:49:53,790 Next wakeup is due at 2025-01-10 20:49:58.784651+05:00 (in 4.994607 seconds)
2025-01-10 20:49:53,790 Running job "checker (trigger: interval[0:00:05], next run at: 2025-01-10 20:49:58 +05)" (scheduled at 2025-01-10 20:49:53.784651+05:00)
2025-01-10 20:49:53,790 Job "checker (trigger: interval[0:00:05], next run at: 2025-01-10 20:49:58 +05)" executed successfully
2025-01-10 20:49:58,787 Looking for jobs to run
2025-01-10 20:49:58,787 Next wakeup is due at 2025-01-10 20:50:03.784651+05:00 (in 4.997169 seconds)
2025-01-10 20:49:58,787 Running job "checker (trigger: interval[0:00:05], next run at: 2025-01-10 20:50:03 +05)" (scheduled at 2025-01-10 20:49:58.784651+05:00)
2025-01-10 20:49:58,872 Aiohttp ClientError: ClientOSError
2025-01-10 20:49:58,872 Job "checker (trigger: interval[0:00:05], next run at: 2025-01-10 20:50:03 +05)" executed successfully
2025-01-10 20:50:03,790 Looking for jobs to run
2025-01-10 20:50:03,790 Next wakeup is due at 2025-01-10 20:50:08.784651+05:00 (in 4.994020 seconds)
2025-01-10 20:50:03,790 Running job "checker (trigger: interval[0:00:05], next run at: 2025-01-10 20:50:08 +05)" (scheduled at 2025-01-10 20:50:03.784651+05:00)
2025-01-10 20:50:03,790 Job "checker (trigger: interval[0:00:05], next run at: 2025-01-10 20:50:08 +05)" executed successfully
2025-01-10 20:50:08,787 Looking for jobs to run
2025-01-10 20:50:08,787 Next wakeup is due at 2025-01-10 20:50:13.784651+05:00 (in 4.996701 seconds)
2025-01-10 20:50:08,788 Running job "checker (trigger: interval[0:00:05], next run at: 2025-01-10 20:50:13 +05)" (scheduled at 2025-01-10 20:50:08.784651+05:00)
2025-01-10 20:50:08,788 Job "checker (trigger: interval[0:00:05], next run at: 2025-01-10 20:50:13 +05)" executed successfully
2025-01-10 20:50:10,751 executing <function connect.<locals>.connector at 0x7ffba4542660>
2025-01-10 20:50:10,752 operation <function connect.<locals>.connector at 0x7ffba4542660> completed
2025-01-10 20:50:10,752 executing functools.partial(<built-in method execute of sqlite3.Connection object at 0x7ffba471ee30>, 'PRAGMA foreign_keys = ON', [])
2025-01-10 20:50:10,752 operation functools.partial(<built-in method execute of sqlite3.Connection object at 0x7ffba471ee30>, 'PRAGMA foreign_keys = ON', []) completed
2025-01-10 20:50:10,752 executing functools.partial(<built-in method execute of sqlite3.Connection object at 0x7ffba471ee30>, '\n            CREATE TABLE IF NOT EXISTS users (\n                chat_id INTEGER,\n                topic_id INTEGER,\n                user_name TEXT,\n                PRIMARY KEY (chat_id, topic_id)\n            )\n        ', [])
2025-01-10 20:50:10,752 operation functools.partial(<built-in method execute of sqlite3.Connection object at 0x7ffba471ee30>, '\n            CREATE TABLE IF NOT EXISTS users (\n                chat_id INTEGER,\n                topic_id INTEGER,\n                user_name TEXT,\n                PRIMARY KEY (chat_id, topic_id)\n            )\n        ', []) completed
2025-01-10 20:50:10,753 executing functools.partial(<built-in method execute of sqlite3.Connection object at 0x7ffba471ee30>, '\n            CREATE TABLE IF NOT EXISTS group_messages (\n                topic_id INTEGER,\n                message_id INTEGER,\n                local_id INTEGER,\n                PRIMARY KEY (topic_id, local_id)\n            )\n        ', [])
2025-01-10 20:50:10,753 operation functools.partial(<built-in method execute of sqlite3.Connection object at 0x7ffba471ee30>, '\n            CREATE TABLE IF NOT EXISTS group_messages (\n                topic_id INTEGER,\n                message_id INTEGER,\n                local_id INTEGER,\n                PRIMARY KEY (topic_id, local_id)\n            )\n        ', []) completed
2025-01-10 20:50:10,753 executing functools.partial(<built-in method execute of sqlite3.Connection object at 0x7ffba471ee30>, '\n            CREATE TABLE IF NOT EXISTS private_messages (\n                chat_id INTEGER,\n                message_id INTEGER,\n                local_id INTEGER,\n                PRIMARY KEY (chat_id, local_id)\n            )\n        ', [])
2025-01-10 20:50:10,753 operation functools.partial(<built-in method execute of sqlite3.Connection object at 0x7ffba471ee30>, '\n            CREATE TABLE IF NOT EXISTS private_messages (\n                chat_id INTEGER,\n                message_id INTEGER,\n                local_id INTEGER,\n                PRIMARY KEY (chat_id, local_id)\n            )\n        ', []) completed
2025-01-10 20:50:10,753 executing functools.partial(<built-in method execute of sqlite3.Connection object at 0x7ffba471ee30>, '\n            CREATE TABLE IF NOT EXISTS message_reactions (\n                chat_id INTEGER,\n                message_id INTEGER,\n                user_id INTEGER,\n                reaction TEXT,\n                PRIMARY KEY (chat_id, message_id, user_id)\n            )\n        ', [])
2025-01-10 20:50:10,753 operation functools.partial(<built-in method execute of sqlite3.Connection object at 0x7ffba471ee30>, '\n            CREATE TABLE IF NOT EXISTS message_reactions (\n                chat_id INTEGER,\n                message_id INTEGER,\n                user_id INTEGER,\n                reaction TEXT,\n                PRIMARY KEY (chat_id, message_id, user_id)\n            )\n        ', []) completed
2025-01-10 20:50:10,753 executing functools.partial(<built-in method commit of sqlite3.Connection object at 0x7ffba471ee30>)
2025-01-10 20:50:10,753 operation functools.partial(<built-in method commit of sqlite3.Connection object at 0x7ffba471ee30>) completed
2025-01-10 20:50:10,754 executing functools.partial(<built-in method execute of sqlite3.Connection object at 0x7ffba471ee30>, 'SELECT topic_id FROM users WHERE chat_id = ?', (5434361630,))
2025-01-10 20:50:10,755 operation functools.partial(<built-in method execute of sqlite3.Connection object at 0x7ffba471ee30>, 'SELECT topic_id FROM users WHERE chat_id = ?', (5434361630,)) completed
2025-01-10 20:50:10,755 executing functools.partial(<built-in method fetchone of sqlite3.Cursor object at 0x7ffba44e08c0>)
2025-01-10 20:50:10,755 operation functools.partial(<built-in method fetchone of sqlite3.Cursor object at 0x7ffba44e08c0>) completed
2025-01-10 20:50:10,755 executing functools.partial(<built-in method close of sqlite3.Cursor object at 0x7ffba44e08c0>)
2025-01-10 20:50:10,755 operation functools.partial(<built-in method close of sqlite3.Cursor object at 0x7ffba44e08c0>) completed
2025-01-10 20:50:10,755 executing functools.partial(<built-in method execute of sqlite3.Connection object at 0x7ffba471e200>, 'SELECT topic_id FROM users WHERE chat_id = ? AND user_name = ?', (5434361630, 'yadgenn'))
2025-01-10 20:50:10,755 operation functools.partial(<built-in method execute of sqlite3.Connection object at 0x7ffba471e200>, 'SELECT topic_id FROM users WHERE chat_id = ? AND user_name = ?', (5434361630, 'yadgenn')) completed
2025-01-10 20:50:10,756 executing functools.partial(<built-in method fetchone of sqlite3.Cursor object at 0x7ffba44d64c0>)
2025-01-10 20:50:10,756 operation functools.partial(<built-in method fetchone of sqlite3.Cursor object at 0x7ffba44d64c0>) completed
2025-01-10 20:50:10,756 executing functools.partial(<built-in method close of sqlite3.Cursor object at 0x7ffba44d64c0>)
2025-01-10 20:50:10,756 operation functools.partial(<built-in method close of sqlite3.Cursor object at 0x7ffba44d64c0>) completed
2025-01-10 20:50:11,670 executing functools.partial(<built-in method execute of sqlite3.Connection object at 0x7ffba471e200>, 'SELECT topic_id FROM users WHERE chat_id = ?', (5434361630,))
2025-01-10 20:50:11,671 operation functools.partial(<built-in method execute of sqlite3.Connection object at 0x7ffba471e200>, 'SELECT topic_id FROM users WHERE chat_id = ?', (5434361630,)) completed
2025-01-10 20:50:11,671 executing functools.partial(<built-in method fetchone of sqlite3.Cursor object at 0x7ffba44d64c0>)
2025-01-10 20:50:11,671 operation functools.partial(<built-in method fetchone of sqlite3.Cursor object at 0x7ffba44d64c0>) completed
2025-01-10 20:50:11,671 executing functools.partial(<built-in method close of sqlite3.Cursor object at 0x7ffba44d64c0>)
2025-01-10 20:50:11,671 operation functools.partial(<built-in method close of sqlite3.Cursor object at 0x7ffba44d64c0>) completed
2025-01-10 20:50:11,671 executing functools.partial(<built-in method execute of sqlite3.Connection object at 0x7ffba471e200>, 'SELECT MAX(local_id) FROM group_messages WHERE topic_id = ?', (1488,))
2025-01-10 20:50:11,671 operation functools.partial(<built-in method execute of sqlite3.Connection object at 0x7ffba471e200>, 'SELECT MAX(local_id) FROM group_messages WHERE topic_id = ?', (1488,)) completed
2025-01-10 20:50:11,671 executing functools.partial(<built-in method fetchone of sqlite3.Cursor object at 0x7ffba44d64c0>)
2025-01-10 20:50:11,672 operation functools.partial(<built-in method fetchone of sqlite3.Cursor object at 0x7ffba44d64c0>) completed
2025-01-10 20:50:11,672 executing functools.partial(<built-in method close of sqlite3.Cursor object at 0x7ffba44d64c0>)
2025-01-10 20:50:11,672 operation functools.partial(<built-in method close of sqlite3.Cursor object at 0x7ffba44d64c0>) completed
2025-01-10 20:50:11,672 executing functools.partial(<built-in method execute of sqlite3.Connection object at 0x7ffba471e200>, '\n                    INSERT INTO group_messages (topic_id, message_id, local_id)\n                    VALUES (?, ?, ?)\n                ', (1488, 1512, 14))
2025-01-10 20:50:11,672 operation functools.partial(<built-in method execute of sqlite3.Connection object at 0x7ffba471e200>, '\n                    INSERT INTO group_messages (topic_id, message_id, local_id)\n                    VALUES (?, ?, ?)\n                ', (1488, 1512, 14)) completed
2025-01-10 20:50:11,672 executing functools.partial(<built-in method execute of sqlite3.Connection object at 0x7ffba471e200>, 'SELECT MAX(local_id) FROM private_messages WHERE chat_id = ?', (5434361630,))
2025-01-10 20:50:11,672 operation functools.partial(<built-in method execute of sqlite3.Connection object at 0x7ffba471e200>, 'SELECT MAX(local_id) FROM private_messages WHERE chat_id = ?', (5434361630,)) completed
2025-01-10 20:50:11,673 executing functools.partial(<built-in method fetchone of sqlite3.Cursor object at 0x7ffba44cdfc0>)
2025-01-10 20:50:11,673 operation functools.partial(<built-in method fetchone of sqlite3.Cursor object at 0x7ffba44cdfc0>) completed
2025-01-10 20:50:11,673 executing functools.partial(<built-in method close of sqlite3.Cursor object at 0x7ffba44cdfc0>)
2025-01-10 20:50:11,673 operation functools.partial(<built-in method close of sqlite3.Cursor object at 0x7ffba44cdfc0>) completed
2025-01-10 20:50:11,673 executing functools.partial(<built-in method execute of sqlite3.Connection object at 0x7ffba471e200>, '\n                    INSERT INTO private_messages (chat_id, message_id, local_id)\n                    VALUES (?, ?, ?)\n                ', (5434361630, 23417, 14))
2025-01-10 20:50:11,673 operation functools.partial(<built-in method execute of sqlite3.Connection object at 0x7ffba471e200>, '\n                    INSERT INTO private_messages (chat_id, message_id, local_id)\n                    VALUES (?, ?, ?)\n                ', (5434361630, 23417, 14)) completed
2025-01-10 20:50:11,673 executing functools.partial(<built-in method commit of sqlite3.Connection object at 0x7ffba471e200>)
2025-01-10 20:50:11,677 operation functools.partial(<built-in method commit of sqlite3.Connection object at 0x7ffba471e200>) completed
2025-01-10 20:50:13,788 Looking for jobs to run
2025-01-10 20:50:13,789 Next wakeup is due at 2025-01-10 20:50:18.784651+05:00 (in 4.995607 seconds)
2025-01-10 20:50:13,789 Running job "checker (trigger: interval[0:00:05], next run at: 2025-01-10 20:50:18 +05)" (scheduled at 2025-01-10 20:50:13.784651+05:00)
2025-01-10 20:50:13,789 Job "checker (trigger: interval[0:00:05], next run at: 2025-01-10 20:50:18 +05)" executed successfully
2025-01-10 20:50:18,788 Looking for jobs to run
2025-01-10 20:50:18,788 Next wakeup is due at 2025-01-10 20:50:23.784651+05:00 (in 4.996327 seconds)
2025-01-10 20:50:18,788 Running job "checker (trigger: interval[0:00:05], next run at: 2025-01-10 20:50:23 +05)" (scheduled at 2025-01-10 20:50:18.784651+05:00)
2025-01-10 20:50:18,788 Job "checker (trigger: interval[0:00:05], next run at: 2025-01-10 20:50:23 +05)" executed successfully
2025-01-10 20:50:23,790 Looking for jobs to run
2025-01-10 20:50:23,790 Next wakeup is due at 2025-01-10 20:50:28.784651+05:00 (in 4.993766 seconds)
2025-01-10 20:50:23,791 Running job "checker (trigger: interval[0:00:05], next run at: 2025-01-10 20:50:28 +05)" (scheduled at 2025-01-10 20:50:23.784651+05:00)
2025-01-10 20:50:24,776 Job "checker (trigger: interval[0:00:05], next run at: 2025-01-10 20:50:28 +05)" executed successfully
2025-01-10 20:50:28,785 Looking for jobs to run
2025-01-10 20:50:28,785 Next wakeup is due at 2025-01-10 20:50:33.784651+05:00 (in 4.998942 seconds)
2025-01-10 20:50:28,785 Running job "checker (trigger: interval[0:00:05], next run at: 2025-01-10 20:50:33 +05)" (scheduled at 2025-01-10 20:50:28.784651+05:00)
2025-01-10 20:50:28,785 Job "checker (trigger: interval[0:00:05], next run at: 2025-01-10 20:50:33 +05)" executed successfully
2025-01-10 20:50:33,789 Looking for jobs to run
2025-01-10 20:50:33,789 Next wakeup is due at 2025-01-10 20:50:38.784651+05:00 (in 4.994858 seconds)
2025-01-10 20:50:33,789 Running job "checker (trigger: interval[0:00:05], next run at: 2025-01-10 20:50:38 +05)" (scheduled at 2025-01-10 20:50:33.784651+05:00)
2025-01-10 20:50:33,790 Job "checker (trigger: interval[0:00:05], next run at: 2025-01-10 20:50:38 +05)" executed successfully
2025-01-10 20:50:34,846 Infinity polling: polling exited
2025-01-10 20:50:34,846 Break infinity polling
