2025-01-06 15:52:04,957 ERROR Unhandled exception (full traceback for debug level): A request to the Telegram API was unsuccessful. Error code: 409. Description: Conflict: terminated by other getUpdates request; make sure that only one bot instance is running
2025-01-06 15:52:05,529 ERROR An error occurred код ошибки: A request to the Telegram API was unsuccessful. Error code: 409. Description: Conflict: terminated by other getUpdates request; make sure that only one bot instance is running
Traceback (most recent call last):
  File "/home/emilgoo/Проекты/All Mentor (async)/main_telebot.py", line 549, in main
    await asyncio.gather(bot.infinity_polling(allowed_updates=[
  File "/home/emilgoo/Проекты/All Mentor (async)/main_telebot.py", line 542, in updates
    updates = await bot.get_updates()
              ^^^^^^^^^^^^^^^^^^^^^^^
  File "/home/emilgoo/.var/app/com.jetbrains.PyCharm-Community/data/python/lib/python3.11/site-packages/telebot/async_telebot.py", line 240, in get_updates
    json_updates = await asyncio_helper.get_updates(self.token, offset, limit, timeout, allowed_updates, request_timeout)
                   ^^^^^^^^^^^^^^^^^^^^^^^^^^^^^^^^^^^^^^^^^^^^^^^^^^^^^^^^^^^^^^^^^^^^^^^^^^^^^^^^^^^^^^^^^^^^^^^^^^^^^^
  File "/home/emilgoo/.var/app/com.jetbrains.PyCharm-Community/data/python/lib/python3.11/site-packages/telebot/asyncio_helper.py", line 252, in get_updates
    return await _process_request(token, method_name, params=params, request_timeout=request_timeout)
           ^^^^^^^^^^^^^^^^^^^^^^^^^^^^^^^^^^^^^^^^^^^^^^^^^^^^^^^^^^^^^^^^^^^^^^^^^^^^^^^^^^^^^^^^^^
  File "/home/emilgoo/.var/app/com.jetbrains.PyCharm-Community/data/python/lib/python3.11/site-packages/telebot/asyncio_helper.py", line 99, in _process_request
    raise e
  File "/home/emilgoo/.var/app/com.jetbrains.PyCharm-Community/data/python/lib/python3.11/site-packages/telebot/asyncio_helper.py", line 95, in _process_request
    json_result = await _check_result(url, resp)
                  ^^^^^^^^^^^^^^^^^^^^^^^^^^^^^^
  File "/home/emilgoo/.var/app/com.jetbrains.PyCharm-Community/data/python/lib/python3.11/site-packages/telebot/asyncio_helper.py", line 276, in _check_result
    raise ApiTelegramException(method_name, result, result_json)
telebot.asyncio_helper.ApiTelegramException: A request to the Telegram API was unsuccessful. Error code: 409. Description: Conflict: terminated by other getUpdates request; make sure that only one bot instance is running
2025-01-06 15:52:05,532 ERROR Infinity polling: polling exited
2025-01-06 15:52:05,533 ERROR Break infinity polling
