2025-01-06 14:55:52,086 ERROR Aiohttp ClientError: ClientConnectorDNSError
2025-01-06 14:55:52,086 ERROR Infinity polling exception: Request timeout. Request: method=get url=getMe params=<aiohttp.formdata.FormData object at 0x7ff6045061d0> files=None request_timeout=300
2025-01-06 14:55:52,091 ERROR Exception traceback:
Traceback (most recent call last):
  File "/home/emilgoo/.var/app/com.jetbrains.PyCharm-Community/data/python/lib/python3.11/site-packages/telebot/async_telebot.py", line 374, in infinity_polling
    await self._process_polling(non_stop=True, timeout=timeout, request_timeout=request_timeout,
  File "/home/emilgoo/.var/app/com.jetbrains.PyCharm-Community/data/python/lib/python3.11/site-packages/telebot/async_telebot.py", line 440, in _process_polling
    self._user = await self.get_me()
                 ^^^^^^^^^^^^^^^^^^^
  File "/home/emilgoo/.var/app/com.jetbrains.PyCharm-Community/data/python/lib/python3.11/site-packages/telebot/async_telebot.py", line 2679, in get_me
    result = await asyncio_helper.get_me(self.token)
             ^^^^^^^^^^^^^^^^^^^^^^^^^^^^^^^^^^^^^^^
  File "/home/emilgoo/.var/app/com.jetbrains.PyCharm-Community/data/python/lib/python3.11/site-packages/telebot/asyncio_helper.py", line 156, in get_me
    return await _process_request(token, method_url)
           ^^^^^^^^^^^^^^^^^^^^^^^^^^^^^^^^^^^^^^^^^
  File "/home/emilgoo/.var/app/com.jetbrains.PyCharm-Community/data/python/lib/python3.11/site-packages/telebot/asyncio_helper.py", line 105, in _process_request
    raise RequestTimeout("Request timeout. Request: method={0} url={1} params={2} files={3} request_timeout={4}".format(method, url, params, files, request_timeout, current_try))
telebot.asyncio_helper.RequestTimeout: Request timeout. Request: method=get url=getMe params=<aiohttp.formdata.FormData object at 0x7ff6045061d0> files=None request_timeout=300

2025-01-06 14:55:53,754 ERROR Unclosed client session
client_session: <aiohttp.client.ClientSession object at 0x7ff604506350>
